2024-07-23 15:13:09.231 [info] Log level: Info
2024-07-23 15:13:09.231 [info] Validating found git in: "git"
2024-07-23 15:13:09.231 [info] Using git "2.34.1" from "git"
2024-07-23 15:13:09.231 [info] > git rev-parse --show-toplevel [5ms]
2024-07-23 15:13:09.234 [info] > git rev-parse --git-dir --git-common-dir [4ms]
2024-07-23 15:13:09.247 [info] Open repository: /home/vicky/gitvrg
2024-07-23 15:13:09.297 [info] > git config --get commit.template [29ms]
2024-07-23 15:13:09.298 [info] > git for-each-ref --format=%(refname)%00%(upstream:short)%00%(objectname)%00%(upstream:track)%00%(upstream:remotename)%00%(upstream:remoteref) refs/heads/master refs/remotes/master [4ms]
2024-07-23 15:13:09.309 [info] > git status -z -uall [1ms]
2024-07-23 15:13:09.328 [info] > git config --get commit.template [4ms]
2024-07-23 15:13:09.328 [info] > git merge-base refs/heads/master refs/remotes/vrgremote/master [13ms]
2024-07-23 15:13:09.390 [info] > git rev-list --count --left-right refs/heads/master...refs/remotes/vrgremote/master [58ms]
2024-07-23 15:13:09.401 [info] > git diff --name-status -z --diff-filter=ADMR 798c808ab56938f20daa9d00dea3b8b352677d2e...refs/remotes/vrgremote/master [6ms]
2024-07-23 15:13:09.401 [info] > git for-each-ref --format=%(refname)%00%(upstream:short)%00%(objectname)%00%(upstream:track)%00%(upstream:remotename)%00%(upstream:remoteref) refs/heads/master refs/remotes/master [12ms]
2024-07-23 15:13:09.445 [info] > git status -z -uall [26ms]
2024-07-23 15:13:09.913 [info] > git check-ignore -v -z --stdin [4ms]
2024-07-23 15:13:09.997 [info] > git show --textconv :index.html [6ms]
2024-07-23 15:13:09.998 [info] > git ls-files --stage -- /home/vicky/gitvrg/index.html [1ms]
2024-07-23 15:13:10.003 [info] > git cat-file -s c270bdcccf824b46223bf97d6cf87c70ea236786 [1ms]
2024-07-23 15:13:10.514 [info] > git fetch [1267ms]
2024-07-23 15:13:10.527 [info] > git config --get commit.template [7ms]
2024-07-23 15:13:10.529 [info] > git for-each-ref --format=%(refname)%00%(upstream:short)%00%(objectname)%00%(upstream:track)%00%(upstream:remotename)%00%(upstream:remoteref) refs/heads/master refs/remotes/master [3ms]
2024-07-23 15:13:10.540 [info] > git status -z -uall [4ms]
2024-07-23 15:13:11.645 [info] > git config --get commit.template [8ms]
2024-07-23 15:13:11.651 [info] > git for-each-ref --format=%(refname)%00%(upstream:short)%00%(objectname)%00%(upstream:track)%00%(upstream:remotename)%00%(upstream:remoteref) refs/heads/master refs/remotes/master [1ms]
2024-07-23 15:13:11.657 [info] > git status -z -uall [2ms]
2024-07-23 15:13:11.740 [info] > git ls-files --stage -- /home/vicky/gitvrg/index.html [4ms]
2024-07-23 15:13:11.754 [info] > git cat-file -s c270bdcccf824b46223bf97d6cf87c70ea236786 [3ms]
2024-07-23 15:13:11.773 [info] > git show --textconv :index.html [4ms]
2024-07-23 15:13:17.226 [info] > git merge-base refs/heads/master refs/remotes/vrgremote/master [2ms]
2024-07-23 15:13:17.232 [info] > git rev-list --count --left-right refs/heads/master...refs/remotes/vrgremote/master [2ms]
