2024-07-28 12:01:55.349 [info] Extension host with pid 2846 started
2024-07-28 12:01:55.349 [info] Skipping acquiring lock for /home/vicky/.config/Code/User/workspaceStorage/640992fb6a2a3b096d00300e97aa0452.
2024-07-28 12:01:55.572 [info] ExtensionService#_doActivateExtension vscode.emmet, startup: false, activationEvent: 'onLanguage'
2024-07-28 12:01:55.583 [info] ExtensionService#_doActivateExtension ms-python.python, startup: false, activationEvent: 'onLanguage:python', root cause: ms-python.debugpy
2024-07-28 12:01:56.369 [info] ExtensionService#_doActivateExtension ms-python.debugpy, startup: false, activationEvent: 'onLanguage:python'
2024-07-28 12:01:56.442 [info] ExtensionService#_doActivateExtension ms-python.vscode-pylance, startup: false, activationEvent: 'onLanguage:python'
2024-07-28 12:01:56.982 [info] ExtensionService#_doActivateExtension vscode.git-base, startup: true, activationEvent: '*', root cause: vscode.git
2024-07-28 12:01:56.989 [info] ExtensionService#_doActivateExtension genuitecllc.codetogether, startup: true, activationEvent: '*'
2024-07-28 12:01:57.366 [info] ExtensionService#_doActivateExtension vscode.git, startup: true, activationEvent: '*'
2024-07-28 12:01:57.405 [info] ExtensionService#_doActivateExtension vscode.github, startup: true, activationEvent: '*'
2024-07-28 12:01:57.533 [info] Eager extensions activated
2024-07-28 12:01:57.613 [info] ExtensionService#_doActivateExtension vscode.debug-auto-launch, startup: false, activationEvent: 'onStartupFinished'
2024-07-28 12:01:57.618 [info] ExtensionService#_doActivateExtension vscode.merge-conflict, startup: false, activationEvent: 'onStartupFinished'
2024-07-28 12:01:57.641 [info] ExtensionService#_doActivateExtension ms-vscode-remote.remote-containers, startup: false, activationEvent: 'onStartupFinished'
2024-07-28 12:02:56.641 [warning] [Decorations] CAPPING events from decorations provider vscode.git 11593
2024-07-28 12:02:57.605 [info] ExtensionService#_doActivateExtension vscode.github-authentication, startup: false, activationEvent: 'onAuthenticationRequest:github'
2024-07-28 12:02:57.916 [warning] [Decorations] CAPPING events from decorations provider vscode.git 11595
2024-07-28 12:02:58.903 [warning] [Decorations] CAPPING events from decorations provider vscode.git 11593
2024-07-28 12:06:31.581 [info] ExtensionService#_doActivateExtension vscode.simple-browser, startup: false, activationEvent: 'onOpenExternalUri:http'
2024-07-28 12:06:49.932 [info] ExtensionService#_doActivateExtension vscode.css-language-features, startup: false, activationEvent: 'onLanguage:css'
2024-07-28 12:07:11.340 [info] ExtensionService#_doActivateExtension vscode.html-language-features, startup: false, activationEvent: 'onLanguage:html'
2024-07-28 12:24:57.622 [warning] [Decorations] CAPPING events from decorations provider vscode.git 12015
2024-07-28 12:24:59.797 [warning] [Decorations] CAPPING events from decorations provider vscode.git 11593
2024-07-28 12:25:02.303 [warning] [Decorations] CAPPING events from decorations provider vscode.git 11593
2024-07-28 12:25:41.063 [info] ExtensionService#_doActivateExtension vscode.npm, startup: false, activationEvent: 'onTerminalQuickFixRequest:ms-vscode.npm-command'
2024-07-28 12:28:04.594 [warning] [Decorations] CAPPING events from decorations provider vscode.git 11609
2024-07-28 12:29:08.817 [warning] [Decorations] CAPPING events from decorations provider vscode.git 11593
2024-07-28 12:31:32.960 [warning] [Decorations] CAPPING events from decorations provider vscode.git 10204
2024-07-28 12:31:40.813 [warning] [Decorations] CAPPING events from decorations provider vscode.git 511
2024-07-28 12:31:46.247 [warning] [Decorations] CAPPING events from decorations provider vscode.git 511
2024-07-28 12:31:51.589 [warning] [Decorations] CAPPING events from decorations provider vscode.git 511
2024-07-28 12:31:57.462 [warning] [Decorations] CAPPING events from decorations provider vscode.git 513
2024-07-28 12:31:57.898 [warning] [Decorations] CAPPING events from decorations provider vscode.git 513
2024-07-28 12:32:03.236 [warning] [Decorations] CAPPING events from decorations provider vscode.git 513
2024-07-28 12:32:08.576 [warning] [Decorations] CAPPING events from decorations provider vscode.git 512
2024-07-28 12:32:13.964 [warning] [Decorations] CAPPING events from decorations provider vscode.git 512
2024-07-28 12:32:19.260 [warning] [Decorations] CAPPING events from decorations provider vscode.git 332
