[29868][1719736510766][main][info]["Booting Postman 10.24.26, linux-6.5.0-35-generic on x64"]
[29868][1719736510770][main][info]["EventBus~initialize - Success"]
[29868][1719736510776][main][info]["Proxy configuration has not been setup"]
[29868][1719736510777][main][info]["CloudProxyManager~init - Success"]
[29868][1719736510783][main][info]["performShellDataMigration: Starting shell data migration"]
[29868][1719736510783][main][info]["migrateShellData:Starting"]
[29868][1719736510827][main][info]["migrateShellData: Old storage cleaned up"]
[29868][1719736512156][main][info]["migrateShellData: Got data from shell. Writing to storage"]
[29868][1719736512160][main][info]["performShellDataMigration: Migration successful on try count 1"]
[29868][1719736512166][main][info]["UpdateHandler~init - Success"]
[29868][1719736512168][main][info]["LeaderSelection: Initialized successfully"]
[29868][1719736512169][main][info]["VersionDependencyService: Initialized successfully"]
[29868][1719736512177][main][info]["Generated root certificate for linux"]
[29868][1719736512179][main][info]["LinuxAutoUpdater~Cleanup - Initial cleanup successful"]
[29868][1719736512206][main][info]["GPU detected VID 0 DID 0 ACTIVE false"]
[29868][1719736512225][main][info]["shellController~init: Success"]
[29868][1719736512229][main][info]["shellMeta~init: Success"]
[29868][1719736512230][main][info]["partitionMigrationService: State of V7 partition:"]
[29868][1719736512230][main][info]["partitionMigrationService: V7 partitions",[]]
[29868][1719736512230][main][info]["partitionMigrationService~rectifyNamespaceOfScratchPadPartition: There is no partition with scratchpad namespace"]
[29868][1719736512231][main][info]["partitionMigrationService~rectifyNamespaceOfScratchPadPartition: There is no transit partition which could have been used for scratchpad"]
[29868][1719736512231][main][info]["partitionMigrationService~init: Success"]
[29868][1719736512236][main][info]["partitionMigrationService~runV8PartitionsIntegrity: Two way migration~ removing the following partitions from v8",[]]
[29868][1719736512242][main][info]["userPartitionService~_rectifyTheActivePartitionOfApplication: Setting the active partition to ",null]
[29868][1719736512249][main][info]["userPartitionService~init: Success"]
[29868][1719736512263][main][info]["userPartitionService: State of v8 partition system:"]
[29868][1719736512264][main][info]["shell~init~getPartitionToLoad: loading scratchpad partition"]
[29868][1719736512276][main][info]["userPartitionService: List of partitions:",[]]
[29868][1719736512277][main][info]["userPartitionService: users global meta:",{}]
[29868][1719736512301][main][info]["proxyCertificateService~ensureRootCAPresence: Deleting and creating new certificates"]
[29868][1719736515406][main][info]["RuntimeIPCAgent~started: Success"]
[29868][1719736516331][main][info]["Main~scratchpadThemeAction:: action: set, value: light"]
[29868][1719736516334][main][info]["Main~scratchpadThemeAction:: action: set, value: light"]
[29868][1719736516335][main][info]["Main~scratchpadThemeAction:: action: set, value: light"]
[29868][1719736516367][main][info]["windowManager: First requester booted successfully."]
[29868][1719736516367][main][info]["windowManager~restoreWindows: Restoring requester windows"]
[29868][1719736516367][main][info]["Main~AppEvents - Received booted event for process requester.Version undefined UI Version: undefined Desktop Platform Version: 10.24.26"]
[29868][1719736522181][main][info]["VersionDependencyService: Resetting UI version as user logged out/switched account"]
[29868][1719736522182][main][info]["Main - model-events~user - (users, add) received"]
[29868][1719736522655][main][warn]["AuthHandler~open: Current app is not default protocol client - Falling back to polling mechanism."]
[29868][1719736553546][main][info]["Shell~init~loginUser: associating the user ","34194376"," with transit partition"]
[29868][1719736553546][main][info]["userPartitionService~getNewPartitionId: creating a partition with userId and teamId as 0"]
[29868][1719736553584][main][info]["userPartitionService~associateTransitPartition: ",{"partitionId":"1a4333c6-b79c-48f7-a14c-30ea6e5b6c50","context":{"namespace":"users","userId":"34194376","teamId":"0"}}]
[29868][1719736553607][main][info]["userPartitionService: State of v8 partition system:"]
[29868][1719736553612][main][info]["userPartitionService: List of partitions:",[{"partitionId":"1a4333c6-b79c-48f7-a14c-30ea6e5b6c50","namespace":"users","userId":"34194376","teamId":"0","lastUpdated":"2024-06-30T08:35:53.584Z"},{"partitionId":"f1effcae-1f59-4780-bc40-cc66605c9935","namespace":"scratchPad","userId":0,"teamId":0,"isDirty":false}]]
[29868][1719736553612][main][info]["userPartitionService: users global meta:",{}]
[29868][1719736560749][main][info]["Main~getRemoteInitPath:: "]
[29868][1719736561269][main][info]["Main - model-events~user - (user, update) received"]
[29868][1719736561271][main][info]["Main~reload: https://desktop.postman.com/?desktopVersion=10.24.26&userId=34194376&teamId=0"]
[29868][1719736561687][main][info]["windowManager: First requester booted successfully."]
[29868][1719736561687][main][info]["windowManager~restoreWindows: Restoring requester windows"]
[29868][1719736561687][main][info]["Main~AppEvents - Received booted event for process requester.Version 10.24.26 UI Version: 10.24.26-ui-240521-0853 Desktop Platform Version: 10.24.26"]
[29868][1719736561869][main][info]["Main~getRemoteInitPath:: "]
[29868][1719736562055][main][info]["Main~getPlatformLaunchPerfMetrics"]
[29868][1719736565247][main][info]["Main~getRemoteInitPath:: "]
[29868][1719736565888][main][info]["Main - model-events~user - (user, update) received"]
[29868][1719736566232][main][info]["Main~AppEvents - Received booted event for process requester.Version 10.24.26 UI Version: 10.24.26-ui-240521-0853 Desktop Platform Version: 10.24.26"]
[29868][1719736566322][main][info]["Main~getRemoteInitPath:: "]
[29868][1719736567141][main][info]["Main~getPlatformLaunchPerfMetrics"]
[29868][1719736567386][main][info]["INTERCEPTOR CONNECTIVITY: Attempting to start websocket server on port 15611"]
[29868][1719736567699][main][info]["Main - model-events~user - (user, bootstrapUser) received"]
[29868][1719736567700][main][info]["model-events~user - bootstrapUser received"]
[29868][1719736567724][main][info]["userPartitionService~associateTransitPartition: ",{"partitionId":"1a4333c6-b79c-48f7-a14c-30ea6e5b6c50","context":{"namespace":"users","userId":"34194376","teamId":"0"}}]
[29868][1719736567758][main][info]["userPartitionService: State of v8 partition system:"]
[29868][1719736567764][main][info]["userPartitionService: List of partitions:",[{"partitionId":"1a4333c6-b79c-48f7-a14c-30ea6e5b6c50","namespace":"users","userId":"34194376","teamId":"0","lastUpdated":"2024-06-30T08:36:07.724Z"},{"partitionId":"f1effcae-1f59-4780-bc40-cc66605c9935","namespace":"scratchPad","userId":0,"teamId":0,"isDirty":false}]]
[29868][1719736567766][main][info]["userPartitionService: users global meta:",{}]
[29868][1719736568074][main][info]["Main - model-events~user - (user, bootstrapUser) received"]
[29868][1719736568074][main][info]["model-events~user - bootstrapUser received"]
[29868][1719736568093][main][info]["userPartitionService~associateTransitPartition: ",{"partitionId":"1a4333c6-b79c-48f7-a14c-30ea6e5b6c50","context":{"namespace":"users","userId":"34194376","teamId":"0"}}]
[29868][1719736568141][main][info]["userPartitionService: State of v8 partition system:"]
[29868][1719736568149][main][info]["userPartitionService: List of partitions:",[{"partitionId":"1a4333c6-b79c-48f7-a14c-30ea6e5b6c50","namespace":"users","userId":"34194376","teamId":"0","lastUpdated":"2024-06-30T08:36:08.093Z"},{"partitionId":"f1effcae-1f59-4780-bc40-cc66605c9935","namespace":"scratchPad","userId":0,"teamId":0,"isDirty":false}]]
[29868][1719736568150][main][info]["userPartitionService: users global meta:",{}]
[29868][1719736568230][main][error]["Error while retrieving user key from keychain",{"name":"Error","message":"An AppArmor policy prevents this sender from sending this message to this recipient; type=\"method_call\", sender=\":1.293\" (uid=1000 pid=29868 comm=\"/snap/postman/254/usr/share/postman/postman --no-s\" label=\"snap.postman.postman (enforce)\") interface=\"org.freedesktop.Secret.Service\" member=\"OpenSession\" error name=\"(unset)\" requested_reply=\"0\" destination=\":1.11\" (uid=1000 pid=2186 comm=\"/usr/bin/gnome-keyring-daemon --daemonize --login \" label=\"unconfined\")","stack":"Error: An AppArmor policy prevents this sender from sending this message to this recipient; type=\"method_call\", sender=\":1.293\" (uid=1000 pid=29868 comm=\"/snap/postman/254/usr/share/postman/postman --no-s\" label=\"snap.postman.postman (enforce)\") interface=\"org.freedesktop.Secret.Service\" member=\"OpenSession\" error name=\"(unset)\" requested_reply=\"0\" destination=\":1.11\" (uid=1000 pid=2186 comm=\"/usr/bin/gnome-keyring-daemon --daemonize --login \" label=\"unconfined\")"}]
[82763][1720543253248][main][info]["Booting Postman 10.24.26, linux-6.5.0-35-generic on x64"]
[82763][1720543253251][main][info]["EventBus~initialize - Success"]
[82763][1720543253253][main][info]["Proxy configuration has not been setup"]
[82763][1720543253253][main][info]["CloudProxyManager~init - Success"]
[82763][1720543253279][main][info]["performShellDataMigration: Migration has already been done. Bailing out"]
[82763][1720543253285][main][info]["UpdateHandler~init - Success"]
[82763][1720543253287][main][info]["LeaderSelection: Initialized successfully"]
[82763][1720543253287][main][info]["VersionDependencyService: Initialized successfully"]
[82763][1720543253293][main][info]["LinuxAutoUpdater~Cleanup - Initial cleanup successful"]
[82763][1720543253307][main][info]["GPU detected VID 0 DID 0 ACTIVE false"]
[82763][1720543253335][main][info]["shellController~init: Success"]
[82763][1720543253340][main][info]["shellMeta~init: Success"]
[82763][1720543253341][main][info]["partitionMigrationService: State of V7 partition:"]
[82763][1720543253341][main][info]["partitionMigrationService: V7 partitions",[]]
[82763][1720543253341][main][info]["partitionMigrationService~rectifyNamespaceOfScratchPadPartition: There is no partition with scratchpad namespace"]
[82763][1720543253342][main][info]["partitionMigrationService~rectifyNamespaceOfScratchPadPartition: There is no transit partition which could have been used for scratchpad"]
[82763][1720543253342][main][info]["partitionMigrationService~init: Success"]
[82763][1720543253354][main][info]["partitionMigrationService~runV8PartitionsIntegrity: Two way migration~ removing the following partitions from v8",[]]
[82763][1720543253359][main][info]["userPartitionService~getRecentV8UserPartition: recent v8 user context partition ","1a4333c6-b79c-48f7-a14c-30ea6e5b6c50"]
[82763][1720543253359][main][info]["userPartitionService~_rectifyTheActivePartitionOfApplication: Setting the active partition to ","1a4333c6-b79c-48f7-a14c-30ea6e5b6c50"]
[82763][1720543253370][main][info]["userPartitionService~init: Success"]
[82763][1720543253394][main][info]["userPartitionService: State of v8 partition system:"]
[82763][1720543253397][main][info]["shell~init~getPartitionToLoad: loading active partition"]
[82763][1720543253398][main][info]["userPartitionService: List of partitions:",[{"partitionId":"1a4333c6-b79c-48f7-a14c-30ea6e5b6c50","namespace":"users","userId":"34194376","teamId":"0","lastUpdated":"2024-06-30T08:36:08.093Z"},{"partitionId":"f1effcae-1f59-4780-bc40-cc66605c9935","namespace":"scratchPad","userId":0,"teamId":0,"isDirty":false}]]
[82763][1720543253399][main][info]["userPartitionService: users global meta:",{}]
[82763][1720543256232][main][info]["RuntimeIPCAgent~started: Success"]
[82763][1720543257734][main][info]["Main~getRemoteInitPath:: "]
[82763][1720543257981][main][info]["windowManager: First requester booted successfully."]
[82763][1720543257981][main][info]["windowManager~restoreWindows: Restoring requester windows"]
[82763][1720543257982][main][info]["Main~AppEvents - Received booted event for process requester.Version 10.24.26 UI Version: 10.24.26-ui-240521-0853 Desktop Platform Version: 10.24.26"]
[82763][1720543258165][main][info]["Main~getRemoteInitPath:: "]
[82763][1720543258441][main][info]["Main~getPlatformLaunchPerfMetrics"]
[82763][1720543260370][main][error]["Error while retrieving user key from keychain",{"name":"Error","message":"An AppArmor policy prevents this sender from sending this message to this recipient; type=\"method_call\", sender=\":1.741\" (uid=1000 pid=82763 comm=\"/snap/postman/254/usr/share/postman/postman --no-s\" label=\"snap.postman.postman (enforce)\") interface=\"org.freedesktop.Secret.Service\" member=\"OpenSession\" error name=\"(unset)\" requested_reply=\"0\" destination=\":1.11\" (uid=1000 pid=1774 comm=\"/usr/bin/gnome-keyring-daemon --daemonize --login \" label=\"unconfined\")","stack":"Error: An AppArmor policy prevents this sender from sending this message to this recipient; type=\"method_call\", sender=\":1.741\" (uid=1000 pid=82763 comm=\"/snap/postman/254/usr/share/postman/postman --no-s\" label=\"snap.postman.postman (enforce)\") interface=\"org.freedesktop.Secret.Service\" member=\"OpenSession\" error name=\"(unset)\" requested_reply=\"0\" destination=\":1.11\" (uid=1000 pid=1774 comm=\"/usr/bin/gnome-keyring-daemon --daemonize --login \" label=\"unconfined\")"}]
[82763][1720543260645][main][info]["Main - model-events~user - (user, bootstrapUser) received"]
[82763][1720543260645][main][info]["model-events~user - bootstrapUser received"]
[82763][1720543260669][main][info]["userPartitionService~associateTransitPartition: ",{"partitionId":"1a4333c6-b79c-48f7-a14c-30ea6e5b6c50","context":{"namespace":"users","userId":"34194376","teamId":"0"}}]
[82763][1720543260703][main][info]["userPartitionService: State of v8 partition system:"]
[82763][1720543260710][main][info]["userPartitionService: List of partitions:",[{"partitionId":"1a4333c6-b79c-48f7-a14c-30ea6e5b6c50","namespace":"users","userId":"34194376","teamId":"0","lastUpdated":"2024-07-09T16:41:00.669Z"},{"partitionId":"f1effcae-1f59-4780-bc40-cc66605c9935","namespace":"scratchPad","userId":0,"teamId":0,"isDirty":false}]]
[82763][1720543260710][main][info]["userPartitionService: users global meta:",{}]
[82763][1720543261000][main][error]["Error while retrieving user key from keychain",{"name":"Error","message":"An AppArmor policy prevents this sender from sending this message to this recipient; type=\"method_call\", sender=\":1.741\" (uid=1000 pid=82763 comm=\"/snap/postman/254/usr/share/postman/postman --no-s\" label=\"snap.postman.postman (enforce)\") interface=\"org.freedesktop.Secret.Service\" member=\"OpenSession\" error name=\"(unset)\" requested_reply=\"0\" destination=\":1.11\" (uid=1000 pid=1774 comm=\"/usr/bin/gnome-keyring-daemon --daemonize --login \" label=\"unconfined\")","stack":"Error: An AppArmor policy prevents this sender from sending this message to this recipient; type=\"method_call\", sender=\":1.741\" (uid=1000 pid=82763 comm=\"/snap/postman/254/usr/share/postman/postman --no-s\" label=\"snap.postman.postman (enforce)\") interface=\"org.freedesktop.Secret.Service\" member=\"OpenSession\" error name=\"(unset)\" requested_reply=\"0\" destination=\":1.11\" (uid=1000 pid=1774 comm=\"/usr/bin/gnome-keyring-daemon --daemonize --login \" label=\"unconfined\")"}]
[82763][1720543261151][main][info]["INTERCEPTOR CONNECTIVITY: Attempting to start websocket server on port 15611"]
[82763][1720548806367][main][info]["Quitting app"]
[4331][1720605809936][main][info]["Booting Postman 10.24.26, linux-6.5.0-35-generic on x64"]
[4331][1720605809939][main][info]["EventBus~initialize - Success"]
[4331][1720605809942][main][info]["Proxy configuration has not been setup"]
[4331][1720605809943][main][info]["CloudProxyManager~init - Success"]
[4331][1720605810052][main][info]["performShellDataMigration: Migration has already been done. Bailing out"]
[4331][1720605810063][main][info]["UpdateHandler~init - Success"]
[4331][1720605810066][main][info]["LeaderSelection: Initialized successfully"]
[4331][1720605810067][main][info]["VersionDependencyService: Initialized successfully"]
[4331][1720605810076][main][info]["LinuxAutoUpdater~Cleanup - Initial cleanup successful"]
[4331][1720605810107][main][info]["GPU detected VID 0 DID 0 ACTIVE false"]
[4331][1720605810137][main][info]["shellController~init: Success"]
[4331][1720605810144][main][info]["shellMeta~init: Success"]
[4331][1720605810145][main][info]["partitionMigrationService: State of V7 partition:"]
[4331][1720605810145][main][info]["partitionMigrationService: V7 partitions",[]]
[4331][1720605810146][main][info]["partitionMigrationService~rectifyNamespaceOfScratchPadPartition: There is no partition with scratchpad namespace"]
[4331][1720605810146][main][info]["partitionMigrationService~rectifyNamespaceOfScratchPadPartition: There is no transit partition which could have been used for scratchpad"]
[4331][1720605810146][main][info]["partitionMigrationService~init: Success"]
[4331][1720605810164][main][info]["partitionMigrationService~runV8PartitionsIntegrity: Two way migration~ removing the following partitions from v8",[]]
[4331][1720605810172][main][info]["userPartitionService~getRecentV8UserPartition: recent v8 user context partition ","1a4333c6-b79c-48f7-a14c-30ea6e5b6c50"]
[4331][1720605810172][main][info]["userPartitionService~_rectifyTheActivePartitionOfApplication: Setting the active partition to ","1a4333c6-b79c-48f7-a14c-30ea6e5b6c50"]
[4331][1720605810184][main][info]["userPartitionService~init: Success"]
[4331][1720605810201][main][info]["userPartitionService: State of v8 partition system:"]
[4331][1720605810204][main][info]["shell~init~getPartitionToLoad: loading active partition"]
[4331][1720605810206][main][info]["userPartitionService: List of partitions:",[{"partitionId":"1a4333c6-b79c-48f7-a14c-30ea6e5b6c50","namespace":"users","userId":"34194376","teamId":"0","lastUpdated":"2024-07-09T16:41:00.669Z"},{"partitionId":"f1effcae-1f59-4780-bc40-cc66605c9935","namespace":"scratchPad","userId":0,"teamId":0,"isDirty":false}]]
[4331][1720605810207][main][info]["userPartitionService: users global meta:",{}]
[4331][1720605813566][main][info]["RuntimeIPCAgent~started: Success"]
[4331][1720605814931][main][info]["Main~getRemoteInitPath:: "]
[4331][1720605815429][main][info]["windowManager: First requester booted successfully."]
[4331][1720605815430][main][info]["windowManager~restoreWindows: Restoring requester windows"]
[4331][1720605815430][main][info]["Main~AppEvents - Received booted event for process requester.Version 10.24.26 UI Version: 10.24.26-ui-240521-0853 Desktop Platform Version: 10.24.26"]
[4331][1720605815636][main][info]["Main~getRemoteInitPath:: "]
[4331][1720605816013][main][info]["Main~getPlatformLaunchPerfMetrics"]
[4331][1720605816910][main][info]["INTERCEPTOR CONNECTIVITY: Attempting to start websocket server on port 15611"]
[4331][1720605818414][main][error]["Error while retrieving user key from keychain",{"name":"Error","message":"An AppArmor policy prevents this sender from sending this message to this recipient; type=\"method_call\", sender=\":1.137\" (uid=1000 pid=4331 comm=\"/snap/postman/254/usr/share/postman/postman --no-s\" label=\"snap.postman.postman (enforce)\") interface=\"org.freedesktop.Secret.Service\" member=\"OpenSession\" error name=\"(unset)\" requested_reply=\"0\" destination=\":1.10\" (uid=1000 pid=1894 comm=\"/usr/bin/gnome-keyring-daemon --daemonize --login \" label=\"unconfined\")","stack":"Error: An AppArmor policy prevents this sender from sending this message to this recipient; type=\"method_call\", sender=\":1.137\" (uid=1000 pid=4331 comm=\"/snap/postman/254/usr/share/postman/postman --no-s\" label=\"snap.postman.postman (enforce)\") interface=\"org.freedesktop.Secret.Service\" member=\"OpenSession\" error name=\"(unset)\" requested_reply=\"0\" destination=\":1.10\" (uid=1000 pid=1894 comm=\"/usr/bin/gnome-keyring-daemon --daemonize --login \" label=\"unconfined\")"}]
[4331][1720605818644][main][info]["Main - model-events~user - (user, bootstrapUser) received"]
[4331][1720605818645][main][info]["model-events~user - bootstrapUser received"]
[4331][1720605818660][main][info]["userPartitionService~associateTransitPartition: ",{"partitionId":"1a4333c6-b79c-48f7-a14c-30ea6e5b6c50","context":{"namespace":"users","userId":"34194376","teamId":"0"}}]
[4331][1720605818690][main][info]["userPartitionService: State of v8 partition system:"]
[4331][1720605818696][main][info]["userPartitionService: List of partitions:",[{"partitionId":"1a4333c6-b79c-48f7-a14c-30ea6e5b6c50","namespace":"users","userId":"34194376","teamId":"0","lastUpdated":"2024-07-10T10:03:38.660Z"},{"partitionId":"f1effcae-1f59-4780-bc40-cc66605c9935","namespace":"scratchPad","userId":0,"teamId":0,"isDirty":false}]]
[4331][1720605818697][main][info]["userPartitionService: users global meta:",{}]
[4331][1720613694927][main][info]["sendAnalytics: Error while sending request",{"errno":-3001,"code":"EAI_AGAIN","syscall":"getaddrinfo","hostname":"events.getpostman.com","name":"Error","message":"getaddrinfo EAI_AGAIN events.getpostman.com","stack":"Error: getaddrinfo EAI_AGAIN events.getpostman.com\n    at GetAddrInfoReqWrap.onlookup [as oncomplete] (node:dns:71:26)"}]
[4331][1720622416897][main][info]["Quitting app"]
[2952][1720706048430][main][info]["Booting Postman 10.24.26, linux-6.5.0-35-generic on x64"]
[2952][1720706048434][main][info]["EventBus~initialize - Success"]
[2952][1720706048448][main][info]["Proxy configuration has not been setup"]
[2952][1720706048450][main][info]["CloudProxyManager~init - Success"]
[2952][1720706048639][main][info]["sendAnalytics: Error while sending request",{"errno":-3001,"code":"EAI_AGAIN","syscall":"getaddrinfo","hostname":"events.getpostman.com","name":"Error","message":"getaddrinfo EAI_AGAIN events.getpostman.com","stack":"Error: getaddrinfo EAI_AGAIN events.getpostman.com\n    at GetAddrInfoReqWrap.onlookup [as oncomplete] (node:dns:71:26)"}]
[2952][1720706048648][main][info]["performShellDataMigration: Migration has already been done. Bailing out"]
[2952][1720706048672][main][info]["UpdateHandler~init - Success"]
[2952][1720706048675][main][info]["LeaderSelection: Initialized successfully"]
[2952][1720706048686][main][info]["VersionDependencyService: Initialized successfully"]
[2952][1720706048729][main][info]["sendAnalytics: Error while sending request",{"errno":-3001,"code":"EAI_AGAIN","syscall":"getaddrinfo","hostname":"events.getpostman.com","name":"Error","message":"getaddrinfo EAI_AGAIN events.getpostman.com","stack":"Error: getaddrinfo EAI_AGAIN events.getpostman.com\n    at GetAddrInfoReqWrap.onlookup [as oncomplete] (node:dns:71:26)"}]
[2952][1720706048750][main][info]["LinuxAutoUpdater~Cleanup - Initial cleanup successful"]
[2952][1720706048776][main][info]["sendAnalytics: Error while sending request",{"errno":-3001,"code":"EAI_AGAIN","syscall":"getaddrinfo","hostname":"events.getpostman.com","name":"Error","message":"getaddrinfo EAI_AGAIN events.getpostman.com","stack":"Error: getaddrinfo EAI_AGAIN events.getpostman.com\n    at GetAddrInfoReqWrap.onlookup [as oncomplete] (node:dns:71:26)"}]
[2952][1720706048792][main][info]["sendAnalytics: Error while sending request",{"errno":-3001,"code":"EAI_AGAIN","syscall":"getaddrinfo","hostname":"events.getpostman.com","name":"Error","message":"getaddrinfo EAI_AGAIN events.getpostman.com","stack":"Error: getaddrinfo EAI_AGAIN events.getpostman.com\n    at GetAddrInfoReqWrap.onlookup [as oncomplete] (node:dns:71:26)"}]
[2952][1720706048801][main][info]["GPU detected VID 0 DID 0 ACTIVE false"]
[2952][1720706048811][main][info]["sendAnalytics: Error while sending request",{"errno":-3001,"code":"EAI_AGAIN","syscall":"getaddrinfo","hostname":"events.getpostman.com","name":"Error","message":"getaddrinfo EAI_AGAIN events.getpostman.com","stack":"Error: getaddrinfo EAI_AGAIN events.getpostman.com\n    at GetAddrInfoReqWrap.onlookup [as oncomplete] (node:dns:71:26)"}]
[2952][1720706048918][main][info]["sendAnalytics: Error while sending request",{"errno":-3001,"code":"EAI_AGAIN","syscall":"getaddrinfo","hostname":"events.getpostman.com","name":"Error","message":"getaddrinfo EAI_AGAIN events.getpostman.com","stack":"Error: getaddrinfo EAI_AGAIN events.getpostman.com\n    at GetAddrInfoReqWrap.onlookup [as oncomplete] (node:dns:71:26)"}]
[2952][1720706048950][main][info]["sendAnalytics: Error while sending request",{"errno":-3001,"code":"EAI_AGAIN","syscall":"getaddrinfo","hostname":"events.getpostman.com","name":"Error","message":"getaddrinfo EAI_AGAIN events.getpostman.com","stack":"Error: getaddrinfo EAI_AGAIN events.getpostman.com\n    at GetAddrInfoReqWrap.onlookup [as oncomplete] (node:dns:71:26)"}]
[2952][1720706048981][main][info]["sendAnalytics: Error while sending request",{"errno":-3001,"code":"EAI_AGAIN","syscall":"getaddrinfo","hostname":"events.getpostman.com","name":"Error","message":"getaddrinfo EAI_AGAIN events.getpostman.com","stack":"Error: getaddrinfo EAI_AGAIN events.getpostman.com\n    at GetAddrInfoReqWrap.onlookup [as oncomplete] (node:dns:71:26)"}]
[2952][1720706049010][main][info]["sendAnalytics: Error while sending request",{"errno":-3001,"code":"EAI_AGAIN","syscall":"getaddrinfo","hostname":"events.getpostman.com","name":"Error","message":"getaddrinfo EAI_AGAIN events.getpostman.com","stack":"Error: getaddrinfo EAI_AGAIN events.getpostman.com\n    at GetAddrInfoReqWrap.onlookup [as oncomplete] (node:dns:71:26)"}]
[2952][1720706049030][main][info]["shellController~init: Success"]
[2952][1720706049035][main][info]["sendAnalytics: Error while sending request",{"errno":-3001,"code":"EAI_AGAIN","syscall":"getaddrinfo","hostname":"events.getpostman.com","name":"Error","message":"getaddrinfo EAI_AGAIN events.getpostman.com","stack":"Error: getaddrinfo EAI_AGAIN events.getpostman.com\n    at GetAddrInfoReqWrap.onlookup [as oncomplete] (node:dns:71:26)"}]
[2952][1720706049051][main][info]["sendAnalytics: Error while sending request",{"errno":-3001,"code":"EAI_AGAIN","syscall":"getaddrinfo","hostname":"events.getpostman.com","name":"Error","message":"getaddrinfo EAI_AGAIN events.getpostman.com","stack":"Error: getaddrinfo EAI_AGAIN events.getpostman.com\n    at GetAddrInfoReqWrap.onlookup [as oncomplete] (node:dns:71:26)"}]
[2952][1720706049064][main][info]["shellMeta~init: Success"]
[2952][1720706049064][main][info]["partitionMigrationService: State of V7 partition:"]
[2952][1720706049065][main][info]["partitionMigrationService: V7 partitions",[]]
[2952][1720706049066][main][info]["partitionMigrationService~rectifyNamespaceOfScratchPadPartition: There is no partition with scratchpad namespace"]
[2952][1720706049066][main][info]["partitionMigrationService~rectifyNamespaceOfScratchPadPartition: There is no transit partition which could have been used for scratchpad"]
[2952][1720706049066][main][info]["partitionMigrationService~init: Success"]
[2952][1720706049069][main][info]["sendAnalytics: Error while sending request",{"errno":-3001,"code":"EAI_AGAIN","syscall":"getaddrinfo","hostname":"events.getpostman.com","name":"Error","message":"getaddrinfo EAI_AGAIN events.getpostman.com","stack":"Error: getaddrinfo EAI_AGAIN events.getpostman.com\n    at GetAddrInfoReqWrap.onlookup [as oncomplete] (node:dns:71:26)"}]
[2952][1720706049073][main][info]["sendAnalytics: Error while sending request",{"errno":-3001,"code":"EAI_AGAIN","syscall":"getaddrinfo","hostname":"events.getpostman.com","name":"Error","message":"getaddrinfo EAI_AGAIN events.getpostman.com","stack":"Error: getaddrinfo EAI_AGAIN events.getpostman.com\n    at GetAddrInfoReqWrap.onlookup [as oncomplete] (node:dns:71:26)"}]
[2952][1720706049086][main][info]["sendAnalytics: Error while sending request",{"errno":-3001,"code":"EAI_AGAIN","syscall":"getaddrinfo","hostname":"events.getpostman.com","name":"Error","message":"getaddrinfo EAI_AGAIN events.getpostman.com","stack":"Error: getaddrinfo EAI_AGAIN events.getpostman.com\n    at GetAddrInfoReqWrap.onlookup [as oncomplete] (node:dns:71:26)"}]
[2952][1720706049089][main][info]["sendAnalytics: Error while sending request",{"errno":-3001,"code":"EAI_AGAIN","syscall":"getaddrinfo","hostname":"events.getpostman.com","name":"Error","message":"getaddrinfo EAI_AGAIN events.getpostman.com","stack":"Error: getaddrinfo EAI_AGAIN events.getpostman.com\n    at GetAddrInfoReqWrap.onlookup [as oncomplete] (node:dns:71:26)"}]
[2952][1720706049094][main][info]["sendAnalytics: Error while sending request",{"errno":-3001,"code":"EAI_AGAIN","syscall":"getaddrinfo","hostname":"events.getpostman.com","name":"Error","message":"getaddrinfo EAI_AGAIN events.getpostman.com","stack":"Error: getaddrinfo EAI_AGAIN events.getpostman.com\n    at GetAddrInfoReqWrap.onlookup [as oncomplete] (node:dns:71:26)"}]
[2952][1720706049107][main][info]["sendAnalytics: Error while sending request",{"errno":-3001,"code":"EAI_AGAIN","syscall":"getaddrinfo","hostname":"events.getpostman.com","name":"Error","message":"getaddrinfo EAI_AGAIN events.getpostman.com","stack":"Error: getaddrinfo EAI_AGAIN events.getpostman.com\n    at GetAddrInfoReqWrap.onlookup [as oncomplete] (node:dns:71:26)"}]
[2952][1720706049124][main][info]["sendAnalytics: Error while sending request",{"errno":-3001,"code":"EAI_AGAIN","syscall":"getaddrinfo","hostname":"events.getpostman.com","name":"Error","message":"getaddrinfo EAI_AGAIN events.getpostman.com","stack":"Error: getaddrinfo EAI_AGAIN events.getpostman.com\n    at GetAddrInfoReqWrap.onlookup [as oncomplete] (node:dns:71:26)"}]
[2952][1720706049127][main][info]["sendAnalytics: Error while sending request",{"errno":-3001,"code":"EAI_AGAIN","syscall":"getaddrinfo","hostname":"events.getpostman.com","name":"Error","message":"getaddrinfo EAI_AGAIN events.getpostman.com","stack":"Error: getaddrinfo EAI_AGAIN events.getpostman.com\n    at GetAddrInfoReqWrap.onlookup [as oncomplete] (node:dns:71:26)"}]
[2952][1720706049131][main][info]["partitionMigrationService~runV8PartitionsIntegrity: Two way migration~ removing the following partitions from v8",[]]
[2952][1720706049144][main][info]["sendAnalytics: Error while sending request",{"errno":-3001,"code":"EAI_AGAIN","syscall":"getaddrinfo","hostname":"events.getpostman.com","name":"Error","message":"getaddrinfo EAI_AGAIN events.getpostman.com","stack":"Error: getaddrinfo EAI_AGAIN events.getpostman.com\n    at GetAddrInfoReqWrap.onlookup [as oncomplete] (node:dns:71:26)"}]
[2952][1720706049147][main][info]["sendAnalytics: Error while sending request",{"errno":-3001,"code":"EAI_AGAIN","syscall":"getaddrinfo","hostname":"events.getpostman.com","name":"Error","message":"getaddrinfo EAI_AGAIN events.getpostman.com","stack":"Error: getaddrinfo EAI_AGAIN events.getpostman.com\n    at GetAddrInfoReqWrap.onlookup [as oncomplete] (node:dns:71:26)"}]
[2952][1720706049154][main][info]["userPartitionService~getRecentV8UserPartition: recent v8 user context partition ","1a4333c6-b79c-48f7-a14c-30ea6e5b6c50"]
[2952][1720706049154][main][info]["userPartitionService~_rectifyTheActivePartitionOfApplication: Setting the active partition to ","1a4333c6-b79c-48f7-a14c-30ea6e5b6c50"]
[2952][1720706049158][main][info]["sendAnalytics: Error while sending request",{"errno":-3001,"code":"EAI_AGAIN","syscall":"getaddrinfo","hostname":"events.getpostman.com","name":"Error","message":"getaddrinfo EAI_AGAIN events.getpostman.com","stack":"Error: getaddrinfo EAI_AGAIN events.getpostman.com\n    at GetAddrInfoReqWrap.onlookup [as oncomplete] (node:dns:71:26)"}]
[2952][1720706049158][main][info]["sendAnalytics: Error while sending request",{"errno":-3001,"code":"EAI_AGAIN","syscall":"getaddrinfo","hostname":"events.getpostman.com","name":"Error","message":"getaddrinfo EAI_AGAIN events.getpostman.com","stack":"Error: getaddrinfo EAI_AGAIN events.getpostman.com\n    at GetAddrInfoReqWrap.onlookup [as oncomplete] (node:dns:71:26)"}]
[2952][1720706049162][main][info]["sendAnalytics: Error while sending request",{"errno":-3001,"code":"EAI_AGAIN","syscall":"getaddrinfo","hostname":"events.getpostman.com","name":"Error","message":"getaddrinfo EAI_AGAIN events.getpostman.com","stack":"Error: getaddrinfo EAI_AGAIN events.getpostman.com\n    at GetAddrInfoReqWrap.onlookup [as oncomplete] (node:dns:71:26)"}]
[2952][1720706049174][main][info]["sendAnalytics: Error while sending request",{"errno":-3001,"code":"EAI_AGAIN","syscall":"getaddrinfo","hostname":"events.getpostman.com","name":"Error","message":"getaddrinfo EAI_AGAIN events.getpostman.com","stack":"Error: getaddrinfo EAI_AGAIN events.getpostman.com\n    at GetAddrInfoReqWrap.onlookup [as oncomplete] (node:dns:71:26)"}]
[2952][1720706049216][main][info]["sendAnalytics: Error while sending request",{"errno":-3001,"code":"EAI_AGAIN","syscall":"getaddrinfo","hostname":"events.getpostman.com","name":"Error","message":"getaddrinfo EAI_AGAIN events.getpostman.com","stack":"Error: getaddrinfo EAI_AGAIN events.getpostman.com\n    at GetAddrInfoReqWrap.onlookup [as oncomplete] (node:dns:71:26)"}]
[2952][1720706049247][main][info]["userPartitionService~init: Success"]
[2952][1720706049301][main][info]["sendAnalytics: Error while sending request",{"errno":-3001,"code":"EAI_AGAIN","syscall":"getaddrinfo","hostname":"events.getpostman.com","name":"Error","message":"getaddrinfo EAI_AGAIN events.getpostman.com","stack":"Error: getaddrinfo EAI_AGAIN events.getpostman.com\n    at GetAddrInfoReqWrap.onlookup [as oncomplete] (node:dns:71:26)"}]
[2952][1720706049431][main][info]["userPartitionService: State of v8 partition system:"]
[2952][1720706049462][main][info]["sendAnalytics: Error while sending request",{"errno":-3001,"code":"EAI_AGAIN","syscall":"getaddrinfo","hostname":"events.getpostman.com","name":"Error","message":"getaddrinfo EAI_AGAIN events.getpostman.com","stack":"Error: getaddrinfo EAI_AGAIN events.getpostman.com\n    at GetAddrInfoReqWrap.onlookup [as oncomplete] (node:dns:71:26)"}]
[2952][1720706049477][main][info]["shell~init~getPartitionToLoad: loading active partition"]
[2952][1720706049488][main][info]["sendAnalytics: Error while sending request",{"errno":-3001,"code":"EAI_AGAIN","syscall":"getaddrinfo","hostname":"events.getpostman.com","name":"Error","message":"getaddrinfo EAI_AGAIN events.getpostman.com","stack":"Error: getaddrinfo EAI_AGAIN events.getpostman.com\n    at GetAddrInfoReqWrap.onlookup [as oncomplete] (node:dns:71:26)"}]
[2952][1720706049499][main][info]["userPartitionService: List of partitions:",[{"partitionId":"1a4333c6-b79c-48f7-a14c-30ea6e5b6c50","namespace":"users","userId":"34194376","teamId":"0","lastUpdated":"2024-07-10T10:03:38.660Z"},{"partitionId":"f1effcae-1f59-4780-bc40-cc66605c9935","namespace":"scratchPad","userId":0,"teamId":0,"isDirty":false}]]
[2952][1720706049500][main][info]["userPartitionService: users global meta:",{}]
[2952][1720706049508][main][info]["sendAnalytics: Error while sending request",{"errno":-3001,"code":"EAI_AGAIN","syscall":"getaddrinfo","hostname":"events.getpostman.com","name":"Error","message":"getaddrinfo EAI_AGAIN events.getpostman.com","stack":"Error: getaddrinfo EAI_AGAIN events.getpostman.com\n    at GetAddrInfoReqWrap.onlookup [as oncomplete] (node:dns:71:26)"}]
[2952][1720706049515][main][info]["sendAnalytics: Error while sending request",{"errno":-3001,"code":"EAI_AGAIN","syscall":"getaddrinfo","hostname":"events.getpostman.com","name":"Error","message":"getaddrinfo EAI_AGAIN events.getpostman.com","stack":"Error: getaddrinfo EAI_AGAIN events.getpostman.com\n    at GetAddrInfoReqWrap.onlookup [as oncomplete] (node:dns:71:26)"}]
[2952][1720706049537][main][info]["sendAnalytics: Error while sending request",{"errno":-3001,"code":"EAI_AGAIN","syscall":"getaddrinfo","hostname":"events.getpostman.com","name":"Error","message":"getaddrinfo EAI_AGAIN events.getpostman.com","stack":"Error: getaddrinfo EAI_AGAIN events.getpostman.com\n    at GetAddrInfoReqWrap.onlookup [as oncomplete] (node:dns:71:26)"}]
[2952][1720706050419][main][info]["sendAnalytics: Error while sending request",{"errno":-3001,"code":"EAI_AGAIN","syscall":"getaddrinfo","hostname":"events.getpostman.com","name":"Error","message":"getaddrinfo EAI_AGAIN events.getpostman.com","stack":"Error: getaddrinfo EAI_AGAIN events.getpostman.com\n    at GetAddrInfoReqWrap.onlookup [as oncomplete] (node:dns:71:26)"}]
[2952][1720706050551][main][info]["sendAnalytics: Error while sending request",{"errno":-3001,"code":"EAI_AGAIN","syscall":"getaddrinfo","hostname":"events.getpostman.com","name":"Error","message":"getaddrinfo EAI_AGAIN events.getpostman.com","stack":"Error: getaddrinfo EAI_AGAIN events.getpostman.com\n    at GetAddrInfoReqWrap.onlookup [as oncomplete] (node:dns:71:26)"}]
[2952][1720706050560][main][info]["sendAnalytics: Error while sending request",{"errno":-3001,"code":"EAI_AGAIN","syscall":"getaddrinfo","hostname":"events.getpostman.com","name":"Error","message":"getaddrinfo EAI_AGAIN events.getpostman.com","stack":"Error: getaddrinfo EAI_AGAIN events.getpostman.com\n    at GetAddrInfoReqWrap.onlookup [as oncomplete] (node:dns:71:26)"}]
[2952][1720706050569][main][info]["sendAnalytics: Error while sending request",{"errno":-3001,"code":"EAI_AGAIN","syscall":"getaddrinfo","hostname":"events.getpostman.com","name":"Error","message":"getaddrinfo EAI_AGAIN events.getpostman.com","stack":"Error: getaddrinfo EAI_AGAIN events.getpostman.com\n    at GetAddrInfoReqWrap.onlookup [as oncomplete] (node:dns:71:26)"}]
[2952][1720706050589][main][info]["sendAnalytics: Error while sending request",{"errno":-3001,"code":"EAI_AGAIN","syscall":"getaddrinfo","hostname":"events.getpostman.com","name":"Error","message":"getaddrinfo EAI_AGAIN events.getpostman.com","stack":"Error: getaddrinfo EAI_AGAIN events.getpostman.com\n    at GetAddrInfoReqWrap.onlookup [as oncomplete] (node:dns:71:26)"}]
[2952][1720706050642][main][info]["sendAnalytics: Error while sending request",{"errno":-3001,"code":"EAI_AGAIN","syscall":"getaddrinfo","hostname":"events.getpostman.com","name":"Error","message":"getaddrinfo EAI_AGAIN events.getpostman.com","stack":"Error: getaddrinfo EAI_AGAIN events.getpostman.com\n    at GetAddrInfoReqWrap.onlookup [as oncomplete] (node:dns:71:26)"}]
[2952][1720706050658][main][info]["sendAnalytics: Error while sending request",{"errno":-3001,"code":"EAI_AGAIN","syscall":"getaddrinfo","hostname":"events.getpostman.com","name":"Error","message":"getaddrinfo EAI_AGAIN events.getpostman.com","stack":"Error: getaddrinfo EAI_AGAIN events.getpostman.com\n    at GetAddrInfoReqWrap.onlookup [as oncomplete] (node:dns:71:26)"}]
[2952][1720706050662][main][info]["sendAnalytics: Error while sending request",{"errno":-3001,"code":"EAI_AGAIN","syscall":"getaddrinfo","hostname":"events.getpostman.com","name":"Error","message":"getaddrinfo EAI_AGAIN events.getpostman.com","stack":"Error: getaddrinfo EAI_AGAIN events.getpostman.com\n    at GetAddrInfoReqWrap.onlookup [as oncomplete] (node:dns:71:26)"}]
[2952][1720706050669][main][info]["sendAnalytics: Error while sending request",{"errno":-3001,"code":"EAI_AGAIN","syscall":"getaddrinfo","hostname":"events.getpostman.com","name":"Error","message":"getaddrinfo EAI_AGAIN events.getpostman.com","stack":"Error: getaddrinfo EAI_AGAIN events.getpostman.com\n    at GetAddrInfoReqWrap.onlookup [as oncomplete] (node:dns:71:26)"}]
[2952][1720706050675][main][info]["sendAnalytics: Error while sending request",{"errno":-3001,"code":"EAI_AGAIN","syscall":"getaddrinfo","hostname":"events.getpostman.com","name":"Error","message":"getaddrinfo EAI_AGAIN events.getpostman.com","stack":"Error: getaddrinfo EAI_AGAIN events.getpostman.com\n    at GetAddrInfoReqWrap.onlookup [as oncomplete] (node:dns:71:26)"}]
[2952][1720706050682][main][info]["sendAnalytics: Error while sending request",{"errno":-3001,"code":"EAI_AGAIN","syscall":"getaddrinfo","hostname":"events.getpostman.com","name":"Error","message":"getaddrinfo EAI_AGAIN events.getpostman.com","stack":"Error: getaddrinfo EAI_AGAIN events.getpostman.com\n    at GetAddrInfoReqWrap.onlookup [as oncomplete] (node:dns:71:26)"}]
[2952][1720706050688][main][info]["sendAnalytics: Error while sending request",{"errno":-3001,"code":"EAI_AGAIN","syscall":"getaddrinfo","hostname":"events.getpostman.com","name":"Error","message":"getaddrinfo EAI_AGAIN events.getpostman.com","stack":"Error: getaddrinfo EAI_AGAIN events.getpostman.com\n    at GetAddrInfoReqWrap.onlookup [as oncomplete] (node:dns:71:26)"}]
[2952][1720706050720][main][info]["sendAnalytics: Error while sending request",{"errno":-3001,"code":"EAI_AGAIN","syscall":"getaddrinfo","hostname":"events.getpostman.com","name":"Error","message":"getaddrinfo EAI_AGAIN events.getpostman.com","stack":"Error: getaddrinfo EAI_AGAIN events.getpostman.com\n    at GetAddrInfoReqWrap.onlookup [as oncomplete] (node:dns:71:26)"}]
[2952][1720706054058][main][info]["RuntimeIPCAgent~started: Success"]
[2952][1720706055536][main][info]["Main~getRemoteInitPath:: "]
[2952][1720706055882][main][info]["windowManager: First requester booted successfully."]
[2952][1720706055883][main][info]["windowManager~restoreWindows: Restoring requester windows"]
[2952][1720706055883][main][info]["Main~AppEvents - Received booted event for process requester.Version 10.24.26 UI Version: 10.24.26-ui-240521-0853 Desktop Platform Version: 10.24.26"]
[2952][1720706055887][main][info]["sendAnalytics: Error while sending request",{"errno":-3001,"code":"EAI_AGAIN","syscall":"getaddrinfo","hostname":"events.getpostman.com","name":"Error","message":"getaddrinfo EAI_AGAIN events.getpostman.com","stack":"Error: getaddrinfo EAI_AGAIN events.getpostman.com\n    at GetAddrInfoReqWrap.onlookup [as oncomplete] (node:dns:71:26)"}]
[2952][1720706055889][main][info]["sendAnalytics: Error while sending request",{"errno":-3001,"code":"EAI_AGAIN","syscall":"getaddrinfo","hostname":"events.getpostman.com","name":"Error","message":"getaddrinfo EAI_AGAIN events.getpostman.com","stack":"Error: getaddrinfo EAI_AGAIN events.getpostman.com\n    at GetAddrInfoReqWrap.onlookup [as oncomplete] (node:dns:71:26)"}]
[2952][1720706055892][main][info]["sendAnalytics: Error while sending request",{"errno":-3001,"code":"EAI_AGAIN","syscall":"getaddrinfo","hostname":"events.getpostman.com","name":"Error","message":"getaddrinfo EAI_AGAIN events.getpostman.com","stack":"Error: getaddrinfo EAI_AGAIN events.getpostman.com\n    at GetAddrInfoReqWrap.onlookup [as oncomplete] (node:dns:71:26)"}]
[2952][1720706055894][main][info]["sendAnalytics: Error while sending request",{"errno":-3001,"code":"EAI_AGAIN","syscall":"getaddrinfo","hostname":"events.getpostman.com","name":"Error","message":"getaddrinfo EAI_AGAIN events.getpostman.com","stack":"Error: getaddrinfo EAI_AGAIN events.getpostman.com\n    at GetAddrInfoReqWrap.onlookup [as oncomplete] (node:dns:71:26)"}]
[2952][1720706056075][main][info]["Main~getRemoteInitPath:: "]
[2952][1720706056451][main][info]["INTERCEPTOR CONNECTIVITY: Attempting to start websocket server on port 15611"]
[2952][1720727147888][main][info]["Main - model-events~user - (user, bootstrapUser) received"]
[2952][1720727147888][main][info]["model-events~user - bootstrapUser received"]
[2952][1720727147912][main][info]["userPartitionService~associateTransitPartition: ",{"partitionId":"1a4333c6-b79c-48f7-a14c-30ea6e5b6c50","context":{"namespace":"users","userId":"34194376","teamId":"0"}}]
[2952][1720727147935][main][info]["userPartitionService: State of v8 partition system:"]
[2952][1720727147937][main][info]["userPartitionService: List of partitions:",[{"partitionId":"1a4333c6-b79c-48f7-a14c-30ea6e5b6c50","namespace":"users","userId":"34194376","teamId":"0","lastUpdated":"2024-07-11T19:45:47.912Z"},{"partitionId":"f1effcae-1f59-4780-bc40-cc66605c9935","namespace":"scratchPad","userId":0,"teamId":0,"isDirty":false}]]
[2952][1720727147938][main][info]["userPartitionService: users global meta:",{}]
[2952][1720707800450][main][info]["Main~getPlatformLaunchPerfMetrics"]
[2952][1720707813759][main][info]["WindowManager~closeHandler - Closed Window (id: 1 )"]
[2952][1720707813780][main][error]["Main~handleUncaughtError - Uncaught errors",{"name":"TypeError","message":"Cannot read properties of undefined (reading 'send')","stack":"TypeError: Cannot read properties of undefined (reading 'send')\n    at Object.sendMessageToInterceptor (/snap/postman/254/usr/share/postman/resources/app/services/websocketServer.js:144:10)\n    at Object.requesterWindowHandler (/snap/postman/254/usr/share/postman/resources/app/services/websocketServer.js:389:14)\n    at EventEmitter.emit (node:events:539:35)\n    at EventEmitter.emit (node:domain:475:12)\n    at _dispatch (/snap/postman/254/usr/share/postman/resources/app/common/_event-bus.js:256:14)\n    at EventBus._publish (/snap/postman/254/usr/share/postman/resources/app/common/_event-bus.js:207:9)\n    at Object.closedHandler (/snap/postman/254/usr/share/postman/resources/app/services/windowManager.js:1078:18)\n    at BrowserWindow.emit (node:events:527:28)\n    at BrowserWindow.emit (node:domain:475:12)"}]
[15920][1720707817124][main][info]["Booting Postman 10.24.26, linux-6.5.0-35-generic on x64"]
[15920][1720707817129][main][info]["EventBus~initialize - Success"]
[15920][1720707817133][main][info]["Proxy configuration has not been setup"]
[15920][1720707817134][main][info]["CloudProxyManager~init - Success"]
[15920][1720707817164][main][info]["performShellDataMigration: Migration has already been done. Bailing out"]
[15920][1720707817175][main][info]["UpdateHandler~init - Success"]
[15920][1720707817178][main][info]["LeaderSelection: Initialized successfully"]
[15920][1720707817179][main][info]["VersionDependencyService: Initialized successfully"]
[15920][1720707817188][main][info]["LinuxAutoUpdater~Cleanup - Initial cleanup successful"]
[15920][1720707817229][main][info]["shellController~init: Success"]
[15920][1720707817246][main][info]["shellMeta~init: Success"]
[15920][1720707817247][main][info]["partitionMigrationService: State of V7 partition:"]
[15920][1720707817247][main][info]["partitionMigrationService: V7 partitions",[]]
[15920][1720707817247][main][info]["partitionMigrationService~rectifyNamespaceOfScratchPadPartition: There is no partition with scratchpad namespace"]
[15920][1720707817248][main][info]["partitionMigrationService~rectifyNamespaceOfScratchPadPartition: There is no transit partition which could have been used for scratchpad"]
[15920][1720707817248][main][info]["partitionMigrationService~init: Success"]
[15920][1720707817267][main][info]["partitionMigrationService~runV8PartitionsIntegrity: Two way migration~ removing the following partitions from v8",[]]
[15920][1720707817275][main][info]["userPartitionService~getRecentV8UserPartition: recent v8 user context partition ","1a4333c6-b79c-48f7-a14c-30ea6e5b6c50"]
[15920][1720707817275][main][info]["userPartitionService~_rectifyTheActivePartitionOfApplication: Setting the active partition to ","1a4333c6-b79c-48f7-a14c-30ea6e5b6c50"]
[15920][1720707817290][main][info]["userPartitionService~init: Success"]
[15920][1720707817315][main][info]["userPartitionService: State of v8 partition system:"]
[15920][1720707817319][main][info]["shell~init~getPartitionToLoad: loading active partition"]
[15920][1720707817322][main][info]["userPartitionService: List of partitions:",[{"partitionId":"1a4333c6-b79c-48f7-a14c-30ea6e5b6c50","namespace":"users","userId":"34194376","teamId":"0","lastUpdated":"2024-07-11T19:45:47.912Z"},{"partitionId":"f1effcae-1f59-4780-bc40-cc66605c9935","namespace":"scratchPad","userId":0,"teamId":0,"isDirty":false}]]
[15920][1720707817322][main][info]["userPartitionService: users global meta:",{}]
[15920][1720707818576][main][info]["RuntimeIPCAgent~started: Success"]
[15920][1720707820692][main][info]["Main~getRemoteInitPath:: "]
[15920][1720707821072][main][info]["windowManager: First requester booted successfully."]
[15920][1720707821072][main][info]["windowManager~restoreWindows: Restoring requester windows"]
[15920][1720707821073][main][info]["Main~AppEvents - Received booted event for process requester.Version 10.24.26 UI Version: 10.24.26-ui-240521-0853 Desktop Platform Version: 10.24.26"]
[15920][1720707821238][main][info]["Main~getRemoteInitPath:: "]
[15920][1720707821631][main][info]["Main~getPlatformLaunchPerfMetrics"]
[15920][1720707822815][main][info]["INTERCEPTOR CONNECTIVITY: Attempting to start websocket server on port 15611"]
[15920][1720707823675][main][error]["Error while retrieving user key from keychain",{"name":"Error","message":"An AppArmor policy prevents this sender from sending this message to this recipient; type=\"method_call\", sender=\":1.177\" (uid=1000 pid=15920 comm=\"/snap/postman/254/usr/share/postman/postman --no-s\" label=\"snap.postman.postman (enforce)\") interface=\"org.freedesktop.Secret.Service\" member=\"OpenSession\" error name=\"(unset)\" requested_reply=\"0\" destination=\":1.9\" (uid=1000 pid=1856 comm=\"/usr/bin/gnome-keyring-daemon --daemonize --login \" label=\"unconfined\")","stack":"Error: An AppArmor policy prevents this sender from sending this message to this recipient; type=\"method_call\", sender=\":1.177\" (uid=1000 pid=15920 comm=\"/snap/postman/254/usr/share/postman/postman --no-s\" label=\"snap.postman.postman (enforce)\") interface=\"org.freedesktop.Secret.Service\" member=\"OpenSession\" error name=\"(unset)\" requested_reply=\"0\" destination=\":1.9\" (uid=1000 pid=1856 comm=\"/usr/bin/gnome-keyring-daemon --daemonize --login \" label=\"unconfined\")"}]
[15920][1720707825060][main][info]["Main - model-events~user - (user, bootstrapUser) received"]
[15920][1720707825060][main][info]["model-events~user - bootstrapUser received"]
[15920][1720707825087][main][info]["userPartitionService~associateTransitPartition: ",{"partitionId":"1a4333c6-b79c-48f7-a14c-30ea6e5b6c50","context":{"namespace":"users","userId":"34194376","teamId":"0"}}]
[15920][1720707825132][main][info]["userPartitionService: State of v8 partition system:"]
[15920][1720707825139][main][info]["userPartitionService: List of partitions:",[{"partitionId":"1a4333c6-b79c-48f7-a14c-30ea6e5b6c50","namespace":"users","userId":"34194376","teamId":"0","lastUpdated":"2024-07-11T14:23:45.087Z"},{"partitionId":"f1effcae-1f59-4780-bc40-cc66605c9935","namespace":"scratchPad","userId":0,"teamId":0,"isDirty":false}]]
[15920][1720707825140][main][info]["userPartitionService: users global meta:",{}]
[15920][1720721353194][main][info]["Quitting app"]
[44958][1720801298181][main][info]["Booting Postman 10.24.26, linux-6.5.0-35-generic on x64"]
[44958][1720801298194][main][info]["EventBus~initialize - Success"]
[44958][1720801298206][main][info]["Proxy configuration has not been setup"]
[44958][1720801298208][main][info]["CloudProxyManager~init - Success"]
[45204][1720801298257][main][info]["Booting Postman 10.24.26, linux-6.5.0-35-generic on x64"]
[45204][1720801298261][main][info]["EventBus~initialize - Success"]
[45204][1720801298264][main][info]["Proxy configuration has not been setup"]
[45204][1720801298265][main][info]["CloudProxyManager~init - Success"]
[45002][1720801298253][main][info]["Booting Postman 10.24.26, linux-6.5.0-35-generic on x64"]
[45002][1720801298270][main][info]["EventBus~initialize - Success"]
[45002][1720801298278][main][info]["Proxy configuration has not been setup"]
[45002][1720801298279][main][info]["CloudProxyManager~init - Success"]
[45204][1720801298322][main][info]["performShellDataMigration: Migration has already been done. Bailing out"]
[45002][1720801298326][main][info]["performShellDataMigration: Migration has already been done. Bailing out"]
[44958][1720801298327][main][info]["performShellDataMigration: Migration has already been done. Bailing out"]
[44958][1720801298337][main][info]["UpdateHandler~init - Success"]
[44958][1720801298340][main][info]["LeaderSelection: Initialized successfully"]
[44958][1720801298341][main][info]["VersionDependencyService: Initialized successfully"]
[45002][1720801298346][main][info]["UpdateHandler~init - Success"]
[45002][1720801298356][main][info]["LeaderSelection: Initialized successfully"]
[45002][1720801298358][main][info]["VersionDependencyService: Initialized successfully"]
[45204][1720801298348][main][info]["UpdateHandler~init - Success"]
[45204][1720801298351][main][info]["LeaderSelection: Initialized successfully"]
[45204][1720801298352][main][info]["VersionDependencyService: Initialized successfully"]
[45002][1720801298370][main][info]["LinuxAutoUpdater~Cleanup - Initial cleanup successful"]
[44958][1720801298372][main][info]["LinuxAutoUpdater~Cleanup - Initial cleanup successful"]
[45204][1720801298376][main][info]["LinuxAutoUpdater~Cleanup - Initial cleanup successful"]
[44958][1720801298413][main][info]["GPU detected VID 0 DID 0 ACTIVE false"]
[45002][1720801298436][main][info]["GPU detected VID 0 DID 0 ACTIVE false"]
[45204][1720801298454][main][info]["GPU detected VID 0 DID 0 ACTIVE false"]
[44958][1720801298550][main][info]["shellController~init: Success"]
[45204][1720801298551][main][info]["shellController~init: Success"]
[45002][1720801298555][main][info]["shellController~init: Success"]
[44958][1720801298561][main][info]["shellMeta~init: Success"]
[45002][1720801298566][main][info]["shellMeta~init: Success"]
[44958][1720801298562][main][info]["partitionMigrationService: State of V7 partition:"]
[44958][1720801298563][main][info]["partitionMigrationService: V7 partitions",[]]
[44958][1720801298565][main][info]["partitionMigrationService~rectifyNamespaceOfScratchPadPartition: There is no partition with scratchpad namespace"]
[44958][1720801298565][main][info]["partitionMigrationService~rectifyNamespaceOfScratchPadPartition: There is no transit partition which could have been used for scratchpad"]
[44958][1720801298565][main][info]["partitionMigrationService~init: Success"]
[45002][1720801298567][main][info]["partitionMigrationService: State of V7 partition:"]
[45002][1720801298568][main][info]["partitionMigrationService: V7 partitions",[]]
[45002][1720801298569][main][info]["partitionMigrationService~rectifyNamespaceOfScratchPadPartition: There is no partition with scratchpad namespace"]
[45002][1720801298569][main][info]["partitionMigrationService~rectifyNamespaceOfScratchPadPartition: There is no transit partition which could have been used for scratchpad"]
[45002][1720801298570][main][info]["partitionMigrationService~init: Success"]
[45204][1720801298575][main][info]["shellMeta~init: Success"]
[45204][1720801298576][main][info]["partitionMigrationService: State of V7 partition:"]
[45204][1720801298578][main][info]["partitionMigrationService: V7 partitions",[]]
[45204][1720801298578][main][info]["partitionMigrationService~rectifyNamespaceOfScratchPadPartition: There is no partition with scratchpad namespace"]
[45204][1720801298579][main][info]["partitionMigrationService~rectifyNamespaceOfScratchPadPartition: There is no transit partition which could have been used for scratchpad"]
[45204][1720801298579][main][info]["partitionMigrationService~init: Success"]
[44958][1720801298606][main][info]["partitionMigrationService~runV8PartitionsIntegrity: Two way migration~ removing the following partitions from v8",[]]
[44958][1720801298639][main][info]["userPartitionService~getRecentV8UserPartition: recent v8 user context partition ","1a4333c6-b79c-48f7-a14c-30ea6e5b6c50"]
[44958][1720801298639][main][info]["userPartitionService~_rectifyTheActivePartitionOfApplication: Setting the active partition to ","1a4333c6-b79c-48f7-a14c-30ea6e5b6c50"]
[45002][1720801298643][main][info]["partitionMigrationService~runV8PartitionsIntegrity: Two way migration~ removing the following partitions from v8",[]]
[45204][1720801298658][main][info]["partitionMigrationService~runV8PartitionsIntegrity: Two way migration~ removing the following partitions from v8",[]]
[45204][1720801298676][main][info]["userPartitionService~getRecentV8UserPartition: recent v8 user context partition ","1a4333c6-b79c-48f7-a14c-30ea6e5b6c50"]
[45204][1720801298677][main][info]["userPartitionService~_rectifyTheActivePartitionOfApplication: Setting the active partition to ","1a4333c6-b79c-48f7-a14c-30ea6e5b6c50"]
[45002][1720801298679][main][info]["userPartitionService~getRecentV8UserPartition: recent v8 user context partition ","1a4333c6-b79c-48f7-a14c-30ea6e5b6c50"]
[45002][1720801298680][main][info]["userPartitionService~_rectifyTheActivePartitionOfApplication: Setting the active partition to ","1a4333c6-b79c-48f7-a14c-30ea6e5b6c50"]
[44958][1720801298693][main][info]["userPartitionService~init: Success"]
[45002][1720801298707][main][info]["userPartitionService~init: Success"]
[45204][1720801298721][main][info]["userPartitionService~init: Success"]
[44958][1720801298732][main][info]["userPartitionService: State of v8 partition system:"]
[44958][1720801298738][main][info]["shell~init~getPartitionToLoad: loading active partition"]
[45002][1720801298746][main][info]["userPartitionService: State of v8 partition system:"]
[44958][1720801298748][main][info]["userPartitionService: List of partitions:",[{"partitionId":"1a4333c6-b79c-48f7-a14c-30ea6e5b6c50","namespace":"users","userId":"34194376","teamId":"0","lastUpdated":"2024-07-11T14:23:45.087Z"},{"partitionId":"f1effcae-1f59-4780-bc40-cc66605c9935","namespace":"scratchPad","userId":0,"teamId":0,"isDirty":false}]]
[44958][1720801298749][main][info]["userPartitionService: users global meta:",{}]
[45002][1720801298755][main][info]["shell~init~getPartitionToLoad: loading active partition"]
[45002][1720801298758][main][info]["userPartitionService: List of partitions:",[{"partitionId":"1a4333c6-b79c-48f7-a14c-30ea6e5b6c50","namespace":"users","userId":"34194376","teamId":"0","lastUpdated":"2024-07-11T14:23:45.087Z"},{"partitionId":"f1effcae-1f59-4780-bc40-cc66605c9935","namespace":"scratchPad","userId":0,"teamId":0,"isDirty":false}]]
[45002][1720801298759][main][info]["userPartitionService: users global meta:",{}]
[45204][1720801298763][main][info]["userPartitionService: State of v8 partition system:"]
[45204][1720801298769][main][info]["shell~init~getPartitionToLoad: loading active partition"]
[45204][1720801298772][main][info]["userPartitionService: List of partitions:",[{"partitionId":"1a4333c6-b79c-48f7-a14c-30ea6e5b6c50","namespace":"users","userId":"34194376","teamId":"0","lastUpdated":"2024-07-11T14:23:45.087Z"},{"partitionId":"f1effcae-1f59-4780-bc40-cc66605c9935","namespace":"scratchPad","userId":0,"teamId":0,"isDirty":false}]]
[45204][1720801298773][main][info]["userPartitionService: users global meta:",{}]
[45204][1720801305019][main][info]["RuntimeIPCAgent~started: Success"]
[44958][1720801305043][main][info]["RuntimeIPCAgent~started: Success"]
[45002][1720801305074][main][info]["RuntimeIPCAgent~started: Success"]
[45204][1720801307271][main][info]["Main~getRemoteInitPath:: "]
[45204][1720801307627][main][info]["windowManager: First requester booted successfully."]
[45204][1720801307628][main][info]["windowManager~restoreWindows: Restoring requester windows"]
[45204][1720801307628][main][info]["Main~AppEvents - Received booted event for process requester.Version 10.24.26 UI Version: 10.24.26-ui-240521-0853 Desktop Platform Version: 10.24.26"]
[45204][1720801307850][main][info]["Main~getRemoteInitPath:: "]
[45204][1720801308223][main][info]["Main~getPlatformLaunchPerfMetrics"]
[45204][1720801309124][main][info]["WindowManager~closeHandler - Closed Window (id: 1 )"]
[45204][1720801309235][main][info]["Quitting app"]
[45002][1720804529246][main][info]["Quitting app"]
[44958][1720804529262][main][info]["Quitting app"]
[2801][1720804612479][main][info]["Booting Postman 10.24.26, linux-6.5.0-35-generic on x64"]
[2801][1720804612483][main][info]["EventBus~initialize - Success"]
[2801][1720804612488][main][info]["Proxy configuration has not been setup"]
[2801][1720804612489][main][info]["CloudProxyManager~init - Success"]
[2801][1720804612528][main][info]["performShellDataMigration: Migration has already been done. Bailing out"]
[2801][1720804612536][main][info]["UpdateHandler~init - Success"]
[2801][1720804612538][main][info]["LeaderSelection: Initialized successfully"]
[2801][1720804612540][main][info]["VersionDependencyService: Initialized successfully"]
[2801][1720804612547][main][info]["LinuxAutoUpdater~Cleanup - Initial cleanup successful"]
[2801][1720804612569][main][info]["GPU detected VID 0 DID 0 ACTIVE false"]
[2801][1720804612630][main][info]["shellController~init: Success"]
[2801][1720804612642][main][info]["shellMeta~init: Success"]
[2801][1720804612642][main][info]["partitionMigrationService: State of V7 partition:"]
[2801][1720804612643][main][info]["partitionMigrationService: V7 partitions",[]]
[2801][1720804612643][main][info]["partitionMigrationService~rectifyNamespaceOfScratchPadPartition: There is no partition with scratchpad namespace"]
[2801][1720804612643][main][info]["partitionMigrationService~rectifyNamespaceOfScratchPadPartition: There is no transit partition which could have been used for scratchpad"]
[2801][1720804612643][main][info]["partitionMigrationService~init: Success"]
[2801][1720804612659][main][info]["partitionMigrationService~runV8PartitionsIntegrity: Two way migration~ removing the following partitions from v8",[]]
[2801][1720804612666][main][info]["userPartitionService~getRecentV8UserPartition: recent v8 user context partition ","1a4333c6-b79c-48f7-a14c-30ea6e5b6c50"]
[2801][1720804612666][main][info]["userPartitionService~_rectifyTheActivePartitionOfApplication: Setting the active partition to ","1a4333c6-b79c-48f7-a14c-30ea6e5b6c50"]
[2801][1720804612676][main][info]["userPartitionService~init: Success"]
[2801][1720804612689][main][info]["userPartitionService: State of v8 partition system:"]
[2801][1720804612693][main][info]["shell~init~getPartitionToLoad: loading active partition"]
[2801][1720804612695][main][info]["userPartitionService: List of partitions:",[{"partitionId":"1a4333c6-b79c-48f7-a14c-30ea6e5b6c50","namespace":"users","userId":"34194376","teamId":"0","lastUpdated":"2024-07-11T14:23:45.087Z"},{"partitionId":"f1effcae-1f59-4780-bc40-cc66605c9935","namespace":"scratchPad","userId":0,"teamId":0,"isDirty":false}]]
[2801][1720804612695][main][info]["userPartitionService: users global meta:",{}]
[2801][1720804624230][main][info]["RuntimeIPCAgent~started: Success"]
[2801][1720804631384][main][info]["Main~getRemoteInitPath:: "]
[2801][1720804633701][main][info]["windowManager: First requester booted successfully."]
[2801][1720804633704][main][info]["windowManager~restoreWindows: Restoring requester windows"]
[2801][1720804633707][main][info]["Main~AppEvents - Received booted event for process requester.Version 10.24.26 UI Version: 10.24.26-ui-240521-0853 Desktop Platform Version: 10.24.26"]
[2801][1720804634613][main][info]["Main~getRemoteInitPath:: "]
[2801][1720804635726][main][info]["INTERCEPTOR CONNECTIVITY: Attempting to start websocket server on port 15611"]
[2801][1720804638445][main][info]["Main~getPlatformLaunchPerfMetrics"]
[2801][1720804640354][main][error]["Error while retrieving user key from keychain",{"name":"Error","message":"An AppArmor policy prevents this sender from sending this message to this recipient; type=\"method_call\", sender=\":1.114\" (uid=1000 pid=2801 comm=\"/snap/postman/254/usr/share/postman/postman --no-s\" label=\"snap.postman.postman (enforce)\") interface=\"org.freedesktop.Secret.Service\" member=\"OpenSession\" error name=\"(unset)\" requested_reply=\"0\" destination=\":1.13\" (uid=1000 pid=2075 comm=\"/usr/bin/gnome-keyring-daemon --daemonize --login \" label=\"unconfined\")","stack":"Error: An AppArmor policy prevents this sender from sending this message to this recipient; type=\"method_call\", sender=\":1.114\" (uid=1000 pid=2801 comm=\"/snap/postman/254/usr/share/postman/postman --no-s\" label=\"snap.postman.postman (enforce)\") interface=\"org.freedesktop.Secret.Service\" member=\"OpenSession\" error name=\"(unset)\" requested_reply=\"0\" destination=\":1.13\" (uid=1000 pid=2075 comm=\"/usr/bin/gnome-keyring-daemon --daemonize --login \" label=\"unconfined\")"}]
[2801][1720804642393][main][info]["Main - model-events~user - (user, bootstrapUser) received"]
[2801][1720804642394][main][info]["model-events~user - bootstrapUser received"]
[2801][1720804642428][main][info]["userPartitionService~associateTransitPartition: ",{"partitionId":"1a4333c6-b79c-48f7-a14c-30ea6e5b6c50","context":{"namespace":"users","userId":"34194376","teamId":"0"}}]
[2801][1720804642486][main][info]["userPartitionService: State of v8 partition system:"]
[2801][1720804642495][main][info]["userPartitionService: List of partitions:",[{"partitionId":"1a4333c6-b79c-48f7-a14c-30ea6e5b6c50","namespace":"users","userId":"34194376","teamId":"0","lastUpdated":"2024-07-12T17:17:22.428Z"},{"partitionId":"f1effcae-1f59-4780-bc40-cc66605c9935","namespace":"scratchPad","userId":0,"teamId":0,"isDirty":false}]]
[2801][1720804642495][main][info]["userPartitionService: users global meta:",{}]
[299983][1720978860235][main][info]["Booting Postman 10.24.26, linux-6.5.0-35-generic on x64"]
[299983][1720978860239][main][info]["EventBus~initialize - Success"]
[299983][1720978860243][main][info]["Proxy configuration has not been setup"]
[299983][1720978860243][main][info]["CloudProxyManager~init - Success"]
[299983][1720978860309][main][info]["performShellDataMigration: Migration has already been done. Bailing out"]
[299983][1720978860318][main][info]["UpdateHandler~init - Success"]
[299983][1720978860321][main][info]["LeaderSelection: Initialized successfully"]
[299983][1720978860322][main][info]["VersionDependencyService: Initialized successfully"]
[299983][1720978860330][main][info]["LinuxAutoUpdater~Cleanup - Initial cleanup successful"]
[299983][1720978860394][main][info]["GPU detected VID 0 DID 0 ACTIVE false"]
[299983][1720978860428][main][info]["shellController~init: Success"]
[299983][1720978860448][main][info]["shellMeta~init: Success"]
[299983][1720978860448][main][info]["partitionMigrationService: State of V7 partition:"]
[299983][1720978860448][main][info]["partitionMigrationService: V7 partitions",[]]
[299983][1720978860449][main][info]["partitionMigrationService~rectifyNamespaceOfScratchPadPartition: There is no partition with scratchpad namespace"]
[299983][1720978860449][main][info]["partitionMigrationService~rectifyNamespaceOfScratchPadPartition: There is no transit partition which could have been used for scratchpad"]
[299983][1720978860449][main][info]["partitionMigrationService~init: Success"]
[299983][1720978860467][main][info]["partitionMigrationService~runV8PartitionsIntegrity: Two way migration~ removing the following partitions from v8",[]]
[299983][1720978860484][main][info]["userPartitionService~getRecentV8UserPartition: recent v8 user context partition ","1a4333c6-b79c-48f7-a14c-30ea6e5b6c50"]
[299983][1720978860485][main][info]["userPartitionService~_rectifyTheActivePartitionOfApplication: Setting the active partition to ","1a4333c6-b79c-48f7-a14c-30ea6e5b6c50"]
[299983][1720978860501][main][info]["userPartitionService~init: Success"]
[299983][1720978860527][main][info]["userPartitionService: State of v8 partition system:"]
[299983][1720978860531][main][info]["shell~init~getPartitionToLoad: loading active partition"]
[299983][1720978860534][main][info]["userPartitionService: List of partitions:",[{"partitionId":"1a4333c6-b79c-48f7-a14c-30ea6e5b6c50","namespace":"users","userId":"34194376","teamId":"0","lastUpdated":"2024-07-12T17:17:22.428Z"},{"partitionId":"f1effcae-1f59-4780-bc40-cc66605c9935","namespace":"scratchPad","userId":0,"teamId":0,"isDirty":false}]]
[299983][1720978860534][main][info]["userPartitionService: users global meta:",{}]
[299983][1720978863433][main][info]["RuntimeIPCAgent~started: Success"]
[299983][1720978864797][main][info]["Main~getRemoteInitPath:: "]
[299983][1720978865092][main][info]["windowManager: First requester booted successfully."]
[299983][1720978865092][main][info]["windowManager~restoreWindows: Restoring requester windows"]
[299983][1720978865093][main][info]["Main~AppEvents - Received booted event for process requester.Version 10.24.26 UI Version: 10.24.26-ui-240521-0853 Desktop Platform Version: 10.24.26"]
[299983][1720978865139][main][info]["WindowManager~closeHandler - Closed Window (id: 1 )"]
[299983][1720978865289][main][info]["Main~getRemoteInitPath:: "]
[299983][1720978865612][main][info]["Quitting app"]
[9740][1721388547108][main][info]["Booting Postman 10.24.26, linux-6.5.0-35-generic on x64"]
[9740][1721388547111][main][info]["EventBus~initialize - Success"]
[9740][1721388547116][main][info]["Proxy configuration has not been setup"]
[9740][1721388547117][main][info]["CloudProxyManager~init - Success"]
[9740][1721388547158][main][info]["sendAnalytics: Error while sending request",{"errno":-3001,"code":"EAI_AGAIN","syscall":"getaddrinfo","hostname":"events.getpostman.com","name":"Error","message":"getaddrinfo EAI_AGAIN events.getpostman.com","stack":"Error: getaddrinfo EAI_AGAIN events.getpostman.com\n    at GetAddrInfoReqWrap.onlookup [as oncomplete] (node:dns:71:26)"}]
[9740][1721388547162][main][info]["performShellDataMigration: Migration has already been done. Bailing out"]
[9740][1721388547171][main][info]["UpdateHandler~init - Success"]
[9740][1721388547173][main][info]["LeaderSelection: Initialized successfully"]
[9740][1721388547174][main][info]["VersionDependencyService: Initialized successfully"]
[9740][1721388547179][main][info]["sendAnalytics: Error while sending request",{"errno":-3001,"code":"EAI_AGAIN","syscall":"getaddrinfo","hostname":"events.getpostman.com","name":"Error","message":"getaddrinfo EAI_AGAIN events.getpostman.com","stack":"Error: getaddrinfo EAI_AGAIN events.getpostman.com\n    at GetAddrInfoReqWrap.onlookup [as oncomplete] (node:dns:71:26)"}]
[9740][1721388547181][main][info]["LinuxAutoUpdater~Cleanup - Initial cleanup successful"]
[9740][1721388547196][main][info]["sendAnalytics: Error while sending request",{"errno":-3001,"code":"EAI_AGAIN","syscall":"getaddrinfo","hostname":"events.getpostman.com","name":"Error","message":"getaddrinfo EAI_AGAIN events.getpostman.com","stack":"Error: getaddrinfo EAI_AGAIN events.getpostman.com\n    at GetAddrInfoReqWrap.onlookup [as oncomplete] (node:dns:71:26)"}]
[9740][1721388547207][main][info]["GPU detected VID 0 DID 0 ACTIVE false"]
[9740][1721388547211][main][info]["sendAnalytics: Error while sending request",{"errno":-3001,"code":"EAI_AGAIN","syscall":"getaddrinfo","hostname":"events.getpostman.com","name":"Error","message":"getaddrinfo EAI_AGAIN events.getpostman.com","stack":"Error: getaddrinfo EAI_AGAIN events.getpostman.com\n    at GetAddrInfoReqWrap.onlookup [as oncomplete] (node:dns:71:26)"}]
[9740][1721388547217][main][info]["sendAnalytics: Error while sending request",{"errno":-3001,"code":"EAI_AGAIN","syscall":"getaddrinfo","hostname":"events.getpostman.com","name":"Error","message":"getaddrinfo EAI_AGAIN events.getpostman.com","stack":"Error: getaddrinfo EAI_AGAIN events.getpostman.com\n    at GetAddrInfoReqWrap.onlookup [as oncomplete] (node:dns:71:26)"}]
[9740][1721388547228][main][info]["sendAnalytics: Error while sending request",{"errno":-3001,"code":"EAI_AGAIN","syscall":"getaddrinfo","hostname":"events.getpostman.com","name":"Error","message":"getaddrinfo EAI_AGAIN events.getpostman.com","stack":"Error: getaddrinfo EAI_AGAIN events.getpostman.com\n    at GetAddrInfoReqWrap.onlookup [as oncomplete] (node:dns:71:26)"}]
[9740][1721388547252][main][info]["sendAnalytics: Error while sending request",{"errno":-3001,"code":"EAI_AGAIN","syscall":"getaddrinfo","hostname":"events.getpostman.com","name":"Error","message":"getaddrinfo EAI_AGAIN events.getpostman.com","stack":"Error: getaddrinfo EAI_AGAIN events.getpostman.com\n    at GetAddrInfoReqWrap.onlookup [as oncomplete] (node:dns:71:26)"}]
[9740][1721388547256][main][info]["sendAnalytics: Error while sending request",{"errno":-3001,"code":"EAI_AGAIN","syscall":"getaddrinfo","hostname":"events.getpostman.com","name":"Error","message":"getaddrinfo EAI_AGAIN events.getpostman.com","stack":"Error: getaddrinfo EAI_AGAIN events.getpostman.com\n    at GetAddrInfoReqWrap.onlookup [as oncomplete] (node:dns:71:26)"}]
[9740][1721388547262][main][info]["sendAnalytics: Error while sending request",{"errno":-3001,"code":"EAI_AGAIN","syscall":"getaddrinfo","hostname":"events.getpostman.com","name":"Error","message":"getaddrinfo EAI_AGAIN events.getpostman.com","stack":"Error: getaddrinfo EAI_AGAIN events.getpostman.com\n    at GetAddrInfoReqWrap.onlookup [as oncomplete] (node:dns:71:26)"}]
[9740][1721388547263][main][info]["shellController~init: Success"]
[9740][1721388547265][main][info]["sendAnalytics: Error while sending request",{"errno":-3001,"code":"EAI_AGAIN","syscall":"getaddrinfo","hostname":"events.getpostman.com","name":"Error","message":"getaddrinfo EAI_AGAIN events.getpostman.com","stack":"Error: getaddrinfo EAI_AGAIN events.getpostman.com\n    at GetAddrInfoReqWrap.onlookup [as oncomplete] (node:dns:71:26)"}]
[9740][1721388547268][main][info]["sendAnalytics: Error while sending request",{"errno":-3001,"code":"EAI_AGAIN","syscall":"getaddrinfo","hostname":"events.getpostman.com","name":"Error","message":"getaddrinfo EAI_AGAIN events.getpostman.com","stack":"Error: getaddrinfo EAI_AGAIN events.getpostman.com\n    at GetAddrInfoReqWrap.onlookup [as oncomplete] (node:dns:71:26)"}]
[9740][1721388547271][main][info]["sendAnalytics: Error while sending request",{"errno":-3001,"code":"EAI_AGAIN","syscall":"getaddrinfo","hostname":"events.getpostman.com","name":"Error","message":"getaddrinfo EAI_AGAIN events.getpostman.com","stack":"Error: getaddrinfo EAI_AGAIN events.getpostman.com\n    at GetAddrInfoReqWrap.onlookup [as oncomplete] (node:dns:71:26)"}]
[9740][1721388547272][main][info]["shellMeta~init: Success"]
[9740][1721388547273][main][info]["partitionMigrationService: State of V7 partition:"]
[9740][1721388547273][main][info]["partitionMigrationService: V7 partitions",[]]
[9740][1721388547273][main][info]["partitionMigrationService~rectifyNamespaceOfScratchPadPartition: There is no partition with scratchpad namespace"]
[9740][1721388547274][main][info]["partitionMigrationService~rectifyNamespaceOfScratchPadPartition: There is no transit partition which could have been used for scratchpad"]
[9740][1721388547274][main][info]["partitionMigrationService~init: Success"]
[9740][1721388547276][main][info]["sendAnalytics: Error while sending request",{"errno":-3001,"code":"EAI_AGAIN","syscall":"getaddrinfo","hostname":"events.getpostman.com","name":"Error","message":"getaddrinfo EAI_AGAIN events.getpostman.com","stack":"Error: getaddrinfo EAI_AGAIN events.getpostman.com\n    at GetAddrInfoReqWrap.onlookup [as oncomplete] (node:dns:71:26)"}]
[9740][1721388547280][main][info]["sendAnalytics: Error while sending request",{"errno":-3001,"code":"EAI_AGAIN","syscall":"getaddrinfo","hostname":"events.getpostman.com","name":"Error","message":"getaddrinfo EAI_AGAIN events.getpostman.com","stack":"Error: getaddrinfo EAI_AGAIN events.getpostman.com\n    at GetAddrInfoReqWrap.onlookup [as oncomplete] (node:dns:71:26)"}]
[9740][1721388547283][main][info]["sendAnalytics: Error while sending request",{"errno":-3001,"code":"EAI_AGAIN","syscall":"getaddrinfo","hostname":"events.getpostman.com","name":"Error","message":"getaddrinfo EAI_AGAIN events.getpostman.com","stack":"Error: getaddrinfo EAI_AGAIN events.getpostman.com\n    at GetAddrInfoReqWrap.onlookup [as oncomplete] (node:dns:71:26)"}]
[9740][1721388547286][main][info]["sendAnalytics: Error while sending request",{"errno":-3001,"code":"EAI_AGAIN","syscall":"getaddrinfo","hostname":"events.getpostman.com","name":"Error","message":"getaddrinfo EAI_AGAIN events.getpostman.com","stack":"Error: getaddrinfo EAI_AGAIN events.getpostman.com\n    at GetAddrInfoReqWrap.onlookup [as oncomplete] (node:dns:71:26)"}]
[9740][1721388547290][main][info]["sendAnalytics: Error while sending request",{"errno":-3001,"code":"EAI_AGAIN","syscall":"getaddrinfo","hostname":"events.getpostman.com","name":"Error","message":"getaddrinfo EAI_AGAIN events.getpostman.com","stack":"Error: getaddrinfo EAI_AGAIN events.getpostman.com\n    at GetAddrInfoReqWrap.onlookup [as oncomplete] (node:dns:71:26)"}]
[9740][1721388547292][main][info]["sendAnalytics: Error while sending request",{"errno":-3001,"code":"EAI_AGAIN","syscall":"getaddrinfo","hostname":"events.getpostman.com","name":"Error","message":"getaddrinfo EAI_AGAIN events.getpostman.com","stack":"Error: getaddrinfo EAI_AGAIN events.getpostman.com\n    at GetAddrInfoReqWrap.onlookup [as oncomplete] (node:dns:71:26)"}]
[9740][1721388547294][main][info]["sendAnalytics: Error while sending request",{"errno":-3001,"code":"EAI_AGAIN","syscall":"getaddrinfo","hostname":"events.getpostman.com","name":"Error","message":"getaddrinfo EAI_AGAIN events.getpostman.com","stack":"Error: getaddrinfo EAI_AGAIN events.getpostman.com\n    at GetAddrInfoReqWrap.onlookup [as oncomplete] (node:dns:71:26)"}]
[9740][1721388547296][main][info]["partitionMigrationService~runV8PartitionsIntegrity: Two way migration~ removing the following partitions from v8",[]]
[9740][1721388547297][main][info]["sendAnalytics: Error while sending request",{"errno":-3001,"code":"EAI_AGAIN","syscall":"getaddrinfo","hostname":"events.getpostman.com","name":"Error","message":"getaddrinfo EAI_AGAIN events.getpostman.com","stack":"Error: getaddrinfo EAI_AGAIN events.getpostman.com\n    at GetAddrInfoReqWrap.onlookup [as oncomplete] (node:dns:71:26)"}]
[9740][1721388547300][main][info]["sendAnalytics: Error while sending request",{"errno":-3001,"code":"EAI_AGAIN","syscall":"getaddrinfo","hostname":"events.getpostman.com","name":"Error","message":"getaddrinfo EAI_AGAIN events.getpostman.com","stack":"Error: getaddrinfo EAI_AGAIN events.getpostman.com\n    at GetAddrInfoReqWrap.onlookup [as oncomplete] (node:dns:71:26)"}]
[9740][1721388547303][main][info]["userPartitionService~getRecentV8UserPartition: recent v8 user context partition ","1a4333c6-b79c-48f7-a14c-30ea6e5b6c50"]
[9740][1721388547303][main][info]["userPartitionService~_rectifyTheActivePartitionOfApplication: Setting the active partition to ","1a4333c6-b79c-48f7-a14c-30ea6e5b6c50"]
[9740][1721388547305][main][info]["sendAnalytics: Error while sending request",{"errno":-3001,"code":"EAI_AGAIN","syscall":"getaddrinfo","hostname":"events.getpostman.com","name":"Error","message":"getaddrinfo EAI_AGAIN events.getpostman.com","stack":"Error: getaddrinfo EAI_AGAIN events.getpostman.com\n    at GetAddrInfoReqWrap.onlookup [as oncomplete] (node:dns:71:26)"}]
[9740][1721388547305][main][info]["sendAnalytics: Error while sending request",{"errno":-3001,"code":"EAI_AGAIN","syscall":"getaddrinfo","hostname":"events.getpostman.com","name":"Error","message":"getaddrinfo EAI_AGAIN events.getpostman.com","stack":"Error: getaddrinfo EAI_AGAIN events.getpostman.com\n    at GetAddrInfoReqWrap.onlookup [as oncomplete] (node:dns:71:26)"}]
[9740][1721388547308][main][info]["sendAnalytics: Error while sending request",{"errno":-3001,"code":"EAI_AGAIN","syscall":"getaddrinfo","hostname":"events.getpostman.com","name":"Error","message":"getaddrinfo EAI_AGAIN events.getpostman.com","stack":"Error: getaddrinfo EAI_AGAIN events.getpostman.com\n    at GetAddrInfoReqWrap.onlookup [as oncomplete] (node:dns:71:26)"}]
[9740][1721388547310][main][info]["sendAnalytics: Error while sending request",{"errno":-3001,"code":"EAI_AGAIN","syscall":"getaddrinfo","hostname":"events.getpostman.com","name":"Error","message":"getaddrinfo EAI_AGAIN events.getpostman.com","stack":"Error: getaddrinfo EAI_AGAIN events.getpostman.com\n    at GetAddrInfoReqWrap.onlookup [as oncomplete] (node:dns:71:26)"}]
[9740][1721388547312][main][info]["sendAnalytics: Error while sending request",{"errno":-3001,"code":"EAI_AGAIN","syscall":"getaddrinfo","hostname":"events.getpostman.com","name":"Error","message":"getaddrinfo EAI_AGAIN events.getpostman.com","stack":"Error: getaddrinfo EAI_AGAIN events.getpostman.com\n    at GetAddrInfoReqWrap.onlookup [as oncomplete] (node:dns:71:26)"}]
[9740][1721388547315][main][info]["userPartitionService~init: Success"]
[9740][1721388547322][main][info]["sendAnalytics: Error while sending request",{"errno":-3001,"code":"EAI_AGAIN","syscall":"getaddrinfo","hostname":"events.getpostman.com","name":"Error","message":"getaddrinfo EAI_AGAIN events.getpostman.com","stack":"Error: getaddrinfo EAI_AGAIN events.getpostman.com\n    at GetAddrInfoReqWrap.onlookup [as oncomplete] (node:dns:71:26)"}]
[9740][1721388547329][main][info]["userPartitionService: State of v8 partition system:"]
[9740][1721388547333][main][info]["sendAnalytics: Error while sending request",{"errno":-3001,"code":"EAI_AGAIN","syscall":"getaddrinfo","hostname":"events.getpostman.com","name":"Error","message":"getaddrinfo EAI_AGAIN events.getpostman.com","stack":"Error: getaddrinfo EAI_AGAIN events.getpostman.com\n    at GetAddrInfoReqWrap.onlookup [as oncomplete] (node:dns:71:26)"}]
[9740][1721388547336][main][info]["shell~init~getPartitionToLoad: loading active partition"]
[9740][1721388547338][main][info]["sendAnalytics: Error while sending request",{"errno":-3001,"code":"EAI_AGAIN","syscall":"getaddrinfo","hostname":"events.getpostman.com","name":"Error","message":"getaddrinfo EAI_AGAIN events.getpostman.com","stack":"Error: getaddrinfo EAI_AGAIN events.getpostman.com\n    at GetAddrInfoReqWrap.onlookup [as oncomplete] (node:dns:71:26)"}]
[9740][1721388547339][main][info]["userPartitionService: List of partitions:",[{"partitionId":"1a4333c6-b79c-48f7-a14c-30ea6e5b6c50","namespace":"users","userId":"34194376","teamId":"0","lastUpdated":"2024-07-12T17:17:22.428Z"},{"partitionId":"f1effcae-1f59-4780-bc40-cc66605c9935","namespace":"scratchPad","userId":0,"teamId":0,"isDirty":false}]]
[9740][1721388547340][main][info]["userPartitionService: users global meta:",{}]
[9740][1721388547359][main][info]["sendAnalytics: Error while sending request",{"errno":-3001,"code":"EAI_AGAIN","syscall":"getaddrinfo","hostname":"events.getpostman.com","name":"Error","message":"getaddrinfo EAI_AGAIN events.getpostman.com","stack":"Error: getaddrinfo EAI_AGAIN events.getpostman.com\n    at GetAddrInfoReqWrap.onlookup [as oncomplete] (node:dns:71:26)"}]
[9740][1721388547362][main][info]["sendAnalytics: Error while sending request",{"errno":-3001,"code":"EAI_AGAIN","syscall":"getaddrinfo","hostname":"events.getpostman.com","name":"Error","message":"getaddrinfo EAI_AGAIN events.getpostman.com","stack":"Error: getaddrinfo EAI_AGAIN events.getpostman.com\n    at GetAddrInfoReqWrap.onlookup [as oncomplete] (node:dns:71:26)"}]
[9740][1721388547365][main][info]["sendAnalytics: Error while sending request",{"errno":-3001,"code":"EAI_AGAIN","syscall":"getaddrinfo","hostname":"events.getpostman.com","name":"Error","message":"getaddrinfo EAI_AGAIN events.getpostman.com","stack":"Error: getaddrinfo EAI_AGAIN events.getpostman.com\n    at GetAddrInfoReqWrap.onlookup [as oncomplete] (node:dns:71:26)"}]
[9740][1721388547913][main][info]["sendAnalytics: Error while sending request",{"errno":-3001,"code":"EAI_AGAIN","syscall":"getaddrinfo","hostname":"events.getpostman.com","name":"Error","message":"getaddrinfo EAI_AGAIN events.getpostman.com","stack":"Error: getaddrinfo EAI_AGAIN events.getpostman.com\n    at GetAddrInfoReqWrap.onlookup [as oncomplete] (node:dns:71:26)"}]
[9740][1721388547967][main][info]["sendAnalytics: Error while sending request",{"errno":-3001,"code":"EAI_AGAIN","syscall":"getaddrinfo","hostname":"events.getpostman.com","name":"Error","message":"getaddrinfo EAI_AGAIN events.getpostman.com","stack":"Error: getaddrinfo EAI_AGAIN events.getpostman.com\n    at GetAddrInfoReqWrap.onlookup [as oncomplete] (node:dns:71:26)"}]
[9740][1721388547970][main][info]["sendAnalytics: Error while sending request",{"errno":-3001,"code":"EAI_AGAIN","syscall":"getaddrinfo","hostname":"events.getpostman.com","name":"Error","message":"getaddrinfo EAI_AGAIN events.getpostman.com","stack":"Error: getaddrinfo EAI_AGAIN events.getpostman.com\n    at GetAddrInfoReqWrap.onlookup [as oncomplete] (node:dns:71:26)"}]
[9740][1721388548008][main][info]["sendAnalytics: Error while sending request",{"errno":-3001,"code":"EAI_AGAIN","syscall":"getaddrinfo","hostname":"events.getpostman.com","name":"Error","message":"getaddrinfo EAI_AGAIN events.getpostman.com","stack":"Error: getaddrinfo EAI_AGAIN events.getpostman.com\n    at GetAddrInfoReqWrap.onlookup [as oncomplete] (node:dns:71:26)"}]
[9740][1721388548013][main][info]["sendAnalytics: Error while sending request",{"errno":-3001,"code":"EAI_AGAIN","syscall":"getaddrinfo","hostname":"events.getpostman.com","name":"Error","message":"getaddrinfo EAI_AGAIN events.getpostman.com","stack":"Error: getaddrinfo EAI_AGAIN events.getpostman.com\n    at GetAddrInfoReqWrap.onlookup [as oncomplete] (node:dns:71:26)"}]
[9740][1721388548017][main][info]["sendAnalytics: Error while sending request",{"errno":-3001,"code":"EAI_AGAIN","syscall":"getaddrinfo","hostname":"events.getpostman.com","name":"Error","message":"getaddrinfo EAI_AGAIN events.getpostman.com","stack":"Error: getaddrinfo EAI_AGAIN events.getpostman.com\n    at GetAddrInfoReqWrap.onlookup [as oncomplete] (node:dns:71:26)"}]
[9740][1721388548022][main][info]["sendAnalytics: Error while sending request",{"errno":-3001,"code":"EAI_AGAIN","syscall":"getaddrinfo","hostname":"events.getpostman.com","name":"Error","message":"getaddrinfo EAI_AGAIN events.getpostman.com","stack":"Error: getaddrinfo EAI_AGAIN events.getpostman.com\n    at GetAddrInfoReqWrap.onlookup [as oncomplete] (node:dns:71:26)"}]
[9740][1721388548026][main][info]["sendAnalytics: Error while sending request",{"errno":-3001,"code":"EAI_AGAIN","syscall":"getaddrinfo","hostname":"events.getpostman.com","name":"Error","message":"getaddrinfo EAI_AGAIN events.getpostman.com","stack":"Error: getaddrinfo EAI_AGAIN events.getpostman.com\n    at GetAddrInfoReqWrap.onlookup [as oncomplete] (node:dns:71:26)"}]
[9740][1721388548027][main][info]["sendAnalytics: Error while sending request",{"errno":-3001,"code":"EAI_AGAIN","syscall":"getaddrinfo","hostname":"events.getpostman.com","name":"Error","message":"getaddrinfo EAI_AGAIN events.getpostman.com","stack":"Error: getaddrinfo EAI_AGAIN events.getpostman.com\n    at GetAddrInfoReqWrap.onlookup [as oncomplete] (node:dns:71:26)"}]
[9740][1721388548030][main][info]["sendAnalytics: Error while sending request",{"errno":-3001,"code":"EAI_AGAIN","syscall":"getaddrinfo","hostname":"events.getpostman.com","name":"Error","message":"getaddrinfo EAI_AGAIN events.getpostman.com","stack":"Error: getaddrinfo EAI_AGAIN events.getpostman.com\n    at GetAddrInfoReqWrap.onlookup [as oncomplete] (node:dns:71:26)"}]
[9740][1721388548032][main][info]["sendAnalytics: Error while sending request",{"errno":-3001,"code":"EAI_AGAIN","syscall":"getaddrinfo","hostname":"events.getpostman.com","name":"Error","message":"getaddrinfo EAI_AGAIN events.getpostman.com","stack":"Error: getaddrinfo EAI_AGAIN events.getpostman.com\n    at GetAddrInfoReqWrap.onlookup [as oncomplete] (node:dns:71:26)"}]
[9740][1721388548034][main][info]["sendAnalytics: Error while sending request",{"errno":-3001,"code":"EAI_AGAIN","syscall":"getaddrinfo","hostname":"events.getpostman.com","name":"Error","message":"getaddrinfo EAI_AGAIN events.getpostman.com","stack":"Error: getaddrinfo EAI_AGAIN events.getpostman.com\n    at GetAddrInfoReqWrap.onlookup [as oncomplete] (node:dns:71:26)"}]
[9740][1721388548051][main][info]["sendAnalytics: Error while sending request",{"errno":-3001,"code":"EAI_AGAIN","syscall":"getaddrinfo","hostname":"events.getpostman.com","name":"Error","message":"getaddrinfo EAI_AGAIN events.getpostman.com","stack":"Error: getaddrinfo EAI_AGAIN events.getpostman.com\n    at GetAddrInfoReqWrap.onlookup [as oncomplete] (node:dns:71:26)"}]
[9740][1721388550262][main][info]["RuntimeIPCAgent~started: Success"]
[9740][1721388551629][main][info]["Main~getRemoteInitPath:: "]
[9740][1721388552111][main][info]["windowManager: First requester booted successfully."]
[9740][1721388552111][main][info]["windowManager~restoreWindows: Restoring requester windows"]
[9740][1721388552111][main][info]["Main~AppEvents - Received booted event for process requester.Version 10.24.26 UI Version: 10.24.26-ui-240521-0853 Desktop Platform Version: 10.24.26"]
[9740][1721388552115][main][info]["sendAnalytics: Error while sending request",{"errno":-3001,"code":"EAI_AGAIN","syscall":"getaddrinfo","hostname":"events.getpostman.com","name":"Error","message":"getaddrinfo EAI_AGAIN events.getpostman.com","stack":"Error: getaddrinfo EAI_AGAIN events.getpostman.com\n    at GetAddrInfoReqWrap.onlookup [as oncomplete] (node:dns:71:26)"}]
[9740][1721388552117][main][info]["sendAnalytics: Error while sending request",{"errno":-3001,"code":"EAI_AGAIN","syscall":"getaddrinfo","hostname":"events.getpostman.com","name":"Error","message":"getaddrinfo EAI_AGAIN events.getpostman.com","stack":"Error: getaddrinfo EAI_AGAIN events.getpostman.com\n    at GetAddrInfoReqWrap.onlookup [as oncomplete] (node:dns:71:26)"}]
[9740][1721388552120][main][info]["sendAnalytics: Error while sending request",{"errno":-3001,"code":"EAI_AGAIN","syscall":"getaddrinfo","hostname":"events.getpostman.com","name":"Error","message":"getaddrinfo EAI_AGAIN events.getpostman.com","stack":"Error: getaddrinfo EAI_AGAIN events.getpostman.com\n    at GetAddrInfoReqWrap.onlookup [as oncomplete] (node:dns:71:26)"}]
[9740][1721388552122][main][info]["sendAnalytics: Error while sending request",{"errno":-3001,"code":"EAI_AGAIN","syscall":"getaddrinfo","hostname":"events.getpostman.com","name":"Error","message":"getaddrinfo EAI_AGAIN events.getpostman.com","stack":"Error: getaddrinfo EAI_AGAIN events.getpostman.com\n    at GetAddrInfoReqWrap.onlookup [as oncomplete] (node:dns:71:26)"}]
[9740][1721388552319][main][info]["Main~getRemoteInitPath:: "]
[9740][1721388552646][main][info]["INTERCEPTOR CONNECTIVITY: Attempting to start websocket server on port 15611"]
[9740][1721388553244][main][info]["Main - model-events~user - (user, bootstrapUser) received"]
[9740][1721388553245][main][info]["model-events~user - bootstrapUser received"]
[9740][1721388553324][main][info]["Main~getPlatformLaunchPerfMetrics"]
[9740][1721388661564][main][info]["WindowManager~closeHandler - Closed Window (id: 1 )"]
[9740][1721388661580][main][error]["Main~handleUncaughtError - Uncaught errors",{"name":"TypeError","message":"Cannot read properties of undefined (reading 'send')","stack":"TypeError: Cannot read properties of undefined (reading 'send')\n    at Object.sendMessageToInterceptor (/snap/postman/254/usr/share/postman/resources/app/services/websocketServer.js:144:10)\n    at Object.requesterWindowHandler (/snap/postman/254/usr/share/postman/resources/app/services/websocketServer.js:389:14)\n    at EventEmitter.emit (node:events:539:35)\n    at EventEmitter.emit (node:domain:475:12)\n    at _dispatch (/snap/postman/254/usr/share/postman/resources/app/common/_event-bus.js:256:14)\n    at EventBus._publish (/snap/postman/254/usr/share/postman/resources/app/common/_event-bus.js:207:9)\n    at Object.closedHandler (/snap/postman/254/usr/share/postman/resources/app/services/windowManager.js:1078:18)\n    at BrowserWindow.emit (node:events:527:28)\n    at BrowserWindow.emit (node:domain:475:12)"}]
[10532][1721388663858][main][info]["Booting Postman 10.24.26, linux-6.5.0-35-generic on x64"]
[10532][1721388663872][main][info]["EventBus~initialize - Success"]
[10532][1721388663877][main][info]["Proxy configuration has not been setup"]
[10532][1721388663878][main][info]["CloudProxyManager~init - Success"]
[10532][1721388663898][main][info]["performShellDataMigration: Migration has already been done. Bailing out"]
[10532][1721388663906][main][info]["UpdateHandler~init - Success"]
[10532][1721388663908][main][info]["LeaderSelection: Initialized successfully"]
[10532][1721388663909][main][info]["VersionDependencyService: Initialized successfully"]
[10532][1721388663915][main][info]["LinuxAutoUpdater~Cleanup - Initial cleanup successful"]
[10532][1721388663921][main][error]["main~makeSingleInstance: undefined"]
[10532][1721388663921][main][info]["userPartitionService: State of v8 partition system:"]
[10532][1721388663938][main][info]["GPU detected VID 0 DID 0 ACTIVE false"]
[10532][1721388663948][main][info]["shell~init~getPartitionToLoad: loading active partition"]
[10532][1721388663952][main][info]["userPartitionService: List of partitions:",[{"partitionId":"1a4333c6-b79c-48f7-a14c-30ea6e5b6c50","namespace":"users","userId":"34194376","teamId":"0","lastUpdated":"2024-07-12T17:17:22.428Z"},{"partitionId":"f1effcae-1f59-4780-bc40-cc66605c9935","namespace":"scratchPad","userId":0,"teamId":0,"isDirty":false}]]
[10532][1721388663952][main][info]["userPartitionService: users global meta:",{}]
[10532][1721388663969][main][warn]["WindowManager~newRequesterWindow - Bailing requester window creation as first requester is not booted."]
[10532][1721388663969][main][error]["main~makeSingleInstance: New Requester window instance not found"]
[10532][1721388663977][main][info]["shellController~init: Success"]
[10532][1721388663986][main][info]["shellMeta~init: Success"]
[10532][1721388663986][main][info]["partitionMigrationService: State of V7 partition:"]
[10532][1721388663986][main][info]["partitionMigrationService: V7 partitions",[]]
[10532][1721388663987][main][info]["partitionMigrationService~rectifyNamespaceOfScratchPadPartition: There is no partition with scratchpad namespace"]
[10532][1721388663987][main][info]["partitionMigrationService~rectifyNamespaceOfScratchPadPartition: There is no transit partition which could have been used for scratchpad"]
[10532][1721388663987][main][info]["partitionMigrationService~init: Success"]
[10532][1721388664009][main][info]["partitionMigrationService~runV8PartitionsIntegrity: Two way migration~ removing the following partitions from v8",[]]
[10532][1721388664015][main][info]["userPartitionService~getRecentV8UserPartition: recent v8 user context partition ","1a4333c6-b79c-48f7-a14c-30ea6e5b6c50"]
[10532][1721388664015][main][info]["userPartitionService~_rectifyTheActivePartitionOfApplication: Setting the active partition to ","1a4333c6-b79c-48f7-a14c-30ea6e5b6c50"]
[10532][1721388664022][main][info]["userPartitionService~init: Success"]
[10532][1721388664035][main][info]["userPartitionService: State of v8 partition system:"]
[10532][1721388664038][main][info]["shell~init~getPartitionToLoad: loading active partition"]
[10532][1721388664040][main][info]["userPartitionService: List of partitions:",[{"partitionId":"1a4333c6-b79c-48f7-a14c-30ea6e5b6c50","namespace":"users","userId":"34194376","teamId":"0","lastUpdated":"2024-07-12T17:17:22.428Z"},{"partitionId":"f1effcae-1f59-4780-bc40-cc66605c9935","namespace":"scratchPad","userId":0,"teamId":0,"isDirty":false}]]
[10532][1721388664041][main][info]["userPartitionService: users global meta:",{}]
[10532][1721388665070][main][info]["RuntimeIPCAgent~started: Success"]
[10532][1721388666671][main][info]["Main~getRemoteInitPath:: "]
[10532][1721388667156][main][info]["windowManager: First requester booted successfully."]
[10532][1721388667157][main][info]["windowManager~restoreWindows: Restoring requester windows"]
[10532][1721388667157][main][info]["Main~AppEvents - Received booted event for process requester.Version 10.24.26 UI Version: 10.24.26-ui-240521-0853 Desktop Platform Version: 10.24.26"]
[10532][1721388667290][main][info]["Main~getRemoteInitPath:: "]
[10532][1721388668121][main][info]["Main~getPlatformLaunchPerfMetrics"]
[10532][1721388669721][main][error]["Error while retrieving user key from keychain",{"name":"Error","message":"An AppArmor policy prevents this sender from sending this message to this recipient; type=\"method_call\", sender=\":1.183\" (uid=1000 pid=10532 comm=\"/snap/postman/254/usr/share/postman/postman --no-s\" label=\"snap.postman.postman (enforce)\") interface=\"org.freedesktop.Secret.Service\" member=\"OpenSession\" error name=\"(unset)\" requested_reply=\"0\" destination=\":1.9\" (uid=1000 pid=2016 comm=\"/usr/bin/gnome-keyring-daemon --daemonize --login \" label=\"unconfined\")","stack":"Error: An AppArmor policy prevents this sender from sending this message to this recipient; type=\"method_call\", sender=\":1.183\" (uid=1000 pid=10532 comm=\"/snap/postman/254/usr/share/postman/postman --no-s\" label=\"snap.postman.postman (enforce)\") interface=\"org.freedesktop.Secret.Service\" member=\"OpenSession\" error name=\"(unset)\" requested_reply=\"0\" destination=\":1.9\" (uid=1000 pid=2016 comm=\"/usr/bin/gnome-keyring-daemon --daemonize --login \" label=\"unconfined\")"}]
[10532][1721388669737][main][info]["Main - model-events~user - (user, bootstrapUser) received"]
[10532][1721388669737][main][info]["model-events~user - bootstrapUser received"]
[10532][1721388669763][main][info]["userPartitionService~associateTransitPartition: ",{"partitionId":"1a4333c6-b79c-48f7-a14c-30ea6e5b6c50","context":{"namespace":"users","userId":"34194376","teamId":"0"}}]
[10532][1721388669787][main][info]["userPartitionService: State of v8 partition system:"]
[10532][1721388669791][main][info]["userPartitionService: List of partitions:",[{"partitionId":"1a4333c6-b79c-48f7-a14c-30ea6e5b6c50","namespace":"users","userId":"34194376","teamId":"0","lastUpdated":"2024-07-19T11:31:09.763Z"},{"partitionId":"f1effcae-1f59-4780-bc40-cc66605c9935","namespace":"scratchPad","userId":0,"teamId":0,"isDirty":false}]]
[10532][1721388669791][main][info]["userPartitionService: users global meta:",{}]
[10532][1721388670467][main][info]["INTERCEPTOR CONNECTIVITY: Attempting to start websocket server on port 15611"]
