2024-07-28 12:01:58.371 [info] (Client) Pylance async client (2024.7.1) started with python extension (2024.10.0)
2024-07-28 12:01:59.649 [info] [Info  - 12:01:59] (3340) Pylance language server 2024.7.1 (pyright version 1.1.369, commit 1168be71) starting
2024-07-28 12:01:59.650 [info] [Info  - 12:01:59] (3340) Server root directory: file:///home/vicky/.vscode/extensions/ms-python.vscode-pylance-2024.7.1/dist
2024-07-28 12:01:59.650 [info] [Info  - 12:01:59] (3340) Starting service instance "weatherproject"
2024-07-28 12:01:59.699 [info] [Info  - 12:01:59] (3340) Setting pythonPath for service "weatherproject": "/usr/bin/python"
2024-07-28 12:01:59.699 [info] [Info  - 12:01:59] (3340) Setting environmentName for service "weatherproject": "3.10.12 (global)"
2024-07-28 12:01:59.699 [info] [Info  - 12:01:59] (3340) No include entries specified; assuming /home/vicky/weather/weatherproject
2024-07-28 12:01:59.699 [info] [Info  - 12:01:59] (3340) Auto-excluding **/node_modules
2024-07-28 12:01:59.699 [info] [Info  - 12:01:59] (3340) Auto-excluding **/__pycache__
2024-07-28 12:01:59.703 [info] [Info  - 12:01:59] (3340) Auto-excluding **/.*
2024-07-28 12:01:59.758 [info] [Info  - 12:01:59] (3340) Assuming Python version 3.10.12.final.0
2024-07-28 12:01:59.952 [info] [Info  - 12:01:59] (3340) Found 15 source files
2024-07-28 12:02:00.682 [info] [Info  - 12:02:00] (3340) Background analysis(1) root directory: file:///home/vicky/.vscode/extensions/ms-python.vscode-pylance-2024.7.1/dist
2024-07-28 12:02:00.686 [info] [Info  - 12:02:00] (3340) Background analysis(1) started
2024-07-28 12:02:00.961 [info] [Info  - 12:02:00] (3340) Indexer background runner(2) root directory: file:///home/vicky/.vscode/extensions/ms-python.vscode-pylance-2024.7.1/dist (index)
2024-07-28 12:02:00.961 [info] [Info  - 12:02:00] (3340) Indexing(2) started
2024-07-28 12:02:02.114 [info] [Info  - 12:02:02] (3340) scanned(2) 130 files over 1 exec env
2024-07-28 12:02:02.446 [info] [Info  - 12:02:02] (3340) indexed(2) 75 files over 1 exec env
2024-07-28 12:02:02.522 [info] [Info  - 12:02:02] (3340) Indexing finished(2).
2024-07-28 12:23:44.160 [info] [Info  - 12:23:44] (3340) Setting pythonPath for service "weatherproject": "/usr/bin/python"
2024-07-28 12:23:44.161 [info] [Info  - 12:23:44] (3340) Setting environmentName for service "weatherproject": "3.10.12 (global)"
2024-07-28 12:23:44.161 [info] [Info  - 12:23:44] (3340) No include entries specified; assuming /home/vicky/weather/weatherproject
2024-07-28 12:23:44.161 [info] [Info  - 12:23:44] (3340) Auto-excluding **/node_modules
2024-07-28 12:23:44.162 [info] [Info  - 12:23:44] (3340) Auto-excluding **/__pycache__
2024-07-28 12:23:44.162 [info] [Info  - 12:23:44] (3340) Auto-excluding **/.*
2024-07-28 12:23:44.196 [info] [Info  - 12:23:44] (3340) Assuming Python version 3.10.12.final.0
2024-07-28 12:23:44.296 [info] [Info  - 12:23:44] (3340) Found 15 source files
2024-07-28 12:23:45.202 [info] [Info  - 12:23:45] (3340) Indexer background runner(3) root directory: file:///home/vicky/.vscode/extensions/ms-python.vscode-pylance-2024.7.1/dist (index)
2024-07-28 12:23:45.202 [info] [Info  - 12:23:45] (3340) Indexing(3) started
2024-07-28 12:23:45.539 [info] [Info  - 12:23:45] (3340) scanned(3) 130 files over 1 exec env
2024-07-28 12:23:45.777 [info] [Info  - 12:23:45] (3340) indexed(3) 75 files over 1 exec env
2024-07-28 12:23:45.821 [info] [Info  - 12:23:45] (3340) Indexing finished(3).
