2024-07-23 15:11:49.922 [info] Reading sessions from keychain...
2024-07-23 15:11:49.923 [info] Getting sessions for all scopes...
2024-07-23 15:11:49.923 [info] Got 0 sessions for ...
2024-07-23 15:11:49.923 [info] Getting sessions for all scopes...
2024-07-23 15:11:49.923 [info] Got 0 sessions for ...
2024-07-23 15:11:49.941 [info] Getting sessions for read:user,repo,user:email,workflow...
2024-07-23 15:11:49.941 [info] Got 0 sessions for read:user,repo,user:email,workflow...
2024-07-23 15:11:49.983 [info] Getting sessions for all scopes...
2024-07-23 15:11:49.983 [info] Got 0 sessions for ...
2024-07-23 15:14:07.973 [info] Getting sessions for read:user,repo,user:email,workflow...
2024-07-23 15:14:07.973 [info] Got 0 sessions for read:user,repo,user:email,workflow...
2024-07-23 15:14:44.707 [info] Logging in for the following scopes: read:user repo user:email workflow
2024-07-23 15:14:44.724 [info] Trying without local server... (read:user repo user:email workflow)
2024-07-23 15:14:49.427 [info] Exchanging code for token...
2024-07-23 15:14:50.282 [info] Token exchange success!
2024-07-23 15:14:50.288 [info] Getting user info...
2024-07-23 15:14:51.301 [info] Got account info!
2024-07-23 15:14:51.302 [info] Storing 1 sessions...
2024-07-23 15:14:51.309 [info] Reading sessions from keychain...
2024-07-23 15:14:51.309 [info] Stored 1 sessions!
2024-07-23 15:14:51.309 [info] Login success!
2024-07-23 15:14:51.334 [info] Got stored sessions!
2024-07-23 15:14:51.335 [info] Got 1 verified sessions.
2024-07-23 15:14:51.932 [info] Getting sessions for read:user,repo,user:email,workflow...
2024-07-23 15:14:51.932 [info] Got 1 sessions for read:user,repo,user:email,workflow...
2024-07-23 15:14:51.949 [info] Getting sessions for read:user,repo,user:email,workflow...
2024-07-23 15:14:51.949 [info] Got 1 sessions for read:user,repo,user:email,workflow...
2024-07-23 15:18:28.386 [info] Getting sessions for read:user,repo,user:email,workflow...
2024-07-23 15:18:28.386 [info] Got 1 sessions for read:user,repo,user:email,workflow...
2024-07-23 15:20:01.269 [info] Getting sessions for read:user,repo,user:email,workflow...
2024-07-23 15:20:01.269 [info] Got 1 sessions for read:user,repo,user:email,workflow...
2024-07-23 15:22:14.720 [info] Getting sessions for read:user,repo,user:email,workflow...
2024-07-23 15:22:14.720 [info] Got 1 sessions for read:user,repo,user:email,workflow...
2024-07-23 15:22:58.492 [info] Getting sessions for read:user,repo,user:email,workflow...
2024-07-23 15:22:58.492 [info] Got 1 sessions for read:user,repo,user:email,workflow...
2024-07-23 15:26:41.165 [info] Getting sessions for read:user,repo,user:email,workflow...
2024-07-23 15:26:41.165 [info] Got 1 sessions for read:user,repo,user:email,workflow...
2024-07-23 15:28:50.184 [info] Getting sessions for read:user,repo,user:email,workflow...
2024-07-23 15:28:50.184 [info] Got 1 sessions for read:user,repo,user:email,workflow...
2024-07-23 15:32:10.007 [info] Getting sessions for read:user,repo,user:email,workflow...
2024-07-23 15:32:10.007 [info] Got 1 sessions for read:user,repo,user:email,workflow...
