2024-07-26 14:36:45.791 [info] Log level: Info
2024-07-26 14:36:45.791 [info] Validating found git in: "git"
2024-07-26 14:36:45.791 [info] Using git "2.34.1" from "git"
2024-07-26 14:36:45.791 [info] > git rev-parse --show-toplevel [5ms]
2024-07-26 14:36:45.793 [info] > git rev-parse --git-dir --git-common-dir [4ms]
2024-07-26 14:36:45.807 [info] Open repository: /home/vicky/Desktop/eventplanner
2024-07-26 14:36:45.836 [info] > git rev-parse --show-toplevel [4ms]
2024-07-26 14:36:45.839 [info] > git config --get commit.template [12ms]
2024-07-26 14:36:45.846 [info] > git for-each-ref --format=%(refname)%00%(upstream:short)%00%(objectname)%00%(upstream:track)%00%(upstream:remotename)%00%(upstream:remoteref) refs/heads/main refs/remotes/main [2ms]
2024-07-26 14:36:45.854 [info] > git status -z -uall [4ms]
2024-07-26 14:36:45.870 [info] > git merge-base refs/heads/main refs/remotes/vickyraj/main [8ms]
2024-07-26 14:36:45.877 [info] > git rev-list --count --left-right refs/heads/main...refs/remotes/vickyraj/main [2ms]
2024-07-26 14:36:45.883 [info] > git config --get commit.template [13ms]
2024-07-26 14:36:45.893 [info] > git for-each-ref --format=%(refname)%00%(upstream:short)%00%(objectname)%00%(upstream:track)%00%(upstream:remotename)%00%(upstream:remoteref) refs/heads/main refs/remotes/main [2ms]
2024-07-26 14:36:45.894 [info] > git diff --name-status -z --diff-filter=ADMR 40734b18f7667f57198408a56052cbadbd8c13cf...refs/remotes/vickyraj/main [12ms]
2024-07-26 14:36:45.970 [info] > git status -z -uall [41ms]
2024-07-26 14:36:46.355 [info] > git check-ignore -v -z --stdin [4ms]
2024-07-26 14:36:47.081 [info] > git fetch [1275ms]
2024-07-26 14:36:47.101 [info] > git config --get commit.template [11ms]
2024-07-26 14:36:47.103 [info] > git for-each-ref --format=%(refname)%00%(upstream:short)%00%(objectname)%00%(upstream:track)%00%(upstream:remotename)%00%(upstream:remoteref) refs/heads/main refs/remotes/main [3ms]
2024-07-26 14:36:47.117 [info] > git status -z -uall [5ms]
2024-07-26 14:36:48.183 [info] > git config --get commit.template [16ms]
2024-07-26 14:36:48.187 [info] > git for-each-ref --format=%(refname)%00%(upstream:short)%00%(objectname)%00%(upstream:track)%00%(upstream:remotename)%00%(upstream:remoteref) refs/heads/main refs/remotes/main [4ms]
2024-07-26 14:36:48.210 [info] > git status -z -uall [10ms]
2024-07-26 14:37:06.732 [info] > git check-ignore -v -z --stdin [5ms]
2024-07-26 14:37:10.558 [info] > git check-ignore -v -z --stdin [4ms]
2024-07-26 14:37:12.647 [info] > git show --textconv :vicky/vicky/settings.py [11ms]
2024-07-26 14:37:12.653 [info] > git ls-files --stage -- /home/vicky/Desktop/eventplanner/vicky/vicky/settings.py [8ms]
2024-07-26 14:37:12.677 [info] > git cat-file -s 002f7abce2255eccd97b691e5ad67a795d2409a0 [18ms]
2024-07-26 14:39:48.380 [info] > git fetch [1249ms]
2024-07-26 14:39:48.408 [info] > git config --get commit.template [10ms]
2024-07-26 14:39:48.409 [info] > git ls-files --stage -- /home/vicky/Desktop/eventplanner/vicky/vicky/settings.py [2ms]
2024-07-26 14:39:48.422 [info] > git cat-file -s 002f7abce2255eccd97b691e5ad67a795d2409a0 [7ms]
2024-07-26 14:39:48.424 [info] > git for-each-ref --format=%(refname)%00%(upstream:short)%00%(objectname)%00%(upstream:track)%00%(upstream:remotename)%00%(upstream:remoteref) refs/heads/main refs/remotes/main [2ms]
2024-07-26 14:39:48.435 [info] > git show --textconv :vicky/vicky/settings.py [6ms]
2024-07-26 14:39:48.438 [info] > git status -z -uall [3ms]
2024-07-26 14:39:49.459 [info] > git config --get commit.template [7ms]
2024-07-26 14:39:49.460 [info] > git for-each-ref --format=%(refname)%00%(upstream:short)%00%(objectname)%00%(upstream:track)%00%(upstream:remotename)%00%(upstream:remoteref) refs/heads/main refs/remotes/main [2ms]
2024-07-26 14:39:49.472 [info] > git status -z -uall [5ms]
2024-07-26 14:39:49.562 [info] > git ls-files --stage -- /home/vicky/Desktop/eventplanner/vicky/vicky/settings.py [3ms]
2024-07-26 14:39:49.571 [info] > git cat-file -s 002f7abce2255eccd97b691e5ad67a795d2409a0 [2ms]
2024-07-26 14:39:49.581 [info] > git show --textconv :vicky/vicky/settings.py [2ms]
2024-07-26 14:45:47.476 [info] > git ls-files --stage -- /home/vicky/Desktop/eventplanner/vicky/vicky/settings.py [5ms]
2024-07-26 14:45:47.498 [info] > git cat-file -s 002f7abce2255eccd97b691e5ad67a795d2409a0 [5ms]
2024-07-26 14:45:47.527 [info] > git show --textconv :vicky/vicky/settings.py [6ms]
2024-07-26 14:45:47.956 [info] > git fetch [1693ms]
2024-07-26 14:45:47.987 [info] > git config --get commit.template [15ms]
2024-07-26 14:45:47.990 [info] > git for-each-ref --format=%(refname)%00%(upstream:short)%00%(objectname)%00%(upstream:track)%00%(upstream:remotename)%00%(upstream:remoteref) refs/heads/main refs/remotes/main [6ms]
2024-07-26 14:45:48.017 [info] > git status -z -uall [12ms]
2024-07-26 14:45:49.063 [info] > git config --get commit.template [19ms]
2024-07-26 14:45:49.066 [info] > git for-each-ref --format=%(refname)%00%(upstream:short)%00%(objectname)%00%(upstream:track)%00%(upstream:remotename)%00%(upstream:remoteref) refs/heads/main refs/remotes/main [6ms]
2024-07-26 14:45:49.085 [info] > git status -z -uall [6ms]
2024-07-26 14:45:49.140 [info] > git ls-files --stage -- /home/vicky/Desktop/eventplanner/vicky/vicky/settings.py [3ms]
2024-07-26 14:45:49.151 [info] > git cat-file -s 002f7abce2255eccd97b691e5ad67a795d2409a0 [3ms]
2024-07-26 14:45:49.166 [info] > git show --textconv :vicky/vicky/settings.py [3ms]
2024-07-26 14:46:09.267 [info] > git config --get commit.template [27ms]
2024-07-26 14:46:09.272 [info] > git for-each-ref --format=%(refname)%00%(upstream:short)%00%(objectname)%00%(upstream:track)%00%(upstream:remotename)%00%(upstream:remoteref) refs/heads/main refs/remotes/main [7ms]
2024-07-26 14:46:09.316 [info] > git status -z -uall [3ms]
2024-07-26 14:48:58.064 [info] > git ls-files --stage -- /home/vicky/Desktop/eventplanner/vicky/vicky/settings.py [1ms]
2024-07-26 14:48:58.071 [info] > git cat-file -s 002f7abce2255eccd97b691e5ad67a795d2409a0 [2ms]
2024-07-26 14:48:58.078 [info] > git show --textconv :vicky/vicky/settings.py [1ms]
2024-07-26 14:48:58.262 [info] > git fetch [1410ms]
2024-07-26 14:48:58.293 [info] > git config --get commit.template [16ms]
2024-07-26 14:48:58.294 [info] > git for-each-ref --format=%(refname)%00%(upstream:short)%00%(objectname)%00%(upstream:track)%00%(upstream:remotename)%00%(upstream:remoteref) refs/heads/main refs/remotes/main [4ms]
2024-07-26 14:48:58.304 [info] > git status -z -uall [3ms]
2024-07-26 14:48:59.358 [info] > git config --get commit.template [15ms]
2024-07-26 14:48:59.361 [info] > git for-each-ref --format=%(refname)%00%(upstream:short)%00%(objectname)%00%(upstream:track)%00%(upstream:remotename)%00%(upstream:remoteref) refs/heads/main refs/remotes/main [4ms]
2024-07-26 14:48:59.384 [info] > git status -z -uall [10ms]
2024-07-26 14:48:59.438 [info] > git ls-files --stage -- /home/vicky/Desktop/eventplanner/vicky/vicky/settings.py [2ms]
2024-07-26 14:48:59.446 [info] > git cat-file -s 002f7abce2255eccd97b691e5ad67a795d2409a0 [2ms]
2024-07-26 14:48:59.457 [info] > git show --textconv :vicky/vicky/settings.py [3ms]
