2024-07-26 16:37:44.834 [info] Log level: Info
2024-07-26 16:37:44.835 [info] Validating found git in: "git"
2024-07-26 16:37:44.835 [info] Using git "2.34.1" from "git"
2024-07-26 16:37:44.835 [info] > git rev-parse --show-toplevel [23ms]
2024-07-26 16:37:44.836 [info] > git rev-parse --git-dir --git-common-dir [90ms]
2024-07-26 16:37:44.836 [info] Open repository: /home/vicky/Desktop/eventplanner
2024-07-26 16:37:44.836 [info] > git rev-parse --show-toplevel [66ms]
2024-07-26 16:37:44.837 [info] > git config --get commit.template [79ms]
2024-07-26 16:37:44.871 [info] > git rev-parse --show-toplevel [25ms]
2024-07-26 16:37:44.917 [info] > git for-each-ref --format=%(refname)%00%(upstream:short)%00%(objectname)%00%(upstream:track)%00%(upstream:remotename)%00%(upstream:remoteref) refs/heads/main refs/remotes/main [48ms]
2024-07-26 16:37:44.984 [info] > git rev-parse --show-toplevel [69ms]
2024-07-26 16:37:45.012 [info] > git status -z -uall [29ms]
2024-07-26 16:37:45.012 [info] > git rev-parse --show-toplevel [5ms]
2024-07-26 16:37:45.095 [info] > git rev-parse --show-toplevel [21ms]
2024-07-26 16:37:45.096 [info] > git merge-base refs/heads/main refs/remotes/vickyraj/main [56ms]
2024-07-26 16:37:45.120 [info] > git rev-list --count --left-right refs/heads/main...refs/remotes/vickyraj/main [17ms]
2024-07-26 16:37:45.127 [info] > git config --get commit.template [32ms]
2024-07-26 16:37:45.165 [info] > git diff --name-status -z --diff-filter=ADMR 40734b18f7667f57198408a56052cbadbd8c13cf...refs/remotes/vickyraj/main [39ms]
2024-07-26 16:37:45.166 [info] > git rev-parse --show-toplevel [47ms]
2024-07-26 16:37:45.184 [info] > git rev-parse --show-toplevel [4ms]
2024-07-26 16:37:45.185 [info] > git for-each-ref --format=%(refname)%00%(upstream:short)%00%(objectname)%00%(upstream:track)%00%(upstream:remotename)%00%(upstream:remoteref) refs/heads/main refs/remotes/main [23ms]
2024-07-26 16:37:45.199 [info] > git rev-parse --show-toplevel [8ms]
2024-07-26 16:37:45.214 [info] > git status -z -uall [16ms]
2024-07-26 16:37:45.215 [info] > git rev-parse --show-toplevel [7ms]
2024-07-26 16:37:45.223 [info] > git check-ignore -v -z --stdin [10ms]
2024-07-26 16:37:46.031 [info] > git fetch [1348ms]
2024-07-26 16:37:46.067 [info] > git for-each-ref --format=%(refname)%00%(upstream:short)%00%(objectname)%00%(upstream:track)%00%(upstream:remotename)%00%(upstream:remoteref) refs/heads/main refs/remotes/main [19ms]
2024-07-26 16:37:46.068 [info] > git config --get commit.template [25ms]
2024-07-26 16:37:46.082 [info] > git status -z -uall [4ms]
2024-07-26 16:37:46.325 [info] > git show --textconv :vicky/vicky/settings.py [16ms]
2024-07-26 16:37:46.332 [info] > git ls-files --stage -- /home/vicky/Desktop/eventplanner/vicky/vicky/settings.py [8ms]
2024-07-26 16:37:46.373 [info] > git cat-file -s 002f7abce2255eccd97b691e5ad67a795d2409a0 [5ms]
2024-07-26 16:37:47.120 [info] > git config --get commit.template [4ms]
2024-07-26 16:37:47.129 [info] > git for-each-ref --format=%(refname)%00%(upstream:short)%00%(objectname)%00%(upstream:track)%00%(upstream:remotename)%00%(upstream:remoteref) refs/heads/main refs/remotes/main [3ms]
2024-07-26 16:37:47.140 [info] > git status -z -uall [5ms]
2024-07-26 16:37:47.221 [info] > git ls-files --stage -- /home/vicky/Desktop/eventplanner/vicky/vicky/settings.py [3ms]
2024-07-26 16:37:47.229 [info] > git cat-file -s 002f7abce2255eccd97b691e5ad67a795d2409a0 [2ms]
2024-07-26 16:37:47.241 [info] > git show --textconv :vicky/vicky/settings.py [4ms]
2024-07-26 16:37:53.012 [info] > git check-ignore -v -z --stdin [4ms]
2024-07-26 16:37:57.043 [info] > git show --textconv :vicky/templates/event.html [9ms]
2024-07-26 16:37:57.045 [info] > git ls-files --stage -- /home/vicky/Desktop/eventplanner/vicky/templates/event.html [3ms]
2024-07-26 16:37:57.051 [info] > git cat-file -s 416b9359ec03f1dd023b14d8fa70b170fbb9339d [1ms]
2024-07-26 16:38:15.986 [info] > git show --textconv :vicky/templates/home.html [20ms]
2024-07-26 16:38:15.993 [info] > git ls-files --stage -- /home/vicky/Desktop/eventplanner/vicky/templates/home.html [7ms]
2024-07-26 16:38:16.014 [info] > git cat-file -s e3716e3617b9e1de67740b811bfd8071cf417a84 [8ms]
2024-07-26 16:40:16.493 [info] > git check-ignore -v -z --stdin [5ms]
2024-07-26 16:40:17.918 [info] > git show --textconv :vicky/static/front.css [9ms]
2024-07-26 16:40:17.920 [info] > git ls-files --stage -- /home/vicky/Desktop/eventplanner/vicky/static/front.css [3ms]
2024-07-26 16:40:17.929 [info] > git cat-file -s c5bdf22d0bc48755971e4eaf5f3803bf1a3ce630 [3ms]
2024-07-26 16:40:47.314 [info] > git ls-files --stage -- /home/vicky/Desktop/eventplanner/vicky/static/front.css [4ms]
2024-07-26 16:40:47.331 [info] > git cat-file -s c5bdf22d0bc48755971e4eaf5f3803bf1a3ce630 [5ms]
2024-07-26 16:40:47.353 [info] > git show --textconv :vicky/static/front.css [5ms]
2024-07-26 16:40:47.588 [info] > git fetch [1488ms]
2024-07-26 16:40:47.622 [info] > git config --get commit.template [17ms]
2024-07-26 16:40:47.624 [info] > git for-each-ref --format=%(refname)%00%(upstream:short)%00%(objectname)%00%(upstream:track)%00%(upstream:remotename)%00%(upstream:remoteref) refs/heads/main refs/remotes/main [4ms]
2024-07-26 16:40:47.635 [info] > git status -z -uall [4ms]
2024-07-26 16:40:48.699 [info] > git config --get commit.template [19ms]
2024-07-26 16:40:48.702 [info] > git for-each-ref --format=%(refname)%00%(upstream:short)%00%(objectname)%00%(upstream:track)%00%(upstream:remotename)%00%(upstream:remoteref) refs/heads/main refs/remotes/main [7ms]
2024-07-26 16:40:48.726 [info] > git status -z -uall [10ms]
2024-07-26 16:40:48.777 [info] > git ls-files --stage -- /home/vicky/Desktop/eventplanner/vicky/static/front.css [7ms]
2024-07-26 16:40:48.794 [info] > git cat-file -s c5bdf22d0bc48755971e4eaf5f3803bf1a3ce630 [4ms]
2024-07-26 16:40:48.816 [info] > git show --textconv :vicky/static/front.css [5ms]
2024-07-26 17:37:04.846 [info] > git fetch [1193ms]
2024-07-26 17:37:04.876 [info] > git config --get commit.template [15ms]
2024-07-26 17:37:04.878 [info] > git for-each-ref --format=%(refname)%00%(upstream:short)%00%(objectname)%00%(upstream:track)%00%(upstream:remotename)%00%(upstream:remoteref) refs/heads/main refs/remotes/main [4ms]
2024-07-26 17:37:04.889 [info] > git status -z -uall [3ms]
2024-07-26 17:43:01.687 [info] > git config --get commit.template [15ms]
2024-07-26 17:43:01.689 [info] > git ls-files --stage -- /home/vicky/Desktop/eventplanner/vicky/static/front.css [3ms]
2024-07-26 17:43:01.704 [info] > git cat-file -s c5bdf22d0bc48755971e4eaf5f3803bf1a3ce630 [6ms]
2024-07-26 17:43:01.712 [info] > git for-each-ref --format=%(refname)%00%(upstream:short)%00%(objectname)%00%(upstream:track)%00%(upstream:remotename)%00%(upstream:remoteref) refs/heads/main refs/remotes/main [9ms]
2024-07-26 17:43:01.717 [info] > git show --textconv :vicky/static/front.css [6ms]
2024-07-26 17:43:01.725 [info] > git status -z -uall [8ms]
2024-07-26 17:43:02.873 [info] > git ls-files --stage -- /home/vicky/Desktop/eventplanner/vicky/static/front.css [5ms]
2024-07-26 17:43:02.891 [info] > git cat-file -s c5bdf22d0bc48755971e4eaf5f3803bf1a3ce630 [5ms]
2024-07-26 17:43:02.909 [info] > git show --textconv :vicky/static/front.css [4ms]
2024-07-26 17:43:02.947 [info] > git fetch [1281ms]
2024-07-26 17:43:02.968 [info] > git config --get commit.template [11ms]
2024-07-26 17:43:02.971 [info] > git for-each-ref --format=%(refname)%00%(upstream:short)%00%(objectname)%00%(upstream:track)%00%(upstream:remotename)%00%(upstream:remoteref) refs/heads/main refs/remotes/main [4ms]
2024-07-26 17:43:02.997 [info] > git status -z -uall [15ms]
2024-07-26 17:43:04.134 [info] > git ls-files --stage -- /home/vicky/Desktop/eventplanner/vicky/static/front.css [5ms]
2024-07-26 17:43:04.151 [info] > git cat-file -s c5bdf22d0bc48755971e4eaf5f3803bf1a3ce630 [4ms]
2024-07-26 17:43:04.173 [info] > git show --textconv :vicky/static/front.css [6ms]
2024-07-26 17:43:06.761 [info] > git config --get commit.template [15ms]
2024-07-26 17:43:06.764 [info] > git for-each-ref --format=%(refname)%00%(upstream:short)%00%(objectname)%00%(upstream:track)%00%(upstream:remotename)%00%(upstream:remoteref) refs/heads/main refs/remotes/main [5ms]
2024-07-26 17:43:06.779 [info] > git status -z -uall [6ms]
