2024-07-28 12:26:11.411 [info] Log level: Info
2024-07-28 12:26:11.411 [info] Validating found git in: "git"
2024-07-28 12:26:11.411 [info] Using git "2.34.1" from "git"
2024-07-28 12:26:11.411 [info] > git rev-parse --show-toplevel [26ms]
2024-07-28 12:26:11.411 [info] > git rev-parse --git-dir --git-common-dir [11ms]
2024-07-28 12:26:11.411 [info] Open repository: /home/vicky/Desktop/eventplanner
2024-07-28 12:26:11.411 [info] > git config --get commit.template [13ms]
2024-07-28 12:26:11.421 [info] > git rev-parse --show-toplevel [90ms]
2024-07-28 12:26:11.461 [info] > git rev-parse --show-toplevel [22ms]
2024-07-28 12:26:11.463 [info] > git for-each-ref --format=%(refname)%00%(upstream:short)%00%(objectname)%00%(upstream:track)%00%(upstream:remotename)%00%(upstream:remoteref) refs/heads/main refs/remotes/main [32ms]
2024-07-28 12:26:11.499 [info] > git rev-parse --show-toplevel [12ms]
2024-07-28 12:26:11.651 [info] > git status -z -uall [139ms]
2024-07-28 12:26:11.667 [info] > git rev-parse --show-toplevel [138ms]
2024-07-28 12:26:11.711 [info] > git merge-base refs/heads/main refs/remotes/vickyraj/main [50ms]
2024-07-28 12:26:11.827 [info] > git rev-list --count --left-right refs/heads/main...refs/remotes/vickyraj/main [105ms]
2024-07-28 12:26:11.854 [info] > git rev-parse --show-toplevel [144ms]
2024-07-28 12:26:11.856 [info] > git config --get commit.template [151ms]
2024-07-28 12:26:11.975 [info] > git diff --name-status -z --diff-filter=ADMR 40734b18f7667f57198408a56052cbadbd8c13cf...refs/remotes/vickyraj/main [121ms]
2024-07-28 12:26:12.512 [info] > git check-ignore -v -z --stdin [37ms]
2024-07-28 12:26:12.513 [info] > git rev-parse --show-toplevel [539ms]
2024-07-28 12:26:12.566 [info] > git for-each-ref --format=%(refname)%00%(upstream:short)%00%(objectname)%00%(upstream:track)%00%(upstream:remotename)%00%(upstream:remoteref) refs/heads/main refs/remotes/main [84ms]
2024-07-28 12:26:12.574 [info] > git rev-parse --show-toplevel [21ms]
2024-07-28 12:26:12.608 [info] > git rev-parse --show-toplevel [18ms]
2024-07-28 12:26:12.626 [info] > git status -z -uall [19ms]
2024-07-28 12:26:12.637 [info] > git rev-parse --show-toplevel [12ms]
2024-07-28 12:26:13.115 [info] > git ls-files --stage -- /home/vicky/Desktop/eventplanner/vicky/static/front.css [2ms]
2024-07-28 12:26:13.125 [info] > git show --textconv :vicky/static/front.css [18ms]
2024-07-28 12:26:13.127 [info] > git cat-file -s c5bdf22d0bc48755971e4eaf5f3803bf1a3ce630 [4ms]
2024-07-28 12:26:13.296 [info] > git fetch [1983ms]
2024-07-28 12:26:13.313 [info] > git for-each-ref --format=%(refname)%00%(upstream:short)%00%(objectname)%00%(upstream:track)%00%(upstream:remotename)%00%(upstream:remoteref) refs/heads/main refs/remotes/main [7ms]
2024-07-28 12:26:13.314 [info] > git config --get commit.template [12ms]
2024-07-28 12:26:13.329 [info] > git status -z -uall [4ms]
2024-07-28 12:26:14.381 [info] > git config --get commit.template [6ms]
2024-07-28 12:26:14.382 [info] > git for-each-ref --format=%(refname)%00%(upstream:short)%00%(objectname)%00%(upstream:track)%00%(upstream:remotename)%00%(upstream:remoteref) refs/heads/main refs/remotes/main [2ms]
2024-07-28 12:26:14.389 [info] > git status -z -uall [3ms]
2024-07-28 12:26:14.477 [info] > git ls-files --stage -- /home/vicky/Desktop/eventplanner/vicky/static/front.css [1ms]
2024-07-28 12:26:14.482 [info] > git cat-file -s c5bdf22d0bc48755971e4eaf5f3803bf1a3ce630 [1ms]
2024-07-28 12:26:14.488 [info] > git show --textconv :vicky/static/front.css [1ms]
2024-07-28 12:26:24.628 [info] > git merge-base refs/heads/main refs/remotes/vickyraj/main [7ms]
2024-07-28 12:26:24.654 [info] > git rev-list --count --left-right refs/heads/main...refs/remotes/vickyraj/main [7ms]
2024-07-28 12:26:25.276 [info] > git check-ignore -v -z --stdin [2ms]
2024-07-28 12:26:37.120 [info] > git config --get commit.template [8ms]
2024-07-28 12:26:37.121 [info] > git for-each-ref --format=%(refname)%00%(upstream:short)%00%(objectname)%00%(upstream:track)%00%(upstream:remotename)%00%(upstream:remoteref) refs/heads/main refs/remotes/main [2ms]
2024-07-28 12:26:37.135 [info] > git status -z -uall [9ms]
2024-07-28 12:26:37.206 [info] > git ls-files --stage -- /home/vicky/Desktop/eventplanner/vicky/static/front.css [1ms]
2024-07-28 12:26:37.211 [info] > git cat-file -s c5bdf22d0bc48755971e4eaf5f3803bf1a3ce630 [1ms]
2024-07-28 12:26:37.218 [info] > git show --textconv :vicky/static/front.css [2ms]
2024-07-28 12:26:45.472 [info] > git show --textconv :vicky/vicky/settings.py [10ms]
2024-07-28 12:26:45.477 [info] > git ls-files --stage -- /home/vicky/Desktop/eventplanner/vicky/vicky/settings.py [6ms]
2024-07-28 12:26:45.487 [info] > git cat-file -s f93d2c594fadb01c462beff72ddcc1aba470c50a [3ms]
