2024-07-28 12:02:57.642 [info] Reading sessions from keychain...
2024-07-28 12:02:57.643 [info] Getting sessions for all scopes...
2024-07-28 12:02:57.643 [info] Getting sessions for all scopes...
2024-07-28 12:02:57.643 [info] Got stored sessions!
2024-07-28 12:02:57.643 [info] Got 1 verified sessions.
2024-07-28 12:02:57.644 [info] Got 1 sessions for ...
2024-07-28 12:02:57.644 [info] Got 1 sessions for ...
2024-07-28 12:02:57.644 [info] Getting sessions for all scopes...
2024-07-28 12:02:57.644 [info] Got 1 sessions for ...
2024-07-28 12:02:57.645 [info] Getting sessions for read:user,repo,user:email,workflow...
2024-07-28 12:02:57.645 [info] Got 1 sessions for read:user,repo,user:email,workflow...
2024-07-28 12:25:01.176 [info] Getting sessions for read:user,repo,user:email,workflow...
2024-07-28 12:25:01.176 [info] Got 1 sessions for read:user,repo,user:email,workflow...
2024-07-28 12:30:11.666 [info] Getting sessions for read:user,repo,user:email,workflow...
2024-07-28 12:30:11.667 [info] Got 1 sessions for read:user,repo,user:email,workflow...
2024-07-28 12:32:40.313 [info] Getting sessions for read:user,repo,user:email,workflow...
2024-07-28 12:32:40.313 [info] Got 1 sessions for read:user,repo,user:email,workflow...
2024-07-28 12:33:50.944 [info] Getting sessions for read:user,repo,user:email,workflow...
2024-07-28 12:33:50.944 [info] Got 1 sessions for read:user,repo,user:email,workflow...
2024-07-28 12:34:10.989 [info] Getting sessions for read:user,repo,user:email,workflow...
2024-07-28 12:34:10.990 [info] Got 1 sessions for read:user,repo,user:email,workflow...
2024-07-28 12:45:13.650 [info] Getting sessions for read:user,repo,user:email,workflow...
2024-07-28 12:45:13.650 [info] Got 1 sessions for read:user,repo,user:email,workflow...
