2024-07-26 13:43:49.287 [info] Log level: Info
2024-07-26 13:43:49.287 [info] Validating found git in: "git"
2024-07-26 13:43:49.287 [info] Using git "2.34.1" from "git"
2024-07-26 13:43:49.294 [info] > git rev-parse --show-toplevel [14ms]
2024-07-26 13:43:49.304 [info] > git rev-parse --git-dir --git-common-dir [2ms]
2024-07-26 13:43:49.315 [info] Open repository: /home/vicky/Desktop/eventplanner
2024-07-26 13:43:49.338 [info] > git rev-parse --show-toplevel [7ms]
2024-07-26 13:43:49.339 [info] > git config --get commit.template [15ms]
2024-07-26 13:43:49.566 [info] > git rev-parse --show-toplevel [178ms]
2024-07-26 13:43:49.699 [info] > git for-each-ref --format=%(refname)%00%(upstream:short)%00%(objectname)%00%(upstream:track)%00%(upstream:remotename)%00%(upstream:remoteref) refs/heads/main refs/remotes/main [138ms]
2024-07-26 13:43:49.712 [info] > git rev-parse --show-toplevel [15ms]
2024-07-26 13:43:49.777 [info] > git rev-parse --show-toplevel [24ms]
2024-07-26 13:43:49.828 [info] > git status -z -uall [53ms]
2024-07-26 13:43:49.851 [info] > git rev-parse --show-toplevel [54ms]
2024-07-26 13:43:49.866 [info] > git config --get commit.template [18ms]
2024-07-26 13:43:49.866 [info] > git merge-base refs/heads/main refs/remotes/vickyraj/main [31ms]
2024-07-26 13:43:49.910 [info] > git rev-list --count --left-right refs/heads/main...refs/remotes/vickyraj/main [35ms]
2024-07-26 13:43:49.925 [info] > git rev-parse --show-toplevel [60ms]
2024-07-26 13:43:49.939 [info] > git for-each-ref --format=%(refname)%00%(upstream:short)%00%(objectname)%00%(upstream:track)%00%(upstream:remotename)%00%(upstream:remoteref) refs/heads/main refs/remotes/main [30ms]
2024-07-26 13:43:49.945 [info] > git diff --name-status -z --diff-filter=ADMR 40734b18f7667f57198408a56052cbadbd8c13cf...refs/remotes/vickyraj/main [20ms]
2024-07-26 13:43:49.962 [info] > git rev-parse --show-toplevel [23ms]
2024-07-26 13:43:49.977 [info] > git status -z -uall [15ms]
2024-07-26 13:43:49.981 [info] > git rev-parse --show-toplevel [11ms]
2024-07-26 13:43:50.095 [info] > git check-ignore -v -z --stdin [1ms]
2024-07-26 13:43:50.549 [info] > git show --textconv :vicky/vicky/settings.py [41ms]
2024-07-26 13:43:50.549 [info] > git ls-files --stage -- /home/vicky/Desktop/eventplanner/vicky/vicky/settings.py [24ms]
2024-07-26 13:43:50.566 [info] > git fetch [1251ms]
2024-07-26 13:43:50.585 [info] > git cat-file -s 002f7abce2255eccd97b691e5ad67a795d2409a0 [21ms]
2024-07-26 13:43:50.596 [info] > git config --get commit.template [13ms]
2024-07-26 13:43:50.620 [info] > git for-each-ref --format=%(refname)%00%(upstream:short)%00%(objectname)%00%(upstream:track)%00%(upstream:remotename)%00%(upstream:remoteref) refs/heads/main refs/remotes/main [6ms]
2024-07-26 13:43:50.631 [info] > git status -z -uall [6ms]
2024-07-26 13:43:51.882 [info] > git config --get commit.template [7ms]
2024-07-26 13:43:51.886 [info] > git for-each-ref --format=%(refname)%00%(upstream:short)%00%(objectname)%00%(upstream:track)%00%(upstream:remotename)%00%(upstream:remoteref) refs/heads/main refs/remotes/main [5ms]
2024-07-26 13:43:51.902 [info] > git status -z -uall [9ms]
2024-07-26 13:43:52.015 [info] > git ls-files --stage -- /home/vicky/Desktop/eventplanner/vicky/vicky/settings.py [32ms]
2024-07-26 13:43:52.032 [info] > git cat-file -s 002f7abce2255eccd97b691e5ad67a795d2409a0 [8ms]
2024-07-26 13:43:52.058 [info] > git show --textconv :vicky/vicky/settings.py [1ms]
2024-07-26 13:46:54.017 [info] > git fetch [985ms]
2024-07-26 13:46:54.049 [info] > git config --get commit.template [15ms]
2024-07-26 13:46:54.049 [info] > git for-each-ref --format=%(refname)%00%(upstream:short)%00%(objectname)%00%(upstream:track)%00%(upstream:remotename)%00%(upstream:remoteref) refs/heads/main refs/remotes/main [4ms]
2024-07-26 13:46:54.065 [info] > git status -z -uall [6ms]
2024-07-26 13:46:55.112 [info] > git config --get commit.template [16ms]
2024-07-26 13:46:55.115 [info] > git for-each-ref --format=%(refname)%00%(upstream:short)%00%(objectname)%00%(upstream:track)%00%(upstream:remotename)%00%(upstream:remoteref) refs/heads/main refs/remotes/main [5ms]
2024-07-26 13:46:55.132 [info] > git status -z -uall [6ms]
2024-07-26 13:46:55.202 [info] > git ls-files --stage -- /home/vicky/Desktop/eventplanner/vicky/vicky/settings.py [4ms]
2024-07-26 13:46:55.218 [info] > git cat-file -s 002f7abce2255eccd97b691e5ad67a795d2409a0 [4ms]
2024-07-26 13:46:55.239 [info] > git show --textconv :vicky/vicky/settings.py [5ms]
2024-07-26 13:48:09.818 [info] > git show --textconv :vicky/manage.py [28ms]
2024-07-26 13:48:09.819 [info] > git ls-files --stage -- /home/vicky/Desktop/eventplanner/vicky/manage.py [8ms]
2024-07-26 13:48:09.846 [info] > git cat-file -s 3ed0aabaf02edbd657502d46a1945b0d049a4341 [10ms]
2024-07-26 13:48:16.703 [info] > git config --get commit.template [16ms]
2024-07-26 13:48:16.705 [info] > git for-each-ref --format=%(refname)%00%(upstream:short)%00%(objectname)%00%(upstream:track)%00%(upstream:remotename)%00%(upstream:remoteref) refs/heads/main refs/remotes/main [4ms]
2024-07-26 13:48:16.728 [info] > git status -z -uall [7ms]
2024-07-26 13:48:34.914 [info] > git config --get commit.template [6ms]
2024-07-26 13:48:34.915 [info] > git for-each-ref --format=%(refname)%00%(upstream:short)%00%(objectname)%00%(upstream:track)%00%(upstream:remotename)%00%(upstream:remoteref) refs/heads/main refs/remotes/main [2ms]
2024-07-26 13:48:34.924 [info] > git status -z -uall [3ms]
2024-07-26 13:50:59.824 [info] > git ls-files --stage -- /home/vicky/Desktop/eventplanner/vicky/manage.py [5ms]
2024-07-26 13:50:59.837 [info] > git fetch [1220ms]
2024-07-26 13:50:59.852 [info] > git cat-file -s 3ed0aabaf02edbd657502d46a1945b0d049a4341 [16ms]
2024-07-26 13:50:59.856 [info] > git config --get commit.template [5ms]
2024-07-26 13:50:59.878 [info] > git for-each-ref --format=%(refname)%00%(upstream:short)%00%(objectname)%00%(upstream:track)%00%(upstream:remotename)%00%(upstream:remoteref) refs/heads/main refs/remotes/main [11ms]
2024-07-26 13:50:59.888 [info] > git show --textconv :vicky/manage.py [10ms]
2024-07-26 13:50:59.892 [info] > git status -z -uall [6ms]
2024-07-26 13:51:01.007 [info] > git ls-files --stage -- /home/vicky/Desktop/eventplanner/vicky/manage.py [3ms]
2024-07-26 13:51:01.022 [info] > git cat-file -s 3ed0aabaf02edbd657502d46a1945b0d049a4341 [4ms]
2024-07-26 13:51:01.041 [info] > git show --textconv :vicky/manage.py [4ms]
2024-07-26 13:51:33.283 [info] > git config --get commit.template [8ms]
2024-07-26 13:51:33.290 [info] > git for-each-ref --format=%(refname)%00%(upstream:short)%00%(objectname)%00%(upstream:track)%00%(upstream:remotename)%00%(upstream:remoteref) refs/heads/main refs/remotes/main [1ms]
2024-07-26 13:51:33.301 [info] > git status -z -uall [7ms]
2024-07-26 13:51:33.324 [info] > git check-ignore -v -z --stdin [2ms]
2024-07-26 13:52:14.383 [info] > git config --get commit.template [6ms]
2024-07-26 13:52:14.384 [info] > git for-each-ref --format=%(refname)%00%(upstream:short)%00%(objectname)%00%(upstream:track)%00%(upstream:remotename)%00%(upstream:remoteref) refs/heads/main refs/remotes/main [2ms]
2024-07-26 13:52:14.394 [info] > git status -z -uall [5ms]
2024-07-26 13:52:27.275 [info] > git show --textconv :vicky/vicky/settings.py [5ms]
2024-07-26 13:52:27.276 [info] > git ls-files --stage -- /home/vicky/Desktop/eventplanner/vicky/vicky/settings.py [1ms]
2024-07-26 13:52:27.281 [info] > git cat-file -s 002f7abce2255eccd97b691e5ad67a795d2409a0 [1ms]
2024-07-26 13:54:07.373 [info] > git ls-files --stage -- /home/vicky/Desktop/eventplanner/vicky/vicky/settings.py [2ms]
2024-07-26 13:54:07.377 [info] > git cat-file -s 002f7abce2255eccd97b691e5ad67a795d2409a0 [1ms]
2024-07-26 13:54:07.383 [info] > git show --textconv :vicky/vicky/settings.py [1ms]
2024-07-26 13:54:07.553 [info] > git fetch [1429ms]
2024-07-26 13:54:07.580 [info] > git config --get commit.template [13ms]
2024-07-26 13:54:07.582 [info] > git for-each-ref --format=%(refname)%00%(upstream:short)%00%(objectname)%00%(upstream:track)%00%(upstream:remotename)%00%(upstream:remoteref) refs/heads/main refs/remotes/main [2ms]
2024-07-26 13:54:07.596 [info] > git status -z -uall [6ms]
2024-07-26 13:54:08.647 [info] > git config --get commit.template [12ms]
2024-07-26 13:54:08.650 [info] > git for-each-ref --format=%(refname)%00%(upstream:short)%00%(objectname)%00%(upstream:track)%00%(upstream:remotename)%00%(upstream:remoteref) refs/heads/main refs/remotes/main [5ms]
2024-07-26 13:54:08.670 [info] > git status -z -uall [8ms]
2024-07-26 13:54:08.736 [info] > git ls-files --stage -- /home/vicky/Desktop/eventplanner/vicky/vicky/settings.py [4ms]
2024-07-26 13:54:08.750 [info] > git cat-file -s 002f7abce2255eccd97b691e5ad67a795d2409a0 [4ms]
2024-07-26 13:54:08.780 [info] > git show --textconv :vicky/vicky/settings.py [13ms]
2024-07-26 13:54:17.789 [info] > git check-ignore -v -z --stdin [3ms]
2024-07-26 13:55:43.960 [info] > git config --get commit.template [9ms]
2024-07-26 13:55:43.961 [info] > git for-each-ref --format=%(refname)%00%(upstream:short)%00%(objectname)%00%(upstream:track)%00%(upstream:remotename)%00%(upstream:remoteref) refs/heads/main refs/remotes/main [2ms]
2024-07-26 13:55:43.971 [info] > git status -z -uall [4ms]
2024-07-26 13:55:48.998 [info] > git config --get commit.template [7ms]
2024-07-26 13:55:49.020 [info] > git for-each-ref --format=%(refname)%00%(upstream:short)%00%(objectname)%00%(upstream:track)%00%(upstream:remotename)%00%(upstream:remoteref) refs/heads/main refs/remotes/main [6ms]
2024-07-26 13:55:49.046 [info] > git status -z -uall [10ms]
2024-07-26 13:55:54.084 [info] > git config --get commit.template [14ms]
2024-07-26 13:55:54.087 [info] > git for-each-ref --format=%(refname)%00%(upstream:short)%00%(objectname)%00%(upstream:track)%00%(upstream:remotename)%00%(upstream:remoteref) refs/heads/main refs/remotes/main [5ms]
2024-07-26 13:55:54.110 [info] > git status -z -uall [9ms]
2024-07-26 13:57:08.861 [info] > git ls-files --stage -- /home/vicky/Desktop/eventplanner/vicky/vicky/settings.py [1ms]
2024-07-26 13:57:08.866 [info] > git cat-file -s 002f7abce2255eccd97b691e5ad67a795d2409a0 [1ms]
2024-07-26 13:57:08.875 [info] > git show --textconv :vicky/vicky/settings.py [1ms]
2024-07-26 13:57:09.165 [info] > git fetch [1557ms]
2024-07-26 13:57:09.194 [info] > git config --get commit.template [14ms]
2024-07-26 13:57:09.197 [info] > git for-each-ref --format=%(refname)%00%(upstream:short)%00%(objectname)%00%(upstream:track)%00%(upstream:remotename)%00%(upstream:remoteref) refs/heads/main refs/remotes/main [5ms]
2024-07-26 13:57:09.220 [info] > git status -z -uall [9ms]
2024-07-26 13:57:10.247 [info] > git config --get commit.template [6ms]
2024-07-26 13:57:10.248 [info] > git for-each-ref --format=%(refname)%00%(upstream:short)%00%(objectname)%00%(upstream:track)%00%(upstream:remotename)%00%(upstream:remoteref) refs/heads/main refs/remotes/main [2ms]
2024-07-26 13:57:10.258 [info] > git status -z -uall [4ms]
2024-07-26 13:57:10.339 [info] > git ls-files --stage -- /home/vicky/Desktop/eventplanner/vicky/vicky/settings.py [1ms]
2024-07-26 13:57:10.344 [info] > git cat-file -s 002f7abce2255eccd97b691e5ad67a795d2409a0 [1ms]
2024-07-26 13:57:10.352 [info] > git show --textconv :vicky/vicky/settings.py [2ms]
2024-07-26 14:00:38.045 [info] > git fetch [1179ms]
2024-07-26 14:00:38.085 [info] > git config --get commit.template [20ms]
2024-07-26 14:00:38.102 [info] > git ls-files --stage -- /home/vicky/Desktop/eventplanner/vicky/vicky/settings.py [17ms]
2024-07-26 14:00:38.114 [info] > git for-each-ref --format=%(refname)%00%(upstream:short)%00%(objectname)%00%(upstream:track)%00%(upstream:remotename)%00%(upstream:remoteref) refs/heads/main refs/remotes/main [15ms]
2024-07-26 14:00:38.115 [info] > git cat-file -s 002f7abce2255eccd97b691e5ad67a795d2409a0 [3ms]
2024-07-26 14:00:38.129 [info] > git status -z -uall [7ms]
2024-07-26 14:00:38.132 [info] > git show --textconv :vicky/vicky/settings.py [4ms]
2024-07-26 14:00:39.245 [info] > git ls-files --stage -- /home/vicky/Desktop/eventplanner/vicky/vicky/settings.py [5ms]
2024-07-26 14:00:39.264 [info] > git cat-file -s 002f7abce2255eccd97b691e5ad67a795d2409a0 [5ms]
2024-07-26 14:00:39.282 [info] > git show --textconv :vicky/vicky/settings.py [4ms]
2024-07-26 14:03:39.408 [info] > git fetch [1118ms]
2024-07-26 14:03:39.419 [info] > git config --get commit.template [6ms]
2024-07-26 14:03:39.420 [info] > git for-each-ref --format=%(refname)%00%(upstream:short)%00%(objectname)%00%(upstream:track)%00%(upstream:remotename)%00%(upstream:remoteref) refs/heads/main refs/remotes/main [2ms]
2024-07-26 14:03:39.427 [info] > git status -z -uall [3ms]
2024-07-26 14:05:53.299 [info] > git config --get commit.template [8ms]
2024-07-26 14:05:53.302 [info] > git for-each-ref --format=%(refname)%00%(upstream:short)%00%(objectname)%00%(upstream:track)%00%(upstream:remotename)%00%(upstream:remoteref) refs/heads/main refs/remotes/main [3ms]
2024-07-26 14:05:53.321 [info] > git status -z -uall [5ms]
2024-07-26 14:05:53.358 [info] > git ls-files --stage -- /home/vicky/Desktop/eventplanner/vicky/vicky/settings.py [1ms]
2024-07-26 14:05:53.364 [info] > git cat-file -s 002f7abce2255eccd97b691e5ad67a795d2409a0 [2ms]
2024-07-26 14:05:53.376 [info] > git show --textconv :vicky/vicky/settings.py [2ms]
2024-07-26 14:05:56.924 [info] > git show --textconv :vicky/docker-compose.yml [9ms]
2024-07-26 14:05:56.927 [info] > git ls-files --stage -- /home/vicky/Desktop/eventplanner/vicky/docker-compose.yml [4ms]
2024-07-26 14:05:56.969 [info] > git cat-file -s d3066e5406b2aa53a5d45cea240979a40e43421b [36ms]
2024-07-26 14:06:17.608 [info] > git config --get commit.template [7ms]
2024-07-26 14:06:17.609 [info] > git for-each-ref --format=%(refname)%00%(upstream:short)%00%(objectname)%00%(upstream:track)%00%(upstream:remotename)%00%(upstream:remoteref) refs/heads/main refs/remotes/main [2ms]
2024-07-26 14:06:17.617 [info] > git status -z -uall [3ms]
2024-07-26 14:06:40.630 [info] > git ls-files --stage -- /home/vicky/Desktop/eventplanner/vicky/docker-compose.yml [2ms]
2024-07-26 14:06:40.636 [info] > git cat-file -s d3066e5406b2aa53a5d45cea240979a40e43421b [2ms]
2024-07-26 14:06:40.643 [info] > git show --textconv :vicky/docker-compose.yml [1ms]
2024-07-26 14:06:40.783 [info] > git fetch [1343ms]
2024-07-26 14:06:40.793 [info] > git config --get commit.template [6ms]
2024-07-26 14:06:40.794 [info] > git for-each-ref --format=%(refname)%00%(upstream:short)%00%(objectname)%00%(upstream:track)%00%(upstream:remotename)%00%(upstream:remoteref) refs/heads/main refs/remotes/main [1ms]
2024-07-26 14:06:40.802 [info] > git status -z -uall [3ms]
2024-07-26 14:06:41.885 [info] > git config --get commit.template [15ms]
2024-07-26 14:06:41.888 [info] > git for-each-ref --format=%(refname)%00%(upstream:short)%00%(objectname)%00%(upstream:track)%00%(upstream:remotename)%00%(upstream:remoteref) refs/heads/main refs/remotes/main [5ms]
2024-07-26 14:06:41.903 [info] > git status -z -uall [5ms]
2024-07-26 14:06:41.975 [info] > git ls-files --stage -- /home/vicky/Desktop/eventplanner/vicky/docker-compose.yml [5ms]
2024-07-26 14:06:41.989 [info] > git cat-file -s d3066e5406b2aa53a5d45cea240979a40e43421b [3ms]
2024-07-26 14:06:42.005 [info] > git show --textconv :vicky/docker-compose.yml [3ms]
2024-07-26 14:07:01.015 [info] > git config --get commit.template [9ms]
2024-07-26 14:07:01.040 [info] > git for-each-ref --format=%(refname)%00%(upstream:short)%00%(objectname)%00%(upstream:track)%00%(upstream:remotename)%00%(upstream:remoteref) refs/heads/main refs/remotes/main [5ms]
2024-07-26 14:07:01.052 [info] > git status -z -uall [4ms]
2024-07-26 14:08:23.795 [info] > git config --get commit.template [9ms]
2024-07-26 14:08:23.796 [info] > git for-each-ref --format=%(refname)%00%(upstream:short)%00%(objectname)%00%(upstream:track)%00%(upstream:remotename)%00%(upstream:remoteref) refs/heads/main refs/remotes/main [2ms]
2024-07-26 14:08:23.804 [info] > git status -z -uall [3ms]
2024-07-26 14:09:42.028 [info] > git fetch [1216ms]
2024-07-26 14:09:42.043 [info] > git config --get commit.template [7ms]
2024-07-26 14:09:42.044 [info] > git for-each-ref --format=%(refname)%00%(upstream:short)%00%(objectname)%00%(upstream:track)%00%(upstream:remotename)%00%(upstream:remoteref) refs/heads/main refs/remotes/main [2ms]
2024-07-26 14:09:42.051 [info] > git status -z -uall [3ms]
2024-07-26 14:09:42.061 [info] > git ls-files --stage -- /home/vicky/Desktop/eventplanner/vicky/docker-compose.yml [1ms]
2024-07-26 14:09:42.066 [info] > git cat-file -s d3066e5406b2aa53a5d45cea240979a40e43421b [1ms]
2024-07-26 14:09:42.072 [info] > git show --textconv :vicky/docker-compose.yml [1ms]
2024-07-26 14:09:43.107 [info] > git config --get commit.template [6ms]
2024-07-26 14:09:43.108 [info] > git for-each-ref --format=%(refname)%00%(upstream:short)%00%(objectname)%00%(upstream:track)%00%(upstream:remotename)%00%(upstream:remoteref) refs/heads/main refs/remotes/main [2ms]
2024-07-26 14:09:43.118 [info] > git status -z -uall [4ms]
2024-07-26 14:09:43.211 [info] > git ls-files --stage -- /home/vicky/Desktop/eventplanner/vicky/docker-compose.yml [3ms]
2024-07-26 14:09:43.228 [info] > git cat-file -s d3066e5406b2aa53a5d45cea240979a40e43421b [6ms]
2024-07-26 14:09:43.247 [info] > git show --textconv :vicky/docker-compose.yml [3ms]
2024-07-26 14:12:43.274 [info] > git ls-files --stage -- /home/vicky/Desktop/eventplanner/vicky/docker-compose.yml [8ms]
2024-07-26 14:12:43.288 [info] > git cat-file -s d3066e5406b2aa53a5d45cea240979a40e43421b [4ms]
2024-07-26 14:12:43.318 [info] > git show --textconv :vicky/docker-compose.yml [16ms]
2024-07-26 14:12:43.502 [info] > git fetch [1439ms]
2024-07-26 14:12:43.530 [info] > git config --get commit.template [15ms]
2024-07-26 14:12:43.533 [info] > git for-each-ref --format=%(refname)%00%(upstream:short)%00%(objectname)%00%(upstream:track)%00%(upstream:remotename)%00%(upstream:remoteref) refs/heads/main refs/remotes/main [4ms]
2024-07-26 14:12:43.553 [info] > git status -z -uall [8ms]
2024-07-26 14:12:44.603 [info] > git config --get commit.template [16ms]
2024-07-26 14:12:44.606 [info] > git for-each-ref --format=%(refname)%00%(upstream:short)%00%(objectname)%00%(upstream:track)%00%(upstream:remotename)%00%(upstream:remoteref) refs/heads/main refs/remotes/main [5ms]
2024-07-26 14:12:44.618 [info] > git status -z -uall [4ms]
2024-07-26 14:12:44.675 [info] > git ls-files --stage -- /home/vicky/Desktop/eventplanner/vicky/docker-compose.yml [1ms]
2024-07-26 14:12:44.680 [info] > git cat-file -s d3066e5406b2aa53a5d45cea240979a40e43421b [1ms]
2024-07-26 14:12:44.686 [info] > git show --textconv :vicky/docker-compose.yml [1ms]
2024-07-26 14:15:44.760 [info] > git fetch [1167ms]
2024-07-26 14:15:44.794 [info] > git config --get commit.template [16ms]
2024-07-26 14:15:44.796 [info] > git for-each-ref --format=%(refname)%00%(upstream:short)%00%(objectname)%00%(upstream:track)%00%(upstream:remotename)%00%(upstream:remoteref) refs/heads/main refs/remotes/main [2ms]
2024-07-26 14:15:44.807 [info] > git status -z -uall [4ms]
2024-07-26 14:15:44.834 [info] > git ls-files --stage -- /home/vicky/Desktop/eventplanner/vicky/docker-compose.yml [2ms]
2024-07-26 14:15:44.839 [info] > git cat-file -s d3066e5406b2aa53a5d45cea240979a40e43421b [1ms]
2024-07-26 14:15:44.845 [info] > git show --textconv :vicky/docker-compose.yml [1ms]
2024-07-26 14:15:45.869 [info] > git config --get commit.template [16ms]
2024-07-26 14:15:45.871 [info] > git for-each-ref --format=%(refname)%00%(upstream:short)%00%(objectname)%00%(upstream:track)%00%(upstream:remotename)%00%(upstream:remoteref) refs/heads/main refs/remotes/main [3ms]
2024-07-26 14:15:45.888 [info] > git status -z -uall [7ms]
2024-07-26 14:15:45.957 [info] > git ls-files --stage -- /home/vicky/Desktop/eventplanner/vicky/docker-compose.yml [4ms]
2024-07-26 14:15:45.975 [info] > git cat-file -s d3066e5406b2aa53a5d45cea240979a40e43421b [4ms]
2024-07-26 14:15:45.988 [info] > git show --textconv :vicky/docker-compose.yml [3ms]
2024-07-26 14:21:52.141 [info] > git ls-files --stage -- /home/vicky/Desktop/eventplanner/vicky/docker-compose.yml [4ms]
2024-07-26 14:21:52.150 [info] > git cat-file -s d3066e5406b2aa53a5d45cea240979a40e43421b [2ms]
2024-07-26 14:21:52.163 [info] > git show --textconv :vicky/docker-compose.yml [3ms]
2024-07-26 14:21:52.296 [info] > git fetch [1343ms]
2024-07-26 14:21:52.335 [info] > git config --get commit.template [22ms]
2024-07-26 14:21:52.339 [info] > git for-each-ref --format=%(refname)%00%(upstream:short)%00%(objectname)%00%(upstream:track)%00%(upstream:remotename)%00%(upstream:remoteref) refs/heads/main refs/remotes/main [5ms]
2024-07-26 14:21:52.379 [info] > git status -z -uall [22ms]
2024-07-26 14:21:53.496 [info] > git ls-files --stage -- /home/vicky/Desktop/eventplanner/vicky/docker-compose.yml [5ms]
2024-07-26 14:21:53.520 [info] > git cat-file -s d3066e5406b2aa53a5d45cea240979a40e43421b [5ms]
2024-07-26 14:21:53.548 [info] > git show --textconv :vicky/docker-compose.yml [5ms]
2024-07-26 14:24:53.657 [info] > git ls-files --stage -- /home/vicky/Desktop/eventplanner/vicky/docker-compose.yml [1ms]
2024-07-26 14:24:53.663 [info] > git cat-file -s d3066e5406b2aa53a5d45cea240979a40e43421b [2ms]
2024-07-26 14:24:53.670 [info] > git show --textconv :vicky/docker-compose.yml [1ms]
2024-07-26 14:24:53.818 [info] > git fetch [1411ms]
2024-07-26 14:24:53.836 [info] > git config --get commit.template [8ms]
2024-07-26 14:24:53.837 [info] > git for-each-ref --format=%(refname)%00%(upstream:short)%00%(objectname)%00%(upstream:track)%00%(upstream:remotename)%00%(upstream:remoteref) refs/heads/main refs/remotes/main [2ms]
2024-07-26 14:24:53.845 [info] > git status -z -uall [3ms]
2024-07-26 14:24:54.913 [info] > git config --get commit.template [14ms]
2024-07-26 14:24:54.916 [info] > git for-each-ref --format=%(refname)%00%(upstream:short)%00%(objectname)%00%(upstream:track)%00%(upstream:remotename)%00%(upstream:remoteref) refs/heads/main refs/remotes/main [4ms]
2024-07-26 14:24:54.930 [info] > git status -z -uall [5ms]
2024-07-26 14:24:54.990 [info] > git ls-files --stage -- /home/vicky/Desktop/eventplanner/vicky/docker-compose.yml [1ms]
2024-07-26 14:24:54.997 [info] > git cat-file -s d3066e5406b2aa53a5d45cea240979a40e43421b [2ms]
2024-07-26 14:24:55.006 [info] > git show --textconv :vicky/docker-compose.yml [2ms]
2024-07-26 14:27:55.114 [info] > git ls-files --stage -- /home/vicky/Desktop/eventplanner/vicky/docker-compose.yml [2ms]
2024-07-26 14:27:55.119 [info] > git cat-file -s d3066e5406b2aa53a5d45cea240979a40e43421b [1ms]
2024-07-26 14:27:55.126 [info] > git show --textconv :vicky/docker-compose.yml [2ms]
2024-07-26 14:27:55.430 [info] > git fetch [1567ms]
2024-07-26 14:27:55.458 [info] > git config --get commit.template [11ms]
2024-07-26 14:27:55.460 [info] > git for-each-ref --format=%(refname)%00%(upstream:short)%00%(objectname)%00%(upstream:track)%00%(upstream:remotename)%00%(upstream:remoteref) refs/heads/main refs/remotes/main [3ms]
2024-07-26 14:27:55.471 [info] > git status -z -uall [4ms]
2024-07-26 14:28:11.573 [info] > git show --textconv :vicky/vicky/settings.py [8ms]
2024-07-26 14:28:11.574 [info] > git ls-files --stage -- /home/vicky/Desktop/eventplanner/vicky/vicky/settings.py [2ms]
2024-07-26 14:28:11.580 [info] > git cat-file -s 002f7abce2255eccd97b691e5ad67a795d2409a0 [1ms]
2024-07-26 14:29:15.252 [info] > git config --get commit.template [10ms]
2024-07-26 14:29:15.269 [info] > git for-each-ref --format=%(refname)%00%(upstream:short)%00%(objectname)%00%(upstream:track)%00%(upstream:remotename)%00%(upstream:remoteref) refs/heads/main refs/remotes/main [2ms]
2024-07-26 14:29:15.269 [info] > git ls-files --stage -- /home/vicky/Desktop/eventplanner/vicky/vicky/settings.py [18ms]
2024-07-26 14:29:15.284 [info] > git cat-file -s 002f7abce2255eccd97b691e5ad67a795d2409a0 [6ms]
2024-07-26 14:29:15.287 [info] > git status -z -uall [3ms]
2024-07-26 14:29:15.318 [info] > git show --textconv :vicky/vicky/settings.py [2ms]
2024-07-26 14:30:21.596 [info] > git config --get commit.template [7ms]
2024-07-26 14:30:21.597 [info] > git for-each-ref --format=%(refname)%00%(upstream:short)%00%(objectname)%00%(upstream:track)%00%(upstream:remotename)%00%(upstream:remoteref) refs/heads/main refs/remotes/main [2ms]
2024-07-26 14:30:21.606 [info] > git status -z -uall [3ms]
2024-07-26 14:30:55.354 [info] > git config --get commit.template [7ms]
2024-07-26 14:30:55.355 [info] > git for-each-ref --format=%(refname)%00%(upstream:short)%00%(objectname)%00%(upstream:track)%00%(upstream:remotename)%00%(upstream:remoteref) refs/heads/main refs/remotes/main [1ms]
2024-07-26 14:30:55.365 [info] > git status -z -uall [3ms]
2024-07-26 14:30:56.725 [info] > git ls-files --stage -- /home/vicky/Desktop/eventplanner/vicky/vicky/settings.py [7ms]
2024-07-26 14:30:56.739 [info] > git cat-file -s 002f7abce2255eccd97b691e5ad67a795d2409a0 [3ms]
2024-07-26 14:30:56.751 [info] > git show --textconv :vicky/vicky/settings.py [1ms]
2024-07-26 14:30:56.941 [info] > git fetch [1456ms]
2024-07-26 14:30:56.981 [info] > git config --get commit.template [22ms]
2024-07-26 14:30:56.983 [info] > git for-each-ref --format=%(refname)%00%(upstream:short)%00%(objectname)%00%(upstream:track)%00%(upstream:remotename)%00%(upstream:remoteref) refs/heads/main refs/remotes/main [6ms]
2024-07-26 14:30:57.014 [info] > git status -z -uall [12ms]
2024-07-26 14:34:55.928 [info] > git config --get commit.template [15ms]
2024-07-26 14:34:55.936 [info] > git ls-files --stage -- /home/vicky/Desktop/eventplanner/vicky/vicky/settings.py [9ms]
2024-07-26 14:34:55.943 [info] > git for-each-ref --format=%(refname)%00%(upstream:short)%00%(objectname)%00%(upstream:track)%00%(upstream:remotename)%00%(upstream:remoteref) refs/heads/main refs/remotes/main [7ms]
2024-07-26 14:34:55.952 [info] > git cat-file -s 002f7abce2255eccd97b691e5ad67a795d2409a0 [9ms]
2024-07-26 14:34:55.959 [info] > git status -z -uall [8ms]
2024-07-26 14:34:55.962 [info] > git show --textconv :vicky/vicky/settings.py [4ms]
2024-07-26 14:34:57.120 [info] > git ls-files --stage -- /home/vicky/Desktop/eventplanner/vicky/vicky/settings.py [6ms]
2024-07-26 14:34:57.146 [info] > git cat-file -s 002f7abce2255eccd97b691e5ad67a795d2409a0 [5ms]
2024-07-26 14:34:57.175 [info] > git show --textconv :vicky/vicky/settings.py [6ms]
2024-07-26 14:34:57.351 [info] > git fetch [1450ms]
2024-07-26 14:34:57.390 [info] > git config --get commit.template [20ms]
2024-07-26 14:34:57.393 [info] > git for-each-ref --format=%(refname)%00%(upstream:short)%00%(objectname)%00%(upstream:track)%00%(upstream:remotename)%00%(upstream:remoteref) refs/heads/main refs/remotes/main [6ms]
2024-07-26 14:34:57.427 [info] > git status -z -uall [11ms]
2024-07-26 14:34:58.543 [info] > git ls-files --stage -- /home/vicky/Desktop/eventplanner/vicky/vicky/settings.py [5ms]
2024-07-26 14:34:58.561 [info] > git cat-file -s 002f7abce2255eccd97b691e5ad67a795d2409a0 [4ms]
2024-07-26 14:34:58.584 [info] > git show --textconv :vicky/vicky/settings.py [4ms]
