2024-07-26 13:43:46.520 [info] Added views:workbench.panel.markers.view in workbench.panel.markers
2024-07-26 13:43:46.520 [info] Added views:workbench.panel.output in workbench.panel.output
2024-07-26 13:43:46.520 [info] Added views:terminal in terminal
2024-07-26 13:43:46.520 [info] Added views:outline in workbench.view.explorer
2024-07-26 13:43:46.520 [info] Added views:workbench.scm in workbench.view.scm
2024-07-26 13:43:46.520 [info] Added views:workbench.view.search in workbench.view.search
2024-07-26 13:43:46.520 [info] Added views:timeline in workbench.view.explorer
2024-07-26 13:43:46.520 [info] Added views:workbench.explorer.fileView in workbench.view.explorer
2024-07-26 13:43:46.855 [info] Added views:workbench.debug.welcome in workbench.view.debug
2024-07-26 13:43:47.147 [info] Added views:com.genuitec.codetogether.presence.treeview,com.genuitec.codetogether.team.treeview in workbench.view.extension.genuitec-codetogether-presence
2024-07-26 13:43:47.147 [info] Added views:dockerContainers,dockerImages,dockerRegistries,dockerNetworks,dockerVolumes,vscode-docker.views.dockerContexts,vscode-docker.views.help in workbench.view.extension.dockerView
2024-07-26 13:43:47.148 [info] Added views:targetsContainers,devVolumes in workbench.view.remote
2024-07-26 13:43:47.148 [info] Added views:liveshare.session in workbench.view.extension.liveshare
2024-07-26 13:43:47.149 [info] Added views:thunder-client-sidebar in workbench.view.extension.thunder-client
2024-07-26 13:43:47.515 [info] Added views:workbench.panel.repl.view in workbench.panel.repl
2024-07-26 13:43:47.988 [info] Added views:workbench.view.testing in workbench.view.extension.test
2024-07-26 13:43:48.958 [info] Added views:~remote.forwardedPorts in ~remote.forwardedPortsContainer
2024-07-26 13:43:49.806 [info] Removed views:com.genuitec.codetogether.presence.treeview from workbench.view.extension.genuitec-codetogether-presence
2024-07-26 13:43:49.806 [info] Added views:ct-presence in workbench.view.extension.genuitec-codetogether-presence
2024-07-26 14:36:14.494 [info] Removed views:workbench.view.testing from workbench.view.extension.test
