2024-07-28 12:26:11.288 [info] Starting Python Locator /home/vicky/.vscode/extensions/ms-python.python-2024.10.0-linux-x64/python-env-tools/bin/pet server
2024-07-28 12:26:11.288 [info] Started Refreshing Environments
2024-07-28 12:26:11.298 [info] Discovered env: /home/vicky/Desktop/eventplanner/vicky/venv/bin/python
2024-07-28 12:26:11.338 [info] Discovered env: /home/vicky/.local/share/virtualenvs/Django-Ecommerce-hiiekVe3/bin/python
2024-07-28 12:26:11.489 [info] Discovered env: /bin/python
2024-07-28 12:26:11.530 [info] Discovered env: /usr/bin/python
2024-07-28 12:26:12.732 [warning] Unknown Env ("/snap/bin/python38") in Path resolved as ResolvedPythonEnv { executable: "/snap/python38/22/usr/bin/python3.8", prefix: "/snap/python38/22/usr", version: "3.8.0.final.0", is64_bit: true, symlink: Some(["/snap/bin/python38"]) } and reported as GlobalPaths
2024-07-28 12:26:12.732 [warning] Unknown Env ("/snap/bin/python38") in Path resolved as ResolvedPythonEnv { executable: "/snap/python38/22/usr/bin/python3.8", prefix: "/snap/python38/22/usr", version: "3.8.0.final.0", is64_bit: true, symlink: Some(["/snap/bin/python38"]) } and reported as GlobalPaths
2024-07-28 12:26:12.733 [info] Discovered env: /snap/python38/22/usr/bin/python3.8
2024-07-28 12:26:12.733 [info] Locator Conda took 65.167509ms
2024-07-28 12:26:12.733 [info] Locator Homebrew took 40.744µs
2024-07-28 12:26:12.733 [info] Locator LinuxGlobalPython took 232.163561ms
2024-07-28 12:26:12.733 [info] Locator PipEnv took 236ns
2024-07-28 12:26:12.733 [info] Locator Poetry took 398.793µs
2024-07-28 12:26:12.733 [info] Locator PyEnv took 456.936µs
2024-07-28 12:26:12.733 [info] Locator Venv took 475ns
2024-07-28 12:26:12.733 [info] Locator VirtualEnv took 453ns
2024-07-28 12:26:12.733 [info] Locator VirtualEnvWrapper took 5.088µs
2024-07-28 12:26:12.733 [info] Environments found using locators in 239.594726ms
2024-07-28 12:26:12.733 [info] Environments in PATH found in 2.050006174s
2024-07-28 12:26:12.733 [info] Environments in global virtual env paths found in 51.488094ms
2024-07-28 12:26:12.733 [info] Environments in custom search paths found in 48.213407ms
2024-07-28 12:26:12.733 [info] Refresh completed in 2051ms
