1.2;wine_gecko-1.0.0-x86.cab;;9c5c335fc077c0558561afaf25a09e51;
1.2-rc1;wine_gecko-1.0.0-x86.cab;;9c5c335fc077c0558561afaf25a09e51;
1.2-rc2;wine_gecko-1.0.0-x86.cab;;9c5c335fc077c0558561afaf25a09e51;
1.2-rc3;wine_gecko-1.0.0-x86.cab;;9c5c335fc077c0558561afaf25a09e51;
1.2-rc4;wine_gecko-1.0.0-x86.cab;;9c5c335fc077c0558561afaf25a09e51;
1.2-rc5;wine_gecko-1.0.0-x86.cab;;9c5c335fc077c0558561afaf25a09e51;
1.2-rc6;wine_gecko-1.0.0-x86.cab;;9c5c335fc077c0558561afaf25a09e51;
1.2-rc7;wine_gecko-1.0.0-x86.cab;;9c5c335fc077c0558561afaf25a09e51;
1.2.1;wine_gecko-1.0.0-x86.cab;;9c5c335fc077c0558561afaf25a09e51;
1.2.2;wine_gecko-1.0.0-x86.cab;;9c5c335fc077c0558561afaf25a09e51;
1.2.3;wine_gecko-1.0.0-x86.cab;;9c5c335fc077c0558561afaf25a09e51;
1.3.0;wine_gecko-1.0.0-x86.cab;;9c5c335fc077c0558561afaf25a09e51;
1.3.1;wine_gecko-1.0.0-x86.cab;;9c5c335fc077c0558561afaf25a09e51;
1.3.10;wine_gecko-1.1.0-x86.cab;wine_gecko-1.1.0-x86_64.cab;7217cb91106f2efd85d6d1a84f5ee305;6005df85ed436aa8b1132414aff8ce8e
1.3.11;wine_gecko-1.1.0-x86.cab;wine_gecko-1.1.0-x86_64.cab;7217cb91106f2efd85d6d1a84f5ee305;6005df85ed436aa8b1132414aff8ce8e
1.3.12;wine_gecko-1.1.0-x86.cab;wine_gecko-1.1.0-x86_64.cab;7217cb91106f2efd85d6d1a84f5ee305;6005df85ed436aa8b1132414aff8ce8e
1.3.13;wine_gecko-1.1.0-x86.cab;wine_gecko-1.1.0-x86_64.cab;7217cb91106f2efd85d6d1a84f5ee305;6005df85ed436aa8b1132414aff8ce8e
1.3.14;wine_gecko-1.1.0-x86.cab;wine_gecko-1.1.0-x86_64.cab;7217cb91106f2efd85d6d1a84f5ee305;6005df85ed436aa8b1132414aff8ce8e
1.3.15;wine_gecko-1.1.0-x86.cab;wine_gecko-1.1.0-x86_64.cab;7217cb91106f2efd85d6d1a84f5ee305;6005df85ed436aa8b1132414aff8ce8e
1.3.16;wine_gecko-1.2.0-x86.msi;wine_gecko-1.2.0-x86_64.msi;f2ed548494c86c511892b1c02491c8c4;26489d8d1dfa34b5783b3e567edcaa9f
1.3.17;wine_gecko-1.2.0-x86.msi;wine_gecko-1.2.0-x86_64.msi;f2ed548494c86c511892b1c02491c8c4;26489d8d1dfa34b5783b3e567edcaa9f
1.3.18;wine_gecko-1.2.0-x86.msi;wine_gecko-1.2.0-x86_64.msi;f2ed548494c86c511892b1c02491c8c4;26489d8d1dfa34b5783b3e567edcaa9f
1.3.19;wine_gecko-1.2.0-x86.msi;wine_gecko-1.2.0-x86_64.msi;f2ed548494c86c511892b1c02491c8c4;26489d8d1dfa34b5783b3e567edcaa9f
1.3.2;wine_gecko-1.1.0-x86.cab;wine_gecko-1.1.0-x86_64.cab;7217cb91106f2efd85d6d1a84f5ee305;6005df85ed436aa8b1132414aff8ce8e
1.3.20;wine_gecko-1.2.0-x86.msi;wine_gecko-1.2.0-x86_64.msi;f2ed548494c86c511892b1c02491c8c4;26489d8d1dfa34b5783b3e567edcaa9f
1.3.21;wine_gecko-1.2.0-x86.msi;wine_gecko-1.2.0-x86_64.msi;f2ed548494c86c511892b1c02491c8c4;26489d8d1dfa34b5783b3e567edcaa9f
1.3.22;wine_gecko-1.2.0-x86.msi;wine_gecko-1.2.0-x86_64.msi;f2ed548494c86c511892b1c02491c8c4;26489d8d1dfa34b5783b3e567edcaa9f
1.3.23;wine_gecko-1.2.0-x86.msi;wine_gecko-1.2.0-x86_64.msi;f2ed548494c86c511892b1c02491c8c4;26489d8d1dfa34b5783b3e567edcaa9f
1.3.24;wine_gecko-1.2.0-x86.msi;wine_gecko-1.2.0-x86_64.msi;f2ed548494c86c511892b1c02491c8c4;26489d8d1dfa34b5783b3e567edcaa9f
1.3.25;wine_gecko-1.2.0-x86.msi;wine_gecko-1.2.0-x86_64.msi;f2ed548494c86c511892b1c02491c8c4;26489d8d1dfa34b5783b3e567edcaa9f
1.3.26;wine_gecko-1.2.0-x86.msi;wine_gecko-1.2.0-x86_64.msi;f2ed548494c86c511892b1c02491c8c4;26489d8d1dfa34b5783b3e567edcaa9f
1.3.27;wine_gecko-1.3-x86.msi;wine_gecko-1.3-x86_64.msi;9e21684bb68d016b837744d53abb2fde;49a1155adca77cda4321e4fd40062373
1.3.28;wine_gecko-1.3-x86.msi;wine_gecko-1.3-x86_64.msi;9e21684bb68d016b837744d53abb2fde;49a1155adca77cda4321e4fd40062373
1.3.29;wine_gecko-1.3-x86.msi;wine_gecko-1.3-x86_64.msi;9e21684bb68d016b837744d53abb2fde;49a1155adca77cda4321e4fd40062373
1.3.30;wine_gecko-1.3-x86.msi;wine_gecko-1.3-x86_64.msi;9e21684bb68d016b837744d53abb2fde;49a1155adca77cda4321e4fd40062373
1.3.3;wine_gecko-1.1.0-x86.cab;wine_gecko-1.1.0-x86_64.cab;7217cb91106f2efd85d6d1a84f5ee305;6005df85ed436aa8b1132414aff8ce8e
1.3.31;wine_gecko-1.3-x86.msi;wine_gecko-1.3-x86_64.msi;9e21684bb68d016b837744d53abb2fde;49a1155adca77cda4321e4fd40062373
1.3.32;wine_gecko-1.3-x86.msi;wine_gecko-1.3-x86_64.msi;9e21684bb68d016b837744d53abb2fde;49a1155adca77cda4321e4fd40062373
1.3.33;wine_gecko-1.4-x86.msi;wine_gecko-1.4-x86_64.msi;700aaa08724be1992cffed7b87e79a44;7b4811f667fd01d300fdff68420a9c72
1.3.34;wine_gecko-1.4-x86.msi;wine_gecko-1.4-x86_64.msi;700aaa08724be1992cffed7b87e79a44;7b4811f667fd01d300fdff68420a9c72
1.3.35;wine_gecko-1.4-x86.msi;wine_gecko-1.4-x86_64.msi;700aaa08724be1992cffed7b87e79a44;7b4811f667fd01d300fdff68420a9c72
1.3.36;wine_gecko-1.4-x86.msi;wine_gecko-1.4-x86_64.msi;700aaa08724be1992cffed7b87e79a44;7b4811f667fd01d300fdff68420a9c72
1.3.37;wine_gecko-1.4-x86.msi;wine_gecko-1.4-x86_64.msi;700aaa08724be1992cffed7b87e79a44;7b4811f667fd01d300fdff68420a9c72
1.3.4;wine_gecko-1.4-x86.msi;wine_gecko-1.4-x86_64.msi;700aaa08724be1992cffed7b87e79a44;7b4811f667fd01d300fdff68420a9c72
1.3.5;wine_gecko-1.4-x86.msi;wine_gecko-1.4-x86_64.msi;700aaa08724be1992cffed7b87e79a44;7b4811f667fd01d300fdff68420a9c72
1.3.6;wine_gecko-1.4-x86.msi;wine_gecko-1.4-x86_64.msi;700aaa08724be1992cffed7b87e79a44;7b4811f667fd01d300fdff68420a9c72
1.3.7;wine_gecko-1.4-x86.msi;wine_gecko-1.4-x86_64.msi;700aaa08724be1992cffed7b87e79a44;7b4811f667fd01d300fdff68420a9c72
1.3.8;wine_gecko-1.4-x86.msi;wine_gecko-1.4-x86_64.msi;700aaa08724be1992cffed7b87e79a44;7b4811f667fd01d300fdff68420a9c72
1.3.9;wine_gecko-1.4-x86.msi;wine_gecko-1.4-x86_64.msi;700aaa08724be1992cffed7b87e79a44;7b4811f667fd01d300fdff68420a9c72
1.4;wine_gecko-1.4-x86.msi;wine_gecko-1.4-x86_64.msi;700aaa08724be1992cffed7b87e79a44;7b4811f667fd01d300fdff68420a9c72
1.4-rc1;wine_gecko-1.4-x86.msi;wine_gecko-1.4-x86_64.msi;700aaa08724be1992cffed7b87e79a44;7b4811f667fd01d300fdff68420a9c72
1.4-rc2;wine_gecko-1.4-x86.msi;wine_gecko-1.4-x86_64.msi;700aaa08724be1992cffed7b87e79a44;7b4811f667fd01d300fdff68420a9c72
1.4-rc3;wine_gecko-1.4-x86.msi;wine_gecko-1.4-x86_64.msi;700aaa08724be1992cffed7b87e79a44;7b4811f667fd01d300fdff68420a9c72
1.4-rc4;wine_gecko-1.4-x86.msi;wine_gecko-1.4-x86_64.msi;700aaa08724be1992cffed7b87e79a44;7b4811f667fd01d300fdff68420a9c72
1.4-rc5;wine_gecko-1.4-x86.msi;wine_gecko-1.4-x86_64.msi;700aaa08724be1992cffed7b87e79a44;7b4811f667fd01d300fdff68420a9c72
1.4-rc6;wine_gecko-1.4-x86.msi;wine_gecko-1.4-x86_64.msi;700aaa08724be1992cffed7b87e79a44;7b4811f667fd01d300fdff68420a9c72
1.5.0;wine_gecko-1.5-x86.msi;wine_gecko-1.5-x86_64.msi;ffb862e3e5f66555e058b7a29a1c62ff;d244f8a4b7a5d5a6b0698306091eb7e7
1.5.1;wine_gecko-1.5-x86.msi;wine_gecko-1.5-x86_64.msi;ffb862e3e5f66555e058b7a29a1c62ff;d244f8a4b7a5d5a6b0698306091eb7e7
1.5.2;wine_gecko-1.5-x86.msi;wine_gecko-1.5-x86_64.msi;ffb862e3e5f66555e058b7a29a1c62ff;d244f8a4b7a5d5a6b0698306091eb7e7
1.5.3;wine_gecko-1.5-x86.msi;wine_gecko-1.5-x86_64.msi;ffb862e3e5f66555e058b7a29a1c62ff;d244f8a4b7a5d5a6b0698306091eb7e7
1.5.4;wine_gecko-1.5-x86.msi;wine_gecko-1.5-x86_64.msi;ffb862e3e5f66555e058b7a29a1c62ff;d244f8a4b7a5d5a6b0698306091eb7e7
1.5.5;wine_gecko-1.5-x86.msi;wine_gecko-1.5-x86_64.msi;ffb862e3e5f66555e058b7a29a1c62ff;d244f8a4b7a5d5a6b0698306091eb7e7
1.5.6;wine_gecko-1.5-x86.msi;wine_gecko-1.5-x86_64.msi;ffb862e3e5f66555e058b7a29a1c62ff;d244f8a4b7a5d5a6b0698306091eb7e7
1.4.1;wine_gecko-1.4-x86.msi;wine_gecko-1.4-x86_64.msi;700aaa08724be1992cffed7b87e79a44;7b4811f667fd01d300fdff68420a9c72
1.5.7;wine_gecko-1.6-x86.msi;wine_gecko-1.6-x86_64.msi;8542fe0e03af053534bca65a74f58f91;ee638810f38d33d28c1de023637118ab
1.5.8;wine_gecko-1.6-x86.msi;wine_gecko-1.6-x86_64.msi;8542fe0e03af053534bca65a74f58f91;ee638810f38d33d28c1de023637118ab
1.5.9;wine_gecko-1.6-x86.msi;wine_gecko-1.6-x86_64.msi;8542fe0e03af053534bca65a74f58f91;ee638810f38d33d28c1de023637118ab
1.5.10;wine_gecko-1.7-x86.msi;wine_gecko-1.7-x86_64.msi;2f69934abb13dcea0224baf4b4665700;903d682ef2b4ef31d256d1bf56d17d08
1.5.11;wine_gecko-1.7-x86.msi;wine_gecko-1.7-x86_64.msi;2f69934abb13dcea0224baf4b4665700;903d682ef2b4ef31d256d1bf56d17d08
1.5.12;wine_gecko-1.7-x86.msi;wine_gecko-1.7-x86_64.msi;2f69934abb13dcea0224baf4b4665700;903d682ef2b4ef31d256d1bf56d17d08
1.5.13;wine_gecko-1.7-x86.msi;wine_gecko-1.7-x86_64.msi;2f69934abb13dcea0224baf4b4665700;903d682ef2b4ef31d256d1bf56d17d08
1.5.14;wine_gecko-1.7-x86.msi;wine_gecko-1.7-x86_64.msi;2f69934abb13dcea0224baf4b4665700;903d682ef2b4ef31d256d1bf56d17d08
1.5.15;wine_gecko-1.8-x86.msi;wine_gecko-1.8-x86_64.msi;c2f19f07e399d8b9d75a14f37fdddca7;5ce40ef8e3fd56d2c8c4e8d938f10f7b
1.5.16;wine_gecko-1.8-x86.msi;wine_gecko-1.8-x86_64.msi;c2f19f07e399d8b9d75a14f37fdddca7;5ce40ef8e3fd56d2c8c4e8d938f10f7b
1.5.17;wine_gecko-1.8-x86.msi;wine_gecko-1.8-x86_64.msi;c2f19f07e399d8b9d75a14f37fdddca7;5ce40ef8e3fd56d2c8c4e8d938f10f7b
1.5.18;wine_gecko-1.8-x86.msi;wine_gecko-1.8-x86_64.msi;c2f19f07e399d8b9d75a14f37fdddca7;5ce40ef8e3fd56d2c8c4e8d938f10f7b
1.5.19;wine_gecko-1.8-x86.msi;wine_gecko-1.8-x86_64.msi;c2f19f07e399d8b9d75a14f37fdddca7;5ce40ef8e3fd56d2c8c4e8d938f10f7b
1.5.20;wine_gecko-1.8-x86.msi;wine_gecko-1.8-x86_64.msi;c2f19f07e399d8b9d75a14f37fdddca7;5ce40ef8e3fd56d2c8c4e8d938f10f7b
1.5.21;wine_gecko-1.8-x86.msi;wine_gecko-1.8-x86_64.msi;c2f19f07e399d8b9d75a14f37fdddca7;5ce40ef8e3fd56d2c8c4e8d938f10f7b
1.5.22;wine_gecko-1.9-x86.msi;wine_gecko-1.9-x86_64.msi;54a6418e2469fad5c4374a35ea54cf1a;9f870bef3aa17b3de06c8d36be5508f2
1.5.23;wine_gecko-1.9-x86.msi;wine_gecko-1.9-x86_64.msi;54a6418e2469fad5c4374a35ea54cf1a;9f870bef3aa17b3de06c8d36be5508f2
1.5.24;wine_gecko-1.9-x86.msi;wine_gecko-1.9-x86_64.msi;54a6418e2469fad5c4374a35ea54cf1a;9f870bef3aa17b3de06c8d36be5508f2
1.5.25;wine_gecko-1.9-x86.msi;wine_gecko-1.9-x86_64.msi;54a6418e2469fad5c4374a35ea54cf1a;9f870bef3aa17b3de06c8d36be5508f2
1.5.26;wine_gecko-1.9-x86.msi;wine_gecko-1.9-x86_64.msi;54a6418e2469fad5c4374a35ea54cf1a;9f870bef3aa17b3de06c8d36be5508f2
1.5.27;wine_gecko-1.9-x86.msi;wine_gecko-1.9-x86_64.msi;54a6418e2469fad5c4374a35ea54cf1a;9f870bef3aa17b3de06c8d36be5508f2
1.5.28;wine_gecko-1.9-x86.msi;wine_gecko-1.9-x86_64.msi;54a6418e2469fad5c4374a35ea54cf1a;9f870bef3aa17b3de06c8d36be5508f2
1.5.29;wine_gecko-1.9-x86.msi;wine_gecko-1.9-x86_64.msi;54a6418e2469fad5c4374a35ea54cf1a;9f870bef3aa17b3de06c8d36be5508f2
1.5.30;wine_gecko-1.9-x86.msi;wine_gecko-1.9-x86_64.msi;54a6418e2469fad5c4374a35ea54cf1a;9f870bef3aa17b3de06c8d36be5508f2
1.5.31;wine_gecko-2.21-x86.msi;wine_gecko-2.21-x86_64.msi;432eb3a2d05c3f07df67864f53c87c60;580bbabde1ec99ba9caa439c2dbca3f6
1.6-rc1;wine_gecko-2.21-x86.msi;wine_gecko-2.21-x86_64.msi;432eb3a2d05c3f07df67864f53c87c60;580bbabde1ec99ba9caa439c2dbca3f6
1.6-rc2;wine_gecko-2.21-x86.msi;wine_gecko-2.21-x86_64.msi;432eb3a2d05c3f07df67864f53c87c60;580bbabde1ec99ba9caa439c2dbca3f6
1.6-rc3;wine_gecko-2.21-x86.msi;wine_gecko-2.21-x86_64.msi;432eb3a2d05c3f07df67864f53c87c60;580bbabde1ec99ba9caa439c2dbca3f6
1.6-rc4;wine_gecko-2.21-x86.msi;wine_gecko-2.21-x86_64.msi;432eb3a2d05c3f07df67864f53c87c60;580bbabde1ec99ba9caa439c2dbca3f6
1.6-rc5;wine_gecko-2.21-x86.msi;wine_gecko-2.21-x86_64.msi;432eb3a2d05c3f07df67864f53c87c60;580bbabde1ec99ba9caa439c2dbca3f6
1.6;wine_gecko-2.21-x86.msi;wine_gecko-2.21-x86_64.msi;432eb3a2d05c3f07df67864f53c87c60;580bbabde1ec99ba9caa439c2dbca3f6
1.7.0;wine_gecko-2.21-x86.msi;wine_gecko-2.21-x86_64.msi;432eb3a2d05c3f07df67864f53c87c60;580bbabde1ec99ba9caa439c2dbca3f6
1.7.1;wine_gecko-2.21-x86.msi;wine_gecko-2.21-x86_64.msi;432eb3a2d05c3f07df67864f53c87c60;580bbabde1ec99ba9caa439c2dbca3f6
1.7.2;wine_gecko-2.21-x86.msi;wine_gecko-2.21-x86_64.msi;432eb3a2d05c3f07df67864f53c87c60;580bbabde1ec99ba9caa439c2dbca3f6
1.7.3;wine_gecko-2.24-x86.msi;wine_gecko-2.24-x86_64.msi;766bb034172f7f0a97443951a02a0df8;1912fd191872c72d5f562283e44e8ab4
1.7.4;wine_gecko-2.24-x86.msi;wine_gecko-2.24-x86_64.msi;766bb034172f7f0a97443951a02a0df8;1912fd191872c72d5f562283e44e8ab4
1.7.5;wine_gecko-2.24-x86.msi;wine_gecko-2.24-x86_64.msi;766bb034172f7f0a97443951a02a0df8;1912fd191872c72d5f562283e44e8ab4
1.7.6;wine_gecko-2.24-x86.msi;wine_gecko-2.24-x86_64.msi;766bb034172f7f0a97443951a02a0df8;1912fd191872c72d5f562283e44e8ab4
1.6.1;wine_gecko-2.24-x86.msi;wine_gecko-2.24-x86_64.msi;766bb034172f7f0a97443951a02a0df8;1912fd191872c72d5f562283e44e8ab4
1.7.7;wine_gecko-2.24-x86.msi;wine_gecko-2.24-x86_64.msi;766bb034172f7f0a97443951a02a0df8;1912fd191872c72d5f562283e44e8ab4
1.7.8;wine_gecko-2.24-x86.msi;wine_gecko-2.24-x86_64.msi;766bb034172f7f0a97443951a02a0df8;1912fd191872c72d5f562283e44e8ab4
1.7.9;wine_gecko-2.24-x86.msi;wine_gecko-2.24-x86_64.msi;766bb034172f7f0a97443951a02a0df8;1912fd191872c72d5f562283e44e8ab4
1.7.10;wine_gecko-2.24-x86.msi;wine_gecko-2.24-x86_64.msi;766bb034172f7f0a97443951a02a0df8;1912fd191872c72d5f562283e44e8ab4
1.6.2;wine_gecko-2.24-x86.msi;wine_gecko-2.24-x86_64.msi;766bb034172f7f0a97443951a02a0df8;1912fd191872c72d5f562283e44e8ab4
1.7.11;wine_gecko-2.24-x86.msi;wine_gecko-2.24-x86_64.msi;766bb034172f7f0a97443951a02a0df8;1912fd191872c72d5f562283e44e8ab4
1.7.12;wine_gecko-2.24-x86.msi;wine_gecko-2.24-x86_64.msi;766bb034172f7f0a97443951a02a0df8;1912fd191872c72d5f562283e44e8ab4
1.7.13;wine_gecko-2.24-x86.msi;wine_gecko-2.24-x86_64.msi;766bb034172f7f0a97443951a02a0df8;1912fd191872c72d5f562283e44e8ab4
1.7.14;wine_gecko-2.24-x86.msi;wine_gecko-2.24-x86_64.msi;766bb034172f7f0a97443951a02a0df8;1912fd191872c72d5f562283e44e8ab4
1.7.15;wine_gecko-2.24-x86.msi;wine_gecko-2.24-x86_64.msi;766bb034172f7f0a97443951a02a0df8;1912fd191872c72d5f562283e44e8ab4
1.7.16;wine_gecko-2.24-x86.msi;wine_gecko-2.24-x86_64.msi;766bb034172f7f0a97443951a02a0df8;1912fd191872c72d5f562283e44e8ab4
1.7.17;wine_gecko-2.24-x86.msi;wine_gecko-2.24-x86_64.msi;766bb034172f7f0a97443951a02a0df8;1912fd191872c72d5f562283e44e8ab4
1.7.18;wine_gecko-2.24-x86.msi;wine_gecko-2.24-x86_64.msi;766bb034172f7f0a97443951a02a0df8;1912fd191872c72d5f562283e44e8ab4
1.7.19;wine_gecko-2.24-x86.msi;wine_gecko-2.24-x86_64.msi;766bb034172f7f0a97443951a02a0df8;1912fd191872c72d5f562283e44e8ab4
1.7.20;wine_gecko-2.24-x86.msi;wine_gecko-2.24-x86_64.msi;766bb034172f7f0a97443951a02a0df8;1912fd191872c72d5f562283e44e8ab4
1.7.21;wine_gecko-2.24-x86.msi;wine_gecko-2.24-x86_64.msi;766bb034172f7f0a97443951a02a0df8;1912fd191872c72d5f562283e44e8ab4
1.7.22;wine_gecko-2.24-x86.msi;wine_gecko-2.24-x86_64.msi;766bb034172f7f0a97443951a02a0df8;1912fd191872c72d5f562283e44e8ab4
1.7.23;wine_gecko-2.24-x86.msi;wine_gecko-2.24-x86_64.msi;766bb034172f7f0a97443951a02a0df8;1912fd191872c72d5f562283e44e8ab4
1.7.24;wine_gecko-2.24-x86.msi;wine_gecko-2.24-x86_64.msi;766bb034172f7f0a97443951a02a0df8;1912fd191872c72d5f562283e44e8ab4
1.7.25;wine_gecko-2.24-x86.msi;wine_gecko-2.24-x86_64.msi;766bb034172f7f0a97443951a02a0df8;1912fd191872c72d5f562283e44e8ab4
1.7.26;wine_gecko-2.24-x86.msi;wine_gecko-2.24-x86_64.msi;766bb034172f7f0a97443951a02a0df8;1912fd191872c72d5f562283e44e8ab4
1.7.27;wine_gecko-2.24-x86.msi;wine_gecko-2.24-x86_64.msi;766bb034172f7f0a97443951a02a0df8;1912fd191872c72d5f562283e44e8ab4
1.7.28;wine_gecko-2.24-x86.msi;wine_gecko-2.24-x86_64.msi;766bb034172f7f0a97443951a02a0df8;1912fd191872c72d5f562283e44e8ab4
1.7.29;wine_gecko-2.24-x86.msi;wine_gecko-2.24-x86_64.msi;766bb034172f7f0a97443951a02a0df8;1912fd191872c72d5f562283e44e8ab4
1.7.30;wine_gecko-2.24-x86.msi;wine_gecko-2.24-x86_64.msi;766bb034172f7f0a97443951a02a0df8;1912fd191872c72d5f562283e44e8ab4
1.7.31;wine_gecko-2.34-x86.msi;wine_gecko-2.34-x86_64.msi;54bd9d6b4fdcd556d89b4ef83c31ac8c;2b658806733be574309c418f6c0d4cba
1.7.32;wine_gecko-2.34-x86.msi;wine_gecko-2.34-x86_64.msi;54bd9d6b4fdcd556d89b4ef83c31ac8c;2b658806733be574309c418f6c0d4cba
1.7.33;wine_gecko-2.34-x86.msi;wine_gecko-2.34-x86_64.msi;54bd9d6b4fdcd556d89b4ef83c31ac8c;2b658806733be574309c418f6c0d4cba
1.7.34;wine_gecko-2.34-x86.msi;wine_gecko-2.34-x86_64.msi;54bd9d6b4fdcd556d89b4ef83c31ac8c;2b658806733be574309c418f6c0d4cba
1.7.35;wine_gecko-2.34-x86.msi;wine_gecko-2.34-x86_64.msi;54bd9d6b4fdcd556d89b4ef83c31ac8c;2b658806733be574309c418f6c0d4cba
1.7.36;wine_gecko-2.34-x86.msi;wine_gecko-2.34-x86_64.msi;54bd9d6b4fdcd556d89b4ef83c31ac8c;2b658806733be574309c418f6c0d4cba
1.7.37;wine_gecko-2.34-x86.msi;wine_gecko-2.34-x86_64.msi;54bd9d6b4fdcd556d89b4ef83c31ac8c;2b658806733be574309c418f6c0d4cba
1.7.38;wine_gecko-2.36-x86.msi;wine_gecko-2.36-x86_64.msi;490668a7f1cb42ceba56208bfe51334f;7f0826b2592d35129c54bcbf612eea63
1.7.39;wine_gecko-2.36-x86.msi;wine_gecko-2.36-x86_64.msi;490668a7f1cb42ceba56208bfe51334f;7f0826b2592d35129c54bcbf612eea63
1.7.40;wine_gecko-2.36-x86.msi;wine_gecko-2.36-x86_64.msi;490668a7f1cb42ceba56208bfe51334f;7f0826b2592d35129c54bcbf612eea63
1.7.41;wine_gecko-2.36-x86.msi;wine_gecko-2.36-x86_64.msi;490668a7f1cb42ceba56208bfe51334f;7f0826b2592d35129c54bcbf612eea63
1.7.42;wine_gecko-2.36-x86.msi;wine_gecko-2.36-x86_64.msi;490668a7f1cb42ceba56208bfe51334f;7f0826b2592d35129c54bcbf612eea63
1.7.43;wine_gecko-2.36-x86.msi;wine_gecko-2.36-x86_64.msi;490668a7f1cb42ceba56208bfe51334f;7f0826b2592d35129c54bcbf612eea63
1.7.44;wine_gecko-2.36-x86.msi;wine_gecko-2.36-x86_64.msi;490668a7f1cb42ceba56208bfe51334f;7f0826b2592d35129c54bcbf612eea63
1.7.45;wine_gecko-2.36-x86.msi;wine_gecko-2.36-x86_64.msi;490668a7f1cb42ceba56208bfe51334f;7f0826b2592d35129c54bcbf612eea63
1.7.46;wine_gecko-2.36-x86.msi;wine_gecko-2.36-x86_64.msi;490668a7f1cb42ceba56208bfe51334f;7f0826b2592d35129c54bcbf612eea63
1.7.47;wine_gecko-2.36-x86.msi;wine_gecko-2.36-x86_64.msi;490668a7f1cb42ceba56208bfe51334f;7f0826b2592d35129c54bcbf612eea63
1.7.48;wine_gecko-2.36-x86.msi;wine_gecko-2.36-x86_64.msi;490668a7f1cb42ceba56208bfe51334f;7f0826b2592d35129c54bcbf612eea63
1.7.49;wine_gecko-2.36-x86.msi;wine_gecko-2.36-x86_64.msi;490668a7f1cb42ceba56208bfe51334f;7f0826b2592d35129c54bcbf612eea63
1.7.50;wine_gecko-2.40-x86.msi;wine_gecko-2.40-x86_64.msi;66fa7ceca8c0aa84c6a2db8672a743b6;5e5d242e52e885190a0fe02a2e38a987
1.7.51;wine_gecko-2.40-x86.msi;wine_gecko-2.40-x86_64.msi;66fa7ceca8c0aa84c6a2db8672a743b6;5e5d242e52e885190a0fe02a2e38a987
1.7.52;wine_gecko-2.40-x86.msi;wine_gecko-2.40-x86_64.msi;66fa7ceca8c0aa84c6a2db8672a743b6;5e5d242e52e885190a0fe02a2e38a987
1.7.53;wine_gecko-2.40-x86.msi;wine_gecko-2.40-x86_64.msi;66fa7ceca8c0aa84c6a2db8672a743b6;5e5d242e52e885190a0fe02a2e38a987
1.7.54;wine_gecko-2.40-x86.msi;wine_gecko-2.40-x86_64.msi;66fa7ceca8c0aa84c6a2db8672a743b6;5e5d242e52e885190a0fe02a2e38a987
1.7.55;wine_gecko-2.40-x86.msi;wine_gecko-2.40-x86_64.msi;66fa7ceca8c0aa84c6a2db8672a743b6;5e5d242e52e885190a0fe02a2e38a987
1.8-rc1;wine_gecko-2.40-x86.msi;wine_gecko-2.40-x86_64.msi;66fa7ceca8c0aa84c6a2db8672a743b6;5e5d242e52e885190a0fe02a2e38a987
1.8-rc2;wine_gecko-2.40-x86.msi;wine_gecko-2.40-x86_64.msi;66fa7ceca8c0aa84c6a2db8672a743b6;5e5d242e52e885190a0fe02a2e38a987
1.8-rc3;wine_gecko-2.40-x86.msi;wine_gecko-2.40-x86_64.msi;66fa7ceca8c0aa84c6a2db8672a743b6;5e5d242e52e885190a0fe02a2e38a987
1.8-rc4;wine_gecko-2.40-x86.msi;wine_gecko-2.40-x86_64.msi;66fa7ceca8c0aa84c6a2db8672a743b6;5e5d242e52e885190a0fe02a2e38a987
1.8;wine_gecko-2.40-x86.msi;wine_gecko-2.40-x86_64.msi;66fa7ceca8c0aa84c6a2db8672a743b6;5e5d242e52e885190a0fe02a2e38a987
1.9.0;wine_gecko-2.40-x86.msi;wine_gecko-2.40-x86_64.msi;66fa7ceca8c0aa84c6a2db8672a743b6;5e5d242e52e885190a0fe02a2e38a987
1.9.1;wine_gecko-2.40-x86.msi;wine_gecko-2.40-x86_64.msi;66fa7ceca8c0aa84c6a2db8672a743b6;5e5d242e52e885190a0fe02a2e38a987
1.9.2;wine_gecko-2.40-x86.msi;wine_gecko-2.40-x86_64.msi;66fa7ceca8c0aa84c6a2db8672a743b6;5e5d242e52e885190a0fe02a2e38a987
1.8.1;wine_gecko-2.40-x86.msi;wine_gecko-2.40-x86_64.msi;66fa7ceca8c0aa84c6a2db8672a743b6;5e5d242e52e885190a0fe02a2e38a987
1.9.3;wine_gecko-2.40-x86.msi;wine_gecko-2.40-x86_64.msi;66fa7ceca8c0aa84c6a2db8672a743b6;5e5d242e52e885190a0fe02a2e38a987
1.9.4;wine_gecko-2.40-x86.msi;wine_gecko-2.40-x86_64.msi;66fa7ceca8c0aa84c6a2db8672a743b6;5e5d242e52e885190a0fe02a2e38a987
1.9.5;wine_gecko-2.40-x86.msi;wine_gecko-2.40-x86_64.msi;66fa7ceca8c0aa84c6a2db8672a743b6;5e5d242e52e885190a0fe02a2e38a987
1.9.6;wine_gecko-2.40-x86.msi;wine_gecko-2.40-x86_64.msi;66fa7ceca8c0aa84c6a2db8672a743b6;5e5d242e52e885190a0fe02a2e38a987
1.9.7;wine_gecko-2.40-x86.msi;wine_gecko-2.40-x86_64.msi;66fa7ceca8c0aa84c6a2db8672a743b6;5e5d242e52e885190a0fe02a2e38a987
1.8.2;wine_gecko-2.40-x86.msi;wine_gecko-2.40-x86_64.msi;66fa7ceca8c0aa84c6a2db8672a743b6;5e5d242e52e885190a0fe02a2e38a987
1.9.8;wine_gecko-2.40-x86.msi;wine_gecko-2.40-x86_64.msi;66fa7ceca8c0aa84c6a2db8672a743b6;5e5d242e52e885190a0fe02a2e38a987
1.9.9;wine_gecko-2.40-x86.msi;wine_gecko-2.40-x86_64.msi;66fa7ceca8c0aa84c6a2db8672a743b6;5e5d242e52e885190a0fe02a2e38a987
1.9.10;wine_gecko-2.40-x86.msi;wine_gecko-2.40-x86_64.msi;66fa7ceca8c0aa84c6a2db8672a743b6;5e5d242e52e885190a0fe02a2e38a987
1.9.11;wine_gecko-2.40-x86.msi;wine_gecko-2.40-x86_64.msi;66fa7ceca8c0aa84c6a2db8672a743b6;5e5d242e52e885190a0fe02a2e38a987
1.9.12;wine_gecko-2.40-x86.msi;wine_gecko-2.40-x86_64.msi;66fa7ceca8c0aa84c6a2db8672a743b6;5e5d242e52e885190a0fe02a2e38a987
1.8.3;wine_gecko-2.40-x86.msi;wine_gecko-2.40-x86_64.msi;66fa7ceca8c0aa84c6a2db8672a743b6;5e5d242e52e885190a0fe02a2e38a987
1.9.13;wine_gecko-2.40-x86.msi;wine_gecko-2.40-x86_64.msi;66fa7ceca8c0aa84c6a2db8672a743b6;5e5d242e52e885190a0fe02a2e38a987
1.9.14;wine_gecko-2.40-x86.msi;wine_gecko-2.40-x86_64.msi;66fa7ceca8c0aa84c6a2db8672a743b6;5e5d242e52e885190a0fe02a2e38a987
1.9.15;wine_gecko-2.40-x86.msi;wine_gecko-2.40-x86_64.msi;66fa7ceca8c0aa84c6a2db8672a743b6;5e5d242e52e885190a0fe02a2e38a987
1.9.16;wine_gecko-2.40-x86.msi;wine_gecko-2.40-x86_64.msi;66fa7ceca8c0aa84c6a2db8672a743b6;5e5d242e52e885190a0fe02a2e38a987
1.9.17;wine_gecko-2.40-x86.msi;wine_gecko-2.40-x86_64.msi;66fa7ceca8c0aa84c6a2db8672a743b6;5e5d242e52e885190a0fe02a2e38a987
1.8.4;wine_gecko-2.40-x86.msi;wine_gecko-2.40-x86_64.msi;66fa7ceca8c0aa84c6a2db8672a743b6;5e5d242e52e885190a0fe02a2e38a987
1.9.18;wine_gecko-2.40-x86.msi;wine_gecko-2.40-x86_64.msi;66fa7ceca8c0aa84c6a2db8672a743b6;5e5d242e52e885190a0fe02a2e38a987
1.9.19;wine_gecko-2.40-x86.msi;wine_gecko-2.40-x86_64.msi;66fa7ceca8c0aa84c6a2db8672a743b6;5e5d242e52e885190a0fe02a2e38a987
1.9.20;wine_gecko-2.40-x86.msi;wine_gecko-2.40-x86_64.msi;66fa7ceca8c0aa84c6a2db8672a743b6;5e5d242e52e885190a0fe02a2e38a987
1.8.5;wine_gecko-2.40-x86.msi;wine_gecko-2.40-x86_64.msi;66fa7ceca8c0aa84c6a2db8672a743b6;5e5d242e52e885190a0fe02a2e38a987
1.9.21;wine_gecko-2.40-x86.msi;wine_gecko-2.40-x86_64.msi;66fa7ceca8c0aa84c6a2db8672a743b6;5e5d242e52e885190a0fe02a2e38a987
1.9.22;wine_gecko-2.40-x86.msi;wine_gecko-2.40-x86_64.msi;66fa7ceca8c0aa84c6a2db8672a743b6;5e5d242e52e885190a0fe02a2e38a987
1.9.23;wine_gecko-2.40-x86.msi;wine_gecko-2.40-x86_64.msi;66fa7ceca8c0aa84c6a2db8672a743b6;5e5d242e52e885190a0fe02a2e38a987
1.9.24;wine_gecko-2.40-x86.msi;wine_gecko-2.40-x86_64.msi;66fa7ceca8c0aa84c6a2db8672a743b6;5e5d242e52e885190a0fe02a2e38a987
1.8.6;wine_gecko-2.40-x86.msi;wine_gecko-2.40-x86_64.msi;66fa7ceca8c0aa84c6a2db8672a743b6;5e5d242e52e885190a0fe02a2e38a987
2.0-rc1;wine_gecko-2.40-x86.msi;wine_gecko-2.40-x86_64.msi;66fa7ceca8c0aa84c6a2db8672a743b6;5e5d242e52e885190a0fe02a2e38a987
2.0-rc2;wine_gecko-2.40-x86.msi;wine_gecko-2.40-x86_64.msi;66fa7ceca8c0aa84c6a2db8672a743b6;5e5d242e52e885190a0fe02a2e38a987
20000109;wine_gecko-2.40-x86.msi;wine_gecko-2.40-x86_64.msi;66fa7ceca8c0aa84c6a2db8672a743b6;5e5d242e52e885190a0fe02a2e38a987
20000130;wine_gecko-2.40-x86.msi;wine_gecko-2.40-x86_64.msi;66fa7ceca8c0aa84c6a2db8672a743b6;5e5d242e52e885190a0fe02a2e38a987
20000227;wine_gecko-2.40-x86.msi;wine_gecko-2.40-x86_64.msi;66fa7ceca8c0aa84c6a2db8672a743b6;5e5d242e52e885190a0fe02a2e38a987
20000326;wine_gecko-2.40-x86.msi;wine_gecko-2.40-x86_64.msi;66fa7ceca8c0aa84c6a2db8672a743b6;5e5d242e52e885190a0fe02a2e38a987
20000430;wine_gecko-2.40-x86.msi;wine_gecko-2.40-x86_64.msi;66fa7ceca8c0aa84c6a2db8672a743b6;5e5d242e52e885190a0fe02a2e38a987
20000526;wine_gecko-2.40-x86.msi;wine_gecko-2.40-x86_64.msi;66fa7ceca8c0aa84c6a2db8672a743b6;5e5d242e52e885190a0fe02a2e38a987
20000614;wine_gecko-2.40-x86.msi;wine_gecko-2.40-x86_64.msi;66fa7ceca8c0aa84c6a2db8672a743b6;5e5d242e52e885190a0fe02a2e38a987
20000716;wine_gecko-2.40-x86.msi;wine_gecko-2.40-x86_64.msi;66fa7ceca8c0aa84c6a2db8672a743b6;5e5d242e52e885190a0fe02a2e38a987
20000801;wine_gecko-2.40-x86.msi;wine_gecko-2.40-x86_64.msi;66fa7ceca8c0aa84c6a2db8672a743b6;5e5d242e52e885190a0fe02a2e38a987
20000821;wine_gecko-2.40-x86.msi;wine_gecko-2.40-x86_64.msi;66fa7ceca8c0aa84c6a2db8672a743b6;5e5d242e52e885190a0fe02a2e38a987
20000909;wine_gecko-2.40-x86.msi;wine_gecko-2.40-x86_64.msi;66fa7ceca8c0aa84c6a2db8672a743b6;5e5d242e52e885190a0fe02a2e38a987
20001002;wine_gecko-2.40-x86.msi;wine_gecko-2.40-x86_64.msi;66fa7ceca8c0aa84c6a2db8672a743b6;5e5d242e52e885190a0fe02a2e38a987
20001026;wine_gecko-2.40-x86.msi;wine_gecko-2.40-x86_64.msi;66fa7ceca8c0aa84c6a2db8672a743b6;5e5d242e52e885190a0fe02a2e38a987
20001202;wine_gecko-2.40-x86.msi;wine_gecko-2.40-x86_64.msi;66fa7ceca8c0aa84c6a2db8672a743b6;5e5d242e52e885190a0fe02a2e38a987
20001222;wine_gecko-2.40-x86.msi;wine_gecko-2.40-x86_64.msi;66fa7ceca8c0aa84c6a2db8672a743b6;5e5d242e52e885190a0fe02a2e38a987
20010112;wine_gecko-2.40-x86.msi;wine_gecko-2.40-x86_64.msi;66fa7ceca8c0aa84c6a2db8672a743b6;5e5d242e52e885190a0fe02a2e38a987
20010216;wine_gecko-2.40-x86.msi;wine_gecko-2.40-x86_64.msi;66fa7ceca8c0aa84c6a2db8672a743b6;5e5d242e52e885190a0fe02a2e38a987
20010305;wine_gecko-2.40-x86.msi;wine_gecko-2.40-x86_64.msi;66fa7ceca8c0aa84c6a2db8672a743b6;5e5d242e52e885190a0fe02a2e38a987
20010326;wine_gecko-2.40-x86.msi;wine_gecko-2.40-x86_64.msi;66fa7ceca8c0aa84c6a2db8672a743b6;5e5d242e52e885190a0fe02a2e38a987
20010418;wine_gecko-2.40-x86.msi;wine_gecko-2.40-x86_64.msi;66fa7ceca8c0aa84c6a2db8672a743b6;5e5d242e52e885190a0fe02a2e38a987
20010510;wine_gecko-2.40-x86.msi;wine_gecko-2.40-x86_64.msi;66fa7ceca8c0aa84c6a2db8672a743b6;5e5d242e52e885190a0fe02a2e38a987
20010629;wine_gecko-2.40-x86.msi;wine_gecko-2.40-x86_64.msi;66fa7ceca8c0aa84c6a2db8672a743b6;5e5d242e52e885190a0fe02a2e38a987
20010731;wine_gecko-2.40-x86.msi;wine_gecko-2.40-x86_64.msi;66fa7ceca8c0aa84c6a2db8672a743b6;5e5d242e52e885190a0fe02a2e38a987
20010824;wine_gecko-2.40-x86.msi;wine_gecko-2.40-x86_64.msi;66fa7ceca8c0aa84c6a2db8672a743b6;5e5d242e52e885190a0fe02a2e38a987
20011004;wine_gecko-2.40-x86.msi;wine_gecko-2.40-x86_64.msi;66fa7ceca8c0aa84c6a2db8672a743b6;5e5d242e52e885190a0fe02a2e38a987
20011108;wine_gecko-2.40-x86.msi;wine_gecko-2.40-x86_64.msi;66fa7ceca8c0aa84c6a2db8672a743b6;5e5d242e52e885190a0fe02a2e38a987
20011226;wine_gecko-2.40-x86.msi;wine_gecko-2.40-x86_64.msi;66fa7ceca8c0aa84c6a2db8672a743b6;5e5d242e52e885190a0fe02a2e38a987
20020122;wine_gecko-2.40-x86.msi;wine_gecko-2.40-x86_64.msi;66fa7ceca8c0aa84c6a2db8672a743b6;5e5d242e52e885190a0fe02a2e38a987
20020228;wine_gecko-2.40-x86.msi;wine_gecko-2.40-x86_64.msi;66fa7ceca8c0aa84c6a2db8672a743b6;5e5d242e52e885190a0fe02a2e38a987
20020310;wine_gecko-2.40-x86.msi;wine_gecko-2.40-x86_64.msi;66fa7ceca8c0aa84c6a2db8672a743b6;5e5d242e52e885190a0fe02a2e38a987
20020411;wine_gecko-2.40-x86.msi;wine_gecko-2.40-x86_64.msi;66fa7ceca8c0aa84c6a2db8672a743b6;5e5d242e52e885190a0fe02a2e38a987
20020509;wine_gecko-2.40-x86.msi;wine_gecko-2.40-x86_64.msi;66fa7ceca8c0aa84c6a2db8672a743b6;5e5d242e52e885190a0fe02a2e38a987
20020605;wine_gecko-2.40-x86.msi;wine_gecko-2.40-x86_64.msi;66fa7ceca8c0aa84c6a2db8672a743b6;5e5d242e52e885190a0fe02a2e38a987
20020710;wine_gecko-2.40-x86.msi;wine_gecko-2.40-x86_64.msi;66fa7ceca8c0aa84c6a2db8672a743b6;5e5d242e52e885190a0fe02a2e38a987
20020804;wine_gecko-2.40-x86.msi;wine_gecko-2.40-x86_64.msi;66fa7ceca8c0aa84c6a2db8672a743b6;5e5d242e52e885190a0fe02a2e38a987
20020904;wine_gecko-2.40-x86.msi;wine_gecko-2.40-x86_64.msi;66fa7ceca8c0aa84c6a2db8672a743b6;5e5d242e52e885190a0fe02a2e38a987
20021007;wine_gecko-2.40-x86.msi;wine_gecko-2.40-x86_64.msi;66fa7ceca8c0aa84c6a2db8672a743b6;5e5d242e52e885190a0fe02a2e38a987
20021031;wine_gecko-2.40-x86.msi;wine_gecko-2.40-x86_64.msi;66fa7ceca8c0aa84c6a2db8672a743b6;5e5d242e52e885190a0fe02a2e38a987
20021125;wine_gecko-2.40-x86.msi;wine_gecko-2.40-x86_64.msi;66fa7ceca8c0aa84c6a2db8672a743b6;5e5d242e52e885190a0fe02a2e38a987
20021219;wine_gecko-2.40-x86.msi;wine_gecko-2.40-x86_64.msi;66fa7ceca8c0aa84c6a2db8672a743b6;5e5d242e52e885190a0fe02a2e38a987
20030115;wine_gecko-2.40-x86.msi;wine_gecko-2.40-x86_64.msi;66fa7ceca8c0aa84c6a2db8672a743b6;5e5d242e52e885190a0fe02a2e38a987
20030219;wine_gecko-2.40-x86.msi;wine_gecko-2.40-x86_64.msi;66fa7ceca8c0aa84c6a2db8672a743b6;5e5d242e52e885190a0fe02a2e38a987
20030318;wine_gecko-2.40-x86.msi;wine_gecko-2.40-x86_64.msi;66fa7ceca8c0aa84c6a2db8672a743b6;5e5d242e52e885190a0fe02a2e38a987
20030408;wine_gecko-2.40-x86.msi;wine_gecko-2.40-x86_64.msi;66fa7ceca8c0aa84c6a2db8672a743b6;5e5d242e52e885190a0fe02a2e38a987
20030508;wine_gecko-2.40-x86.msi;wine_gecko-2.40-x86_64.msi;66fa7ceca8c0aa84c6a2db8672a743b6;5e5d242e52e885190a0fe02a2e38a987
20030618;wine_gecko-2.40-x86.msi;wine_gecko-2.40-x86_64.msi;66fa7ceca8c0aa84c6a2db8672a743b6;5e5d242e52e885190a0fe02a2e38a987
20030709;wine_gecko-2.40-x86.msi;wine_gecko-2.40-x86_64.msi;66fa7ceca8c0aa84c6a2db8672a743b6;5e5d242e52e885190a0fe02a2e38a987
20030813;wine_gecko-2.40-x86.msi;wine_gecko-2.40-x86_64.msi;66fa7ceca8c0aa84c6a2db8672a743b6;5e5d242e52e885190a0fe02a2e38a987
20030911;wine_gecko-2.40-x86.msi;wine_gecko-2.40-x86_64.msi;66fa7ceca8c0aa84c6a2db8672a743b6;5e5d242e52e885190a0fe02a2e38a987
20031016;wine_gecko-2.40-x86.msi;wine_gecko-2.40-x86_64.msi;66fa7ceca8c0aa84c6a2db8672a743b6;5e5d242e52e885190a0fe02a2e38a987
20031118;wine_gecko-2.40-x86.msi;wine_gecko-2.40-x86_64.msi;66fa7ceca8c0aa84c6a2db8672a743b6;5e5d242e52e885190a0fe02a2e38a987
20031212;wine_gecko-2.40-x86.msi;wine_gecko-2.40-x86_64.msi;66fa7ceca8c0aa84c6a2db8672a743b6;5e5d242e52e885190a0fe02a2e38a987
20040121;wine_gecko-2.40-x86.msi;wine_gecko-2.40-x86_64.msi;66fa7ceca8c0aa84c6a2db8672a743b6;5e5d242e52e885190a0fe02a2e38a987
20040213;wine_gecko-2.40-x86.msi;wine_gecko-2.40-x86_64.msi;66fa7ceca8c0aa84c6a2db8672a743b6;5e5d242e52e885190a0fe02a2e38a987
20040309;wine_gecko-2.40-x86.msi;wine_gecko-2.40-x86_64.msi;66fa7ceca8c0aa84c6a2db8672a743b6;5e5d242e52e885190a0fe02a2e38a987
20040408;wine_gecko-2.40-x86.msi;wine_gecko-2.40-x86_64.msi;66fa7ceca8c0aa84c6a2db8672a743b6;5e5d242e52e885190a0fe02a2e38a987
20040505;wine_gecko-2.40-x86.msi;wine_gecko-2.40-x86_64.msi;66fa7ceca8c0aa84c6a2db8672a743b6;5e5d242e52e885190a0fe02a2e38a987
20040615;wine_gecko-2.40-x86.msi;wine_gecko-2.40-x86_64.msi;66fa7ceca8c0aa84c6a2db8672a743b6;5e5d242e52e885190a0fe02a2e38a987
20040716;wine_gecko-2.40-x86.msi;wine_gecko-2.40-x86_64.msi;66fa7ceca8c0aa84c6a2db8672a743b6;5e5d242e52e885190a0fe02a2e38a987
20040813;wine_gecko-2.40-x86.msi;wine_gecko-2.40-x86_64.msi;66fa7ceca8c0aa84c6a2db8672a743b6;5e5d242e52e885190a0fe02a2e38a987
20040914;wine_gecko-2.40-x86.msi;wine_gecko-2.40-x86_64.msi;66fa7ceca8c0aa84c6a2db8672a743b6;5e5d242e52e885190a0fe02a2e38a987
20041019;wine_gecko-2.40-x86.msi;wine_gecko-2.40-x86_64.msi;66fa7ceca8c0aa84c6a2db8672a743b6;5e5d242e52e885190a0fe02a2e38a987
20041201;wine_gecko-2.40-x86.msi;wine_gecko-2.40-x86_64.msi;66fa7ceca8c0aa84c6a2db8672a743b6;5e5d242e52e885190a0fe02a2e38a987
20050111;wine_gecko-2.40-x86.msi;wine_gecko-2.40-x86_64.msi;66fa7ceca8c0aa84c6a2db8672a743b6;5e5d242e52e885190a0fe02a2e38a987
20050211;wine_gecko-2.40-x86.msi;wine_gecko-2.40-x86_64.msi;66fa7ceca8c0aa84c6a2db8672a743b6;5e5d242e52e885190a0fe02a2e38a987
20050310;wine_gecko-2.40-x86.msi;wine_gecko-2.40-x86_64.msi;66fa7ceca8c0aa84c6a2db8672a743b6;5e5d242e52e885190a0fe02a2e38a987
20050419;wine_gecko-2.40-x86.msi;wine_gecko-2.40-x86_64.msi;66fa7ceca8c0aa84c6a2db8672a743b6;5e5d242e52e885190a0fe02a2e38a987
20050524;wine_gecko-2.40-x86.msi;wine_gecko-2.40-x86_64.msi;66fa7ceca8c0aa84c6a2db8672a743b6;5e5d242e52e885190a0fe02a2e38a987
20050628;wine_gecko-2.40-x86.msi;wine_gecko-2.40-x86_64.msi;66fa7ceca8c0aa84c6a2db8672a743b6;5e5d242e52e885190a0fe02a2e38a987
20050725;wine_gecko-2.40-x86.msi;wine_gecko-2.40-x86_64.msi;66fa7ceca8c0aa84c6a2db8672a743b6;5e5d242e52e885190a0fe02a2e38a987
20050830;wine_gecko-2.40-x86.msi;wine_gecko-2.40-x86_64.msi;66fa7ceca8c0aa84c6a2db8672a743b6;5e5d242e52e885190a0fe02a2e38a987
20050930;wine_gecko-2.40-x86.msi;wine_gecko-2.40-x86_64.msi;66fa7ceca8c0aa84c6a2db8672a743b6;5e5d242e52e885190a0fe02a2e38a987
2.0-rc3;wine_gecko-2.40-x86.msi;wine_gecko-2.40-x86_64.msi;66fa7ceca8c0aa84c6a2db8672a743b6;5e5d242e52e885190a0fe02a2e38a987
2.0-rc4;wine_gecko-2.40-x86.msi;wine_gecko-2.40-x86_64.msi;66fa7ceca8c0aa84c6a2db8672a743b6;5e5d242e52e885190a0fe02a2e38a987
2.0-rc5;wine_gecko-2.40-x86.msi;wine_gecko-2.40-x86_64.msi;66fa7ceca8c0aa84c6a2db8672a743b6;5e5d242e52e885190a0fe02a2e38a987
2.0-rc6;wine_gecko-2.40-x86.msi;wine_gecko-2.40-x86_64.msi;66fa7ceca8c0aa84c6a2db8672a743b6;5e5d242e52e885190a0fe02a2e38a987
2.0;wine_gecko-2.40-x86.msi;wine_gecko-2.40-x86_64.msi;66fa7ceca8c0aa84c6a2db8672a743b6;5e5d242e52e885190a0fe02a2e38a987
2.1;wine_gecko-2.40-x86.msi;wine_gecko-2.40-x86_64.msi;66fa7ceca8c0aa84c6a2db8672a743b6;5e5d242e52e885190a0fe02a2e38a987
2.2;wine_gecko-2.40-x86.msi;wine_gecko-2.40-x86_64.msi;66fa7ceca8c0aa84c6a2db8672a743b6;5e5d242e52e885190a0fe02a2e38a987
2.3;wine_gecko-2.40-x86.msi;wine_gecko-2.40-x86_64.msi;66fa7ceca8c0aa84c6a2db8672a743b6;5e5d242e52e885190a0fe02a2e38a987
2.4;wine_gecko-2.40-x86.msi;wine_gecko-2.40-x86_64.msi;66fa7ceca8c0aa84c6a2db8672a743b6;5e5d242e52e885190a0fe02a2e38a987
2.5;wine_gecko-2.40-x86.msi;wine_gecko-2.40-x86_64.msi;66fa7ceca8c0aa84c6a2db8672a743b6;5e5d242e52e885190a0fe02a2e38a987
2.6;wine_gecko-2.40-x86.msi;wine_gecko-2.40-x86_64.msi;66fa7ceca8c0aa84c6a2db8672a743b6;5e5d242e52e885190a0fe02a2e38a987
2.0.1;wine_gecko-2.40-x86.msi;wine_gecko-2.40-x86_64.msi;66fa7ceca8c0aa84c6a2db8672a743b6;5e5d242e52e885190a0fe02a2e38a987
2.7;wine_gecko-2.40-x86.msi;wine_gecko-2.40-x86_64.msi;66fa7ceca8c0aa84c6a2db8672a743b6;5e5d242e52e885190a0fe02a2e38a987
2.8;wine_gecko-2.40-x86.msi;wine_gecko-2.40-x86_64.msi;66fa7ceca8c0aa84c6a2db8672a743b6;5e5d242e52e885190a0fe02a2e38a987
2.9;wine_gecko-2.40-x86.msi;wine_gecko-2.40-x86_64.msi;66fa7ceca8c0aa84c6a2db8672a743b6;5e5d242e52e885190a0fe02a2e38a987
2.10;wine_gecko-2.40-x86.msi;wine_gecko-2.40-x86_64.msi;66fa7ceca8c0aa84c6a2db8672a743b6;5e5d242e52e885190a0fe02a2e38a987
2.11;wine_gecko-2.40-x86.msi;wine_gecko-2.40-x86_64.msi;66fa7ceca8c0aa84c6a2db8672a743b6;5e5d242e52e885190a0fe02a2e38a987
2.12;wine_gecko-2.40-x86.msi;wine_gecko-2.40-x86_64.msi;66fa7ceca8c0aa84c6a2db8672a743b6;5e5d242e52e885190a0fe02a2e38a987
2.0.2;wine_gecko-2.40-x86.msi;wine_gecko-2.40-x86_64.msi;66fa7ceca8c0aa84c6a2db8672a743b6;5e5d242e52e885190a0fe02a2e38a987
2.13;wine_gecko-2.40-x86.msi;wine_gecko-2.40-x86_64.msi;66fa7ceca8c0aa84c6a2db8672a743b6;5e5d242e52e885190a0fe02a2e38a987
2.14;wine_gecko-2.40-x86.msi;wine_gecko-2.40-x86_64.msi;66fa7ceca8c0aa84c6a2db8672a743b6;5e5d242e52e885190a0fe02a2e38a987
2.15;wine_gecko-2.40-x86.msi;wine_gecko-2.40-x86_64.msi;66fa7ceca8c0aa84c6a2db8672a743b6;5e5d242e52e885190a0fe02a2e38a987
2.16;wine_gecko-2.40-x86.msi;wine_gecko-2.40-x86_64.msi;66fa7ceca8c0aa84c6a2db8672a743b6;5e5d242e52e885190a0fe02a2e38a987
2.17;wine_gecko-2.40-x86.msi;wine_gecko-2.40-x86_64.msi;66fa7ceca8c0aa84c6a2db8672a743b6;5e5d242e52e885190a0fe02a2e38a987
2.18;wine_gecko-2.40-x86.msi;wine_gecko-2.40-x86_64.msi;66fa7ceca8c0aa84c6a2db8672a743b6;5e5d242e52e885190a0fe02a2e38a987
2.19;wine_gecko-2.40-x86.msi;wine_gecko-2.40-x86_64.msi;66fa7ceca8c0aa84c6a2db8672a743b6;5e5d242e52e885190a0fe02a2e38a987
2.0.3;wine_gecko-2.40-x86.msi;wine_gecko-2.40-x86_64.msi;66fa7ceca8c0aa84c6a2db8672a743b6;5e5d242e52e885190a0fe02a2e38a987
2.20;wine_gecko-2.40-x86.msi;wine_gecko-2.40-x86_64.msi;66fa7ceca8c0aa84c6a2db8672a743b6;5e5d242e52e885190a0fe02a2e38a987
2.21;wine_gecko-2.40-x86.msi;wine_gecko-2.40-x86_64.msi;66fa7ceca8c0aa84c6a2db8672a743b6;5e5d242e52e885190a0fe02a2e38a987
2.22;wine_gecko-2.40-x86.msi;wine_gecko-2.40-x86_64.msi;66fa7ceca8c0aa84c6a2db8672a743b6;5e5d242e52e885190a0fe02a2e38a987
2.0.4;wine_gecko-2.40-x86.msi;wine_gecko-2.40-x86_64.msi;66fa7ceca8c0aa84c6a2db8672a743b6;5e5d242e52e885190a0fe02a2e38a987
3.0-rc1;wine_gecko-2.40-x86.msi;wine_gecko-2.40-x86_64.msi;66fa7ceca8c0aa84c6a2db8672a743b6;5e5d242e52e885190a0fe02a2e38a987
3.0-rc2;wine_gecko-2.40-x86.msi;wine_gecko-2.40-x86_64.msi;66fa7ceca8c0aa84c6a2db8672a743b6;5e5d242e52e885190a0fe02a2e38a987
3.0-rc3;wine_gecko-2.40-x86.msi;wine_gecko-2.40-x86_64.msi;66fa7ceca8c0aa84c6a2db8672a743b6;5e5d242e52e885190a0fe02a2e38a987
3.0-rc4;wine_gecko-2.40-x86.msi;wine_gecko-2.40-x86_64.msi;66fa7ceca8c0aa84c6a2db8672a743b6;5e5d242e52e885190a0fe02a2e38a987
3.0-rc5;wine_gecko-2.40-x86.msi;wine_gecko-2.40-x86_64.msi;66fa7ceca8c0aa84c6a2db8672a743b6;5e5d242e52e885190a0fe02a2e38a987
3.0-rc6;wine_gecko-2.40-x86.msi;wine_gecko-2.40-x86_64.msi;66fa7ceca8c0aa84c6a2db8672a743b6;5e5d242e52e885190a0fe02a2e38a987
3.0;wine_gecko-2.40-x86.msi;wine_gecko-2.40-x86_64.msi;66fa7ceca8c0aa84c6a2db8672a743b6;5e5d242e52e885190a0fe02a2e38a987
3.1;wine_gecko-2.40-x86.msi;wine_gecko-2.40-x86_64.msi;66fa7ceca8c0aa84c6a2db8672a743b6;5e5d242e52e885190a0fe02a2e38a987
3.2;wine_gecko-2.40-x86.msi;wine_gecko-2.40-x86_64.msi;66fa7ceca8c0aa84c6a2db8672a743b6;5e5d242e52e885190a0fe02a2e38a987
3.3;wine_gecko-2.40-x86.msi;wine_gecko-2.40-x86_64.msi;66fa7ceca8c0aa84c6a2db8672a743b6;5e5d242e52e885190a0fe02a2e38a987
3.4;wine_gecko-2.40-x86.msi;wine_gecko-2.40-x86_64.msi;66fa7ceca8c0aa84c6a2db8672a743b6;5e5d242e52e885190a0fe02a2e38a987
2.0.5;wine_gecko-2.40-x86.msi;wine_gecko-2.40-x86_64.msi;66fa7ceca8c0aa84c6a2db8672a743b6;5e5d242e52e885190a0fe02a2e38a987
3.5;wine_gecko-2.40-x86.msi;wine_gecko-2.40-x86_64.msi;66fa7ceca8c0aa84c6a2db8672a743b6;5e5d242e52e885190a0fe02a2e38a987
3.6;wine_gecko-2.40-x86.msi;wine_gecko-2.40-x86_64.msi;66fa7ceca8c0aa84c6a2db8672a743b6;5e5d242e52e885190a0fe02a2e38a987
3.7;wine_gecko-2.40-x86.msi;wine_gecko-2.40-x86_64.msi;66fa7ceca8c0aa84c6a2db8672a743b6;5e5d242e52e885190a0fe02a2e38a987
3.8;wine_gecko-2.40-x86.msi;wine_gecko-2.40-x86_64.msi;66fa7ceca8c0aa84c6a2db8672a743b6;5e5d242e52e885190a0fe02a2e38a987
3.0.1;wine_gecko-2.40-x86.msi;wine_gecko-2.40-x86_64.msi;66fa7ceca8c0aa84c6a2db8672a743b6;5e5d242e52e885190a0fe02a2e38a987
3.9;wine_gecko-2.40-x86.msi;wine_gecko-2.40-x86_64.msi;66fa7ceca8c0aa84c6a2db8672a743b6;5e5d242e52e885190a0fe02a2e38a987
3.10;wine_gecko-2.40-x86.msi;wine_gecko-2.40-x86_64.msi;66fa7ceca8c0aa84c6a2db8672a743b6;5e5d242e52e885190a0fe02a2e38a987
3.11;wine_gecko-2.40-x86.msi;wine_gecko-2.40-x86_64.msi;66fa7ceca8c0aa84c6a2db8672a743b6;5e5d242e52e885190a0fe02a2e38a987
3.0.2;wine_gecko-2.40-x86.msi;wine_gecko-2.40-x86_64.msi;66fa7ceca8c0aa84c6a2db8672a743b6;5e5d242e52e885190a0fe02a2e38a987
3.12;wine_gecko-2.40-x86.msi;wine_gecko-2.40-x86_64.msi;66fa7ceca8c0aa84c6a2db8672a743b6;5e5d242e52e885190a0fe02a2e38a987
3.13;wine_gecko-2.40-x86.msi;wine_gecko-2.40-x86_64.msi;66fa7ceca8c0aa84c6a2db8672a743b6;5e5d242e52e885190a0fe02a2e38a987
3.14;wine_gecko-2.40-x86.msi;wine_gecko-2.40-x86_64.msi;66fa7ceca8c0aa84c6a2db8672a743b6;5e5d242e52e885190a0fe02a2e38a987
3.15;wine_gecko-2.40-x86.msi;wine_gecko-2.40-x86_64.msi;66fa7ceca8c0aa84c6a2db8672a743b6;5e5d242e52e885190a0fe02a2e38a987
3.0.3;wine_gecko-2.40-x86.msi;wine_gecko-2.40-x86_64.msi;66fa7ceca8c0aa84c6a2db8672a743b6;5e5d242e52e885190a0fe02a2e38a987
3.16;wine_gecko-2.40-x86.msi;wine_gecko-2.40-x86_64.msi;66fa7ceca8c0aa84c6a2db8672a743b6;5e5d242e52e885190a0fe02a2e38a987
3.17;wine_gecko-2.40-x86.msi;wine_gecko-2.40-x86_64.msi;66fa7ceca8c0aa84c6a2db8672a743b6;5e5d242e52e885190a0fe02a2e38a987
3.18;wine_gecko-2.40-x86.msi;wine_gecko-2.40-x86_64.msi;66fa7ceca8c0aa84c6a2db8672a743b6;5e5d242e52e885190a0fe02a2e38a987
3.19;wine_gecko-2.40-x86.msi;wine_gecko-2.40-x86_64.msi;66fa7ceca8c0aa84c6a2db8672a743b6;5e5d242e52e885190a0fe02a2e38a987
3.20;wine_gecko-2.40-x86.msi;wine_gecko-2.40-x86_64.msi;66fa7ceca8c0aa84c6a2db8672a743b6;5e5d242e52e885190a0fe02a2e38a987
3.21;wine_gecko-2.40-x86.msi;wine_gecko-2.40-x86_64.msi;66fa7ceca8c0aa84c6a2db8672a743b6;5e5d242e52e885190a0fe02a2e38a987
