2024-07-28 12:01:57.780 [info] Log level: Info
2024-07-28 12:01:57.780 [info] Validating found git in: "git"
2024-07-28 12:01:57.780 [info] Using git "2.34.1" from "git"
2024-07-28 12:01:57.780 [info] > git rev-parse --show-toplevel [55ms]
2024-07-28 12:01:57.780 [info] > git rev-parse --git-dir --git-common-dir [112ms]
2024-07-28 12:01:57.780 [info] Open repository: /home/vicky
2024-07-28 12:01:57.783 [info] > git rev-parse --show-toplevel [15ms]
2024-07-28 12:01:57.784 [info] > git config --get commit.template [24ms]
2024-07-28 12:01:57.807 [info] > git rev-parse --show-toplevel [12ms]
2024-07-28 12:01:57.823 [info] > git for-each-ref --format=%(refname)%00%(upstream:short)%00%(objectname)%00%(upstream:track)%00%(upstream:remotename)%00%(upstream:remoteref) refs/heads/main refs/remotes/main [18ms]
2024-07-28 12:01:57.857 [info] > git rev-parse --show-toplevel [35ms]
2024-07-28 12:01:57.923 [info] > git rev-parse --show-toplevel [58ms]
2024-07-28 12:01:58.535 [info] > git show --textconv :weather/weatherproject/weatherapp/views.py [91ms]
2024-07-28 12:01:58.535 [info] > git ls-files --stage -- /home/vicky/weather/weatherproject/weatherapp/views.py [77ms]
2024-07-28 12:01:58.598 [info] > git check-ignore -v -z --stdin [11ms]
2024-07-28 12:02:00.358 [info] > git status -z -uall [2437ms] (cancelled)
2024-07-28 12:02:57.371 [info] > git merge-base refs/heads/main refs/remotes/vrgremote/main [817ms]
2024-07-28 12:02:57.395 [info] > git rev-list --count --left-right refs/heads/main...refs/remotes/vrgremote/main [17ms]
2024-07-28 12:02:57.407 [info] > git config --get commit.template [37ms]
2024-07-28 12:02:57.439 [info] > git diff --name-status -z --diff-filter=ADMR 0f48a27c83faa8c0ada5a89ca321d1cf1d53b8f0...refs/remotes/vrgremote/main [32ms]
2024-07-28 12:02:57.471 [info] > git for-each-ref --format=%(refname)%00%(upstream:short)%00%(objectname)%00%(upstream:track)%00%(upstream:remotename)%00%(upstream:remoteref) refs/heads/main refs/remotes/main [17ms]
2024-07-28 12:02:57.928 [info] > git status -z -uall [431ms] (cancelled)
2024-07-28 12:02:58.559 [info] > git fetch [1898ms]
2024-07-28 12:02:58.559 [info] Missing or invalid credentials.
Skip silent fetch commands
Missing or invalid credentials.
Skip silent fetch commands
remote: Repository not found.
fatal: Authentication failed for 'https://github.com/Vrg6875/newvrg/'
2024-07-28 12:02:58.566 [info] > git config --get commit.template [2ms]
2024-07-28 12:02:58.572 [info] > git for-each-ref --format=%(refname)%00%(upstream:short)%00%(objectname)%00%(upstream:track)%00%(upstream:remotename)%00%(upstream:remoteref) refs/heads/main refs/remotes/main [2ms]
2024-07-28 12:02:58.603 [info] > git ls-files --stage -- /home/vicky/weather/weatherproject/weatherapp/views.py [2ms]
2024-07-28 12:02:58.624 [info] > git show --textconv :weather/weatherproject/weatherapp/views.py [3ms]
2024-07-28 12:02:58.917 [info] > git status -z -uall [338ms] (cancelled)
2024-07-28 12:06:50.050 [info] > git show --textconv :weather/weatherproject/static/style.css [9ms]
2024-07-28 12:06:50.051 [info] > git ls-files --stage -- /home/vicky/weather/weatherproject/static/style.css [2ms]
2024-07-28 12:06:50.492 [info] > git check-ignore -v -z --stdin [6ms]
2024-07-28 12:07:11.561 [info] > git show --textconv :weather/weatherproject/weatherapp/templates/homepage.html [17ms]
2024-07-28 12:07:11.563 [info] > git ls-files --stage -- /home/vicky/weather/weatherproject/weatherapp/templates/homepage.html [3ms]
2024-07-28 12:07:11.914 [info] > git check-ignore -v -z --stdin [2ms]
2024-07-28 12:07:13.559 [info] > git show --textconv :weather/weatherproject/static/style.css [18ms]
2024-07-28 12:07:13.565 [info] > git ls-files --stage -- /home/vicky/weather/weatherproject/static/style.css [9ms]
2024-07-28 12:07:15.637 [info] > git check-ignore -v -z --stdin [6ms]
2024-07-28 12:07:17.310 [info] > git show --textconv :weather/weatherproject/weatherapp/templates/weatherapp/index.html [7ms]
2024-07-28 12:07:17.313 [info] > git ls-files --stage -- /home/vicky/weather/weatherproject/weatherapp/templates/weatherapp/index.html [3ms]
2024-07-28 12:08:00.337 [info] > git show --textconv :weather/weatherproject/static/style.css [11ms]
2024-07-28 12:08:00.340 [info] > git ls-files --stage -- /home/vicky/weather/weatherproject/static/style.css [4ms]
2024-07-28 12:08:13.863 [info] > git show --textconv :weather/weatherproject/weatherapp/templates/weatherapp/index.html [17ms]
2024-07-28 12:08:13.867 [info] > git ls-files --stage -- /home/vicky/weather/weatherproject/weatherapp/templates/weatherapp/index.html [6ms]
2024-07-28 12:08:32.343 [info] > git show --textconv :weather/weatherproject/static/style.css [9ms]
2024-07-28 12:08:32.345 [info] > git ls-files --stage -- /home/vicky/weather/weatherproject/static/style.css [3ms]
2024-07-28 12:16:31.101 [info] > git show --textconv :weather/weatherproject/weatherapp/templates/weatherapp/index.html [18ms]
2024-07-28 12:16:31.105 [info] > git ls-files --stage -- /home/vicky/weather/weatherproject/weatherapp/templates/weatherapp/index.html [6ms]
2024-07-28 12:17:44.214 [info] > git show --textconv :weather/weatherproject/static/style.css [18ms]
2024-07-28 12:17:44.219 [info] > git ls-files --stage -- /home/vicky/weather/weatherproject/static/style.css [6ms]
2024-07-28 12:18:31.237 [info] > git show --textconv :weather/weatherproject/weatherapp/templates/weatherapp/index.html [19ms]
2024-07-28 12:18:31.241 [info] > git ls-files --stage -- /home/vicky/weather/weatherproject/weatherapp/templates/weatherapp/index.html [6ms]
2024-07-28 12:19:03.478 [info] > git show --textconv :weather/weatherproject/static/style.css [20ms]
2024-07-28 12:19:03.484 [info] > git ls-files --stage -- /home/vicky/weather/weatherproject/static/style.css [8ms]
2024-07-28 12:19:17.143 [info] > git show --textconv :weather/weatherproject/weatherapp/templates/weatherapp/index.html [19ms]
2024-07-28 12:19:17.148 [info] > git ls-files --stage -- /home/vicky/weather/weatherproject/weatherapp/templates/weatherapp/index.html [7ms]
2024-07-28 12:19:35.704 [info] > git show --textconv :weather/weatherproject/static/style.css [21ms]
2024-07-28 12:19:35.709 [info] > git ls-files --stage -- /home/vicky/weather/weatherproject/static/style.css [7ms]
2024-07-28 12:20:39.987 [info] > git show --textconv :weather/weatherproject/weatherapp/templates/weatherapp/index.html [19ms]
2024-07-28 12:20:39.992 [info] > git ls-files --stage -- /home/vicky/weather/weatherproject/weatherapp/templates/weatherapp/index.html [7ms]
2024-07-28 12:21:06.873 [info] > git show --textconv :weather/weatherproject/static/style.css [19ms]
2024-07-28 12:21:06.880 [info] > git ls-files --stage -- /home/vicky/weather/weatherproject/static/style.css [9ms]
2024-07-28 12:23:43.865 [info] > git merge-base refs/heads/main refs/remotes/vrgremote/main [2ms]
2024-07-28 12:23:43.873 [info] > git rev-list --count --left-right refs/heads/main...refs/remotes/vrgremote/main [2ms]
2024-07-28 12:23:45.147 [info] > git check-ignore -v -z --stdin [5ms]
2024-07-28 12:24:57.215 [info] > git remote add weatherremote https://github.com/Vrg6875/Live-weather-app [7ms]
2024-07-28 12:24:57.226 [info] > git config --get commit.template [6ms]
2024-07-28 12:24:57.227 [info] > git for-each-ref --format=%(refname)%00%(upstream:short)%00%(objectname)%00%(upstream:track)%00%(upstream:remotename)%00%(upstream:remoteref) refs/heads/main refs/remotes/main [2ms]
2024-07-28 12:24:58.268 [info] > git status -z -uall [1036ms] (cancelled)
2024-07-28 12:24:59.403 [info] > git ls-files --stage -- /home/vicky/weather/weatherproject/static/style.css [3ms]
2024-07-28 12:24:59.415 [info] > git show --textconv :weather/weatherproject/static/style.css [2ms]
2024-07-28 12:24:59.427 [info] > git fetch weatherremote [1787ms]
2024-07-28 12:24:59.427 [info] From https://github.com/Vrg6875/Live-weather-app
 * [new branch]      main       -> weatherremote/main
Auto packing the repository in background for optimum performance.
See "git help gc" for manual housekeeping.
2024-07-28 12:24:59.442 [info] > git config --get commit.template [8ms]
2024-07-28 12:24:59.442 [info] > git for-each-ref --format=%(refname)%00%(upstream:short)%00%(objectname)%00%(upstream:track)%00%(upstream:remotename)%00%(upstream:remoteref) refs/heads/main refs/remotes/main [1ms]
2024-07-28 12:24:59.449 [warning] ENOENT: no such file or directory, open '/home/vicky/.git/refs/remotes/vrgremote/main'
2024-07-28 12:24:59.451 [info] > git rev-parse refs/remotes/vrgremote/main [2ms]
2024-07-28 12:24:59.818 [info] > git status -z -uall [361ms] (cancelled)
2024-07-28 12:25:01.177 [info] > git ls-files --stage -- /home/vicky/weather/weatherproject/static/style.css [4ms]
2024-07-28 12:25:01.198 [info] > git show --textconv :weather/weatherproject/static/style.css [4ms]
2024-07-28 12:25:01.865 [info] > git push weatherremote main [2048ms]
2024-07-28 12:25:01.865 [info] To https://github.com/Vrg6875/Live-weather-app
 ! [rejected]        main -> main (non-fast-forward)
error: failed to push some refs to 'https://github.com/Vrg6875/Live-weather-app'
hint: Updates were rejected because the tip of your current branch is behind
hint: its remote counterpart. Integrate the remote changes (e.g.
hint: 'git pull ...') before pushing again.
hint: See the 'Note about fast-forwards' in 'git push --help' for details.
2024-07-28 12:25:01.906 [info] > git config --get commit.template [15ms]
2024-07-28 12:25:01.910 [info] > git for-each-ref --format=%(refname)%00%(upstream:short)%00%(objectname)%00%(upstream:track)%00%(upstream:remotename)%00%(upstream:remoteref) refs/heads/main refs/remotes/main [7ms]
2024-07-28 12:25:01.923 [warning] ENOENT: no such file or directory, open '/home/vicky/.git/refs/remotes/vrgremote/main'
2024-07-28 12:25:01.927 [info] > git rev-parse refs/remotes/vrgremote/main [4ms]
2024-07-28 12:25:02.319 [info] > git status -z -uall [380ms] (cancelled)
2024-07-28 12:25:10.479 [info] > git ls-files --stage -- /home/vicky/weather/weatherproject/static/style.css [9ms]
2024-07-28 12:25:10.512 [info] > git show --textconv :weather/weatherproject/static/style.css [6ms]
2024-07-28 12:25:14.768 [info] > git check-ignore -v -z --stdin [6ms]
2024-07-28 12:28:02.815 [info] > git remote remove vrgremote [14ms]
2024-07-28 12:28:02.823 [info] > git config --get commit.template [2ms]
2024-07-28 12:28:02.829 [info] > git for-each-ref --format=%(refname)%00%(upstream:short)%00%(objectname)%00%(upstream:track)%00%(upstream:remotename)%00%(upstream:remoteref) refs/heads/main refs/remotes/main [1ms]
2024-07-28 12:28:04.098 [info] > git ls-files --stage -- /home/vicky/weather/weatherproject/static/style.css [1ms]
2024-07-28 12:28:04.105 [info] > git show --textconv :weather/weatherproject/static/style.css [1ms]
2024-07-28 12:28:04.607 [info] > git status -z -uall [1773ms] (cancelled)
2024-07-28 12:28:04.616 [info] > git for-each-ref --format=%(refname)%00%(upstream:short)%00%(objectname)%00%(upstream:track)%00%(upstream:remotename)%00%(upstream:remoteref) refs/heads/main [1ms]
2024-07-28 12:28:05.339 [info] > git for-each-ref --format=%(refname)%00%(upstream:short)%00%(objectname)%00%(upstream:track)%00%(upstream:remotename)%00%(upstream:remoteref) refs/heads/main [716ms]
2024-07-28 12:28:05.348 [info] > git config --local branch.main.vscode-merge-base [3ms]
2024-07-28 12:28:05.348 [warning] git config failed: Failed to execute git
2024-07-28 12:28:05.360 [info] > git reflog refs/heads/main --grep-reflog=branch: Created from *. [6ms]
2024-07-28 12:28:05.366 [info] > git symbolic-ref --short refs/remotes/origin/HEAD [2ms]
2024-07-28 12:28:05.366 [info] fatal: ref refs/remotes/origin/HEAD is not a symbolic ref
2024-07-28 12:28:05.366 [info] GitHistoryProvider:resolveHistoryItemGroupBase - Failed to resolve history item group base for 'refs/heads/main'
2024-07-28 12:28:05.366 [info] GitHistoryProvider:resolveHistoryItemGroupCommonAncestor - Failed to resolve history item group base for 'refs/heads/main'
2024-07-28 12:28:05.645 [info] > git for-each-ref --format=%(refname)%00%(upstream:short)%00%(objectname)%00%(upstream:track)%00%(upstream:remotename)%00%(upstream:remoteref) refs/heads/main [2ms]
2024-07-28 12:28:05.652 [info] > git for-each-ref --format=%(refname)%00%(upstream:short)%00%(objectname)%00%(upstream:track)%00%(upstream:remotename)%00%(upstream:remoteref) refs/heads/main [1ms]
2024-07-28 12:28:05.658 [info] > git config --local branch.main.vscode-merge-base [1ms]
2024-07-28 12:28:05.658 [warning] git config failed: Failed to execute git
2024-07-28 12:28:05.664 [info] > git reflog refs/heads/main --grep-reflog=branch: Created from *. [2ms]
2024-07-28 12:28:05.668 [info] > git symbolic-ref --short refs/remotes/origin/HEAD [1ms]
2024-07-28 12:28:05.668 [info] fatal: ref refs/remotes/origin/HEAD is not a symbolic ref
2024-07-28 12:28:05.668 [info] GitHistoryProvider:resolveHistoryItemGroupBase - Failed to resolve history item group base for 'refs/heads/main'
2024-07-28 12:28:05.668 [info] GitHistoryProvider:resolveHistoryItemGroupCommonAncestor - Failed to resolve history item group base for 'refs/heads/main'
2024-07-28 12:28:47.690 [info] > git for-each-ref --format=%(refname)%00%(upstream:short)%00%(objectname)%00%(upstream:track)%00%(upstream:remotename)%00%(upstream:remoteref) refs/heads/main [2ms]
2024-07-28 12:28:47.703 [info] > git for-each-ref --format=%(refname)%00%(upstream:short)%00%(objectname)%00%(upstream:track)%00%(upstream:remotename)%00%(upstream:remoteref) refs/heads/main [2ms]
2024-07-28 12:28:47.714 [info] > git config --local branch.main.vscode-merge-base [3ms]
2024-07-28 12:28:47.714 [warning] git config failed: Failed to execute git
2024-07-28 12:28:47.723 [info] > git reflog refs/heads/main --grep-reflog=branch: Created from *. [3ms]
2024-07-28 12:28:47.732 [info] > git symbolic-ref --short refs/remotes/origin/HEAD [2ms]
2024-07-28 12:28:47.732 [info] fatal: ref refs/remotes/origin/HEAD is not a symbolic ref
2024-07-28 12:28:47.732 [info] GitHistoryProvider:resolveHistoryItemGroupBase - Failed to resolve history item group base for 'refs/heads/main'
2024-07-28 12:28:47.732 [info] GitHistoryProvider:resolveHistoryItemGroupCommonAncestor - Failed to resolve history item group base for 'refs/heads/main'
2024-07-28 12:28:48.033 [info] > git for-each-ref --format=%(refname)%00%(upstream:short)%00%(objectname)%00%(upstream:track)%00%(upstream:remotename)%00%(upstream:remoteref) refs/heads/main [17ms]
2024-07-28 12:28:48.047 [info] > git for-each-ref --format=%(refname)%00%(upstream:short)%00%(objectname)%00%(upstream:track)%00%(upstream:remotename)%00%(upstream:remoteref) refs/heads/main [2ms]
2024-07-28 12:28:48.059 [info] > git config --local branch.main.vscode-merge-base [2ms]
2024-07-28 12:28:48.059 [warning] git config failed: Failed to execute git
2024-07-28 12:28:48.071 [info] > git reflog refs/heads/main --grep-reflog=branch: Created from *. [5ms]
2024-07-28 12:28:48.079 [info] > git symbolic-ref --short refs/remotes/origin/HEAD [2ms]
2024-07-28 12:28:48.079 [info] fatal: ref refs/remotes/origin/HEAD is not a symbolic ref
2024-07-28 12:28:48.079 [info] GitHistoryProvider:resolveHistoryItemGroupBase - Failed to resolve history item group base for 'refs/heads/main'
2024-07-28 12:28:48.079 [info] GitHistoryProvider:resolveHistoryItemGroupCommonAncestor - Failed to resolve history item group base for 'refs/heads/main'
2024-07-28 12:28:59.595 [info] > git add -A -- . [11920ms]
2024-07-28 12:28:59.595 [info] warning: adding embedded git repository: .nvm
hint: You've added another git repository inside your current repository.
hint: Clones of the outer repository will not contain the contents of
hint: the embedded repository and will not know how to obtain it.
hint: If you meant to add a submodule, use:
hint: 
hint: 	git submodule add <url> .nvm
hint: 
hint: If you added this path by mistake, you can remove it from the
hint: index with:
hint: 
hint: 	git rm --cached .nvm
hint: 
hint: See "git help submodule" for more information.
warning: adding embedded git repository: Desktop/eventplanner
warning: adding embedded git repository: gitvrg
warning: adding embedded git repository: recipe project
warning: adding embedded git repository: submittask/task
2024-07-28 12:29:01.497 [info] > git show --textconv :.git/COMMIT_EDITMSG [11ms]
2024-07-28 12:29:01.501 [info] > git ls-files --stage -- /home/vicky/.git/COMMIT_EDITMSG [9ms]
2024-07-28 12:29:01.910 [info] > git check-ignore -v -z --stdin [43ms]
2024-07-28 12:29:02.033 [info] > git ls-files --stage -- /home/vicky/.git/COMMIT_EDITMSG [7ms]
2024-07-28 12:29:02.051 [info] > git show --textconv :.git/COMMIT_EDITMSG [10ms]
2024-07-28 12:29:08.296 [info] > git -c user.useConfigOnly=true commit --quiet [8696ms]
2024-07-28 12:29:08.296 [info] Aborting commit due to empty commit message.
2024-07-28 12:29:08.311 [info] > git config --get commit.template [5ms]
2024-07-28 12:29:08.329 [info] > git for-each-ref --format=%(refname)%00%(upstream:short)%00%(objectname)%00%(upstream:track)%00%(upstream:remotename)%00%(upstream:remoteref) refs/heads/main refs/remotes/main [11ms]
2024-07-28 12:29:08.548 [info] > git show --textconv :weather/weatherproject/static/style.css [10ms]
2024-07-28 12:29:08.553 [info] > git ls-files --stage -- /home/vicky/weather/weatherproject/static/style.css [9ms]
2024-07-28 12:29:08.559 [info] > git cat-file -s 2caff0bef723081c5bca945ad3dfdc41dde7dcbf [1ms]
2024-07-28 12:29:08.837 [info] > git status -z -uall [494ms] (cancelled)
2024-07-28 12:29:08.852 [info] > git for-each-ref --format=%(refname)%00%(upstream:short)%00%(objectname)%00%(upstream:track)%00%(upstream:remotename)%00%(upstream:remoteref) refs/heads/main [3ms]
2024-07-28 12:29:08.863 [info] > git for-each-ref --format=%(refname)%00%(upstream:short)%00%(objectname)%00%(upstream:track)%00%(upstream:remotename)%00%(upstream:remoteref) refs/heads/main [1ms]
2024-07-28 12:29:09.696 [info] > git config --local branch.main.vscode-merge-base [823ms]
2024-07-28 12:29:09.697 [warning] git config failed: Failed to execute git
2024-07-28 12:29:09.728 [info] > git reflog refs/heads/main --grep-reflog=branch: Created from *. [10ms]
2024-07-28 12:29:09.748 [info] > git symbolic-ref --short refs/remotes/origin/HEAD [14ms]
2024-07-28 12:29:09.748 [info] fatal: ref refs/remotes/origin/HEAD is not a symbolic ref
2024-07-28 12:29:09.748 [info] GitHistoryProvider:resolveHistoryItemGroupBase - Failed to resolve history item group base for 'refs/heads/main'
2024-07-28 12:29:09.748 [info] GitHistoryProvider:resolveHistoryItemGroupCommonAncestor - Failed to resolve history item group base for 'refs/heads/main'
2024-07-28 12:29:10.059 [info] > git for-each-ref --format=%(refname)%00%(upstream:short)%00%(objectname)%00%(upstream:track)%00%(upstream:remotename)%00%(upstream:remoteref) refs/heads/main [2ms]
2024-07-28 12:29:10.066 [info] > git for-each-ref --format=%(refname)%00%(upstream:short)%00%(objectname)%00%(upstream:track)%00%(upstream:remotename)%00%(upstream:remoteref) refs/heads/main [2ms]
2024-07-28 12:29:10.078 [info] > git config --local branch.main.vscode-merge-base [3ms]
2024-07-28 12:29:10.078 [warning] git config failed: Failed to execute git
2024-07-28 12:29:10.086 [info] > git reflog refs/heads/main --grep-reflog=branch: Created from *. [2ms]
2024-07-28 12:29:10.092 [info] > git symbolic-ref --short refs/remotes/origin/HEAD [2ms]
2024-07-28 12:29:10.092 [info] fatal: ref refs/remotes/origin/HEAD is not a symbolic ref
2024-07-28 12:29:10.092 [info] GitHistoryProvider:resolveHistoryItemGroupBase - Failed to resolve history item group base for 'refs/heads/main'
2024-07-28 12:29:10.092 [info] GitHistoryProvider:resolveHistoryItemGroupCommonAncestor - Failed to resolve history item group base for 'refs/heads/main'
2024-07-28 12:29:19.981 [info] > git ls-files --stage -- /home/vicky/weather/weatherproject/static/style.css [23ms]
2024-07-28 12:29:19.989 [info] > git cat-file -s 2caff0bef723081c5bca945ad3dfdc41dde7dcbf [1ms]
2024-07-28 12:29:20.005 [info] > git show --textconv :weather/weatherproject/static/style.css [9ms]
2024-07-28 12:29:39.250 [info] > git ls-files --stage -- /home/vicky/weather/weatherproject/static/style.css [6ms]
2024-07-28 12:29:39.256 [info] > git cat-file -s 2caff0bef723081c5bca945ad3dfdc41dde7dcbf [1ms]
2024-07-28 12:29:39.269 [info] > git show --textconv :weather/weatherproject/static/style.css [8ms]
2024-07-28 12:30:33.222 [info] > git ls-files --stage -- /home/vicky/weather/weatherproject/static/style.css [23ms]
2024-07-28 12:30:33.232 [info] > git cat-file -s 2caff0bef723081c5bca945ad3dfdc41dde7dcbf [2ms]
2024-07-28 12:30:33.251 [info] > git show --textconv :weather/weatherproject/static/style.css [10ms]
2024-07-28 12:31:26.663 [info] > git for-each-ref --sort -committerdate --format %(refname) %(objectname) %(*objectname) refs/remotes/weatherremote/ [1ms]
2024-07-28 12:31:31.197 [info] > git log --oneline --cherry main...main@{upstream} -- [4ms]
2024-07-28 12:31:31.197 [info] fatal: no upstream configured for branch 'main'
2024-07-28 12:31:31.230 [info] > git for-each-ref --format=%(refname)%00%(upstream:short)%00%(objectname)%00%(upstream:track)%00%(upstream:remotename)%00%(upstream:remoteref) refs/heads/main [3ms]
2024-07-28 12:31:31.237 [info] > git for-each-ref --format=%(refname)%00%(upstream:short)%00%(objectname)%00%(upstream:track)%00%(upstream:remotename)%00%(upstream:remoteref) refs/heads/main [1ms]
2024-07-28 12:31:31.244 [info] > git config --local branch.main.vscode-merge-base [1ms]
2024-07-28 12:31:31.244 [warning] git config failed: Failed to execute git
2024-07-28 12:31:31.254 [info] > git reflog refs/heads/main --grep-reflog=branch: Created from *. [2ms]
2024-07-28 12:31:31.261 [info] > git symbolic-ref --short refs/remotes/origin/HEAD [1ms]
2024-07-28 12:31:31.261 [info] fatal: ref refs/remotes/origin/HEAD is not a symbolic ref
2024-07-28 12:31:31.261 [info] GitHistoryProvider:resolveHistoryItemGroupBase - Failed to resolve history item group base for 'refs/heads/main'
2024-07-28 12:31:31.261 [info] GitHistoryProvider:resolveHistoryItemGroupCommonAncestor - Failed to resolve history item group base for 'refs/heads/main'
2024-07-28 12:31:31.463 [info] > git for-each-ref --format=%(refname)%00%(upstream:short)%00%(objectname)%00%(upstream:track)%00%(upstream:remotename)%00%(upstream:remoteref) refs/heads/main [5ms]
2024-07-28 12:31:31.475 [info] > git for-each-ref --format=%(refname)%00%(upstream:short)%00%(objectname)%00%(upstream:track)%00%(upstream:remotename)%00%(upstream:remoteref) refs/heads/main [4ms]
2024-07-28 12:31:31.484 [info] > git config --local branch.main.vscode-merge-base [2ms]
2024-07-28 12:31:31.484 [warning] git config failed: Failed to execute git
2024-07-28 12:31:31.498 [info] > git reflog refs/heads/main --grep-reflog=branch: Created from *. [4ms]
2024-07-28 12:31:31.510 [info] > git symbolic-ref --short refs/remotes/origin/HEAD [2ms]
2024-07-28 12:31:31.510 [info] fatal: ref refs/remotes/origin/HEAD is not a symbolic ref
2024-07-28 12:31:31.510 [info] GitHistoryProvider:resolveHistoryItemGroupBase - Failed to resolve history item group base for 'refs/heads/main'
2024-07-28 12:31:31.510 [info] GitHistoryProvider:resolveHistoryItemGroupCommonAncestor - Failed to resolve history item group base for 'refs/heads/main'
2024-07-28 12:31:32.616 [info] > git ls-files --stage -- /home/vicky/weather/weatherproject/static/style.css [9ms]
2024-07-28 12:31:32.621 [info] > git cat-file -s 2caff0bef723081c5bca945ad3dfdc41dde7dcbf [1ms]
2024-07-28 12:31:32.635 [info] > git show --textconv :weather/weatherproject/static/style.css [9ms]
2024-07-28 12:31:32.643 [info] > git pull --tags weatherremote main [1433ms]
2024-07-28 12:31:32.643 [info] From https://github.com/Vrg6875/Live-weather-app
 * branch            main       -> FETCH_HEAD
Auto packing the repository in background for optimum performance.
See "git help gc" for manual housekeeping.
warning: The last gc run reported the following. Please correct the root cause
and remove .git/gc.log
Automatic cleanup will not be performed until the file is removed.

warning: There are too many unreachable loose objects; run 'git prune' to remove them.

hint: You have divergent branches and need to specify how to reconcile them.
hint: You can do so by running one of the following commands sometime before
hint: your next pull:
hint: 
hint:   git config pull.rebase false  # merge (the default strategy)
hint:   git config pull.rebase true   # rebase
hint:   git config pull.ff only       # fast-forward only
hint: 
hint: You can replace "git config" with "git config --global" to set a default
hint: preference for all repositories. You can also pass --rebase, --no-rebase,
hint: or --ff-only on the command line to override the configured default per
hint: invocation.
fatal: Need to specify how to reconcile divergent branches.
2024-07-28 12:31:32.653 [info] > git config --get commit.template [5ms]
2024-07-28 12:31:32.654 [info] > git for-each-ref --format=%(refname)%00%(upstream:short)%00%(objectname)%00%(upstream:track)%00%(upstream:remotename)%00%(upstream:remoteref) refs/heads/main refs/remotes/main [1ms]
2024-07-28 12:31:32.933 [info] > git status -z -uall [275ms]
2024-07-28 12:31:32.979 [info] > git for-each-ref --format=%(refname)%00%(upstream:short)%00%(objectname)%00%(upstream:track)%00%(upstream:remotename)%00%(upstream:remoteref) refs/heads/main [3ms]
2024-07-28 12:31:32.985 [info] > git for-each-ref --format=%(refname)%00%(upstream:short)%00%(objectname)%00%(upstream:track)%00%(upstream:remotename)%00%(upstream:remoteref) refs/heads/main [1ms]
2024-07-28 12:31:32.994 [info] > git config --local branch.main.vscode-merge-base [2ms]
2024-07-28 12:31:32.994 [warning] git config failed: Failed to execute git
2024-07-28 12:31:33.004 [info] > git reflog refs/heads/main --grep-reflog=branch: Created from *. [3ms]
2024-07-28 12:31:33.011 [info] > git symbolic-ref --short refs/remotes/origin/HEAD [2ms]
2024-07-28 12:31:33.011 [info] fatal: ref refs/remotes/origin/HEAD is not a symbolic ref
2024-07-28 12:31:33.011 [info] GitHistoryProvider:resolveHistoryItemGroupBase - Failed to resolve history item group base for 'refs/heads/main'
2024-07-28 12:31:33.011 [info] GitHistoryProvider:resolveHistoryItemGroupCommonAncestor - Failed to resolve history item group base for 'refs/heads/main'
2024-07-28 12:31:33.202 [info] > git for-each-ref --format=%(refname)%00%(upstream:short)%00%(objectname)%00%(upstream:track)%00%(upstream:remotename)%00%(upstream:remoteref) refs/heads/main [3ms]
2024-07-28 12:31:33.211 [info] > git for-each-ref --format=%(refname)%00%(upstream:short)%00%(objectname)%00%(upstream:track)%00%(upstream:remotename)%00%(upstream:remoteref) refs/heads/main [3ms]
2024-07-28 12:31:33.220 [info] > git config --local branch.main.vscode-merge-base [1ms]
2024-07-28 12:31:33.220 [warning] git config failed: Failed to execute git
2024-07-28 12:31:33.227 [info] > git reflog refs/heads/main --grep-reflog=branch: Created from *. [2ms]
2024-07-28 12:31:33.236 [info] > git symbolic-ref --short refs/remotes/origin/HEAD [3ms]
2024-07-28 12:31:33.236 [info] fatal: ref refs/remotes/origin/HEAD is not a symbolic ref
2024-07-28 12:31:33.236 [info] GitHistoryProvider:resolveHistoryItemGroupBase - Failed to resolve history item group base for 'refs/heads/main'
2024-07-28 12:31:33.236 [info] GitHistoryProvider:resolveHistoryItemGroupCommonAncestor - Failed to resolve history item group base for 'refs/heads/main'
2024-07-28 12:31:33.330 [info] > git for-each-ref --format=%(refname)%00%(upstream:short)%00%(objectname)%00%(upstream:track)%00%(upstream:remotename)%00%(upstream:remoteref) refs/heads/main [1ms]
2024-07-28 12:31:33.340 [info] > git for-each-ref --format=%(refname)%00%(upstream:short)%00%(objectname)%00%(upstream:track)%00%(upstream:remotename)%00%(upstream:remoteref) refs/heads/main [3ms]
2024-07-28 12:31:33.346 [info] > git config --local branch.main.vscode-merge-base [1ms]
2024-07-28 12:31:33.346 [warning] git config failed: Failed to execute git
2024-07-28 12:31:33.353 [info] > git reflog refs/heads/main --grep-reflog=branch: Created from *. [2ms]
2024-07-28 12:31:33.358 [info] > git symbolic-ref --short refs/remotes/origin/HEAD [1ms]
2024-07-28 12:31:33.358 [info] fatal: ref refs/remotes/origin/HEAD is not a symbolic ref
2024-07-28 12:31:33.359 [info] GitHistoryProvider:resolveHistoryItemGroupBase - Failed to resolve history item group base for 'refs/heads/main'
2024-07-28 12:31:33.359 [info] GitHistoryProvider:resolveHistoryItemGroupCommonAncestor - Failed to resolve history item group base for 'refs/heads/main'
2024-07-28 12:31:33.962 [info] > git check-ignore -v -z --stdin [103ms]
2024-07-28 12:31:40.499 [info] > git config --get commit.template [7ms]
2024-07-28 12:31:40.505 [info] > git for-each-ref --format=%(refname)%00%(upstream:short)%00%(objectname)%00%(upstream:track)%00%(upstream:remotename)%00%(upstream:remoteref) refs/heads/main refs/remotes/main [1ms]
2024-07-28 12:31:40.512 [info] > git ls-files --stage -- /home/vicky/weather/weatherproject/static/style.css [14ms]
2024-07-28 12:31:40.518 [info] > git cat-file -s 2caff0bef723081c5bca945ad3dfdc41dde7dcbf [2ms]
2024-07-28 12:31:40.553 [info] > git show --textconv :weather/weatherproject/static/style.css [7ms]
2024-07-28 12:31:40.803 [info] > git status -z -uall [293ms]
2024-07-28 12:31:40.823 [info] > git for-each-ref --format=%(refname)%00%(upstream:short)%00%(objectname)%00%(upstream:track)%00%(upstream:remotename)%00%(upstream:remoteref) refs/heads/main [3ms]
2024-07-28 12:31:40.828 [info] > git for-each-ref --format=%(refname)%00%(upstream:short)%00%(objectname)%00%(upstream:track)%00%(upstream:remotename)%00%(upstream:remoteref) refs/heads/main [1ms]
2024-07-28 12:31:40.835 [info] > git config --local branch.main.vscode-merge-base [1ms]
2024-07-28 12:31:40.835 [warning] git config failed: Failed to execute git
2024-07-28 12:31:40.841 [info] > git reflog refs/heads/main --grep-reflog=branch: Created from *. [1ms]
2024-07-28 12:31:40.847 [info] > git symbolic-ref --short refs/remotes/origin/HEAD [1ms]
2024-07-28 12:31:40.847 [info] fatal: ref refs/remotes/origin/HEAD is not a symbolic ref
2024-07-28 12:31:40.847 [info] GitHistoryProvider:resolveHistoryItemGroupBase - Failed to resolve history item group base for 'refs/heads/main'
2024-07-28 12:31:40.847 [info] GitHistoryProvider:resolveHistoryItemGroupCommonAncestor - Failed to resolve history item group base for 'refs/heads/main'
2024-07-28 12:31:40.975 [info] > git for-each-ref --format=%(refname)%00%(upstream:short)%00%(objectname)%00%(upstream:track)%00%(upstream:remotename)%00%(upstream:remoteref) refs/heads/main [2ms]
2024-07-28 12:31:40.982 [info] > git for-each-ref --format=%(refname)%00%(upstream:short)%00%(objectname)%00%(upstream:track)%00%(upstream:remotename)%00%(upstream:remoteref) refs/heads/main [1ms]
2024-07-28 12:31:40.990 [info] > git config --local branch.main.vscode-merge-base [0ms]
2024-07-28 12:31:40.991 [warning] git config failed: Failed to execute git
2024-07-28 12:31:40.998 [info] > git reflog refs/heads/main --grep-reflog=branch: Created from *. [0ms]
2024-07-28 12:31:41.006 [info] > git symbolic-ref --short refs/remotes/origin/HEAD [1ms]
2024-07-28 12:31:41.006 [info] fatal: ref refs/remotes/origin/HEAD is not a symbolic ref
2024-07-28 12:31:41.006 [info] GitHistoryProvider:resolveHistoryItemGroupBase - Failed to resolve history item group base for 'refs/heads/main'
2024-07-28 12:31:41.006 [info] GitHistoryProvider:resolveHistoryItemGroupCommonAncestor - Failed to resolve history item group base for 'refs/heads/main'
2024-07-28 12:31:41.061 [info] > git for-each-ref --format=%(refname)%00%(upstream:short)%00%(objectname)%00%(upstream:track)%00%(upstream:remotename)%00%(upstream:remoteref) refs/heads/main [1ms]
2024-07-28 12:31:41.071 [info] > git for-each-ref --format=%(refname)%00%(upstream:short)%00%(objectname)%00%(upstream:track)%00%(upstream:remotename)%00%(upstream:remoteref) refs/heads/main [3ms]
2024-07-28 12:31:41.088 [info] > git config --local branch.main.vscode-merge-base [7ms]
2024-07-28 12:31:41.088 [warning] git config failed: Failed to execute git
2024-07-28 12:31:41.098 [info] > git reflog refs/heads/main --grep-reflog=branch: Created from *. [3ms]
2024-07-28 12:31:41.106 [info] > git symbolic-ref --short refs/remotes/origin/HEAD [2ms]
2024-07-28 12:31:41.106 [info] fatal: ref refs/remotes/origin/HEAD is not a symbolic ref
2024-07-28 12:31:41.106 [info] GitHistoryProvider:resolveHistoryItemGroupBase - Failed to resolve history item group base for 'refs/heads/main'
2024-07-28 12:31:41.106 [info] GitHistoryProvider:resolveHistoryItemGroupCommonAncestor - Failed to resolve history item group base for 'refs/heads/main'
2024-07-28 12:31:44.715 [info] > git check-ignore -v -z --stdin [94ms]
2024-07-28 12:31:45.868 [info] > git config --get commit.template [25ms]
2024-07-28 12:31:45.874 [info] > git for-each-ref --format=%(refname)%00%(upstream:short)%00%(objectname)%00%(upstream:track)%00%(upstream:remotename)%00%(upstream:remoteref) refs/heads/main refs/remotes/main [9ms]
2024-07-28 12:31:46.239 [info] > git status -z -uall [344ms]
2024-07-28 12:31:46.446 [info] > git for-each-ref --format=%(refname)%00%(upstream:short)%00%(objectname)%00%(upstream:track)%00%(upstream:remotename)%00%(upstream:remoteref) refs/heads/main [2ms]
2024-07-28 12:31:46.452 [info] > git for-each-ref --format=%(refname)%00%(upstream:short)%00%(objectname)%00%(upstream:track)%00%(upstream:remotename)%00%(upstream:remoteref) refs/heads/main [1ms]
2024-07-28 12:31:46.458 [info] > git config --local branch.main.vscode-merge-base [1ms]
2024-07-28 12:31:46.458 [warning] git config failed: Failed to execute git
2024-07-28 12:31:46.464 [info] > git reflog refs/heads/main --grep-reflog=branch: Created from *. [2ms]
2024-07-28 12:31:46.469 [info] > git symbolic-ref --short refs/remotes/origin/HEAD [1ms]
2024-07-28 12:31:46.469 [info] fatal: ref refs/remotes/origin/HEAD is not a symbolic ref
2024-07-28 12:31:46.469 [info] GitHistoryProvider:resolveHistoryItemGroupBase - Failed to resolve history item group base for 'refs/heads/main'
2024-07-28 12:31:46.469 [info] GitHistoryProvider:resolveHistoryItemGroupCommonAncestor - Failed to resolve history item group base for 'refs/heads/main'
2024-07-28 12:31:46.488 [info] > git for-each-ref --format=%(refname)%00%(upstream:short)%00%(objectname)%00%(upstream:track)%00%(upstream:remotename)%00%(upstream:remoteref) refs/heads/main [1ms]
2024-07-28 12:31:46.495 [info] > git for-each-ref --format=%(refname)%00%(upstream:short)%00%(objectname)%00%(upstream:track)%00%(upstream:remotename)%00%(upstream:remoteref) refs/heads/main [1ms]
2024-07-28 12:31:46.500 [info] > git config --local branch.main.vscode-merge-base [1ms]
2024-07-28 12:31:46.500 [warning] git config failed: Failed to execute git
2024-07-28 12:31:46.507 [info] > git reflog refs/heads/main --grep-reflog=branch: Created from *. [2ms]
2024-07-28 12:31:46.512 [info] > git symbolic-ref --short refs/remotes/origin/HEAD [1ms]
2024-07-28 12:31:46.512 [info] fatal: ref refs/remotes/origin/HEAD is not a symbolic ref
2024-07-28 12:31:46.512 [info] GitHistoryProvider:resolveHistoryItemGroupBase - Failed to resolve history item group base for 'refs/heads/main'
2024-07-28 12:31:46.512 [info] GitHistoryProvider:resolveHistoryItemGroupCommonAncestor - Failed to resolve history item group base for 'refs/heads/main'
2024-07-28 12:31:51.288 [info] > git config --get commit.template [13ms]
2024-07-28 12:31:51.290 [info] > git for-each-ref --format=%(refname)%00%(upstream:short)%00%(objectname)%00%(upstream:track)%00%(upstream:remotename)%00%(upstream:remoteref) refs/heads/main refs/remotes/main [3ms]
2024-07-28 12:31:51.582 [info] > git status -z -uall [287ms]
2024-07-28 12:31:51.769 [info] > git for-each-ref --format=%(refname)%00%(upstream:short)%00%(objectname)%00%(upstream:track)%00%(upstream:remotename)%00%(upstream:remoteref) refs/heads/main [1ms]
2024-07-28 12:31:51.775 [info] > git for-each-ref --format=%(refname)%00%(upstream:short)%00%(objectname)%00%(upstream:track)%00%(upstream:remotename)%00%(upstream:remoteref) refs/heads/main [1ms]
2024-07-28 12:31:51.781 [info] > git config --local branch.main.vscode-merge-base [2ms]
2024-07-28 12:31:51.781 [warning] git config failed: Failed to execute git
2024-07-28 12:31:51.788 [info] > git reflog refs/heads/main --grep-reflog=branch: Created from *. [2ms]
2024-07-28 12:31:51.792 [info] > git symbolic-ref --short refs/remotes/origin/HEAD [1ms]
2024-07-28 12:31:51.792 [info] fatal: ref refs/remotes/origin/HEAD is not a symbolic ref
2024-07-28 12:31:51.792 [info] GitHistoryProvider:resolveHistoryItemGroupBase - Failed to resolve history item group base for 'refs/heads/main'
2024-07-28 12:31:51.792 [info] GitHistoryProvider:resolveHistoryItemGroupCommonAncestor - Failed to resolve history item group base for 'refs/heads/main'
2024-07-28 12:31:51.811 [info] > git for-each-ref --format=%(refname)%00%(upstream:short)%00%(objectname)%00%(upstream:track)%00%(upstream:remotename)%00%(upstream:remoteref) refs/heads/main [1ms]
2024-07-28 12:31:51.818 [info] > git for-each-ref --format=%(refname)%00%(upstream:short)%00%(objectname)%00%(upstream:track)%00%(upstream:remotename)%00%(upstream:remoteref) refs/heads/main [1ms]
2024-07-28 12:31:51.824 [info] > git config --local branch.main.vscode-merge-base [1ms]
2024-07-28 12:31:51.824 [warning] git config failed: Failed to execute git
2024-07-28 12:31:51.830 [info] > git reflog refs/heads/main --grep-reflog=branch: Created from *. [2ms]
2024-07-28 12:31:51.836 [info] > git symbolic-ref --short refs/remotes/origin/HEAD [1ms]
2024-07-28 12:31:51.836 [info] fatal: ref refs/remotes/origin/HEAD is not a symbolic ref
2024-07-28 12:31:51.836 [info] GitHistoryProvider:resolveHistoryItemGroupBase - Failed to resolve history item group base for 'refs/heads/main'
2024-07-28 12:31:51.836 [info] GitHistoryProvider:resolveHistoryItemGroupCommonAncestor - Failed to resolve history item group base for 'refs/heads/main'
2024-07-28 12:31:52.376 [info] > git for-each-ref --sort -committerdate --format %(refname) %(objectname) %(*objectname) refs/remotes/weatherremote/ [10ms]
2024-07-28 12:31:55.137 [info] > git log --oneline --cherry main...main@{upstream} -- [7ms]
2024-07-28 12:31:55.138 [info] fatal: no upstream configured for branch 'main'
2024-07-28 12:31:55.217 [info] > git for-each-ref --format=%(refname)%00%(upstream:short)%00%(objectname)%00%(upstream:track)%00%(upstream:remotename)%00%(upstream:remoteref) refs/heads/main [9ms]
2024-07-28 12:31:55.227 [info] > git for-each-ref --format=%(refname)%00%(upstream:short)%00%(objectname)%00%(upstream:track)%00%(upstream:remotename)%00%(upstream:remoteref) refs/heads/main [3ms]
2024-07-28 12:31:55.238 [info] > git config --local branch.main.vscode-merge-base [2ms]
2024-07-28 12:31:55.238 [warning] git config failed: Failed to execute git
2024-07-28 12:31:55.246 [info] > git reflog refs/heads/main --grep-reflog=branch: Created from *. [2ms]
2024-07-28 12:31:55.253 [info] > git symbolic-ref --short refs/remotes/origin/HEAD [2ms]
2024-07-28 12:31:55.253 [info] fatal: ref refs/remotes/origin/HEAD is not a symbolic ref
2024-07-28 12:31:55.253 [info] GitHistoryProvider:resolveHistoryItemGroupBase - Failed to resolve history item group base for 'refs/heads/main'
2024-07-28 12:31:55.253 [info] GitHistoryProvider:resolveHistoryItemGroupCommonAncestor - Failed to resolve history item group base for 'refs/heads/main'
2024-07-28 12:31:55.279 [info] > git for-each-ref --format=%(refname)%00%(upstream:short)%00%(objectname)%00%(upstream:track)%00%(upstream:remotename)%00%(upstream:remoteref) refs/heads/main [1ms]
2024-07-28 12:31:55.286 [info] > git for-each-ref --format=%(refname)%00%(upstream:short)%00%(objectname)%00%(upstream:track)%00%(upstream:remotename)%00%(upstream:remoteref) refs/heads/main [1ms]
2024-07-28 12:31:55.291 [info] > git config --local branch.main.vscode-merge-base [1ms]
2024-07-28 12:31:55.291 [warning] git config failed: Failed to execute git
2024-07-28 12:31:55.297 [info] > git reflog refs/heads/main --grep-reflog=branch: Created from *. [2ms]
2024-07-28 12:31:55.303 [info] > git symbolic-ref --short refs/remotes/origin/HEAD [1ms]
2024-07-28 12:31:55.303 [info] fatal: ref refs/remotes/origin/HEAD is not a symbolic ref
2024-07-28 12:31:55.303 [info] GitHistoryProvider:resolveHistoryItemGroupBase - Failed to resolve history item group base for 'refs/heads/main'
2024-07-28 12:31:55.303 [info] GitHistoryProvider:resolveHistoryItemGroupCommonAncestor - Failed to resolve history item group base for 'refs/heads/main'
2024-07-28 12:31:56.604 [info] > git ls-files --stage -- /home/vicky/weather/weatherproject/static/style.css [31ms]
2024-07-28 12:31:56.625 [info] > git cat-file -s 2caff0bef723081c5bca945ad3dfdc41dde7dcbf [5ms]
2024-07-28 12:31:56.677 [info] > git show --textconv :weather/weatherproject/static/style.css [30ms]
2024-07-28 12:31:57.082 [info] > git pull --tags weatherremote main [1907ms]
2024-07-28 12:31:57.082 [info] From https://github.com/Vrg6875/Live-weather-app
 * branch            main       -> FETCH_HEAD
Auto packing the repository in background for optimum performance.
See "git help gc" for manual housekeeping.
warning: The last gc run reported the following. Please correct the root cause
and remove .git/gc.log
Automatic cleanup will not be performed until the file is removed.

warning: There are too many unreachable loose objects; run 'git prune' to remove them.

hint: You have divergent branches and need to specify how to reconcile them.
hint: You can do so by running one of the following commands sometime before
hint: your next pull:
hint: 
hint:   git config pull.rebase false  # merge (the default strategy)
hint:   git config pull.rebase true   # rebase
hint:   git config pull.ff only       # fast-forward only
hint: 
hint: You can replace "git config" with "git config --global" to set a default
hint: preference for all repositories. You can also pass --rebase, --no-rebase,
hint: or --ff-only on the command line to override the configured default per
hint: invocation.
fatal: Need to specify how to reconcile divergent branches.
2024-07-28 12:31:57.118 [info] > git config --get commit.template [18ms]
2024-07-28 12:31:57.122 [info] > git for-each-ref --format=%(refname)%00%(upstream:short)%00%(objectname)%00%(upstream:track)%00%(upstream:remotename)%00%(upstream:remoteref) refs/heads/main refs/remotes/main [5ms]
2024-07-28 12:31:57.453 [info] > git status -z -uall [314ms]
2024-07-28 12:31:57.479 [info] > git config --get commit.template [8ms]
2024-07-28 12:31:57.483 [info] > git for-each-ref --format=%(refname)%00%(upstream:short)%00%(objectname)%00%(upstream:track)%00%(upstream:remotename)%00%(upstream:remoteref) refs/heads/main [5ms]
2024-07-28 12:31:57.496 [info] > git for-each-ref --format=%(refname)%00%(upstream:short)%00%(objectname)%00%(upstream:track)%00%(upstream:remotename)%00%(upstream:remoteref) refs/heads/main [6ms]
2024-07-28 12:31:57.503 [info] > git for-each-ref --format=%(refname)%00%(upstream:short)%00%(objectname)%00%(upstream:track)%00%(upstream:remotename)%00%(upstream:remoteref) refs/heads/main refs/remotes/main [8ms]
2024-07-28 12:31:57.507 [info] > git config --local branch.main.vscode-merge-base [5ms]
2024-07-28 12:31:57.507 [warning] git config failed: Failed to execute git
2024-07-28 12:31:57.514 [info] > git reflog refs/heads/main --grep-reflog=branch: Created from *. [2ms]
2024-07-28 12:31:57.535 [info] > git symbolic-ref --short refs/remotes/origin/HEAD [15ms]
2024-07-28 12:31:57.535 [info] fatal: ref refs/remotes/origin/HEAD is not a symbolic ref
2024-07-28 12:31:57.535 [info] GitHistoryProvider:resolveHistoryItemGroupBase - Failed to resolve history item group base for 'refs/heads/main'
2024-07-28 12:31:57.535 [info] GitHistoryProvider:resolveHistoryItemGroupCommonAncestor - Failed to resolve history item group base for 'refs/heads/main'
2024-07-28 12:31:57.633 [info] > git for-each-ref --format=%(refname)%00%(upstream:short)%00%(objectname)%00%(upstream:track)%00%(upstream:remotename)%00%(upstream:remoteref) refs/heads/main [6ms]
2024-07-28 12:31:57.639 [info] > git for-each-ref --format=%(refname)%00%(upstream:short)%00%(objectname)%00%(upstream:track)%00%(upstream:remotename)%00%(upstream:remoteref) refs/heads/main [1ms]
2024-07-28 12:31:57.645 [info] > git config --local branch.main.vscode-merge-base [1ms]
2024-07-28 12:31:57.645 [warning] git config failed: Failed to execute git
2024-07-28 12:31:57.655 [info] > git reflog refs/heads/main --grep-reflog=branch: Created from *. [3ms]
2024-07-28 12:31:57.660 [info] > git symbolic-ref --short refs/remotes/origin/HEAD [1ms]
2024-07-28 12:31:57.660 [info] fatal: ref refs/remotes/origin/HEAD is not a symbolic ref
2024-07-28 12:31:57.660 [info] GitHistoryProvider:resolveHistoryItemGroupBase - Failed to resolve history item group base for 'refs/heads/main'
2024-07-28 12:31:57.660 [info] GitHistoryProvider:resolveHistoryItemGroupCommonAncestor - Failed to resolve history item group base for 'refs/heads/main'
2024-07-28 12:31:57.685 [info] > git for-each-ref --format=%(refname)%00%(upstream:short)%00%(objectname)%00%(upstream:track)%00%(upstream:remotename)%00%(upstream:remoteref) refs/heads/main [1ms]
2024-07-28 12:31:57.693 [info] > git for-each-ref --format=%(refname)%00%(upstream:short)%00%(objectname)%00%(upstream:track)%00%(upstream:remotename)%00%(upstream:remoteref) refs/heads/main [2ms]
2024-07-28 12:31:57.702 [info] > git config --local branch.main.vscode-merge-base [2ms]
2024-07-28 12:31:57.702 [warning] git config failed: Failed to execute git
2024-07-28 12:31:57.710 [info] > git reflog refs/heads/main --grep-reflog=branch: Created from *. [2ms]
2024-07-28 12:31:57.718 [info] > git symbolic-ref --short refs/remotes/origin/HEAD [0ms]
2024-07-28 12:31:57.719 [info] fatal: ref refs/remotes/origin/HEAD is not a symbolic ref
2024-07-28 12:31:57.719 [info] GitHistoryProvider:resolveHistoryItemGroupBase - Failed to resolve history item group base for 'refs/heads/main'
2024-07-28 12:31:57.719 [info] GitHistoryProvider:resolveHistoryItemGroupCommonAncestor - Failed to resolve history item group base for 'refs/heads/main'
2024-07-28 12:31:57.889 [info] > git status -z -uall [382ms]
2024-07-28 12:31:58.164 [info] > git for-each-ref --format=%(refname)%00%(upstream:short)%00%(objectname)%00%(upstream:track)%00%(upstream:remotename)%00%(upstream:remoteref) refs/heads/main [3ms]
2024-07-28 12:31:58.176 [info] > git for-each-ref --format=%(refname)%00%(upstream:short)%00%(objectname)%00%(upstream:track)%00%(upstream:remotename)%00%(upstream:remoteref) refs/heads/main [5ms]
2024-07-28 12:31:58.183 [info] > git config --local branch.main.vscode-merge-base [1ms]
2024-07-28 12:31:58.184 [warning] git config failed: Failed to execute git
2024-07-28 12:31:58.194 [info] > git reflog refs/heads/main --grep-reflog=branch: Created from *. [3ms]
2024-07-28 12:31:58.204 [info] > git symbolic-ref --short refs/remotes/origin/HEAD [3ms]
2024-07-28 12:31:58.204 [info] fatal: ref refs/remotes/origin/HEAD is not a symbolic ref
2024-07-28 12:31:58.204 [info] GitHistoryProvider:resolveHistoryItemGroupBase - Failed to resolve history item group base for 'refs/heads/main'
2024-07-28 12:31:58.204 [info] GitHistoryProvider:resolveHistoryItemGroupCommonAncestor - Failed to resolve history item group base for 'refs/heads/main'
2024-07-28 12:31:58.233 [info] > git for-each-ref --format=%(refname)%00%(upstream:short)%00%(objectname)%00%(upstream:track)%00%(upstream:remotename)%00%(upstream:remoteref) refs/heads/main [1ms]
2024-07-28 12:31:58.240 [info] > git for-each-ref --format=%(refname)%00%(upstream:short)%00%(objectname)%00%(upstream:track)%00%(upstream:remotename)%00%(upstream:remoteref) refs/heads/main [1ms]
2024-07-28 12:31:58.246 [info] > git config --local branch.main.vscode-merge-base [0ms]
2024-07-28 12:31:58.246 [warning] git config failed: Failed to execute git
2024-07-28 12:31:58.253 [info] > git reflog refs/heads/main --grep-reflog=branch: Created from *. [3ms]
2024-07-28 12:31:58.258 [info] > git symbolic-ref --short refs/remotes/origin/HEAD [1ms]
2024-07-28 12:31:58.258 [info] fatal: ref refs/remotes/origin/HEAD is not a symbolic ref
2024-07-28 12:31:58.258 [info] GitHistoryProvider:resolveHistoryItemGroupBase - Failed to resolve history item group base for 'refs/heads/main'
2024-07-28 12:31:58.258 [info] GitHistoryProvider:resolveHistoryItemGroupCommonAncestor - Failed to resolve history item group base for 'refs/heads/main'
2024-07-28 12:32:00.678 [info] > git ls-files --stage -- /home/vicky/weather/weatherproject/static/style.css [9ms]
2024-07-28 12:32:00.685 [info] > git cat-file -s 2caff0bef723081c5bca945ad3dfdc41dde7dcbf [1ms]
2024-07-28 12:32:00.699 [info] > git show --textconv :weather/weatherproject/static/style.css [8ms]
2024-07-28 12:32:02.942 [info] > git config --get commit.template [19ms]
2024-07-28 12:32:02.942 [info] > git for-each-ref --format=%(refname)%00%(upstream:short)%00%(objectname)%00%(upstream:track)%00%(upstream:remotename)%00%(upstream:remoteref) refs/heads/main refs/remotes/main [3ms]
2024-07-28 12:32:03.229 [info] > git status -z -uall [280ms]
2024-07-28 12:32:03.246 [info] > git for-each-ref --format=%(refname)%00%(upstream:short)%00%(objectname)%00%(upstream:track)%00%(upstream:remotename)%00%(upstream:remoteref) refs/heads/main [2ms]
2024-07-28 12:32:03.252 [info] > git for-each-ref --format=%(refname)%00%(upstream:short)%00%(objectname)%00%(upstream:track)%00%(upstream:remotename)%00%(upstream:remoteref) refs/heads/main [1ms]
2024-07-28 12:32:03.258 [info] > git config --local branch.main.vscode-merge-base [1ms]
2024-07-28 12:32:03.258 [warning] git config failed: Failed to execute git
2024-07-28 12:32:03.267 [info] > git reflog refs/heads/main --grep-reflog=branch: Created from *. [0ms]
2024-07-28 12:32:03.273 [info] > git symbolic-ref --short refs/remotes/origin/HEAD [1ms]
2024-07-28 12:32:03.273 [info] fatal: ref refs/remotes/origin/HEAD is not a symbolic ref
2024-07-28 12:32:03.273 [info] GitHistoryProvider:resolveHistoryItemGroupBase - Failed to resolve history item group base for 'refs/heads/main'
2024-07-28 12:32:03.273 [info] GitHistoryProvider:resolveHistoryItemGroupCommonAncestor - Failed to resolve history item group base for 'refs/heads/main'
2024-07-28 12:32:03.382 [info] > git for-each-ref --format=%(refname)%00%(upstream:short)%00%(objectname)%00%(upstream:track)%00%(upstream:remotename)%00%(upstream:remoteref) refs/heads/main [1ms]
2024-07-28 12:32:03.388 [info] > git for-each-ref --format=%(refname)%00%(upstream:short)%00%(objectname)%00%(upstream:track)%00%(upstream:remotename)%00%(upstream:remoteref) refs/heads/main [1ms]
2024-07-28 12:32:03.394 [info] > git config --local branch.main.vscode-merge-base [1ms]
2024-07-28 12:32:03.394 [warning] git config failed: Failed to execute git
2024-07-28 12:32:03.400 [info] > git reflog refs/heads/main --grep-reflog=branch: Created from *. [2ms]
2024-07-28 12:32:03.406 [info] > git symbolic-ref --short refs/remotes/origin/HEAD [1ms]
2024-07-28 12:32:03.406 [info] fatal: ref refs/remotes/origin/HEAD is not a symbolic ref
2024-07-28 12:32:03.406 [info] GitHistoryProvider:resolveHistoryItemGroupBase - Failed to resolve history item group base for 'refs/heads/main'
2024-07-28 12:32:03.406 [info] GitHistoryProvider:resolveHistoryItemGroupCommonAncestor - Failed to resolve history item group base for 'refs/heads/main'
2024-07-28 12:32:03.430 [info] > git for-each-ref --format=%(refname)%00%(upstream:short)%00%(objectname)%00%(upstream:track)%00%(upstream:remotename)%00%(upstream:remoteref) refs/heads/main [2ms]
2024-07-28 12:32:03.441 [info] > git for-each-ref --format=%(refname)%00%(upstream:short)%00%(objectname)%00%(upstream:track)%00%(upstream:remotename)%00%(upstream:remoteref) refs/heads/main [4ms]
2024-07-28 12:32:03.450 [info] > git config --local branch.main.vscode-merge-base [2ms]
2024-07-28 12:32:03.450 [warning] git config failed: Failed to execute git
2024-07-28 12:32:03.460 [info] > git reflog refs/heads/main --grep-reflog=branch: Created from *. [3ms]
2024-07-28 12:32:03.469 [info] > git symbolic-ref --short refs/remotes/origin/HEAD [2ms]
2024-07-28 12:32:03.469 [info] fatal: ref refs/remotes/origin/HEAD is not a symbolic ref
2024-07-28 12:32:03.469 [info] GitHistoryProvider:resolveHistoryItemGroupBase - Failed to resolve history item group base for 'refs/heads/main'
2024-07-28 12:32:03.469 [info] GitHistoryProvider:resolveHistoryItemGroupCommonAncestor - Failed to resolve history item group base for 'refs/heads/main'
2024-07-28 12:32:08.276 [info] > git config --get commit.template [20ms]
2024-07-28 12:32:08.278 [info] > git for-each-ref --format=%(refname)%00%(upstream:short)%00%(objectname)%00%(upstream:track)%00%(upstream:remotename)%00%(upstream:remoteref) refs/heads/main refs/remotes/main [5ms]
2024-07-28 12:32:08.570 [info] > git status -z -uall [285ms]
2024-07-28 12:32:08.736 [info] > git for-each-ref --format=%(refname)%00%(upstream:short)%00%(objectname)%00%(upstream:track)%00%(upstream:remotename)%00%(upstream:remoteref) refs/heads/main [2ms]
2024-07-28 12:32:08.741 [info] > git for-each-ref --format=%(refname)%00%(upstream:short)%00%(objectname)%00%(upstream:track)%00%(upstream:remotename)%00%(upstream:remoteref) refs/heads/main [1ms]
2024-07-28 12:32:08.747 [info] > git config --local branch.main.vscode-merge-base [1ms]
2024-07-28 12:32:08.747 [warning] git config failed: Failed to execute git
2024-07-28 12:32:08.754 [info] > git reflog refs/heads/main --grep-reflog=branch: Created from *. [2ms]
2024-07-28 12:32:08.759 [info] > git symbolic-ref --short refs/remotes/origin/HEAD [1ms]
2024-07-28 12:32:08.759 [info] fatal: ref refs/remotes/origin/HEAD is not a symbolic ref
2024-07-28 12:32:08.759 [info] GitHistoryProvider:resolveHistoryItemGroupBase - Failed to resolve history item group base for 'refs/heads/main'
2024-07-28 12:32:08.759 [info] GitHistoryProvider:resolveHistoryItemGroupCommonAncestor - Failed to resolve history item group base for 'refs/heads/main'
2024-07-28 12:32:08.779 [info] > git for-each-ref --format=%(refname)%00%(upstream:short)%00%(objectname)%00%(upstream:track)%00%(upstream:remotename)%00%(upstream:remoteref) refs/heads/main [1ms]
2024-07-28 12:32:08.786 [info] > git for-each-ref --format=%(refname)%00%(upstream:short)%00%(objectname)%00%(upstream:track)%00%(upstream:remotename)%00%(upstream:remoteref) refs/heads/main [1ms]
2024-07-28 12:32:08.791 [info] > git config --local branch.main.vscode-merge-base [1ms]
2024-07-28 12:32:08.791 [warning] git config failed: Failed to execute git
2024-07-28 12:32:08.797 [info] > git reflog refs/heads/main --grep-reflog=branch: Created from *. [2ms]
2024-07-28 12:32:08.803 [info] > git symbolic-ref --short refs/remotes/origin/HEAD [1ms]
2024-07-28 12:32:08.803 [info] fatal: ref refs/remotes/origin/HEAD is not a symbolic ref
2024-07-28 12:32:08.803 [info] GitHistoryProvider:resolveHistoryItemGroupBase - Failed to resolve history item group base for 'refs/heads/main'
2024-07-28 12:32:08.803 [info] GitHistoryProvider:resolveHistoryItemGroupCommonAncestor - Failed to resolve history item group base for 'refs/heads/main'
