2024-07-26 19:11:42.385 [info] Experiment 'pythonCreateEnvOnPipInstall' is active
2024-07-26 19:11:42.385 [info] Experiment 'pythonRecommendTensorboardExt' is active
2024-07-26 19:11:42.385 [info] Experiment 'pythonTerminalEnvVarActivation' is active
2024-07-26 19:11:42.385 [info] Experiment 'pythonTestAdapter' is active
2024-07-26 19:11:42.385 [error] Reading directory to watch failed [Error: ENOENT: no such file or directory, scandir '/home/vicky/weather/weatherproject/.pixi/envs'
	at Object.readdirSync (node:fs:1529:3)
	at t.readdirSync (node:electron/js2c/node_init:2:11289)
	at /home/vicky/.vscode/extensions/ms-python.python-2024.10.0-linux-x64/out/client/extension.js:2:574598
	at /home/vicky/.vscode/extensions/ms-python.python-2024.10.0-linux-x64/out/client/extension.js:2:574789
	at Array.map (<anonymous>)
	at d.initWatchers (/home/vicky/.vscode/extensions/ms-python.python-2024.10.0-linux-x64/out/client/extension.js:2:574507)
	at async d.ensureWatchersReady (/home/vicky/.vscode/extensions/ms-python.python-2024.10.0-linux-x64/out/client/extension.js:2:536827)] {
  errno: -2,
  syscall: 'scandir',
  code: 'ENOENT',
  path: '/home/vicky/weather/weatherproject/.pixi/envs'
}
2024-07-26 19:11:42.385 [error] Dir "/home/vicky/weather/weatherproject/.pixi/envs" is not watchable (directory does not exist)
2024-07-26 19:11:42.543 [info] Starting Environment refresh
2024-07-26 19:11:42.598 [info] > pixi --version
2024-07-26 19:11:42.600 [error] [Error: spawn pixi ENOENT
	at ChildProcess._handle.onexit (node:internal/child_process:284:19)
	at onErrorNT (node:internal/child_process:477:16)
	at process.processTicksAndRejections (node:internal/process/task_queues:82:21)] {
  errno: -2,
  code: 'ENOENT',
  syscall: 'spawn pixi',
  path: 'pixi',
  spawnargs: [ '--version' ]
}
2024-07-26 19:11:42.623 [info] > hatch env show --json
2024-07-26 19:11:42.623 [info] cwd: .
2024-07-26 19:11:42.849 [info] Environments refresh finished (event): 306 milliseconds
2024-07-26 19:11:42.849 [info] Environments refresh paths discovered: 306 milliseconds
2024-07-26 19:11:42.850 [info] Environment refresh took 308 milliseconds
2024-07-26 19:11:42.888 [info] > pyenv which python
2024-07-26 19:11:42.888 [info] cwd: .
2024-07-26 19:11:42.912 [warning] could not find a pixi interpreter for the interpreter at /usr/bin/python
2024-07-26 19:11:44.555 [info] Starting Pylance language server.
2024-07-26 19:11:46.974 [info] Experiment 'pythonCreateEnvOnPipInstall' is active
2024-07-26 19:11:46.974 [info] Experiment 'pythonRecommendTensorboardExt' is active
2024-07-26 19:11:46.974 [info] Experiment 'pythonTerminalEnvVarActivation' is active
2024-07-26 19:11:46.974 [info] Experiment 'pythonTestAdapter' is active
2024-07-26 19:11:46.982 [error] Reading directory to watch failed [Error: ENOENT: no such file or directory, scandir '/home/vicky/weather/weatherproject/.pixi/envs'
	at Object.readdirSync (node:fs:1529:3)
	at t.readdirSync (node:electron/js2c/node_init:2:11289)
	at /home/vicky/.vscode/extensions/ms-python.python-2024.10.0-linux-x64/out/client/extension.js:2:574598
	at /home/vicky/.vscode/extensions/ms-python.python-2024.10.0-linux-x64/out/client/extension.js:2:574789
	at Array.map (<anonymous>)
	at d.initWatchers (/home/vicky/.vscode/extensions/ms-python.python-2024.10.0-linux-x64/out/client/extension.js:2:574507)
	at async d.ensureWatchersReady (/home/vicky/.vscode/extensions/ms-python.python-2024.10.0-linux-x64/out/client/extension.js:2:536827)] {
  errno: -2,
  syscall: 'scandir',
  code: 'ENOENT',
  path: '/home/vicky/weather/weatherproject/.pixi/envs'
}
2024-07-26 19:11:46.982 [error] Dir "/home/vicky/weather/weatherproject/.pixi/envs" is not watchable (directory does not exist)
2024-07-26 19:11:47.016 [info] Default formatter is set to null for workspace /home/vicky/weather/weatherproject
2024-07-26 19:11:47.024 [info] Starting Environment refresh
2024-07-26 19:11:47.044 [info] Python interpreter path: /usr/bin/python
2024-07-26 19:11:47.055 [info] Environments refresh paths discovered: 31 milliseconds
2024-07-26 19:11:47.071 [info] > /usr/bin/python -I ~/.vscode/extensions/ms-python.python-2024.10.0-linux-x64/python_files/get_output_via_markers.py ~/.vscode/extensions/ms-python.python-2024.10.0-linux-x64/python_files/interpreterInfo.py
2024-07-26 19:11:47.175 [info] > pyenv which python
2024-07-26 19:11:47.175 [info] cwd: .
2024-07-26 19:11:47.193 [info] Environments refresh finished (event): 169 milliseconds
2024-07-26 19:11:47.194 [info] Environment refresh took 170 milliseconds
2024-07-26 19:11:47.290 [warning] could not find a pixi interpreter for the interpreter at /usr/bin/python
2024-07-26 19:11:48.678 [info] Starting Pylance language server.
