2024-07-27 16:01:24.603 [info] Added views:workbench.panel.markers.view in workbench.panel.markers
2024-07-27 16:01:24.603 [info] Added views:workbench.panel.output in workbench.panel.output
2024-07-27 16:01:24.603 [info] Added views:terminal in terminal
2024-07-27 16:01:24.603 [info] Added views:outline in workbench.view.explorer
2024-07-27 16:01:24.603 [info] Added views:workbench.scm in workbench.view.scm
2024-07-27 16:01:24.603 [info] Added views:workbench.view.search in workbench.view.search
2024-07-27 16:01:24.603 [info] Added views:timeline in workbench.view.explorer
2024-07-27 16:01:24.603 [info] Added views:workbench.explorer.fileView in workbench.view.explorer
2024-07-27 16:01:25.016 [info] Added views:com.genuitec.codetogether.presence.treeview,com.genuitec.codetogether.team.treeview in workbench.view.extension.genuitec-codetogether-presence
2024-07-27 16:01:25.021 [info] Added views:dockerContainers,dockerImages,dockerRegistries,dockerNetworks,dockerVolumes,vscode-docker.views.dockerContexts,vscode-docker.views.help in workbench.view.extension.dockerView
2024-07-27 16:01:25.021 [info] Added views:targetsContainers,devVolumes in workbench.view.remote
2024-07-27 16:01:25.023 [info] Added views:liveshare.session in workbench.view.extension.liveshare
2024-07-27 16:01:25.298 [info] Added views:workbench.debug.variablesView,workbench.debug.watchExpressionsView,workbench.debug.callStackView,workbench.debug.breakPointsView in workbench.view.debug
2024-07-27 16:01:25.332 [info] Added views:workbench.panel.repl.view in workbench.panel.repl
2024-07-27 16:01:25.335 [info] Removed views:workbench.debug.breakPointsView,workbench.debug.callStackView,workbench.debug.watchExpressionsView,workbench.debug.variablesView from workbench.view.debug
2024-07-27 16:01:25.336 [info] Added views:workbench.debug.welcome in workbench.view.debug
2024-07-27 16:01:25.516 [info] Added views:~remote.forwardedPorts in ~remote.forwardedPortsContainer
2024-07-27 16:01:26.159 [info] Removed views:com.genuitec.codetogether.presence.treeview from workbench.view.extension.genuitec-codetogether-presence
2024-07-27 16:01:26.160 [info] Added views:ct-presence in workbench.view.extension.genuitec-codetogether-presence
2024-07-27 16:01:32.408 [info] Added views:thunder-client-sidebar in workbench.view.extension.thunder-client
2024-07-27 16:01:37.536 [info] Added views:workbench.view.testing in workbench.view.extension.test
