2024-07-27 16:01:37.607 [info] Experiment 'pythonCreateEnvOnPipInstall' is active
2024-07-27 16:01:37.607 [info] Experiment 'pythonRecommendTensorboardExt' is active
2024-07-27 16:01:37.607 [info] Experiment 'pythonTerminalEnvVarActivation' is active
2024-07-27 16:01:37.607 [info] Experiment 'pythonTestAdapter' is active
2024-07-27 16:01:37.607 [error] Reading directory to watch failed [Error: ENOENT: no such file or directory, scandir '/home/vicky/python list/.pixi/envs'
	at Object.readdirSync (node:fs:1529:3)
	at t.readdirSync (node:electron/js2c/node_init:2:11289)
	at /home/vicky/.vscode/extensions/ms-python.python-2024.10.0-linux-x64/out/client/extension.js:2:574598
	at /home/vicky/.vscode/extensions/ms-python.python-2024.10.0-linux-x64/out/client/extension.js:2:574789
	at Array.map (<anonymous>)
	at d.initWatchers (/home/vicky/.vscode/extensions/ms-python.python-2024.10.0-linux-x64/out/client/extension.js:2:574507)
	at async d.ensureWatchersReady (/home/vicky/.vscode/extensions/ms-python.python-2024.10.0-linux-x64/out/client/extension.js:2:536827)] {
  errno: -2,
  syscall: 'scandir',
  code: 'ENOENT',
  path: '/home/vicky/python list/.pixi/envs'
}
2024-07-27 16:01:37.607 [error] Dir "/home/vicky/python list/.pixi/envs" is not watchable (directory does not exist)
2024-07-27 16:01:37.607 [info] Default formatter is set to null for workspace /home/vicky/python list
2024-07-27 16:01:37.607 [info] Starting Environment refresh
2024-07-27 16:01:37.607 [info] Starting Environment refresh
2024-07-27 16:01:37.607 [info] > pixi --version
2024-07-27 16:01:37.607 [error] [Error: spawn pixi ENOENT
	at ChildProcess._handle.onexit (node:internal/child_process:284:19)
	at onErrorNT (node:internal/child_process:477:16)
	at process.processTicksAndRejections (node:internal/process/task_queues:82:21)] {
  errno: -2,
  code: 'ENOENT',
  syscall: 'spawn pixi',
  path: 'pixi',
  spawnargs: [ '--version' ]
}
2024-07-27 16:01:37.607 [info] > hatch env show --json
2024-07-27 16:01:37.607 [info] cwd: ~/python list
2024-07-27 16:01:37.607 [info] Environments refresh finished (event): 61 milliseconds
2024-07-27 16:01:37.607 [info] Environments refresh paths discovered: 61 milliseconds
2024-07-27 16:01:37.607 [info] Environments refresh finished (event): 65 milliseconds
2024-07-27 16:01:37.607 [info] Environments refresh paths discovered: 65 milliseconds
2024-07-27 16:01:37.607 [info] Environment refresh took 73 milliseconds
2024-07-27 16:01:37.607 [info] Environment refresh took 74 milliseconds
2024-07-27 16:01:37.623 [info] > pyenv which python
2024-07-27 16:01:37.623 [info] cwd: ~/python list
2024-07-27 16:01:38.262 [warning] could not find a pixi interpreter for the interpreter at /usr/bin/python
2024-07-27 16:01:38.311 [info] Python interpreter path: /usr/bin/python
2024-07-27 16:01:38.337 [warning] could not find a pixi interpreter for the interpreter at /usr/bin/python
2024-07-27 16:01:39.536 [info] Starting Pylance language server.
2024-07-27 16:01:47.194 [info] Discover tests for workspace name: python list - uri: /home/vicky/python list/test.py
2024-07-27 16:03:02.353 [info] Discover tests for workspace name: python list - uri: /home/vicky/python list/test.py
2024-07-27 16:03:07.355 [info] Discover tests for workspace name: python list - uri: /home/vicky/python list/test.py
2024-07-27 16:03:09.765 [info] CreateEnv Trigger - Skipping for /home/vicky/python list/test.py
2024-07-27 16:03:09.800 [info] Send text to terminal: /usr/bin/python "/home/vicky/python list/test.py"
2024-07-27 16:03:43.134 [info] Discover tests for workspace name: python list - uri: /home/vicky/python list/test.py
2024-07-27 16:03:47.186 [info] Discover tests for workspace name: python list - uri: /home/vicky/python list/test.py
2024-07-27 16:03:48.601 [info] Send text to terminal: /usr/bin/python "/home/vicky/python list/test.py"
2024-07-27 16:04:12.311 [info] Discover tests for workspace name: python list - uri: /home/vicky/python list/test.py
2024-07-27 16:04:15.809 [info] Send text to terminal: /usr/bin/python "/home/vicky/python list/test.py"
2024-07-27 16:05:43.493 [info] Discover tests for workspace name: python list - uri: /home/vicky/python list/test.py
2024-07-27 16:05:45.133 [info] Send text to terminal: /usr/bin/python "/home/vicky/python list/test.py"
2024-07-27 16:06:11.835 [info] Discover tests for workspace name: python list - uri: /home/vicky/python list/test.py
2024-07-27 16:06:13.024 [info] Send text to terminal: /usr/bin/python "/home/vicky/python list/test.py"
2024-07-27 16:06:30.377 [info] Discover tests for workspace name: python list - uri: /home/vicky/python list/test.py
2024-07-27 16:06:31.688 [info] Send text to terminal: /usr/bin/python "/home/vicky/python list/test.py"
2024-07-27 16:06:59.579 [info] Discover tests for workspace name: python list - uri: /home/vicky/python list/test.py
2024-07-27 16:07:00.875 [info] Send text to terminal: /usr/bin/python "/home/vicky/python list/test.py"
2024-07-27 16:07:34.413 [info] Discover tests for workspace name: python list - uri: /home/vicky/python list/test.py
2024-07-27 16:07:36.194 [info] Send text to terminal: /usr/bin/python "/home/vicky/python list/test.py"
2024-07-27 16:07:46.616 [info] Discover tests for workspace name: python list - uri: /home/vicky/python list/test.py
2024-07-27 16:09:10.241 [info] Discover tests for workspace name: python list - uri: /home/vicky/python list/test.py
2024-07-27 16:09:12.451 [info] Send text to terminal: /usr/bin/python "/home/vicky/python list/test.py"
2024-07-27 16:11:46.739 [info] Discover tests for workspace name: python list - uri: /home/vicky/python list/test.py
2024-07-27 16:11:49.109 [info] Send text to terminal: /usr/bin/python "/home/vicky/python list/test.py"
2024-07-27 16:11:56.798 [info] Discover tests for workspace name: python list - uri: /home/vicky/python list/test.py
2024-07-27 16:11:58.359 [info] Send text to terminal: /usr/bin/python "/home/vicky/python list/test.py"
2024-07-27 16:12:09.224 [info] Discover tests for workspace name: python list - uri: /home/vicky/python list/test.py
2024-07-27 16:12:10.860 [info] Send text to terminal: /usr/bin/python "/home/vicky/python list/test.py"
