2024-07-26 16:37:45.305 [info] (Client) Pylance async client (2024.7.1) started with python extension (2024.10.0)
2024-07-26 16:37:46.166 [info] [Info  - 16:37:46] (59420) Pylance language server 2024.7.1 (pyright version 1.1.369, commit 1168be71) starting
2024-07-26 16:37:46.166 [info] [Info  - 16:37:46] (59420) Server root directory: file:///home/vicky/.vscode/extensions/ms-python.vscode-pylance-2024.7.1/dist
2024-07-26 16:37:46.168 [info] [Info  - 16:37:46] (59420) Starting service instance "vicky"
2024-07-26 16:37:46.325 [info] [Info  - 16:37:46] (59420) Setting pythonPath for service "vicky": "/home/vicky/Desktop/eventplanner/vicky/venv/bin/python"
2024-07-26 16:37:46.328 [info] [Info  - 16:37:46] (59420) Setting environmentName for service "vicky": "3.10.12 (venv venv)"
2024-07-26 16:37:46.328 [info] [Info  - 16:37:46] (59420) No include entries specified; assuming /home/vicky/Desktop/eventplanner/vicky
2024-07-26 16:37:46.329 [info] [Info  - 16:37:46] (59420) Auto-excluding **/node_modules
2024-07-26 16:37:46.332 [info] [Info  - 16:37:46] (59420) Auto-excluding **/__pycache__
2024-07-26 16:37:46.332 [info] [Info  - 16:37:46] (59420) Auto-excluding **/.*
2024-07-26 16:37:46.373 [info] [Info  - 16:37:46] (59420) Assuming Python version 3.10.12.final.0
2024-07-26 16:37:46.537 [info] [Info  - 16:37:46] (59420) Auto-excluding /home/vicky/Desktop/eventplanner/vicky/venv
2024-07-26 16:37:46.548 [info] [Info  - 16:37:46] (59420) Found 23 source files
2024-07-26 16:37:47.037 [info] [Info  - 16:37:47] (59420) Background analysis(1) root directory: file:///home/vicky/.vscode/extensions/ms-python.vscode-pylance-2024.7.1/dist
2024-07-26 16:37:47.038 [info] [Info  - 16:37:47] (59420) Background analysis(1) started
2024-07-26 16:37:47.344 [info] [Info  - 16:37:47] (59420) Indexer background runner(2) root directory: file:///home/vicky/.vscode/extensions/ms-python.vscode-pylance-2024.7.1/dist (index)
2024-07-26 16:37:47.344 [info] [Info  - 16:37:47] (59420) Indexing(2) started
2024-07-26 16:37:47.887 [info] [Info  - 16:37:47] (59420) scanned(2) 10 files over 1 exec env
2024-07-26 16:37:48.044 [info] [Info  - 16:37:48] (59420) indexed(2) 2 files over 1 exec env
2024-07-26 16:37:48.059 [info] [Info  - 16:37:48] (59420) Indexing finished(2).
