2024-07-23 15:11:41.383 [info] Log level: Info
2024-07-23 15:11:41.383 [info] Validating found git in: "git"
2024-07-23 15:11:41.384 [info] Using git "2.34.1" from "git"
2024-07-23 15:11:41.384 [info] > git rev-parse --show-toplevel [25ms]
2024-07-23 15:11:41.384 [info] > git rev-parse --show-toplevel [21ms]
2024-07-23 15:11:41.655 [info] > git rev-parse --show-toplevel [263ms]
2024-07-23 15:11:41.733 [info] > git rev-parse --show-toplevel [25ms]
2024-07-23 15:11:41.754 [info] > git rev-parse --show-toplevel [8ms]
2024-07-23 15:11:41.795 [info] > git rev-parse --show-toplevel [24ms]
2024-07-23 15:11:41.863 [info] > git rev-parse --show-toplevel [7ms]
2024-07-23 15:11:41.879 [info] > git rev-parse --show-toplevel [6ms]
2024-07-23 15:11:49.445 [info] > git rev-parse --show-toplevel [4ms]
2024-07-23 15:11:49.455 [info] > git rev-parse --git-dir --git-common-dir [2ms]
2024-07-23 15:11:49.468 [info] Open repository: /home/vicky/Desktop/eventplanner
2024-07-23 15:11:49.481 [info] > git config --get commit.template [7ms]
2024-07-23 15:11:49.482 [info] > git for-each-ref --format=%(refname)%00%(upstream:short)%00%(objectname)%00%(upstream:track)%00%(upstream:remotename)%00%(upstream:remoteref) refs/heads/main refs/remotes/main [2ms]
2024-07-23 15:11:49.489 [info] > git status -z -uall [3ms]
2024-07-23 15:11:49.505 [info] > git merge-base refs/heads/main refs/remotes/vickyraj/main [10ms]
2024-07-23 15:11:49.522 [info] > git rev-list --count --left-right refs/heads/main...refs/remotes/vickyraj/main [13ms]
2024-07-23 15:11:49.527 [info] > git config --get commit.template [22ms]
2024-07-23 15:11:49.529 [info] > git diff --name-status -z --diff-filter=ADMR 3f77b440a906d5825a1b5a4b81dc7be1a5ec3525...refs/remotes/vickyraj/main [3ms]
2024-07-23 15:11:49.538 [info] > git for-each-ref --format=%(refname)%00%(upstream:short)%00%(objectname)%00%(upstream:track)%00%(upstream:remotename)%00%(upstream:remoteref) refs/heads/main refs/remotes/main [5ms]
2024-07-23 15:11:49.548 [info] > git status -z -uall [4ms]
2024-07-23 15:11:49.645 [info] > git merge-base refs/heads/main refs/remotes/vickyraj/main [1ms]
2024-07-23 15:11:49.700 [info] > git rev-list --count --left-right refs/heads/main...refs/remotes/vickyraj/main [24ms]
2024-07-23 15:11:50.385 [info] > git check-ignore -v -z --stdin [1ms]
2024-07-23 15:11:50.529 [info] > git fetch [1061ms]
2024-07-23 15:11:50.537 [info] > git config --get commit.template [3ms]
2024-07-23 15:11:50.537 [info] > git for-each-ref --format=%(refname)%00%(upstream:short)%00%(objectname)%00%(upstream:track)%00%(upstream:remotename)%00%(upstream:remoteref) refs/heads/main refs/remotes/main [1ms]
2024-07-23 15:11:50.545 [info] > git status -z -uall [2ms]
2024-07-23 15:11:51.821 [info] > git config --get commit.template [6ms]
2024-07-23 15:11:51.822 [info] > git for-each-ref --format=%(refname)%00%(upstream:short)%00%(objectname)%00%(upstream:track)%00%(upstream:remotename)%00%(upstream:remoteref) refs/heads/main refs/remotes/main [2ms]
2024-07-23 15:11:51.847 [info] > git status -z -uall [19ms]
2024-07-23 15:12:02.681 [info] > git check-ignore -v -z --stdin [4ms]
2024-07-23 15:12:06.062 [info] > git check-ignore -v -z --stdin [5ms]
2024-07-23 15:12:07.923 [info] > git show --textconv :vicky/vicky/settings.py [7ms]
2024-07-23 15:12:07.924 [info] > git ls-files --stage -- /home/vicky/Desktop/eventplanner/vicky/vicky/settings.py [2ms]
2024-07-23 15:12:07.934 [info] > git cat-file -s 8f2bf66611434327bc184e4d4e8d49954768c798 [2ms]
2024-07-23 15:12:25.265 [info] > git config --get commit.template [13ms]
2024-07-23 15:12:25.266 [info] > git for-each-ref --format=%(refname)%00%(upstream:short)%00%(objectname)%00%(upstream:track)%00%(upstream:remotename)%00%(upstream:remoteref) refs/heads/main refs/remotes/main [4ms]
2024-07-23 15:12:25.287 [info] > git status -z -uall [8ms]
2024-07-23 15:12:25.345 [info] > git ls-files --stage -- /home/vicky/Desktop/eventplanner/vicky/vicky/settings.py [2ms]
2024-07-23 15:12:25.352 [info] > git cat-file -s 8f2bf66611434327bc184e4d4e8d49954768c798 [2ms]
2024-07-23 15:12:25.361 [info] > git show --textconv :vicky/vicky/settings.py [2ms]
2024-07-23 15:13:43.205 [info] > git config --get commit.template [15ms]
2024-07-23 15:13:43.208 [info] > git for-each-ref --format=%(refname)%00%(upstream:short)%00%(objectname)%00%(upstream:track)%00%(upstream:remotename)%00%(upstream:remoteref) refs/heads/main refs/remotes/main [5ms]
2024-07-23 15:13:43.236 [info] > git status -z -uall [15ms]
2024-07-23 15:13:43.280 [info] > git ls-files --stage -- /home/vicky/Desktop/eventplanner/vicky/vicky/settings.py [1ms]
2024-07-23 15:13:43.285 [info] > git cat-file -s 8f2bf66611434327bc184e4d4e8d49954768c798 [1ms]
2024-07-23 15:13:43.291 [info] > git show --textconv :vicky/vicky/settings.py [2ms]
2024-07-23 15:14:00.512 [info] > git config --get commit.template [21ms]
2024-07-23 15:14:00.515 [info] > git for-each-ref --format=%(refname)%00%(upstream:short)%00%(objectname)%00%(upstream:track)%00%(upstream:remotename)%00%(upstream:remoteref) refs/heads/main refs/remotes/main [5ms]
2024-07-23 15:14:00.527 [info] > git status -z -uall [4ms]
2024-07-23 15:14:00.540 [info] > git merge-base refs/heads/main refs/remotes/vickyraj/main [6ms]
2024-07-23 15:14:00.549 [info] > git rev-list --count --left-right refs/heads/main...refs/remotes/vickyraj/main [2ms]
2024-07-23 15:14:00.555 [info] > git diff --name-status -z --diff-filter=ADMR 3f77b440a906d5825a1b5a4b81dc7be1a5ec3525...refs/remotes/vickyraj/main [1ms]
2024-07-23 15:14:00.565 [info] > git merge-base refs/heads/main refs/remotes/vickyraj/main [1ms]
2024-07-23 15:14:00.573 [info] > git rev-list --count --left-right refs/heads/main...refs/remotes/vickyraj/main [3ms]
2024-07-23 15:14:00.618 [info] > git ls-files --stage -- /home/vicky/Desktop/eventplanner/vicky/vicky/settings.py [1ms]
2024-07-23 15:14:00.623 [info] > git cat-file -s 8f2bf66611434327bc184e4d4e8d49954768c798 [1ms]
2024-07-23 15:14:00.632 [info] > git show --textconv :vicky/vicky/settings.py [2ms]
2024-07-23 15:14:05.587 [info] > git log --oneline --cherry main...main@{upstream} -- [2ms]
2024-07-23 15:14:06.867 [info] > git ls-files --stage -- /home/vicky/Desktop/eventplanner/vicky/vicky/settings.py [17ms]
2024-07-23 15:14:06.883 [info] > git cat-file -s 8f2bf66611434327bc184e4d4e8d49954768c798 [7ms]
2024-07-23 15:14:06.895 [info] > git show --textconv :vicky/vicky/settings.py [3ms]
2024-07-23 15:14:06.991 [info] > git pull --tags vickyraj main [1399ms]
2024-07-23 15:14:06.991 [info] From https://github.com/Vrg6875/Eventmanagement
 * branch            main       -> FETCH_HEAD
2024-07-23 15:14:44.724 [info] > git ls-files --stage -- /home/vicky/Desktop/eventplanner/vicky/vicky/settings.py [3ms]
2024-07-23 15:14:44.730 [info] > git cat-file -s 8f2bf66611434327bc184e4d4e8d49954768c798 [2ms]
2024-07-23 15:14:44.741 [info] > git show --textconv :vicky/vicky/settings.py [2ms]
2024-07-23 15:14:53.799 [info] > git push vickyraj main:main [46791ms]
2024-07-23 15:14:53.799 [info] To https://github.com/Vrg6875/Eventmanagement
   3f77b44..9418a09  main -> main
2024-07-23 15:14:53.825 [info] > git config --get commit.template [10ms]
2024-07-23 15:14:53.827 [info] > git for-each-ref --format=%(refname)%00%(upstream:short)%00%(objectname)%00%(upstream:track)%00%(upstream:remotename)%00%(upstream:remoteref) refs/heads/main refs/remotes/main [3ms]
2024-07-23 15:14:53.835 [info] > git status -z -uall [3ms]
2024-07-23 15:14:53.853 [info] > git merge-base refs/heads/main refs/remotes/vickyraj/main [10ms]
2024-07-23 15:14:53.869 [info] > git rev-list --count --left-right refs/heads/main...refs/remotes/vickyraj/main [8ms]
2024-07-23 15:14:53.876 [info] > git merge-base refs/heads/main refs/remotes/vickyraj/main [8ms]
2024-07-23 15:14:53.881 [info] > git diff --name-status -z --diff-filter=ADMR 9418a0912233e561983d30e056ffe7f6ce6a499b...refs/remotes/vickyraj/main [7ms]
2024-07-23 15:14:53.882 [info] > git rev-list --count --left-right refs/heads/main...refs/remotes/vickyraj/main [2ms]
2024-07-23 15:14:54.946 [info] > git fetch [1095ms]
2024-07-23 15:14:54.970 [info] > git config --get commit.template [6ms]
2024-07-23 15:14:54.997 [info] > git for-each-ref --format=%(refname)%00%(upstream:short)%00%(objectname)%00%(upstream:track)%00%(upstream:remotename)%00%(upstream:remoteref) refs/heads/main refs/remotes/main [6ms]
2024-07-23 15:14:55.034 [info] > git status -z -uall [18ms]
2024-07-23 15:15:12.423 [info] > git ls-files --stage -- /home/vicky/Desktop/eventplanner/vicky/vicky/settings.py [3ms]
2024-07-23 15:15:12.430 [info] > git cat-file -s 8f2bf66611434327bc184e4d4e8d49954768c798 [2ms]
2024-07-23 15:15:12.439 [info] > git show --textconv :vicky/vicky/settings.py [3ms]
2024-07-23 15:18:14.756 [info] > git fetch [17ms]
2024-07-23 15:18:14.763 [info] > git config --get commit.template [7ms]
2024-07-23 15:18:14.763 [info] > git ls-files --stage -- /home/vicky/Desktop/eventplanner/vicky/vicky/settings.py [13ms]
2024-07-23 15:18:14.772 [info] > git config --get commit.template [10ms]
2024-07-23 15:18:14.773 [info] > git cat-file -s c8ab39016cce02c96354524afd41fe4e515a095e [6ms]
2024-07-23 15:18:14.779 [info] > git for-each-ref --format=%(refname)%00%(upstream:short)%00%(objectname)%00%(upstream:track)%00%(upstream:remotename)%00%(upstream:remoteref) refs/heads/feature1 refs/remotes/feature1 [8ms]
2024-07-23 15:18:14.785 [info] > git for-each-ref --format=%(refname)%00%(upstream:short)%00%(objectname)%00%(upstream:track)%00%(upstream:remotename)%00%(upstream:remoteref) refs/heads/feature1 refs/remotes/feature1 [7ms]
2024-07-23 15:18:14.790 [info] > git show --textconv :vicky/vicky/settings.py [6ms]
2024-07-23 15:18:14.793 [info] > git status -z -uall [3ms]
2024-07-23 15:18:14.837 [info] > git for-each-ref --format=%(refname)%00%(upstream:short)%00%(objectname)%00%(upstream:track)%00%(upstream:remotename)%00%(upstream:remoteref) refs/heads/feature1 [2ms]
2024-07-23 15:18:14.844 [info] > git for-each-ref --format=%(refname)%00%(upstream:short)%00%(objectname)%00%(upstream:track)%00%(upstream:remotename)%00%(upstream:remoteref) refs/heads/feature1 [1ms]
2024-07-23 15:18:14.855 [info] > git config --local branch.feature1.vscode-merge-base [3ms]
2024-07-23 15:18:14.855 [warning] git config failed: Failed to execute git
2024-07-23 15:18:14.869 [info] > git reflog refs/heads/feature1 --grep-reflog=branch: Created from *. [4ms]
2024-07-23 15:18:14.879 [info] > git for-each-ref --format=%(refname)%00%(upstream:short)%00%(objectname)%00%(upstream:track)%00%(upstream:remotename)%00%(upstream:remoteref) refs/heads/main refs/remotes/main [4ms]
2024-07-23 15:18:14.888 [info] > git for-each-ref --format=%(refname)%00%(upstream:short)%00%(objectname)%00%(upstream:track)%00%(upstream:remotename)%00%(upstream:remoteref) refs/remotes/vickyraj/main [2ms]
2024-07-23 15:18:14.900 [info] > git config --local branch.feature1.vscode-merge-base vickyraj/main [4ms]
2024-07-23 15:18:14.916 [info] > git config --get commit.template [9ms]
2024-07-23 15:18:14.918 [info] > git for-each-ref --format=%(refname)%00%(upstream:short)%00%(objectname)%00%(upstream:track)%00%(upstream:remotename)%00%(upstream:remoteref) refs/heads/feature1 refs/remotes/feature1 [2ms]
2024-07-23 15:18:14.927 [info] > git status -z -uall [4ms]
2024-07-23 15:18:14.939 [info] > git merge-base refs/heads/feature1 refs/remotes/vickyraj/main [3ms]
2024-07-23 15:18:14.949 [info] > git rev-list --count --left-right refs/heads/feature1...refs/remotes/vickyraj/main [2ms]
2024-07-23 15:18:16.208 [info] > git ls-files --stage -- /home/vicky/Desktop/eventplanner/vicky/vicky/settings.py [5ms]
2024-07-23 15:18:16.229 [info] > git cat-file -s c8ab39016cce02c96354524afd41fe4e515a095e [5ms]
2024-07-23 15:18:16.252 [info] > git show --textconv :vicky/vicky/settings.py [6ms]
2024-07-23 15:18:19.797 [info] > git config --get commit.template [6ms]
2024-07-23 15:18:19.798 [info] > git for-each-ref --format=%(refname)%00%(upstream:short)%00%(objectname)%00%(upstream:track)%00%(upstream:remotename)%00%(upstream:remoteref) refs/heads/feature1 refs/remotes/feature1 [2ms]
2024-07-23 15:18:19.805 [info] > git status -z -uall [3ms]
2024-07-23 15:18:29.834 [info] > git push -u vickyraj feature1 [2380ms]
2024-07-23 15:18:29.834 [info] remote: 
remote: Create a pull request for 'feature1' on GitHub by visiting:        
remote:      https://github.com/Vrg6875/Eventmanagement/pull/new/feature1        
remote: 
To https://github.com/Vrg6875/Eventmanagement
 * [new branch]      feature1 -> feature1
2024-07-23 15:18:29.849 [info] > git config --get commit.template [6ms]
2024-07-23 15:18:29.851 [info] > git for-each-ref --format=%(refname)%00%(upstream:short)%00%(objectname)%00%(upstream:track)%00%(upstream:remotename)%00%(upstream:remoteref) refs/heads/feature1 refs/remotes/feature1 [2ms]
2024-07-23 15:18:29.860 [info] > git status -z -uall [3ms]
2024-07-23 15:18:29.873 [info] > git merge-base refs/heads/feature1 refs/remotes/vickyraj/feature1 [7ms]
2024-07-23 15:18:29.884 [info] > git rev-list --count --left-right refs/heads/feature1...refs/remotes/vickyraj/feature1 [6ms]
2024-07-23 15:18:29.890 [info] > git merge-base refs/heads/feature1 refs/remotes/vickyraj/feature1 [7ms]
2024-07-23 15:18:29.897 [info] > git diff --name-status -z --diff-filter=ADMR 6ff67f245498258bf66b5cfdceb71a53c6d12eea...refs/remotes/vickyraj/feature1 [8ms]
2024-07-23 15:18:29.899 [info] > git rev-list --count --left-right refs/heads/feature1...refs/remotes/vickyraj/feature1 [3ms]
2024-07-23 15:18:31.008 [info] > git config --get commit.template [7ms]
2024-07-23 15:18:31.009 [info] > git for-each-ref --format=%(refname)%00%(upstream:short)%00%(objectname)%00%(upstream:track)%00%(upstream:remotename)%00%(upstream:remoteref) refs/heads/feature1 refs/remotes/feature1 [2ms]
2024-07-23 15:18:31.018 [info] > git status -z -uall [4ms]
2024-07-23 15:18:31.128 [info] > git ls-files --stage -- /home/vicky/Desktop/eventplanner/vicky/vicky/settings.py [10ms]
2024-07-23 15:18:31.154 [info] > git cat-file -s c8ab39016cce02c96354524afd41fe4e515a095e [6ms]
2024-07-23 15:18:31.183 [info] > git show --textconv :vicky/vicky/settings.py [3ms]
2024-07-23 15:19:07.251 [info] > git config --get commit.template [2ms]
2024-07-23 15:19:07.257 [info] > git for-each-ref --format=%(refname)%00%(upstream:short)%00%(objectname)%00%(upstream:track)%00%(upstream:remotename)%00%(upstream:remoteref) refs/heads/main refs/remotes/main [1ms]
2024-07-23 15:19:07.264 [info] > git status -z -uall [3ms]
2024-07-23 15:19:07.274 [info] > git merge-base refs/heads/main refs/remotes/vickyraj/main [4ms]
2024-07-23 15:19:07.286 [info] > git merge-base refs/heads/main refs/remotes/vickyraj/main [1ms]
2024-07-23 15:19:07.293 [info] > git rev-list --count --left-right refs/heads/main...refs/remotes/vickyraj/main [15ms]
2024-07-23 15:19:07.299 [info] > git rev-list --count --left-right refs/heads/main...refs/remotes/vickyraj/main [6ms]
2024-07-23 15:19:07.302 [info] > git diff --name-status -z --diff-filter=ADMR 9418a0912233e561983d30e056ffe7f6ce6a499b...refs/remotes/vickyraj/main [4ms]
2024-07-23 15:19:07.352 [info] > git ls-files --stage -- /home/vicky/Desktop/eventplanner/vicky/vicky/settings.py [2ms]
2024-07-23 15:19:07.358 [info] > git cat-file -s 8f2bf66611434327bc184e4d4e8d49954768c798 [2ms]
2024-07-23 15:19:07.364 [info] > git show --textconv :vicky/vicky/settings.py [1ms]
2024-07-23 15:19:47.786 [info] > git config --get commit.template [6ms]
2024-07-23 15:19:47.787 [info] > git for-each-ref --format=%(refname)%00%(upstream:short)%00%(objectname)%00%(upstream:track)%00%(upstream:remotename)%00%(upstream:remoteref) refs/heads/main refs/remotes/main [2ms]
2024-07-23 15:19:47.795 [info] > git status -z -uall [3ms]
2024-07-23 15:19:47.805 [info] > git merge-base refs/heads/main refs/remotes/vickyraj/main [2ms]
2024-07-23 15:19:47.817 [info] > git rev-list --count --left-right refs/heads/main...refs/remotes/vickyraj/main [7ms]
2024-07-23 15:19:47.824 [info] > git diff --name-status -z --diff-filter=ADMR 9418a0912233e561983d30e056ffe7f6ce6a499b...refs/remotes/vickyraj/main [2ms]
2024-07-23 15:19:47.825 [info] > git merge-base refs/heads/main refs/remotes/vickyraj/main [9ms]
2024-07-23 15:19:47.832 [info] > git rev-list --count --left-right refs/heads/main...refs/remotes/vickyraj/main [2ms]
2024-07-23 15:19:47.905 [info] > git ls-files --stage -- /home/vicky/Desktop/eventplanner/vicky/vicky/settings.py [10ms]
2024-07-23 15:19:47.913 [info] > git cat-file -s c8ab39016cce02c96354524afd41fe4e515a095e [3ms]
2024-07-23 15:19:47.923 [info] > git show --textconv :vicky/vicky/settings.py [2ms]
2024-07-23 15:19:59.239 [info] > git log --oneline --cherry main...main@{upstream} -- [4ms]
2024-07-23 15:20:00.375 [info] > git pull --tags vickyraj main [1130ms]
2024-07-23 15:20:00.375 [info] From https://github.com/Vrg6875/Eventmanagement
 * branch            main       -> FETCH_HEAD
2024-07-23 15:20:01.661 [info] > git ls-files --stage -- /home/vicky/Desktop/eventplanner/vicky/vicky/settings.py [2ms]
2024-07-23 15:20:01.670 [info] > git cat-file -s c8ab39016cce02c96354524afd41fe4e515a095e [2ms]
2024-07-23 15:20:01.683 [info] > git show --textconv :vicky/vicky/settings.py [2ms]
2024-07-23 15:20:03.014 [info] > git push vickyraj main:main [2624ms]
2024-07-23 15:20:03.014 [info] To https://github.com/Vrg6875/Eventmanagement
   9418a09..6ff67f2  main -> main
2024-07-23 15:20:03.036 [info] > git config --get commit.template [8ms]
2024-07-23 15:20:03.038 [info] > git for-each-ref --format=%(refname)%00%(upstream:short)%00%(objectname)%00%(upstream:track)%00%(upstream:remotename)%00%(upstream:remoteref) refs/heads/main refs/remotes/main [3ms]
2024-07-23 15:20:03.047 [info] > git status -z -uall [3ms]
2024-07-23 15:20:03.057 [info] > git merge-base refs/heads/main refs/remotes/vickyraj/main [4ms]
2024-07-23 15:20:03.070 [info] > git rev-list --count --left-right refs/heads/main...refs/remotes/vickyraj/main [8ms]
2024-07-23 15:20:03.076 [info] > git merge-base refs/heads/main refs/remotes/vickyraj/main [7ms]
2024-07-23 15:20:03.083 [info] > git diff --name-status -z --diff-filter=ADMR 6ff67f245498258bf66b5cfdceb71a53c6d12eea...refs/remotes/vickyraj/main [8ms]
2024-07-23 15:20:03.085 [info] > git rev-list --count --left-right refs/heads/main...refs/remotes/vickyraj/main [4ms]
2024-07-23 15:20:04.123 [info] > git config --get commit.template [19ms]
2024-07-23 15:20:04.128 [info] > git for-each-ref --format=%(refname)%00%(upstream:short)%00%(objectname)%00%(upstream:track)%00%(upstream:remotename)%00%(upstream:remoteref) refs/heads/main refs/remotes/main [8ms]
2024-07-23 15:20:04.151 [info] > git status -z -uall [6ms]
2024-07-23 15:20:04.211 [info] > git ls-files --stage -- /home/vicky/Desktop/eventplanner/vicky/vicky/settings.py [5ms]
2024-07-23 15:20:04.230 [info] > git cat-file -s c8ab39016cce02c96354524afd41fe4e515a095e [4ms]
2024-07-23 15:20:04.259 [info] > git show --textconv :vicky/vicky/settings.py [7ms]
2024-07-23 15:21:08.189 [info] > git config --get commit.template [18ms]
2024-07-23 15:21:08.191 [info] > git for-each-ref --format=%(refname)%00%(upstream:short)%00%(objectname)%00%(upstream:track)%00%(upstream:remotename)%00%(upstream:remoteref) refs/heads/feature1 refs/remotes/feature1 [3ms]
2024-07-23 15:21:08.203 [info] > git status -z -uall [4ms]
2024-07-23 15:21:08.215 [info] > git merge-base refs/heads/feature1 refs/remotes/vickyraj/feature1 [3ms]
2024-07-23 15:21:08.229 [info] > git rev-list --count --left-right refs/heads/feature1...refs/remotes/vickyraj/feature1 [8ms]
2024-07-23 15:21:08.234 [info] > git merge-base refs/heads/feature1 refs/remotes/vickyraj/feature1 [7ms]
2024-07-23 15:21:08.240 [info] > git diff --name-status -z --diff-filter=ADMR 6ff67f245498258bf66b5cfdceb71a53c6d12eea...refs/remotes/vickyraj/feature1 [6ms]
2024-07-23 15:21:08.242 [info] > git rev-list --count --left-right refs/heads/feature1...refs/remotes/vickyraj/feature1 [2ms]
2024-07-23 15:21:08.259 [info] > git ls-files --stage -- /home/vicky/Desktop/eventplanner/vicky/vicky/settings.py [1ms]
2024-07-23 15:21:08.265 [info] > git cat-file -s c8ab39016cce02c96354524afd41fe4e515a095e [1ms]
2024-07-23 15:21:08.272 [info] > git show --textconv :vicky/vicky/settings.py [1ms]
2024-07-23 15:21:16.022 [info] > git ls-files --stage -- /home/vicky/Desktop/eventplanner/vicky/vicky/settings.py [4ms]
2024-07-23 15:21:16.038 [info] > git cat-file -s c8ab39016cce02c96354524afd41fe4e515a095e [4ms]
2024-07-23 15:21:16.061 [info] > git show --textconv :vicky/vicky/settings.py [5ms]
2024-07-23 15:21:16.134 [info] > git fetch [1321ms]
2024-07-23 15:21:16.171 [info] > git config --get commit.template [21ms]
2024-07-23 15:21:16.176 [info] > git for-each-ref --format=%(refname)%00%(upstream:short)%00%(objectname)%00%(upstream:track)%00%(upstream:remotename)%00%(upstream:remoteref) refs/heads/feature1 refs/remotes/feature1 [6ms]
2024-07-23 15:21:16.209 [info] > git status -z -uall [15ms]
2024-07-23 15:21:17.300 [info] > git config --get commit.template [18ms]
2024-07-23 15:21:17.302 [info] > git for-each-ref --format=%(refname)%00%(upstream:short)%00%(objectname)%00%(upstream:track)%00%(upstream:remotename)%00%(upstream:remoteref) refs/heads/feature1 refs/remotes/feature1 [3ms]
2024-07-23 15:21:17.314 [info] > git status -z -uall [3ms]
2024-07-23 15:21:17.371 [info] > git ls-files --stage -- /home/vicky/Desktop/eventplanner/vicky/vicky/settings.py [2ms]
2024-07-23 15:21:17.379 [info] > git cat-file -s c8ab39016cce02c96354524afd41fe4e515a095e [2ms]
2024-07-23 15:21:17.390 [info] > git show --textconv :vicky/vicky/settings.py [3ms]
2024-07-23 15:21:44.894 [info] > git config --get commit.template [6ms]
2024-07-23 15:21:44.895 [info] > git for-each-ref --format=%(refname)%00%(upstream:short)%00%(objectname)%00%(upstream:track)%00%(upstream:remotename)%00%(upstream:remoteref) refs/heads/feature1 refs/remotes/feature1 [2ms]
2024-07-23 15:21:44.903 [info] > git status -z -uall [4ms]
2024-07-23 15:21:44.989 [info] > git ls-files --stage -- /home/vicky/Desktop/eventplanner/vicky/vicky/settings.py [2ms]
2024-07-23 15:21:44.998 [info] > git cat-file -s 8fc43a797268a27003f2a60d360b779a3b24ba4b [2ms]
2024-07-23 15:21:45.010 [info] > git show --textconv :vicky/vicky/settings.py [3ms]
2024-07-23 15:22:07.603 [info] > git config --get commit.template [19ms]
2024-07-23 15:22:07.605 [info] > git for-each-ref --format=%(refname)%00%(upstream:short)%00%(objectname)%00%(upstream:track)%00%(upstream:remotename)%00%(upstream:remoteref) refs/heads/feature1 refs/remotes/feature1 [3ms]
2024-07-23 15:22:07.617 [info] > git status -z -uall [4ms]
2024-07-23 15:22:07.626 [info] > git merge-base refs/heads/feature1 refs/remotes/vickyraj/feature1 [3ms]
2024-07-23 15:22:07.633 [info] > git rev-list --count --left-right refs/heads/feature1...refs/remotes/vickyraj/feature1 [1ms]
2024-07-23 15:22:07.640 [info] > git diff --name-status -z --diff-filter=ADMR 6ff67f245498258bf66b5cfdceb71a53c6d12eea...refs/remotes/vickyraj/feature1 [2ms]
2024-07-23 15:22:07.665 [info] > git merge-base refs/heads/feature1 refs/remotes/vickyraj/feature1 [2ms]
2024-07-23 15:22:07.673 [info] > git rev-list --count --left-right refs/heads/feature1...refs/remotes/vickyraj/feature1 [2ms]
2024-07-23 15:22:07.680 [info] > git ls-files --stage -- /home/vicky/Desktop/eventplanner/vicky/vicky/settings.py [1ms]
2024-07-23 15:22:07.686 [info] > git cat-file -s 8fc43a797268a27003f2a60d360b779a3b24ba4b [1ms]
2024-07-23 15:22:07.700 [info] > git show --textconv :vicky/vicky/settings.py [2ms]
2024-07-23 15:22:12.650 [info] > git log --oneline --cherry feature1...feature1@{upstream} -- [2ms]
2024-07-23 15:22:13.873 [info] > git ls-files --stage -- /home/vicky/Desktop/eventplanner/vicky/vicky/settings.py [15ms]
2024-07-23 15:22:13.896 [info] > git cat-file -s 8fc43a797268a27003f2a60d360b779a3b24ba4b [6ms]
2024-07-23 15:22:13.921 [info] > git pull --tags vickyraj feature1 [1264ms]
2024-07-23 15:22:13.921 [info] From https://github.com/Vrg6875/Eventmanagement
 * branch            feature1   -> FETCH_HEAD
2024-07-23 15:22:13.938 [info] > git show --textconv :vicky/vicky/settings.py [19ms]
2024-07-23 15:22:15.212 [info] > git ls-files --stage -- /home/vicky/Desktop/eventplanner/vicky/vicky/settings.py [4ms]
2024-07-23 15:22:15.221 [info] > git cat-file -s 8fc43a797268a27003f2a60d360b779a3b24ba4b [2ms]
2024-07-23 15:22:15.231 [info] > git show --textconv :vicky/vicky/settings.py [2ms]
2024-07-23 15:22:16.054 [info] > git push vickyraj feature1:feature1 [2119ms]
2024-07-23 15:22:16.054 [info] To https://github.com/Vrg6875/Eventmanagement
   6ff67f2..27af23a  feature1 -> feature1
2024-07-23 15:22:16.089 [info] > git config --get commit.template [18ms]
2024-07-23 15:22:16.093 [info] > git for-each-ref --format=%(refname)%00%(upstream:short)%00%(objectname)%00%(upstream:track)%00%(upstream:remotename)%00%(upstream:remoteref) refs/heads/feature1 refs/remotes/feature1 [5ms]
2024-07-23 15:22:16.104 [info] > git status -z -uall [3ms]
2024-07-23 15:22:16.118 [info] > git merge-base refs/heads/feature1 refs/remotes/vickyraj/feature1 [5ms]
2024-07-23 15:22:16.131 [info] > git rev-list --count --left-right refs/heads/feature1...refs/remotes/vickyraj/feature1 [8ms]
2024-07-23 15:22:16.138 [info] > git merge-base refs/heads/feature1 refs/remotes/vickyraj/feature1 [8ms]
2024-07-23 15:22:16.145 [info] > git diff --name-status -z --diff-filter=ADMR 27af23ac1acf034240772a23141ca81e714cdc68...refs/remotes/vickyraj/feature1 [8ms]
2024-07-23 15:22:16.147 [info] > git rev-list --count --left-right refs/heads/feature1...refs/remotes/vickyraj/feature1 [3ms]
2024-07-23 15:22:28.900 [info] > git config --get commit.template [13ms]
2024-07-23 15:22:28.900 [info] > git ls-files --stage -- /home/vicky/Desktop/eventplanner/vicky/vicky/settings.py [6ms]
2024-07-23 15:22:28.906 [info] > git for-each-ref --format=%(refname)%00%(upstream:short)%00%(objectname)%00%(upstream:track)%00%(upstream:remotename)%00%(upstream:remoteref) refs/heads/feature1 refs/remotes/feature1 [7ms]
2024-07-23 15:22:28.912 [info] > git cat-file -s 8fc43a797268a27003f2a60d360b779a3b24ba4b [7ms]
2024-07-23 15:22:28.920 [info] > git status -z -uall [9ms]
2024-07-23 15:22:28.923 [info] > git show --textconv :vicky/vicky/settings.py [3ms]
2024-07-23 15:22:39.407 [info] > git config --get commit.template [7ms]
2024-07-23 15:22:39.408 [info] > git for-each-ref --format=%(refname)%00%(upstream:short)%00%(objectname)%00%(upstream:track)%00%(upstream:remotename)%00%(upstream:remoteref) refs/heads/main refs/remotes/main [2ms]
2024-07-23 15:22:39.415 [info] > git status -z -uall [3ms]
2024-07-23 15:22:39.425 [info] > git merge-base refs/heads/main refs/remotes/vickyraj/main [2ms]
2024-07-23 15:22:39.441 [info] > git rev-list --count --left-right refs/heads/main...refs/remotes/vickyraj/main [7ms]
2024-07-23 15:22:39.447 [info] > git merge-base refs/heads/main refs/remotes/vickyraj/main [6ms]
2024-07-23 15:22:39.454 [info] > git diff --name-status -z --diff-filter=ADMR 6ff67f245498258bf66b5cfdceb71a53c6d12eea...refs/remotes/vickyraj/main [8ms]
2024-07-23 15:22:39.455 [info] > git rev-list --count --left-right refs/heads/main...refs/remotes/vickyraj/main [2ms]
2024-07-23 15:22:39.503 [info] > git ls-files --stage -- /home/vicky/Desktop/eventplanner/vicky/vicky/settings.py [2ms]
2024-07-23 15:22:39.509 [info] > git cat-file -s c8ab39016cce02c96354524afd41fe4e515a095e [1ms]
2024-07-23 15:22:39.517 [info] > git show --textconv :vicky/vicky/settings.py [3ms]
2024-07-23 15:22:51.187 [info] > git config --get commit.template [6ms]
2024-07-23 15:22:51.188 [info] > git for-each-ref --format=%(refname)%00%(upstream:short)%00%(objectname)%00%(upstream:track)%00%(upstream:remotename)%00%(upstream:remoteref) refs/heads/main refs/remotes/main [2ms]
2024-07-23 15:22:51.196 [info] > git status -z -uall [3ms]
2024-07-23 15:22:51.213 [info] > git merge-base refs/heads/main refs/remotes/vickyraj/main [10ms]
2024-07-23 15:22:51.220 [info] > git merge-base refs/heads/main refs/remotes/vickyraj/main [8ms]
2024-07-23 15:22:51.227 [info] > git rev-list --count --left-right refs/heads/main...refs/remotes/vickyraj/main [8ms]
2024-07-23 15:22:51.234 [info] > git rev-list --count --left-right refs/heads/main...refs/remotes/vickyraj/main [8ms]
2024-07-23 15:22:51.235 [info] > git diff --name-status -z --diff-filter=ADMR 6ff67f245498258bf66b5cfdceb71a53c6d12eea...refs/remotes/vickyraj/main [2ms]
2024-07-23 15:22:51.284 [info] > git ls-files --stage -- /home/vicky/Desktop/eventplanner/vicky/vicky/settings.py [1ms]
2024-07-23 15:22:51.290 [info] > git cat-file -s 8fc43a797268a27003f2a60d360b779a3b24ba4b [1ms]
2024-07-23 15:22:51.298 [info] > git show --textconv :vicky/vicky/settings.py [1ms]
2024-07-23 15:22:56.289 [info] > git log --oneline --cherry main...main@{upstream} -- [4ms]
2024-07-23 15:22:57.598 [info] > git ls-files --stage -- /home/vicky/Desktop/eventplanner/vicky/vicky/settings.py [5ms]
2024-07-23 15:22:57.605 [info] > git cat-file -s 8fc43a797268a27003f2a60d360b779a3b24ba4b [2ms]
2024-07-23 15:22:57.613 [info] > git pull --tags vickyraj main [1316ms]
2024-07-23 15:22:57.613 [info] From https://github.com/Vrg6875/Eventmanagement
 * branch            main       -> FETCH_HEAD
2024-07-23 15:22:57.617 [info] > git show --textconv :vicky/vicky/settings.py [5ms]
2024-07-23 15:22:58.911 [info] > git ls-files --stage -- /home/vicky/Desktop/eventplanner/vicky/vicky/settings.py [4ms]
2024-07-23 15:22:58.920 [info] > git cat-file -s 8fc43a797268a27003f2a60d360b779a3b24ba4b [3ms]
2024-07-23 15:22:58.930 [info] > git show --textconv :vicky/vicky/settings.py [2ms]
2024-07-23 15:23:00.162 [info] > git push vickyraj main:main [2546ms]
2024-07-23 15:23:00.162 [info] To https://github.com/Vrg6875/Eventmanagement
   6ff67f2..27af23a  main -> main
2024-07-23 15:23:00.195 [info] > git config --get commit.template [15ms]
2024-07-23 15:23:00.197 [info] > git for-each-ref --format=%(refname)%00%(upstream:short)%00%(objectname)%00%(upstream:track)%00%(upstream:remotename)%00%(upstream:remoteref) refs/heads/main refs/remotes/main [3ms]
2024-07-23 15:23:00.209 [info] > git status -z -uall [5ms]
2024-07-23 15:23:00.223 [info] > git merge-base refs/heads/main refs/remotes/vickyraj/main [6ms]
2024-07-23 15:23:00.237 [info] > git rev-list --count --left-right refs/heads/main...refs/remotes/vickyraj/main [8ms]
2024-07-23 15:23:00.244 [info] > git merge-base refs/heads/main refs/remotes/vickyraj/main [9ms]
2024-07-23 15:23:00.249 [info] > git diff --name-status -z --diff-filter=ADMR 27af23ac1acf034240772a23141ca81e714cdc68...refs/remotes/vickyraj/main [6ms]
2024-07-23 15:23:00.250 [info] > git rev-list --count --left-right refs/heads/main...refs/remotes/vickyraj/main [2ms]
2024-07-23 15:23:01.262 [info] > git config --get commit.template [7ms]
2024-07-23 15:23:01.264 [info] > git for-each-ref --format=%(refname)%00%(upstream:short)%00%(objectname)%00%(upstream:track)%00%(upstream:remotename)%00%(upstream:remoteref) refs/heads/main refs/remotes/main [1ms]
2024-07-23 15:23:01.274 [info] > git status -z -uall [4ms]
2024-07-23 15:23:01.365 [info] > git ls-files --stage -- /home/vicky/Desktop/eventplanner/vicky/vicky/settings.py [4ms]
2024-07-23 15:23:01.374 [info] > git cat-file -s 8fc43a797268a27003f2a60d360b779a3b24ba4b [2ms]
2024-07-23 15:23:01.383 [info] > git show --textconv :vicky/vicky/settings.py [2ms]
2024-07-23 15:25:23.521 [info] > git fetch [1104ms]
2024-07-23 15:25:23.552 [info] > git config --get commit.template [17ms]
2024-07-23 15:25:23.554 [info] > git for-each-ref --format=%(refname)%00%(upstream:short)%00%(objectname)%00%(upstream:track)%00%(upstream:remotename)%00%(upstream:remoteref) refs/heads/main refs/remotes/main [5ms]
2024-07-23 15:25:23.577 [info] > git status -z -uall [9ms]
2024-07-23 15:25:24.606 [info] > git config --get commit.template [6ms]
2024-07-23 15:25:24.608 [info] > git for-each-ref --format=%(refname)%00%(upstream:short)%00%(objectname)%00%(upstream:track)%00%(upstream:remotename)%00%(upstream:remoteref) refs/heads/main refs/remotes/main [2ms]
2024-07-23 15:25:24.618 [info] > git status -z -uall [4ms]
2024-07-23 15:25:24.706 [info] > git ls-files --stage -- /home/vicky/Desktop/eventplanner/vicky/vicky/settings.py [3ms]
2024-07-23 15:25:24.719 [info] > git cat-file -s 8fc43a797268a27003f2a60d360b779a3b24ba4b [3ms]
2024-07-23 15:25:24.731 [info] > git show --textconv :vicky/vicky/settings.py [3ms]
2024-07-23 15:25:37.965 [info] > git config --get commit.template [6ms]
2024-07-23 15:25:37.967 [info] > git for-each-ref --format=%(refname)%00%(upstream:short)%00%(objectname)%00%(upstream:track)%00%(upstream:remotename)%00%(upstream:remoteref) refs/heads/feature2 refs/remotes/feature2 [1ms]
2024-07-23 15:25:37.974 [info] > git status -z -uall [3ms]
2024-07-23 15:25:37.986 [info] > git for-each-ref --format=%(refname)%00%(upstream:short)%00%(objectname)%00%(upstream:track)%00%(upstream:remotename)%00%(upstream:remoteref) refs/heads/feature2 [1ms]
2024-07-23 15:25:37.991 [info] > git for-each-ref --format=%(refname)%00%(upstream:short)%00%(objectname)%00%(upstream:track)%00%(upstream:remotename)%00%(upstream:remoteref) refs/heads/feature2 [1ms]
2024-07-23 15:25:37.999 [info] > git config --local branch.feature2.vscode-merge-base [1ms]
2024-07-23 15:25:37.999 [warning] git config failed: Failed to execute git
2024-07-23 15:25:38.006 [info] > git reflog refs/heads/feature2 --grep-reflog=branch: Created from *. [2ms]
2024-07-23 15:25:38.014 [info] > git for-each-ref --format=%(refname)%00%(upstream:short)%00%(objectname)%00%(upstream:track)%00%(upstream:remotename)%00%(upstream:remoteref) refs/heads/main refs/remotes/main [2ms]
2024-07-23 15:25:38.020 [info] > git for-each-ref --format=%(refname)%00%(upstream:short)%00%(objectname)%00%(upstream:track)%00%(upstream:remotename)%00%(upstream:remoteref) refs/remotes/vickyraj/main [2ms]
2024-07-23 15:25:38.026 [info] > git config --local branch.feature2.vscode-merge-base vickyraj/main [2ms]
2024-07-23 15:25:38.037 [info] > git config --get commit.template [6ms]
2024-07-23 15:25:38.038 [info] > git for-each-ref --format=%(refname)%00%(upstream:short)%00%(objectname)%00%(upstream:track)%00%(upstream:remotename)%00%(upstream:remoteref) refs/heads/feature2 refs/remotes/feature2 [2ms]
2024-07-23 15:25:38.046 [info] > git status -z -uall [3ms]
2024-07-23 15:25:38.060 [info] > git merge-base refs/heads/feature2 refs/remotes/vickyraj/main [8ms]
2024-07-23 15:25:38.067 [info] > git ls-files --stage -- /home/vicky/Desktop/eventplanner/vicky/vicky/settings.py [6ms]
2024-07-23 15:25:38.072 [info] > git rev-list --count --left-right refs/heads/feature2...refs/remotes/vickyraj/main [6ms]
2024-07-23 15:25:38.074 [info] > git cat-file -s 8f2bf66611434327bc184e4d4e8d49954768c798 [2ms]
2024-07-23 15:25:38.091 [info] > git show --textconv :vicky/vicky/settings.py [1ms]
2024-07-23 15:25:39.323 [info] > git ls-files --stage -- /home/vicky/Desktop/eventplanner/vicky/vicky/settings.py [1ms]
2024-07-23 15:25:39.328 [info] > git cat-file -s 8f2bf66611434327bc184e4d4e8d49954768c798 [1ms]
2024-07-23 15:25:39.335 [info] > git show --textconv :vicky/vicky/settings.py [1ms]
2024-07-23 15:25:42.997 [info] > git config --get commit.template [7ms]
2024-07-23 15:25:42.997 [info] > git for-each-ref --format=%(refname)%00%(upstream:short)%00%(objectname)%00%(upstream:track)%00%(upstream:remotename)%00%(upstream:remoteref) refs/heads/feature2 refs/remotes/feature2 [2ms]
2024-07-23 15:25:43.005 [info] > git status -z -uall [3ms]
2024-07-23 15:26:43.871 [info] > git config --get commit.template [17ms]
2024-07-23 15:26:43.876 [info] > git for-each-ref --format=%(refname)%00%(upstream:short)%00%(objectname)%00%(upstream:track)%00%(upstream:remotename)%00%(upstream:remoteref) refs/heads/feature2 refs/remotes/feature2 [5ms]
2024-07-23 15:26:43.888 [info] > git status -z -uall [4ms]
2024-07-23 15:26:43.898 [info] > git merge-base refs/heads/feature2 refs/remotes/vickyraj/feature2 [2ms]
2024-07-23 15:26:43.909 [info] > git rev-list --count --left-right refs/heads/feature2...refs/remotes/vickyraj/feature2 [6ms]
2024-07-23 15:26:43.917 [info] > git merge-base refs/heads/feature2 refs/remotes/vickyraj/feature2 [9ms]
2024-07-23 15:26:43.921 [info] > git diff --name-status -z --diff-filter=ADMR 9418a0912233e561983d30e056ffe7f6ce6a499b...refs/remotes/vickyraj/feature2 [6ms]
2024-07-23 15:26:43.923 [info] > git rev-list --count --left-right refs/heads/feature2...refs/remotes/vickyraj/feature2 [2ms]
2024-07-23 15:26:43.944 [info] > git ls-files --stage -- /home/vicky/Desktop/eventplanner/vicky/vicky/settings.py [1ms]
2024-07-23 15:26:43.950 [info] > git cat-file -s 8f2bf66611434327bc184e4d4e8d49954768c798 [1ms]
2024-07-23 15:26:43.956 [info] > git show --textconv :vicky/vicky/settings.py [1ms]
2024-07-23 15:28:20.304 [info] > git config --get commit.template [5ms]
2024-07-23 15:28:20.305 [info] > git for-each-ref --format=%(refname)%00%(upstream:short)%00%(objectname)%00%(upstream:track)%00%(upstream:remotename)%00%(upstream:remoteref) refs/heads/feature2 refs/remotes/feature2 [1ms]
2024-07-23 15:28:20.315 [info] > git status -z -uall [3ms]
2024-07-23 15:28:24.795 [info] > git ls-files --stage -- /home/vicky/Desktop/eventplanner/vicky/vicky/settings.py [4ms]
2024-07-23 15:28:24.812 [info] > git cat-file -s 8f2bf66611434327bc184e4d4e8d49954768c798 [4ms]
2024-07-23 15:28:24.827 [info] > git show --textconv :vicky/vicky/settings.py [3ms]
2024-07-23 15:28:24.906 [info] > git fetch [1313ms]
2024-07-23 15:28:24.937 [info] > git config --get commit.template [15ms]
2024-07-23 15:28:24.939 [info] > git for-each-ref --format=%(refname)%00%(upstream:short)%00%(objectname)%00%(upstream:track)%00%(upstream:remotename)%00%(upstream:remoteref) refs/heads/feature2 refs/remotes/feature2 [3ms]
2024-07-23 15:28:24.949 [info] > git status -z -uall [3ms]
2024-07-23 15:28:26.005 [info] > git config --get commit.template [10ms]
2024-07-23 15:28:26.006 [info] > git for-each-ref --format=%(refname)%00%(upstream:short)%00%(objectname)%00%(upstream:track)%00%(upstream:remotename)%00%(upstream:remoteref) refs/heads/feature2 refs/remotes/feature2 [3ms]
2024-07-23 15:28:26.016 [info] > git status -z -uall [3ms]
2024-07-23 15:28:26.095 [info] > git ls-files --stage -- /home/vicky/Desktop/eventplanner/vicky/vicky/settings.py [6ms]
2024-07-23 15:28:26.116 [info] > git cat-file -s 8f2bf66611434327bc184e4d4e8d49954768c798 [4ms]
2024-07-23 15:28:26.141 [info] > git show --textconv :vicky/vicky/settings.py [6ms]
2024-07-23 15:28:29.597 [info] > git ls-files --stage -- /home/vicky/Desktop/eventplanner/vicky/vicky/settings.py [4ms]
2024-07-23 15:28:29.613 [info] > git cat-file -s a230b9c58a12770d8559c34f30bb7880a325bc33 [4ms]
2024-07-23 15:28:29.633 [info] > git show --textconv :vicky/vicky/settings.py [5ms]
2024-07-23 15:28:31.036 [info] > git config --get commit.template [9ms]
2024-07-23 15:28:31.037 [info] > git for-each-ref --format=%(refname)%00%(upstream:short)%00%(objectname)%00%(upstream:track)%00%(upstream:remotename)%00%(upstream:remoteref) refs/heads/feature2 refs/remotes/feature2 [2ms]
2024-07-23 15:28:31.047 [info] > git status -z -uall [4ms]
2024-07-23 15:28:43.767 [info] > git config --get commit.template [21ms]
2024-07-23 15:28:43.771 [info] > git for-each-ref --format=%(refname)%00%(upstream:short)%00%(objectname)%00%(upstream:track)%00%(upstream:remotename)%00%(upstream:remoteref) refs/heads/feature2 refs/remotes/feature2 [6ms]
2024-07-23 15:28:43.795 [info] > git status -z -uall [9ms]
2024-07-23 15:28:43.807 [info] > git merge-base refs/heads/feature2 refs/remotes/vickyraj/feature2 [3ms]
2024-07-23 15:28:43.815 [info] > git rev-list --count --left-right refs/heads/feature2...refs/remotes/vickyraj/feature2 [2ms]
2024-07-23 15:28:43.822 [info] > git diff --name-status -z --diff-filter=ADMR 9418a0912233e561983d30e056ffe7f6ce6a499b...refs/remotes/vickyraj/feature2 [2ms]
2024-07-23 15:28:43.849 [info] > git merge-base refs/heads/feature2 refs/remotes/vickyraj/feature2 [2ms]
2024-07-23 15:28:43.861 [info] > git rev-list --count --left-right refs/heads/feature2...refs/remotes/vickyraj/feature2 [6ms]
2024-07-23 15:28:43.862 [info] > git ls-files --stage -- /home/vicky/Desktop/eventplanner/vicky/vicky/settings.py [2ms]
2024-07-23 15:28:43.868 [info] > git cat-file -s a230b9c58a12770d8559c34f30bb7880a325bc33 [1ms]
2024-07-23 15:28:43.885 [info] > git show --textconv :vicky/vicky/settings.py [2ms]
2024-07-23 15:28:48.142 [info] > git log --oneline --cherry feature2...feature2@{upstream} -- [21ms]
2024-07-23 15:28:49.181 [info] > git pull --tags vickyraj feature2 [1031ms]
2024-07-23 15:28:49.181 [info] From https://github.com/Vrg6875/Eventmanagement
 * branch            feature2   -> FETCH_HEAD
2024-07-23 15:28:50.479 [info] > git ls-files --stage -- /home/vicky/Desktop/eventplanner/vicky/vicky/settings.py [3ms]
2024-07-23 15:28:50.489 [info] > git cat-file -s a230b9c58a12770d8559c34f30bb7880a325bc33 [3ms]
2024-07-23 15:28:50.498 [info] > git show --textconv :vicky/vicky/settings.py [2ms]
2024-07-23 15:28:51.797 [info] > git push vickyraj feature2:feature2 [2610ms]
2024-07-23 15:28:51.797 [info] To https://github.com/Vrg6875/Eventmanagement
   9418a09..e12667b  feature2 -> feature2
2024-07-23 15:28:51.828 [info] > git config --get commit.template [13ms]
2024-07-23 15:28:51.829 [info] > git for-each-ref --format=%(refname)%00%(upstream:short)%00%(objectname)%00%(upstream:track)%00%(upstream:remotename)%00%(upstream:remoteref) refs/heads/feature2 refs/remotes/feature2 [3ms]
2024-07-23 15:28:51.841 [info] > git status -z -uall [4ms]
2024-07-23 15:28:51.856 [info] > git merge-base refs/heads/feature2 refs/remotes/vickyraj/feature2 [5ms]
2024-07-23 15:28:51.873 [info] > git rev-list --count --left-right refs/heads/feature2...refs/remotes/vickyraj/feature2 [10ms]
2024-07-23 15:28:51.881 [info] > git merge-base refs/heads/feature2 refs/remotes/vickyraj/feature2 [10ms]
2024-07-23 15:28:51.889 [info] > git diff --name-status -z --diff-filter=ADMR e12667b7bf25629ccec20d02baa62d81fc56691b...refs/remotes/vickyraj/feature2 [9ms]
2024-07-23 15:28:51.892 [info] > git rev-list --count --left-right refs/heads/feature2...refs/remotes/vickyraj/feature2 [4ms]
2024-07-23 15:31:28.685 [info] > git ls-files --stage -- /home/vicky/Desktop/eventplanner/vicky/vicky/settings.py [6ms]
2024-07-23 15:31:28.695 [info] > git config --get commit.template [11ms]
2024-07-23 15:31:28.695 [info] > git cat-file -s f11d5bda105b32bfa93009b305b507a1ac847699 [6ms]
2024-07-23 15:31:28.696 [info] > git for-each-ref --format=%(refname)%00%(upstream:short)%00%(objectname)%00%(upstream:track)%00%(upstream:remotename)%00%(upstream:remoteref) refs/heads/main refs/remotes/main [2ms]
2024-07-23 15:31:28.705 [info] > git show --textconv :vicky/vicky/settings.py [4ms]
2024-07-23 15:31:28.709 [info] > git status -z -uall [4ms]
2024-07-23 15:31:28.722 [info] > git merge-base refs/heads/main refs/remotes/vickyraj/main [3ms]
2024-07-23 15:31:28.742 [info] > git rev-list --count --left-right refs/heads/main...refs/remotes/vickyraj/main [14ms]
2024-07-23 15:31:28.765 [info] > git merge-base refs/heads/main refs/remotes/vickyraj/main [24ms]
2024-07-23 15:31:28.781 [info] > git diff --name-status -z --diff-filter=ADMR 27af23ac1acf034240772a23141ca81e714cdc68...refs/remotes/vickyraj/main [20ms]
2024-07-23 15:31:28.783 [info] > git rev-list --count --left-right refs/heads/main...refs/remotes/vickyraj/main [2ms]
2024-07-23 15:31:29.799 [info] > git fetch [1128ms]
2024-07-23 15:31:29.830 [info] > git config --get commit.template [16ms]
2024-07-23 15:31:29.834 [info] > git for-each-ref --format=%(refname)%00%(upstream:short)%00%(objectname)%00%(upstream:track)%00%(upstream:remotename)%00%(upstream:remoteref) refs/heads/main refs/remotes/main [5ms]
2024-07-23 15:31:29.858 [info] > git status -z -uall [10ms]
2024-07-23 15:31:29.879 [info] > git ls-files --stage -- /home/vicky/Desktop/eventplanner/vicky/vicky/settings.py [2ms]
2024-07-23 15:31:29.887 [info] > git cat-file -s f11d5bda105b32bfa93009b305b507a1ac847699 [2ms]
2024-07-23 15:31:29.895 [info] > git show --textconv :vicky/vicky/settings.py [2ms]
2024-07-23 15:31:30.989 [info] > git ls-files --stage -- /home/vicky/Desktop/eventplanner/vicky/vicky/settings.py [4ms]
2024-07-23 15:31:31.007 [info] > git cat-file -s f11d5bda105b32bfa93009b305b507a1ac847699 [4ms]
2024-07-23 15:31:31.029 [info] > git show --textconv :vicky/vicky/settings.py [5ms]
2024-07-23 15:31:33.765 [info] > git config --get commit.template [21ms]
2024-07-23 15:31:33.768 [info] > git for-each-ref --format=%(refname)%00%(upstream:short)%00%(objectname)%00%(upstream:track)%00%(upstream:remotename)%00%(upstream:remoteref) refs/heads/main refs/remotes/main [5ms]
2024-07-23 15:31:33.782 [info] > git status -z -uall [5ms]
2024-07-23 15:31:37.710 [info] > git ls-files --stage -- /home/vicky/Desktop/eventplanner/vicky/vicky/settings.py [4ms]
2024-07-23 15:31:37.726 [info] > git cat-file -s f11d5bda105b32bfa93009b305b507a1ac847699 [4ms]
2024-07-23 15:31:37.746 [info] > git show --textconv :vicky/vicky/settings.py [5ms]
2024-07-23 15:31:38.802 [info] > git config --get commit.template [7ms]
2024-07-23 15:31:38.804 [info] > git for-each-ref --format=%(refname)%00%(upstream:short)%00%(objectname)%00%(upstream:track)%00%(upstream:remotename)%00%(upstream:remoteref) refs/heads/main refs/remotes/main [2ms]
2024-07-23 15:31:38.813 [info] > git status -z -uall [4ms]
2024-07-23 15:31:49.037 [info] > git config --get commit.template [17ms]
2024-07-23 15:31:49.040 [info] > git for-each-ref --format=%(refname)%00%(upstream:short)%00%(objectname)%00%(upstream:track)%00%(upstream:remotename)%00%(upstream:remoteref) refs/heads/main refs/remotes/main [4ms]
2024-07-23 15:31:49.053 [info] > git status -z -uall [5ms]
2024-07-23 15:31:49.064 [info] > git merge-base refs/heads/main refs/remotes/vickyraj/main [4ms]
2024-07-23 15:31:49.077 [info] > git rev-list --count --left-right refs/heads/main...refs/remotes/vickyraj/main [7ms]
2024-07-23 15:31:49.085 [info] > git merge-base refs/heads/main refs/remotes/vickyraj/main [9ms]
2024-07-23 15:31:49.090 [info] > git diff --name-status -z --diff-filter=ADMR 27af23ac1acf034240772a23141ca81e714cdc68...refs/remotes/vickyraj/main [7ms]
2024-07-23 15:31:49.091 [info] > git rev-list --count --left-right refs/heads/main...refs/remotes/vickyraj/main [2ms]
2024-07-23 15:31:49.116 [info] > git ls-files --stage -- /home/vicky/Desktop/eventplanner/vicky/vicky/settings.py [1ms]
2024-07-23 15:31:49.122 [info] > git cat-file -s f11d5bda105b32bfa93009b305b507a1ac847699 [2ms]
2024-07-23 15:31:49.128 [info] > git show --textconv :vicky/vicky/settings.py [1ms]
2024-07-23 15:31:58.880 [info] > git config --get commit.template [23ms]
2024-07-23 15:31:58.885 [info] > git for-each-ref --format=%(refname)%00%(upstream:short)%00%(objectname)%00%(upstream:track)%00%(upstream:remotename)%00%(upstream:remoteref) refs/heads/main refs/remotes/main [7ms]
2024-07-23 15:31:58.922 [info] > git status -z -uall [10ms]
2024-07-23 15:31:58.990 [info] > git ls-files --stage -- /home/vicky/Desktop/eventplanner/vicky/vicky/settings.py [2ms]
2024-07-23 15:31:58.995 [info] > git cat-file -s 002f7abce2255eccd97b691e5ad67a795d2409a0 [1ms]
2024-07-23 15:31:59.001 [info] > git show --textconv :vicky/vicky/settings.py [1ms]
2024-07-23 15:32:03.797 [info] > git ls-files --stage -- /home/vicky/Desktop/eventplanner/vicky/vicky/settings.py [1ms]
2024-07-23 15:32:03.804 [info] > git cat-file -s 002f7abce2255eccd97b691e5ad67a795d2409a0 [1ms]
2024-07-23 15:32:03.814 [info] > git show --textconv :vicky/vicky/settings.py [2ms]
2024-07-23 15:32:03.963 [info] > git config --get commit.template [20ms]
2024-07-23 15:32:03.968 [info] > git for-each-ref --format=%(refname)%00%(upstream:short)%00%(objectname)%00%(upstream:track)%00%(upstream:remotename)%00%(upstream:remoteref) refs/heads/main refs/remotes/main [6ms]
2024-07-23 15:32:03.980 [info] > git status -z -uall [3ms]
2024-07-23 15:32:03.990 [info] > git merge-base refs/heads/main refs/remotes/vickyraj/main [2ms]
2024-07-23 15:32:03.998 [info] > git rev-list --count --left-right refs/heads/main...refs/remotes/vickyraj/main [2ms]
2024-07-23 15:32:04.005 [info] > git diff --name-status -z --diff-filter=ADMR 27af23ac1acf034240772a23141ca81e714cdc68...refs/remotes/vickyraj/main [2ms]
2024-07-23 15:32:04.034 [info] > git merge-base refs/heads/main refs/remotes/vickyraj/main [2ms]
2024-07-23 15:32:04.041 [info] > git rev-list --count --left-right refs/heads/main...refs/remotes/vickyraj/main [2ms]
2024-07-23 15:32:08.046 [info] > git log --oneline --cherry main...main@{upstream} -- [4ms]
2024-07-23 15:32:09.093 [info] > git pull --tags vickyraj main [1041ms]
2024-07-23 15:32:09.094 [info] From https://github.com/Vrg6875/Eventmanagement
 * branch            main       -> FETCH_HEAD
2024-07-23 15:32:10.385 [info] > git ls-files --stage -- /home/vicky/Desktop/eventplanner/vicky/vicky/settings.py [3ms]
2024-07-23 15:32:10.394 [info] > git cat-file -s 002f7abce2255eccd97b691e5ad67a795d2409a0 [2ms]
2024-07-23 15:32:10.403 [info] > git show --textconv :vicky/vicky/settings.py [1ms]
2024-07-23 15:32:11.441 [info] > git push vickyraj main:main [2332ms]
2024-07-23 15:32:11.441 [info] To https://github.com/Vrg6875/Eventmanagement
   27af23a..40734b1  main -> main
2024-07-23 15:32:11.475 [info] > git config --get commit.template [16ms]
2024-07-23 15:32:11.480 [info] > git for-each-ref --format=%(refname)%00%(upstream:short)%00%(objectname)%00%(upstream:track)%00%(upstream:remotename)%00%(upstream:remoteref) refs/heads/main refs/remotes/main [5ms]
2024-07-23 15:32:11.505 [info] > git status -z -uall [10ms]
2024-07-23 15:32:11.546 [info] > git merge-base refs/heads/main refs/remotes/vickyraj/main [18ms]
2024-07-23 15:32:11.581 [info] > git rev-list --count --left-right refs/heads/main...refs/remotes/vickyraj/main [17ms]
2024-07-23 15:32:11.589 [info] > git merge-base refs/heads/main refs/remotes/vickyraj/main [10ms]
2024-07-23 15:32:11.597 [info] > git diff --name-status -z --diff-filter=ADMR 40734b18f7667f57198408a56052cbadbd8c13cf...refs/remotes/vickyraj/main [10ms]
2024-07-23 15:32:11.599 [info] > git rev-list --count --left-right refs/heads/main...refs/remotes/vickyraj/main [2ms]
2024-07-23 15:52:14.698 [info] > git config --get commit.template [11ms]
2024-07-23 15:52:14.703 [info] > git ls-files --stage -- /home/vicky/Desktop/eventplanner/vicky/vicky/settings.py [6ms]
2024-07-23 15:52:14.708 [info] > git for-each-ref --format=%(refname)%00%(upstream:short)%00%(objectname)%00%(upstream:track)%00%(upstream:remotename)%00%(upstream:remoteref) refs/heads/main refs/remotes/main [5ms]
2024-07-23 15:52:14.713 [info] > git cat-file -s 002f7abce2255eccd97b691e5ad67a795d2409a0 [6ms]
2024-07-23 15:52:14.723 [info] > git status -z -uall [11ms]
2024-07-23 15:52:14.725 [info] > git show --textconv :vicky/vicky/settings.py [2ms]
2024-07-23 15:52:15.774 [info] > git fetch [1101ms]
2024-07-23 15:52:15.794 [info] > git config --get commit.template [8ms]
2024-07-23 15:52:15.796 [info] > git for-each-ref --format=%(refname)%00%(upstream:short)%00%(objectname)%00%(upstream:track)%00%(upstream:remotename)%00%(upstream:remoteref) refs/heads/main refs/remotes/main [3ms]
2024-07-23 15:52:15.806 [info] > git status -z -uall [4ms]
2024-07-23 15:52:16.963 [info] > git ls-files --stage -- /home/vicky/Desktop/eventplanner/vicky/vicky/settings.py [5ms]
2024-07-23 15:52:16.977 [info] > git cat-file -s 002f7abce2255eccd97b691e5ad67a795d2409a0 [3ms]
2024-07-23 15:52:16.987 [info] > git show --textconv :vicky/vicky/settings.py [2ms]
